Duplicated file found; will not be sent for synthesis: f:/miz701N/7010/s3/S03_CH07_AXI_VDMA_OV5640/Miz_sys/Miz_sys.srcs/sources_1/bd/system/ipshared/52cb/hdl/lib_cdc_v1_0_rfs.vhd
Duplicated file found; will not be sent for synthesis: f:/miz701N/7010/s3/S03_CH07_AXI_VDMA_OV5640/Miz_sys/Miz_sys.srcs/sources_1/bd/system/ipshared/6273/hdl/blk_mem_gen_v8_3_vhsyn_rfs.vhd
Duplicated file found; will not be sent for synthesis: f:/miz701N/7010/s3/S03_CH07_AXI_VDMA_OV5640/Miz_sys/Miz_sys.srcs/sources_1/bd/system/ipshared/564d/hdl/fifo_generator_v13_1_vhsyn_rfs.vhd
Duplicated file found; will not be sent for synthesis: f:/miz701N/7010/s3/S03_CH07_AXI_VDMA_OV5640/Miz_sys/Miz_sys.srcs/sources_1/bd/system/ipshared/6273/hdl/blk_mem_gen_v8_3_vhsyn_rfs.vhd
Duplicated file found; will not be sent for synthesis: f:/miz701N/7010/s3/S03_CH07_AXI_VDMA_OV5640/Miz_sys/Miz_sys.srcs/sources_1/bd/system/ipshared/564d/hdl/fifo_generator_v13_1_vhsyn_rfs.vhd
Duplicated file found; will not be sent for synthesis: f:/miz701N/7010/s3/S03_CH07_AXI_VDMA_OV5640/Miz_sys/Miz_sys.srcs/sources_1/bd/system/ipshared/6273/hdl/blk_mem_gen_v8_3_vhsyn_rfs.vhd
Duplicated file found; will not be sent for synthesis: f:/miz701N/7010/s3/S03_CH07_AXI_VDMA_OV5640/Miz_sys/Miz_sys.srcs/sources_1/bd/system/ipshared/564d/hdl/fifo_generator_v13_1_vhsyn_rfs.vhd
Duplicated file found; will not be sent for synthesis: f:/miz701N/7010/s3/S03_CH07_AXI_VDMA_OV5640/Miz_sys/Miz_sys.srcs/sources_1/bd/system/ipshared/7ee0/hdl/generic_baseblocks_v2_1_vl_rfs.v
Duplicated file found; will not be sent for synthesis: f:/miz701N/7010/s3/S03_CH07_AXI_VDMA_OV5640/Miz_sys/Miz_sys.srcs/sources_1/bd/system/ipshared/7e3a/hdl/axi_infrastructure_v1_1_0.vh
Duplicated file found; will not be sent for synthesis: f:/miz701N/7010/s3/S03_CH07_AXI_VDMA_OV5640/Miz_sys/Miz_sys.srcs/sources_1/bd/system/ipshared/7e3a/hdl/axi_infrastructure_v1_1_vl_rfs.v
Duplicated file found; will not be sent for synthesis: f:/miz701N/7010/s3/S03_CH07_AXI_VDMA_OV5640/Miz_sys/Miz_sys.srcs/sources_1/bd/system/ipshared/0b6b/hdl/axi_register_slice_v2_1_vl_rfs.v
Duplicated file found; will not be sent for synthesis: f:/miz701N/7010/s3/S03_CH07_AXI_VDMA_OV5640/Miz_sys/Miz_sys.srcs/sources_1/bd/system/ipshared/39ba/hdl/axi_data_fifo_v2_1_vl_rfs.v
Duplicated file found; will not be sent for synthesis: f:/miz701N/7010/s3/S03_CH07_AXI_VDMA_OV5640/Miz_sys/Miz_sys.srcs/sources_1/bd/system/ipshared/896d/hdl/axi_crossbar_v2_1_vl_rfs.v
Duplicated file found; will not be sent for synthesis: f:/miz701N/7010/s3/S03_CH07_AXI_VDMA_OV5640/Miz_sys/Miz_sys.srcs/sources_1/bd/system/ipshared/6273/hdl/blk_mem_gen_v8_3_vhsyn_rfs.vhd
Duplicated file found; will not be sent for synthesis: f:/miz701N/7010/s3/S03_CH07_AXI_VDMA_OV5640/Miz_sys/Miz_sys.srcs/sources_1/bd/system/ipshared/564d/hdl/fifo_generator_v13_1_vhsyn_rfs.vhd
Duplicated file found; will not be sent for synthesis: f:/miz701N/7010/s3/S03_CH07_AXI_VDMA_OV5640/Miz_sys/Miz_sys.srcs/sources_1/bd/system/ipshared/7ee0/hdl/generic_baseblocks_v2_1_vl_rfs.v
Duplicated file found; will not be sent for synthesis: f:/miz701N/7010/s3/S03_CH07_AXI_VDMA_OV5640/Miz_sys/Miz_sys.srcs/sources_1/bd/system/ipshared/39ba/hdl/axi_data_fifo_v2_1_vl_rfs.v
Duplicated file found; will not be sent for synthesis: f:/miz701N/7010/s3/S03_CH07_AXI_VDMA_OV5640/Miz_sys/Miz_sys.srcs/sources_1/bd/system/ipshared/7e3a/hdl/axi_infrastructure_v1_1_0.vh
Duplicated file found; will not be sent for synthesis: f:/miz701N/7010/s3/S03_CH07_AXI_VDMA_OV5640/Miz_sys/Miz_sys.srcs/sources_1/bd/system/ipshared/7e3a/hdl/axi_infrastructure_v1_1_vl_rfs.v
Duplicated file found; will not be sent for synthesis: f:/miz701N/7010/s3/S03_CH07_AXI_VDMA_OV5640/Miz_sys/Miz_sys.srcs/sources_1/bd/system/ipshared/0b6b/hdl/axi_register_slice_v2_1_vl_rfs.v
Duplicated file found; will not be sent for synthesis: f:/miz701N/7010/s3/S03_CH07_AXI_VDMA_OV5640/Miz_sys/Miz_sys.srcs/sources_1/bd/system/ipshared/6273/hdl/blk_mem_gen_v8_3_vhsyn_rfs.vhd
Duplicated file found; will not be sent for synthesis: f:/miz701N/7010/s3/S03_CH07_AXI_VDMA_OV5640/Miz_sys/Miz_sys.srcs/sources_1/bd/system/ipshared/564d/hdl/fifo_generator_v13_1_vhsyn_rfs.vhd
Duplicated file found; will not be sent for synthesis: f:/miz701N/7010/s3/S03_CH07_AXI_VDMA_OV5640/Miz_sys/Miz_sys.srcs/sources_1/bd/system/ipshared/7ee0/hdl/generic_baseblocks_v2_1_vl_rfs.v
Duplicated file found; will not be sent for synthesis: f:/miz701N/7010/s3/S03_CH07_AXI_VDMA_OV5640/Miz_sys/Miz_sys.srcs/sources_1/bd/system/ipshared/39ba/hdl/axi_data_fifo_v2_1_vl_rfs.v
Duplicated file found; will not be sent for synthesis: f:/miz701N/7010/s3/S03_CH07_AXI_VDMA_OV5640/Miz_sys/Miz_sys.srcs/sources_1/bd/system/ipshared/7e3a/hdl/axi_infrastructure_v1_1_0.vh
Duplicated file found; will not be sent for synthesis: f:/miz701N/7010/s3/S03_CH07_AXI_VDMA_OV5640/Miz_sys/Miz_sys.srcs/sources_1/bd/system/ipshared/7e3a/hdl/axi_infrastructure_v1_1_vl_rfs.v
Duplicated file found; will not be sent for synthesis: f:/miz701N/7010/s3/S03_CH07_AXI_VDMA_OV5640/Miz_sys/Miz_sys.srcs/sources_1/bd/system/ipshared/0b6b/hdl/axi_register_slice_v2_1_vl_rfs.v
Duplicated file found; will not be sent for synthesis: f:/miz701N/7010/s3/S03_CH07_AXI_VDMA_OV5640/Miz_sys/Miz_sys.srcs/sources_1/bd/system/ipshared/df1b/hdl/axi_protocol_converter_v2_1_vl_rfs.v
Duplicated file found; will not be sent for synthesis: f:/miz701N/7010/s3/S03_CH07_AXI_VDMA_OV5640/Miz_sys/Miz_sys.srcs/sources_1/bd/system/ipshared/6273/hdl/blk_mem_gen_v8_3_vhsyn_rfs.vhd
Duplicated file found; will not be sent for synthesis: f:/miz701N/7010/s3/S03_CH07_AXI_VDMA_OV5640/Miz_sys/Miz_sys.srcs/sources_1/bd/system/ipshared/564d/hdl/fifo_generator_v13_1_vhsyn_rfs.vhd
Duplicated file found; will not be sent for synthesis: f:/miz701N/7010/s3/S03_CH07_AXI_VDMA_OV5640/Miz_sys/Miz_sys.srcs/sources_1/bd/system/ipshared/7ee0/hdl/generic_baseblocks_v2_1_vl_rfs.v
Duplicated file found; will not be sent for synthesis: f:/miz701N/7010/s3/S03_CH07_AXI_VDMA_OV5640/Miz_sys/Miz_sys.srcs/sources_1/bd/system/ipshared/39ba/hdl/axi_data_fifo_v2_1_vl_rfs.v
Duplicated file found; will not be sent for synthesis: f:/miz701N/7010/s3/S03_CH07_AXI_VDMA_OV5640/Miz_sys/Miz_sys.srcs/sources_1/bd/system/ipshared/7e3a/hdl/axi_infrastructure_v1_1_0.vh
Duplicated file found; will not be sent for synthesis: f:/miz701N/7010/s3/S03_CH07_AXI_VDMA_OV5640/Miz_sys/Miz_sys.srcs/sources_1/bd/system/ipshared/7e3a/hdl/axi_infrastructure_v1_1_vl_rfs.v
Duplicated file found; will not be sent for synthesis: f:/miz701N/7010/s3/S03_CH07_AXI_VDMA_OV5640/Miz_sys/Miz_sys.srcs/sources_1/bd/system/ipshared/0b6b/hdl/axi_register_slice_v2_1_vl_rfs.v
Duplicated file found; will not be sent for synthesis: f:/miz701N/7010/s3/S03_CH07_AXI_VDMA_OV5640/Miz_sys/Miz_sys.srcs/sources_1/bd/system/ipshared/df1b/hdl/axi_protocol_converter_v2_1_vl_rfs.v
Duplicated file found; will not be sent for synthesis: f:/miz701N/7010/s3/S03_CH07_AXI_VDMA_OV5640/Miz_sys/Miz_sys.srcs/sources_1/bd/system/ipshared/6273/hdl/blk_mem_gen_v8_3_vhsyn_rfs.vhd
Duplicated file found; will not be sent for synthesis: f:/miz701N/7010/s3/S03_CH07_AXI_VDMA_OV5640/Miz_sys/Miz_sys.srcs/sources_1/bd/system/ipshared/564d/hdl/fifo_generator_v13_1_vhsyn_rfs.vhd
CRC performance measure: elapsed=00:00:00.003s;;memory_peak=2057.219MB;;memory_gain=0.000MB
