#-----------------------------------------------------------
# Webtalk v2017.4 (64-bit)
# SW Build 2086221 on Fri Dec 15 20:55:39 MST 2017
# 
# Start of session at: Fri May 24 16:35:08 2019
# Process ID: 14768
# Current directory: L:/REV2019/MZ7XAB/MZ7XA_7020/02_example_SOC/CH23_AXI_VDMA_OV5640/Miz_sys/Miz_sys.sdk/webtalk
# Command line: wbtcv.exe -mode batch -source sdk_webtalk.tcl
# Log file: L:/REV2019/MZ7XAB/MZ7XA_7020/02_example_SOC/CH23_AXI_VDMA_OV5640/Miz_sys/Miz_sys.sdk/webtalk/webtalk.log
# Journal file: L:/REV2019/MZ7XAB/MZ7XA_7020/02_example_SOC/CH23_AXI_VDMA_OV5640/Miz_sys/Miz_sys.sdk/webtalk\webtalk.jou
#-----------------------------------------------------------
source sdk_webtalk.tcl
# webtalk_init -webtalk_dir L:\\REV2019\\MZ7XAB\\MZ7XA_7020\\02_example_SOC\\CH23_AXI_VDMA_OV5640\\Miz_sys\\Miz_sys.sdk\\webtalk
# webtalk_register_client -client project
# webtalk_add_data -client project -key date_generated -value "2019-05-24 16:35:06" -context "software_version_and_target_device"
# webtalk_add_data -client project -key product_version -value "SDK v2017.4" -context "software_version_and_target_device"
# webtalk_add_data -client project -key build_version -value "2017.4" -context "software_version_and_target_device"
# webtalk_add_data -client project -key os_platform -value "amd64" -context "software_version_and_target_device"
# webtalk_add_data -client project -key registration_id -value "" -context "software_version_and_target_device"
# webtalk_add_data -client project -key tool_flow -value "SDK" -context "software_version_and_target_device"
# webtalk_add_data -client project -key beta -value "false" -context "software_version_and_target_device"
# webtalk_add_data -client project -key route_design -value "NA" -context "software_version_and_target_device"
# webtalk_add_data -client project -key target_family -value "NA" -context "software_version_and_target_device"
# webtalk_add_data -client project -key target_device -value "NA" -context "software_version_and_target_device"
# webtalk_add_data -client project -key target_package -value "NA" -context "software_version_and_target_device"
# webtalk_add_data -client project -key target_speed -value "NA" -context "software_version_and_target_device"
# webtalk_add_data -client project -key random_id -value "sb50rhgmav6dlf0qrnqk74ltag" -context "software_version_and_target_device"
# webtalk_add_data -client project -key project_id -value "2017.4_391" -context "software_version_and_target_device"
# webtalk_add_data -client project -key project_iteration -value "391" -context "software_version_and_target_device"
# webtalk_add_data -client project -key os_name -value "Microsoft Windows 8 or later , 64-bit" -context "user_environment"
# webtalk_add_data -client project -key os_release -value "major release  (build 9200)" -context "user_environment"
# webtalk_add_data -client project -key cpu_name -value "Intel(R) Core(TM) i7-6700K CPU @ 4.00GHz" -context "user_environment"
# webtalk_add_data -client project -key cpu_speed -value "4008 MHz" -context "user_environment"
# webtalk_add_data -client project -key total_processors -value "1" -context "user_environment"
# webtalk_add_data -client project -key system_ram -value "25.719 GB" -context "user_environment"
# webtalk_register_client -client sdk
# webtalk_add_data -client sdk -key uid -value "1558686362081" -context "sdk\\\\hardware/1558686362081"
# webtalk_add_data -client sdk -key isZynq -value "true" -context "sdk\\\\hardware/1558686362081"
# webtalk_add_data -client sdk -key isZynqMP -value "false" -context "sdk\\\\hardware/1558686362081"
# webtalk_add_data -client sdk -key Processors -value "2" -context "sdk\\\\hardware/1558686362081"
# webtalk_add_data -client sdk -key VivadoVersion -value "2017.4" -context "sdk\\\\hardware/1558686362081"
# webtalk_add_data -client sdk -key Arch -value "zynq" -context "sdk\\\\hardware/1558686362081"
# webtalk_add_data -client sdk -key Device -value "7z020" -context "sdk\\\\hardware/1558686362081"
# webtalk_add_data -client sdk -key IsHandoff -value "true" -context "sdk\\\\hardware/1558686362081"
# webtalk_add_data -client sdk -key os -value "NA" -context "sdk\\\\hardware/1558686362081"
# webtalk_add_data -client sdk -key apptemplate -value "NA" -context "sdk\\\\hardware/1558686362081"
# webtalk_add_data -client sdk -key RecordType -value "HWCreation" -context "sdk\\\\hardware/1558686362081"
# webtalk_add_data -client sdk -key uid -value "1558686385070" -context "sdk\\\\bsp/1558686385070"
# webtalk_add_data -client sdk -key hwid -value "1558686362081" -context "sdk\\\\bsp/1558686385070"
# webtalk_add_data -client sdk -key os -value "standalone" -context "sdk\\\\bsp/1558686385070"
# webtalk_add_data -client sdk -key apptemplate -value "zynq_fsbl" -context "sdk\\\\bsp/1558686385070"
# webtalk_add_data -client sdk -key RecordType -value "BSPCreation" -context "sdk\\\\bsp/1558686385070"
# webtalk_add_data -client sdk -key uid -value "1558686397974" -context "sdk\\\\application/1558686397974"
# webtalk_add_data -client sdk -key hwid -value "1558686362081" -context "sdk\\\\application/1558686397974"
# webtalk_add_data -client sdk -key bspid -value "1558686385070" -context "sdk\\\\application/1558686397974"
# webtalk_add_data -client sdk -key newbsp -value "true" -context "sdk\\\\application/1558686397974"
# webtalk_add_data -client sdk -key os -value "standalone" -context "sdk\\\\application/1558686397974"
# webtalk_add_data -client sdk -key apptemplate -value "zynq_fsbl" -context "sdk\\\\application/1558686397974"
# webtalk_add_data -client sdk -key RecordType -value "APPCreation" -context "sdk\\\\application/1558686397974"
# webtalk_add_data -client sdk -key LangUsed -value "C" -context "sdk\\\\application/1558686397974"
# webtalk_add_data -client sdk -key Procused -value "ps7_cortexa9" -context "sdk\\\\application/1558686397974"
# webtalk_add_data -client sdk -key projSize -value "342.40625" -context "sdk\\\\application/1558686397974"
# webtalk_add_data -client sdk -key uid -value "NA" -context "sdk\\\\bsp/1558686906026"
# webtalk_add_data -client sdk -key RecordType -value "ToolUsage" -context "sdk\\\\bsp/1558686906026"
# webtalk_add_data -client sdk -key BootgenCount -value "1" -context "sdk\\\\bsp/1558686906026"
# webtalk_add_data -client sdk -key DebugCount -value "1" -context "sdk\\\\bsp/1558686906026"
# webtalk_add_data -client sdk -key PerfCount -value "0" -context "sdk\\\\bsp/1558686906026"
# webtalk_add_data -client sdk -key FlashCount -value "1" -context "sdk\\\\bsp/1558686906026"
# webtalk_add_data -client sdk -key CrossTriggCount -value "0" -context "sdk\\\\bsp/1558686906026"
# webtalk_add_data -client sdk -key QemuDebugCount -value "0" -context "sdk\\\\bsp/1558686906026"
# webtalk_transmit -clientid 1372815439 -regid "" -xml L:\\REV2019\\MZ7XAB\\MZ7XA_7020\\02_example_SOC\\CH23_AXI_VDMA_OV5640\\Miz_sys\\Miz_sys.sdk\\webtalk\\usage_statistics_ext_sdk.xml -html L:\\REV2019\\MZ7XAB\\MZ7XA_7020\\02_example_SOC\\CH23_AXI_VDMA_OV5640\\Miz_sys\\Miz_sys.sdk\\webtalk\\usage_statistics_ext_sdk.html -wdm L:\\REV2019\\MZ7XAB\\MZ7XA_7020\\02_example_SOC\\CH23_AXI_VDMA_OV5640\\Miz_sys\\Miz_sys.sdk\\webtalk\\sdk_webtalk.wdm -intro "<H3>SDK Usage Report</H3><BR>"
INFO: [Common 17-186] 'L:\REV2019\MZ7XAB\MZ7XA_7020\02_example_SOC\CH23_AXI_VDMA_OV5640\Miz_sys\Miz_sys.sdk\webtalk\usage_statistics_ext_sdk.xml' has been successfully sent to Xilinx on Fri May 24 16:35:25 2019. For additional details about this file, please refer to the WebTalk help file at E:/Xilinx2017/SDK/2017.4/doc/webtalk_introduction.html.
webtalk_transmit: Time (s): cpu = 00:00:00 ; elapsed = 00:00:12 . Memory (MB): peak = 51.328 ; gain = 0.199
# webtalk_terminate
INFO: [Common 17-206] Exiting Webtalk at Fri May 24 16:35:25 2019...
