#
# A fatal error has been detected by the Java Runtime Environment:
#
#  Internal Error (0xc000000d), pid=47492, tid=48624
#
# JRE version: Java(TM) SE Runtime Environment (8.0_45-b15) (build 1.8.0_45-b15)
# Java VM: Java HotSpot(TM) 64-Bit Server VM (25.45-b02 mixed mode windows-amd64 compressed oops)
# Problematic frame:
# C  [ntdll.dll+0xff44c]
#
# Failed to write core dump. Minidumps are not enabled by default on client versions of Windows
#
# If you would like to submit a bug report, please visit:
#   http://bugreport.java.com/bugreport/crash.jsp
#

---------------  T H R E A D  ---------------

Current thread (0x0000000013fd9000):  VMThread [stack: 0x0000000015ca0000,0x0000000015da0000] [id=48624]

siginfo: ExceptionCode=0xc000000d

Registers:
RAX=0x0000000015d9ed18, RBX=0xfffffffffffffffe, RCX=0x0000000015d9ed14, RDX=0x0000000000000000
RSP=0x0000000015d9f270, RBP=0x00007ffc43a57408, RSI=0x0000000000000000, RDI=0x0000000000000cd4
R8 =0x000000000015177c, R9 =0x00000001f46857d4, R10=0x0000000000000000, R11=0x0000000000000000
R12=0x000000001c614610, R13=0x000000001c623070, R14=0x000000001c614718, R15=0x0000000015d9f3e8
RIP=0x00007ffc6357f44c, EFLAGS=0x0000000000000206

Top of Stack: (sp=0x0000000015d9f270)
0x0000000015d9f270:   0000000000000057 fffffffffffffffe
0x0000000015d9f280:   0000000000000000 0000000000000cd4
0x0000000015d9f290:   00000000c000000d 0000000000000000
0x0000000015d9f2a0:   00007ffc6357f44c 0000000000000000
0x0000000015d9f2b0:   0000000000000000 0000000000000000
0x0000000015d9f2c0:   0000000000000000 0000000000000000
0x0000000015d9f2d0:   0000000000000000 0000000000000000
0x0000000015d9f2e0:   0000000000000000 0000000000000000
0x0000000015d9f2f0:   0000000000000000 0000000000000000
0x0000000015d9f300:   0000000000000000 0000000000000000
0x0000000015d9f310:   0000000000000000 0000000000000000
0x0000000015d9f320:   0000000000000000 00007ffc00000000
0x0000000015d9f330:   00004b625da60481 0000000000000000
0x0000000015d9f340:   00000000005f3ae0 00007ffc6354150d
0x0000000015d9f350:   00007ffc459d1b4c 0000000000000000
0x0000000015d9f360:   0000000015d9f548 0000000000000000 

Instructions: (pc=0x00007ffc6357f44c)
0x00007ffc6357f42c:   d5 fa ff c7 44 24 20 0d 00 00 c0 b9 57 00 00 00
0x00007ffc6357f43c:   e8 7f 13 f6 ff 90 48 8d 4c 24 20 e8 04 bf f4 ff
0x00007ffc6357f44c:   eb 00 48 8b 8c 24 c0 00 00 00 48 33 cc e8 82 74
0x00007ffc6357f45c:   f9 ff 48 81 c4 d8 00 00 00 c3 40 55 48 83 ec 20 


Register to memory mapping:

RAX=0x0000000015d9ed18 is an unknown value
RBX=0xfffffffffffffffe is an unknown value
RCX=0x0000000015d9ed14 is an unknown value
RDX=0x0000000000000000 is an unknown value
RSP=0x0000000015d9f270 is an unknown value
RBP=0x00007ffc43a57408 is an unknown value
RSI=0x0000000000000000 is an unknown value
RDI=0x0000000000000cd4 is an unknown value
R8 =0x000000000015177c is an unknown value
R9 =0x00000001f46857d4 is an unknown value
R10=0x0000000000000000 is an unknown value
R11=0x0000000000000000 is an unknown value
R12=0x000000001c614610 is an unknown value
R13=0x000000001c623070 is an unknown value
R14=0x000000001c614718 is an unknown value
R15=0x0000000015d9f3e8 is an unknown value


Stack: [0x0000000015ca0000,0x0000000015da0000],  sp=0x0000000015d9f270,  free space=1020k
Native frames: (J=compiled Java code, j=interpreted, Vv=VM code, C=native code)
C  [ntdll.dll+0xff44c]
C  [ntdll.dll+0xc150d]
C  [KERNEL32.DLL+0x1fbba]
C  [MSVCR110.dll+0x752d]
C  [MSVCR110.dll+0x73c6]
C  [MSVCR110.dll+0x14cca]
C  [MSVCR110.dll+0x13edc]
C  [MSVCR110.dll+0x239e]
C  [MSVCR110.dll+0xaf9e]
C  [MSVCP110.dll+0x397b9]
C  [librdi_common.dll+0x14283e]
C  [librdi_common.dll+0x141449]
C  0x00007ffc577e2400
C  0x00007ffc577e2682
C  [ntdll.dll+0x2a35f]
C  [ntdll.dll+0x806b]
C  [ntdll.dll+0x7d94]
C  [KERNEL32.DLL+0x1ce6a]
C  [MSVCR100.dll+0x20ccd]
V  [jvm.dll+0x20f135]
V  [jvm.dll+0x247ef7]
V  [jvm.dll+0x247196]
V  [jvm.dll+0x247631]
V  [jvm.dll+0x24784e]
V  [jvm.dll+0x29853a]
C  [MSVCR100.dll+0x21d9f]
C  [MSVCR100.dll+0x21e3b]
C  [KERNEL32.DLL+0x8364]
C  [ntdll.dll+0x670d1]

VM_Operation (0x000000000014f500): Exit, mode: safepoint, requested by thread 0x000000000265e000


---------------  P R O C E S S  ---------------

Java Threads: ( => current thread )
  0x0000000019092000 JavaThread "Thread-20" daemon [_thread_blocked, id=34636, stack(0x0000000028c40000,0x0000000028d40000)]
  0x000000001fc20800 JavaThread "TCF Locator DNS Lookup" daemon [_thread_blocked, id=10632, stack(0x0000000022c50000,0x0000000022d50000)]
  0x000000001fc1e800 JavaThread "TCF Locator Timer" daemon [_thread_blocked, id=49012, stack(0x0000000022b50000,0x0000000022c50000)]
  0x000000001fc1b800 JavaThread "TCF Locator Receiver" daemon [_thread_in_native, id=48896, stack(0x0000000022a50000,0x0000000022b50000)]
  0x000000001fc1c000 JavaThread "TCF Timer Dispatcher" daemon [_thread_blocked, id=48568, stack(0x0000000022850000,0x0000000022950000)]
  0x0000000018495000 JavaThread "EMF Reference Cleaner" daemon [_thread_blocked, id=37708, stack(0x000000001ad50000,0x000000001ae50000)]
  0x000000001604e800 JavaThread "Service Thread" daemon [_thread_blocked, id=49120, stack(0x00000000169a0000,0x0000000016aa0000)]
  0x0000000016037000 JavaThread "C1 CompilerThread3" daemon [_thread_blocked, id=49128, stack(0x00000000168a0000,0x00000000169a0000)]
  0x000000001602c000 JavaThread "C2 CompilerThread2" daemon [_thread_blocked, id=48212, stack(0x00000000167a0000,0x00000000168a0000)]
  0x000000001602a000 JavaThread "C2 CompilerThread1" daemon [_thread_blocked, id=48232, stack(0x00000000166a0000,0x00000000167a0000)]
  0x0000000015fd6000 JavaThread "C2 CompilerThread0" daemon [_thread_blocked, id=48260, stack(0x00000000165a0000,0x00000000166a0000)]
  0x0000000015fd5000 JavaThread "Attach Listener" daemon [_thread_blocked, id=47364, stack(0x00000000164a0000,0x00000000165a0000)]
  0x0000000002819000 JavaThread "Finalizer" daemon [_thread_blocked, id=49096, stack(0x0000000015ea0000,0x0000000015fa0000)]
  0x0000000013fdd000 JavaThread "Reference Handler" daemon [_thread_blocked, id=48216, stack(0x0000000015da0000,0x0000000015ea0000)]
  0x000000000265e000 JavaThread "main" [_thread_blocked, id=48320, stack(0x0000000000050000,0x0000000000150000)]

Other Threads:
=>0x0000000013fd9000 VMThread [stack: 0x0000000015ca0000,0x0000000015da0000] [id=48624]

VM state:at safepoint (shutting down)

VM Mutex/Monitor currently owned by a thread:  ([mutex/lock_event])
[0x000000000265d840] Threads_lock - owner thread: 0x0000000013fd9000

Heap:
 PSYoungGen      total 118784K, used 104547K [0x00000000f5580000, 0x00000000ffc80000, 0x0000000100000000)
  eden space 90624K, 84% used [0x00000000f5580000,0x00000000fa01c738,0x00000000fae00000)
  from space 28160K, 99% used [0x00000000fae00000,0x00000000fc97c6b0,0x00000000fc980000)
  to   space 34816K, 0% used [0x00000000fda80000,0x00000000fda80000,0x00000000ffc80000)
 ParOldGen       total 102912K, used 41433K [0x00000000e0000000, 0x00000000e6480000, 0x00000000f5580000)
  object space 102912K, 40% used [0x00000000e0000000,0x00000000e2876648,0x00000000e6480000)
 Metaspace       used 84014K, capacity 90898K, committed 91008K, reserved 1128448K
  class space    used 10519K, capacity 12608K, committed 12672K, reserved 1048576K

Card table byte_map: [0x0000000011be0000,0x0000000011cf0000] byte_map_base: 0x00000000114e0000

Marking Bits: (ParMarkBitMap*) 0x00000000516a4040
 Begin Bits: [0x00000000124f0000, 0x0000000012cf0000)
 End Bits:   [0x0000000012cf0000, 0x00000000134f0000)

Polling page: 0x00000000005d0000

CodeCache: size=245760Kb used=31214Kb max_used=31239Kb free=214545Kb
 bounds [0x0000000002820000, 0x0000000004700000, 0x0000000011820000]
 total_blobs=9551 nmethods=8679 adapters=779
 compilation: enabled

Compilation events (10 events):
Event: 281.016 Thread 0x0000000016037000 10573       3       java.io.File::list (33 bytes)
Event: 281.016 Thread 0x0000000016037000 nmethod 10573 0x000000000469ac50 code [0x000000000469ae20, 0x000000000469b568]
Event: 281.051 Thread 0x0000000016037000 10574   !   3       org.eclipse.osgi.internal.baseadaptor.BaseStorage::compact (215 bytes)
Event: 281.053 Thread 0x0000000016037000 nmethod 10574 0x00000000042f27d0 code [0x00000000042f2c20, 0x00000000042f50e8]
Event: 281.075 Thread 0x0000000015fd6000 nmethod 10562 0x00000000046dab90 code [0x00000000046daf40, 0x00000000046df588]
Event: 281.075 Thread 0x000000001602c000 nmethod 10553 0x00000000046e6050 code [0x00000000046e64c0, 0x00000000046eb6f0]
Event: 281.098 Thread 0x000000001602a000 10575       4       java.io.File::isDirectory (43 bytes)
Event: 281.100 Thread 0x000000001602a000 nmethod 10575 0x00000000029e4d10 code [0x00000000029e4e60, 0x00000000029e5068]
Event: 281.102 Thread 0x0000000016037000 10576       3       org.eclipse.osgi.framework.internal.core.AbstractBundle::close (52 bytes)
Event: 281.103 Thread 0x0000000016037000 nmethod 10576 0x00000000039b3ed0 code [0x00000000039b4100, 0x00000000039b4e08]

GC Heap History (10 events):
Event: 4.017 GC heap before
{Heap before GC invocations=14 (full 3):
 PSYoungGen      total 86528K, used 65536K [0x00000000f5580000, 0x00000000fc700000, 0x0000000100000000)
  eden space 65536K, 100% used [0x00000000f5580000,0x00000000f9580000,0x00000000f9580000)
  from space 20992K, 0% used [0x00000000fa980000,0x00000000fa980000,0x00000000fbe00000)
  to   space 20480K, 0% used [0x00000000f9580000,0x00000000f9580000,0x00000000fa980000)
 ParOldGen       total 102912K, used 32903K [0x00000000e0000000, 0x00000000e6480000, 0x00000000f5580000)
  object space 102912K, 31% used [0x00000000e0000000,0x00000000e2021c28,0x00000000e6480000)
 Metaspace       used 60181K, capacity 64824K, committed 65152K, reserved 1105920K
  class space    used 7671K, capacity 9019K, committed 9088K, reserved 1048576K
Event: 4.023 GC heap after
Heap after GC invocations=14 (full 3):
 PSYoungGen      total 86016K, used 15370K [0x00000000f5580000, 0x00000000fcf00000, 0x0000000100000000)
  eden space 65536K, 0% used [0x00000000f5580000,0x00000000f5580000,0x00000000f9580000)
  from space 20480K, 75% used [0x00000000f9580000,0x00000000fa482a08,0x00000000fa980000)
  to   space 20992K, 0% used [0x00000000fba80000,0x00000000fba80000,0x00000000fcf00000)
 ParOldGen       total 102912K, used 32911K [0x00000000e0000000, 0x00000000e6480000, 0x00000000f5580000)
  object space 102912K, 31% used [0x00000000e0000000,0x00000000e2023c28,0x00000000e6480000)
 Metaspace       used 60181K, capacity 64824K, committed 65152K, reserved 1105920K
  class space    used 7671K, capacity 9019K, committed 9088K, reserved 1048576K
}
Event: 10.136 GC heap before
{Heap before GC invocations=15 (full 3):
 PSYoungGen      total 86016K, used 80906K [0x00000000f5580000, 0x00000000fcf00000, 0x0000000100000000)
  eden space 65536K, 100% used [0x00000000f5580000,0x00000000f9580000,0x00000000f9580000)
  from space 20480K, 75% used [0x00000000f9580000,0x00000000fa482a08,0x00000000fa980000)
  to   space 20992K, 0% used [0x00000000fba80000,0x00000000fba80000,0x00000000fcf00000)
 ParOldGen       total 102912K, used 32911K [0x00000000e0000000, 0x00000000e6480000, 0x00000000f5580000)
  object space 102912K, 31% used [0x00000000e0000000,0x00000000e2023c28,0x00000000e6480000)
 Metaspace       used 68371K, capacity 73964K, committed 74240K, reserved 1114112K
  class space    used 8771K, capacity 10462K, committed 10496K, reserved 1048576K
Event: 10.149 GC heap after
Heap after GC invocations=15 (full 3):
 PSYoungGen      total 99840K, used 20988K [0x00000000f5580000, 0x00000000fd380000, 0x0000000100000000)
  eden space 78848K, 0% used [0x00000000f5580000,0x00000000f5580000,0x00000000fa280000)
  from space 20992K, 99% used [0x00000000fba80000,0x00000000fceff350,0x00000000fcf00000)
  to   space 24576K, 0% used [0x00000000fa280000,0x00000000fa280000,0x00000000fba80000)
 ParOldGen       total 102912K, used 34361K [0x00000000e0000000, 0x00000000e6480000, 0x00000000f5580000)
  object space 102912K, 33% used [0x00000000e0000000,0x00000000e218e748,0x00000000e6480000)
 Metaspace       used 68371K, capacity 73964K, committed 74240K, reserved 1114112K
  class space    used 8771K, capacity 10462K, committed 10496K, reserved 1048576K
}
Event: 68.633 GC heap before
{Heap before GC invocations=16 (full 3):
 PSYoungGen      total 99840K, used 99836K [0x00000000f5580000, 0x00000000fd380000, 0x0000000100000000)
  eden space 78848K, 100% used [0x00000000f5580000,0x00000000fa280000,0x00000000fa280000)
  from space 20992K, 99% used [0x00000000fba80000,0x00000000fceff350,0x00000000fcf00000)
  to   space 24576K, 0% used [0x00000000fa280000,0x00000000fa280000,0x00000000fba80000)
 ParOldGen       total 102912K, used 34361K [0x00000000e0000000, 0x00000000e6480000, 0x00000000f5580000)
  object space 102912K, 33% used [0x00000000e0000000,0x00000000e218e748,0x00000000e6480000)
 Metaspace       used 70473K, capacity 76100K, committed 76288K, reserved 1114112K
  class space    used 8955K, capacity 10705K, committed 10752K, reserved 1048576K
Event: 68.640 GC heap after
Heap after GC invocations=16 (full 3):
 PSYoungGen      total 103424K, used 19854K [0x00000000f5580000, 0x00000000fe380000, 0x0000000100000000)
  eden space 78848K, 0% used [0x00000000f5580000,0x00000000f5580000,0x00000000fa280000)
  from space 24576K, 80% used [0x00000000fa280000,0x00000000fb5e3898,0x00000000fba80000)
  to   space 26112K, 0% used [0x00000000fca00000,0x00000000fca00000,0x00000000fe380000)
 ParOldGen       total 102912K, used 34369K [0x00000000e0000000, 0x00000000e6480000, 0x00000000f5580000)
  object space 102912K, 33% used [0x00000000e0000000,0x00000000e2190748,0x00000000e6480000)
 Metaspace       used 70473K, capacity 76100K, committed 76288K, reserved 1114112K
  class space    used 8955K, capacity 10705K, committed 10752K, reserved 1048576K
}
Event: 192.671 GC heap before
{Heap before GC invocations=17 (full 3):
 PSYoungGen      total 103424K, used 98702K [0x00000000f5580000, 0x00000000fe380000, 0x0000000100000000)
  eden space 78848K, 100% used [0x00000000f5580000,0x00000000fa280000,0x00000000fa280000)
  from space 24576K, 80% used [0x00000000fa280000,0x00000000fb5e3898,0x00000000fba80000)
  to   space 26112K, 0% used [0x00000000fca00000,0x00000000fca00000,0x00000000fe380000)
 ParOldGen       total 102912K, used 34369K [0x00000000e0000000, 0x00000000e6480000, 0x00000000f5580000)
  object space 102912K, 33% used [0x00000000e0000000,0x00000000e2190748,0x00000000e6480000)
 Metaspace       used 71824K, capacity 77484K, committed 77696K, reserved 1116160K
  class space    used 9060K, capacity 10805K, committed 10880K, reserved 1048576K
Event: 192.683 GC heap after
Heap after GC invocations=17 (full 3):
 PSYoungGen      total 116736K, used 22547K [0x00000000f5580000, 0x00000000fe500000, 0x0000000100000000)
  eden space 90624K, 0% used [0x00000000f5580000,0x00000000f5580000,0x00000000fae00000)
  from space 26112K, 86% used [0x00000000fca00000,0x00000000fe004d18,0x00000000fe380000)
  to   space 28160K, 0% used [0x00000000fae00000,0x00000000fae00000,0x00000000fc980000)
 ParOldGen       total 102912K, used 34377K [0x00000000e0000000, 0x00000000e6480000, 0x00000000f5580000)
  object space 102912K, 33% used [0x00000000e0000000,0x00000000e2192748,0x00000000e6480000)
 Metaspace       used 71824K, capacity 77484K, committed 77696K, reserved 1116160K
  class space    used 9060K, capacity 10805K, committed 10880K, reserved 1048576K
}
Event: 212.166 GC heap before
{Heap before GC invocations=18 (full 3):
 PSYoungGen      total 116736K, used 113171K [0x00000000f5580000, 0x00000000fe500000, 0x0000000100000000)
  eden space 90624K, 100% used [0x00000000f5580000,0x00000000fae00000,0x00000000fae00000)
  from space 26112K, 86% used [0x00000000fca00000,0x00000000fe004d18,0x00000000fe380000)
  to   space 28160K, 0% used [0x00000000fae00000,0x00000000fae00000,0x00000000fc980000)
 ParOldGen       total 102912K, used 34377K [0x00000000e0000000, 0x00000000e6480000, 0x00000000f5580000)
  object space 102912K, 33% used [0x00000000e0000000,0x00000000e2192748,0x00000000e6480000)
 Metaspace       used 80115K, capacity 86606K, committed 86784K, reserved 1124352K
  class space    used 9994K, capacity 12013K, committed 12032K, reserved 1048576K
Event: 212.186 GC heap after
Heap after GC invocations=18 (full 3):
 PSYoungGen      total 118784K, used 28145K [0x00000000f5580000, 0x00000000ffc80000, 0x0000000100000000)
  eden space 90624K, 0% used [0x00000000f5580000,0x00000000f5580000,0x00000000fae00000)
  from space 28160K, 99% used [0x00000000fae00000,0x00000000fc97c6b0,0x00000000fc980000)
  to   space 34816K, 0% used [0x00000000fda80000,0x00000000fda80000,0x00000000ffc80000)
 ParOldGen       total 102912K, used 41433K [0x00000000e0000000, 0x00000000e6480000, 0x00000000f5580000)
  object space 102912K, 40% used [0x00000000e0000000,0x00000000e2876648,0x00000000e6480000)
 Metaspace       used 80115K, capacity 86606K, committed 86784K, reserved 1124352K
  class space    used 9994K, capacity 12013K, committed 12032K, reserved 1048576K
}

Deoptimization events (10 events):
Event: 280.404 Thread 0x000000000265e000 Uncommon trap: reason=unstable_if action=reinterpret pc=0x0000000003f5ea64 method=org.eclipse.core.internal.localstore.FileSystemResourceManager.getStoreRoot(Lorg/eclipse/core/resources/IResource;)Lorg/eclipse/core/internal/localstore/FileStoreRoot; @ 17
Event: 280.404 Thread 0x000000000265e000 Uncommon trap: reason=unstable_if action=reinterpret pc=0x00000000040b9bc0 method=org.eclipse.core.internal.localstore.FileStoreRoot.getManager(Lorg/eclipse/core/runtime/IPath;)Lorg/eclipse/core/resources/IPathVariableManager; @ 18
Event: 280.405 Thread 0x000000000265e000 Uncommon trap: reason=unstable_if action=reinterpret pc=0x00000000040b5958 method=org.eclipse.core.internal.localstore.FileStoreRoot.getManager(Lorg/eclipse/core/runtime/IPath;)Lorg/eclipse/core/resources/IPathVariableManager; @ 18
Event: 280.408 Thread 0x000000000265e000 Uncommon trap: reason=unstable_if action=reinterpret pc=0x0000000003f1b48c method=sun.nio.cs.UTF_8$Encoder.encodeArrayLoop(Ljava/nio/CharBuffer;Ljava/nio/ByteBuffer;)Ljava/nio/charset/CoderResult; @ 87
Event: 280.959 Thread 0x000000000265e000 Uncommon trap: reason=null_check action=make_not_entrant pc=0x0000000003308fa8 method=org.eclipse.core.runtime.internal.adaptor.EclipseLazyStarter.shouldActivateFor(Ljava/lang/String;Lorg/eclipse/osgi/baseadaptor/BaseData;Lorg/eclipse/core/runtime/internaløV@0ªèq@
Event: 280.983 Thread 0x000000000265e000 Uncommon trap: reason=unstable_if action=reinterpret pc=0x000000000405f08c method=org.eclipse.core.internal.jobs.DeadlockDetector.reduceGraph(ILorg/eclipse/core/runtime/jobs/ISchedulingRule;)V @ 341
Event: 280.983 Thread 0x0000000016e92000 Uncommon trap: reason=unstable_if action=reinterpret pc=0x0000000002d7e2d8 method=org.eclipse.osgi.framework.internal.core.BundleContextImpl.dispatchEvent(Ljava/lang/Object;Ljava/lang/Object;ILjava/lang/Object;)V @ 16
Event: 280.999 Thread 0x00000000162fe800 Uncommon trap: reason=unstable_if action=reinterpret pc=0x0000000004697868 method=org.eclipse.core.internal.jobs.JobManager.nextJob()Lorg/eclipse/core/runtime/jobs/Job; @ 80
Event: 280.999 Thread 0x000000001fc26800 Uncommon trap: reason=unstable_if action=reinterpret pc=0x0000000004697868 method=org.eclipse.core.internal.jobs.JobManager.nextJob()Lorg/eclipse/core/runtime/jobs/Job; @ 80
Event: 281.103 Thread 0x000000000265e000 Uncommon trap: reason=unstable_if action=reinterpret pc=0x00000000032c2da0 method=sun.reflect.UnsafeStaticObjectFieldAccessorImpl.set(Ljava/lang/Object;Ljava/lang/Object;)V @ 13

Internal exceptions (10 events):
Event: 280.120 Thread 0x000000001f928800 Exception <a 'java/lang/InterruptedException'> (0x00000000f5702e80) thrown at [C:\re\workspace\8-2-build-windows-amd64-cygwin\jdk8u45\3627\hotspot\src\share\vm\runtime\objectMonitor.cpp, line 1683]
Event: 280.250 Thread 0x000000001909f000 Implicit null exception at 0x0000000003bb7f94 to 0x0000000003bb8275
Event: 280.264 Thread 0x000000001909f000 Implicit null exception at 0x0000000003ba0454 to 0x0000000003ba0a1d
Event: 280.402 Thread 0x0000000019093000 Exception <a 'java/lang/InterruptedException'> (0x00000000f99ff0b8) thrown at [C:\re\workspace\8-2-build-windows-amd64-cygwin\jdk8u45\3627\hotspot\src\share\vm\runtime\objectMonitor.cpp, line 1683]
Event: 280.959 Thread 0x000000000265e000 Implicit null exception at 0x0000000003307ba7 to 0x0000000003308f85
Event: 281.009 Thread 0x0000000017289800 Exception <a 'java/lang/InterruptedException': sleep interrupted> (0x00000000f9c87f70) thrown at [C:\re\workspace\8-2-build-windows-amd64-cygwin\jdk8u45\3627\hotspot\src\share\vm\prims\jvm.cpp, line 3211]
Event: 281.010 Thread 0x0000000018257000 Exception <a 'java/lang/InterruptedException'> (0x00000000f9d6a810) thrown at [C:\re\workspace\8-2-build-windows-amd64-cygwin\jdk8u45\3627\hotspot\src\share\vm\runtime\objectMonitor.cpp, line 1683]
Event: 281.010 Thread 0x0000000017b00800 Exception <a 'java/lang/InterruptedException'> (0x00000000f9d9b998) thrown at [C:\re\workspace\8-2-build-windows-amd64-cygwin\jdk8u45\3627\hotspot\src\share\vm\runtime\objectMonitor.cpp, line 1683]
Event: 281.103 Thread 0x0000000016e92000 Exception <a 'java/lang/InterruptedException'> (0x00000000f9c854e8) thrown at [C:\re\workspace\8-2-build-windows-amd64-cygwin\jdk8u45\3627\hotspot\src\share\vm\runtime\objectMonitor.cpp, line 1683]
Event: 281.103 Thread 0x000000000265e000 Implicit null exception at 0x00000000032c299b to 0x00000000032c2d8d

Events (10 events):
Event: 281.103 Thread 0x000000000265e000 DEOPT UNPACKING pc=0x000000000286582a sp=0x000000000014ea38 mode 2
Event: 281.103 Thread 0x0000000017042000 Thread exited: 0x0000000017042000
Event: 281.103 loading class java/util/IdentityHashMap$KeyIterator
Event: 281.103 loading class java/util/IdentityHashMap$IdentityHashMapIterator
Event: 281.103 loading class java/util/IdentityHashMap$IdentityHashMapIterator done
Event: 281.103 loading class java/util/IdentityHashMap$KeyIterator done
Event: 281.103 Thread 0x0000000019095000 Thread added: 0x0000000019095000
Event: 281.103 Thread 0x0000000019095000 Thread exited: 0x0000000019095000
Event: 281.104 Thread 0x0000000016028800 Thread exited: 0x0000000016028800
Event: 281.104 Executing VM operation: Exit


Dynamic libraries:
0x0000000000400000 - 0x000000000044f000 	D:\Xilinx\SDK\2015.4\eclipse\win64.o\eclipse.exe
0x00007ffc63480000 - 0x00007ffc63651000 	C:\windows\SYSTEM32\ntdll.dll
0x00007ffc633d0000 - 0x00007ffc6347b000 	C:\windows\System32\KERNEL32.DLL
0x00007ffc605b0000 - 0x00007ffc607cd000 	C:\windows\System32\KERNELBASE.dll
0x00007ffc62cb0000 - 0x00007ffc62e15000 	C:\windows\System32\USER32.dll
0x00007ffc60590000 - 0x00007ffc605ae000 	C:\windows\System32\win32u.dll
0x00007ffc62c10000 - 0x00007ffc62c44000 	C:\windows\System32\GDI32.dll
0x00007ffc607d0000 - 0x00007ffc60952000 	C:\windows\System32\gdi32full.dll
0x00007ffc62e20000 - 0x00007ffc62ebe000 	C:\windows\System32\msvcrt.dll
0x00007ffc51b50000 - 0x00007ffc51dc9000 	C:\windows\WinSxS\amd64_microsoft.windows.common-controls_6595b64144ccf1df_6.0.14393.447_none_42191651c6827bb3\COMCTL32.dll
0x00007ffc62ed0000 - 0x00007ffc63198000 	C:\windows\System32\combase.dll
0x00007ffc60110000 - 0x00007ffc60205000 	C:\windows\System32\ucrtbase.dll
0x00007ffc60a10000 - 0x00007ffc60b31000 	C:\windows\System32\RPCRT4.dll
0x00007ffc600a0000 - 0x00007ffc6010a000 	C:\windows\System32\bcryptPrimitives.dll
0x00007ffc60ed0000 - 0x00007ffc60efe000 	C:\windows\System32\IMM32.DLL
0x0000000072000000 - 0x0000000072012000 	D:\Xilinx\SDK\2015.4\eclipse\win64.o\plugins\org.eclipse.equinox.launcher.win32.win32.x86_64_1.1.200.v20140116-2212\eclipse_1503.dll
0x00007ffc63200000 - 0x00007ffc632a2000 	C:\windows\System32\ADVAPI32.dll
0x00007ffc631a0000 - 0x00007ffc631f9000 	C:\windows\System32\sechost.dll
0x00007ffc5c020000 - 0x00007ffc5c02a000 	C:\windows\SYSTEM32\VERSION.dll
0x00007ffc5e040000 - 0x00007ffc5e0d5000 	C:\windows\system32\uxtheme.dll
0x00007ffc62970000 - 0x00007ffc62acb000 	C:\windows\System32\MSCTF.dll
0x00007ffc60f00000 - 0x00007ffc60fbf000 	C:\windows\System32\OLEAUT32.dll
0x00007ffc60210000 - 0x00007ffc602ac000 	C:\windows\System32\msvcp_win.dll
0x0000000050ea0000 - 0x0000000051723000 	D:\Xilinx\SDK\2015.4\tps\win64\jre\bin\server\jvm.dll
0x00007ffc62ec0000 - 0x00007ffc62ec8000 	C:\windows\System32\PSAPI.DLL
0x00007ffc5ca90000 - 0x00007ffc5ca99000 	C:\windows\SYSTEM32\WSOCK32.dll
0x00007ffc5dd70000 - 0x00007ffc5dd93000 	C:\windows\SYSTEM32\WINMM.dll
0x00000000530a0000 - 0x0000000053172000 	C:\windows\SYSTEM32\MSVCR100.dll
0x00007ffc60b40000 - 0x00007ffc60baa000 	C:\windows\System32\WS2_32.dll
0x00007ffc5dd40000 - 0x00007ffc5dd6b000 	C:\windows\SYSTEM32\WINMMBASE.dll
0x00007ffc60050000 - 0x00007ffc60092000 	C:\windows\System32\cfgmgr32.dll
0x0000000052630000 - 0x000000005263f000 	D:\Xilinx\SDK\2015.4\tps\win64\jre\bin\verify.dll
0x0000000052600000 - 0x0000000052629000 	D:\Xilinx\SDK\2015.4\tps\win64\jre\bin\java.dll
0x00000000525e0000 - 0x00000000525f6000 	D:\Xilinx\SDK\2015.4\tps\win64\jre\bin\zip.dll
0x00007ffc60fc0000 - 0x00007ffc624c9000 	C:\windows\System32\SHELL32.dll
0x00007ffc5f970000 - 0x00007ffc6004a000 	C:\windows\System32\windows.storage.dll
0x00007ffc5f920000 - 0x00007ffc5f96c000 	C:\windows\System32\powrprof.dll
0x00007ffc62c50000 - 0x00007ffc62ca2000 	C:\windows\System32\shlwapi.dll
0x00007ffc5f8f0000 - 0x00007ffc5f8ff000 	C:\windows\System32\kernel.appcore.dll
0x00007ffc602b0000 - 0x00007ffc60359000 	C:\windows\System32\shcore.dll
0x00007ffc5f900000 - 0x00007ffc5f914000 	C:\windows\System32\profapi.dll
0x00007ffc5f380000 - 0x00007ffc5f397000 	C:\windows\SYSTEM32\CRYPTSP.dll
0x00007ffc5edf0000 - 0x00007ffc5ee23000 	C:\windows\system32\rsaenh.dll
0x00007ffc5f490000 - 0x00007ffc5f4bb000 	C:\windows\SYSTEM32\bcrypt.dll
0x00007ffc5f060000 - 0x00007ffc5f07f000 	C:\windows\SYSTEM32\USERENV.dll
0x00007ffc5f3a0000 - 0x00007ffc5f3ab000 	C:\windows\SYSTEM32\CRYPTBASE.dll
0x00000000525c0000 - 0x00000000525da000 	D:\Xilinx\SDK\2015.4\tps\win64\jre\bin\net.dll
0x00007ffc5f1e0000 - 0x00007ffc5f23c000 	C:\windows\system32\mswsock.dll
0x00007ffc5ef70000 - 0x00007ffc5efa8000 	C:\windows\SYSTEM32\IPHLPAPI.DLL
0x00007ffc60c10000 - 0x00007ffc60c18000 	C:\windows\System32\NSI.dll
0x00007ffc5acd0000 - 0x00007ffc5ace6000 	C:\windows\SYSTEM32\dhcpcsvc6.DLL
0x00007ffc5acb0000 - 0x00007ffc5acca000 	C:\windows\SYSTEM32\dhcpcsvc.DLL
0x00000000525a0000 - 0x00000000525b1000 	D:\Xilinx\SDK\2015.4\tps\win64\jre\bin\nio.dll
0x00007ffc526d0000 - 0x00007ffc526e6000 	C:\windows\system32\napinsp.dll
0x00007ffc526f0000 - 0x00007ffc5270a000 	C:\windows\system32\pnrpnsp.dll
0x00007ffc5d5e0000 - 0x00007ffc5d5f8000 	C:\windows\system32\NLAapi.dll
0x00007ffc5efb0000 - 0x00007ffc5f050000 	C:\windows\SYSTEM32\DNSAPI.dll
0x00007ffc52710000 - 0x00007ffc5271e000 	C:\windows\System32\winrnr.dll
0x00007ffc5b8a0000 - 0x00007ffc5b8aa000 	C:\Windows\System32\rasadhlp.dll
0x00007ffc5b640000 - 0x00007ffc5b6aa000 	C:\windows\System32\fwpuclnt.dll
0x00007ffc62ad0000 - 0x00007ffc62c07000 	C:\windows\System32\ole32.dll
0x00007ffc60c20000 - 0x00007ffc60cbf000 	C:\windows\System32\clbcatq.dll
0x000000001a4d0000 - 0x000000001a578000 	C:\Users\Administrator\.Xilinx\SDK\2015.4\org.eclipse.osgi\bundles\303\1\.cp\swt-win32-4335.dll
0x00007ffc632d0000 - 0x00007ffc633ca000 	C:\windows\System32\comdlg32.dll
0x00007ffc60360000 - 0x00007ffc60529000 	C:\windows\System32\CRYPT32.dll
0x00007ffc5f8e0000 - 0x00007ffc5f8f0000 	C:\windows\System32\MSASN1.dll
0x00007ffc5db60000 - 0x00007ffc5db79000 	C:\windows\SYSTEM32\USP10.dll
0x00007ffc4f0b0000 - 0x00007ffc4f135000 	C:\windows\SYSTEM32\WINSPOOL.DRV
0x00007ffc561a0000 - 0x00007ffc56433000 	C:\windows\SYSTEM32\WININET.dll
0x00007ffc5d5b0000 - 0x00007ffc5d5d6000 	C:\windows\system32\dwmapi.dll
0x00007ffc5d280000 - 0x00007ffc5d405000 	C:\windows\SYSTEM32\propsys.dll
0x000000001ae50000 - 0x000000001ae6e000 	C:\Users\Administrator\.Xilinx\SDK\2015.4\org.eclipse.osgi\bundles\303\1\.cp\swt-gdip-win32-4335.dll
0x00007ffc54280000 - 0x00007ffc5441a000 	C:\windows\WinSxS\amd64_microsoft.windows.gdiplus_6595b64144ccf1df_1.1.14393.321_none_72fe05dd211a5fae\gdiplus.dll
0x00007ffc5cdb0000 - 0x00007ffc5cf58000 	C:\windows\SYSTEM32\WindowsCodecs.dll
0x0000000180000000 - 0x0000000180012000 	C:\Users\Administrator\.Xilinx\SDK\2015.4\org.eclipse.osgi\bundles\121\1\.cp\os\win32\x86_64\localfile_1_0_0.dll
0x00007ffc57640000 - 0x00007ffc57651000 	C:\Users\Administrator\.Xilinx\SDK\2015.4\org.eclipse.osgi\bundles\124\1\.cp\jWinHttp-1.0.0.dll
0x00007ffc5b6b0000 - 0x00007ffc5b77d000 	C:\windows\SYSTEM32\WINHTTP.dll
0x00007ffc4f6e0000 - 0x00007ffc4f745000 	C:\windows\SYSTEM32\oleacc.dll
0x00007ffc5a080000 - 0x00007ffc5a087000 	C:\windows\SYSTEM32\msimg32.dll
0x00007ffc4faa0000 - 0x00007ffc4fadf000 	C:\windows\system32\mlang.dll
0x00007ffc554b0000 - 0x00007ffc554f9000 	C:\windows\system32\dataexchange.dll
0x00007ffc5a750000 - 0x00007ffc5aa06000 	C:\windows\system32\d3d11.dll
0x00007ffc5d8b0000 - 0x00007ffc5da01000 	C:\windows\system32\dcomp.dll
0x00007ffc5e840000 - 0x00007ffc5e8df000 	C:\windows\system32\dxgi.dll
0x00007ffc5e310000 - 0x00007ffc5e42c000 	C:\windows\system32\twinapi.appcore.dll
0x00007ffc5ddd0000 - 0x00007ffc5dddf000 	D:\Xilinx\SDK\2015.4\lib\win64.o\librdi_repo_manager.dll
0x00007ffc142c0000 - 0x00007ffc14c4d000 	D:\Xilinx\SDK\2015.4\lib\win64.o\librdi_common.dll
0x00007ffc4fbe0000 - 0x00007ffc4fc34000 	D:\Xilinx\SDK\2015.4\lib\win64.o\librdi_commonxillic.dll
0x00007ffc1df80000 - 0x00007ffc1e16c000 	D:\Xilinx\SDK\2015.4\lib\win64.o\librdi_hsm.dll
0x00007ffc42e10000 - 0x00007ffc42eb7000 	C:\windows\SYSTEM32\MSVCP110.dll
0x00007ffc43a50000 - 0x00007ffc43b24000 	C:\windows\SYSTEM32\MSVCR110.dll
0x00007ffc13f50000 - 0x00007ffc142be000 	D:\Xilinx\SDK\2015.4\lib\win64.o\libCOIN-all.dll
0x00007ffc1dd60000 - 0x00007ffc1df7e000 	D:\Xilinx\SDK\2015.4\lib\win64.o\libXil_lmgr11.dll
0x00007ffc4d750000 - 0x00007ffc4d77a000 	D:\Xilinx\SDK\2015.4\lib\win64.o\libisl_sysinfo.dll
0x00007ffc60530000 - 0x00007ffc60585000 	C:\windows\System32\WINTRUST.dll
0x00007ffc5bdd0000 - 0x00007ffc5bde0000 	D:\Xilinx\SDK\2015.4\lib\win64.o\libboost_date_time.dll
0x00007ffc49e90000 - 0x00007ffc49eb2000 	D:\Xilinx\SDK\2015.4\lib\win64.o\libboost_filesystem.dll
0x00007ffc44b60000 - 0x00007ffc44c5a000 	D:\Xilinx\SDK\2015.4\lib\win64.o\libboost_regex.dll
0x00007ffc48700000 - 0x00007ffc48774000 	D:\Xilinx\SDK\2015.4\lib\win64.o\libboost_program_options.dll
0x00007ffc59f20000 - 0x00007ffc59f29000 	D:\Xilinx\SDK\2015.4\lib\win64.o\libboost_system.dll
0x00007ffc50310000 - 0x00007ffc50323000 	D:\Xilinx\SDK\2015.4\lib\win64.o\libboost_signals.dll
0x00007ffc4fbc0000 - 0x00007ffc4fbdd000 	D:\Xilinx\SDK\2015.4\lib\win64.o\libboost_thread.dll
0x00007ffc59a70000 - 0x00007ffc59a7b000 	D:\Xilinx\SDK\2015.4\lib\win64.o\libboost_xilinx.dll
0x00007ffc49dd0000 - 0x00007ffc49e13000 	D:\Xilinx\SDK\2015.4\lib\win64.o\librdi_hdf.dll
0x00007ffc1d6e0000 - 0x00007ffc1d760000 	D:\Xilinx\SDK\2015.4\lib\win64.o\libhdlpsolve.dll
0x00007ffc13cf0000 - 0x00007ffc13f45000 	D:\Xilinx\SDK\2015.4\lib\win64.o\librdi_ippcw.dll
0x00007ffc1dcc0000 - 0x00007ffc1dd5a000 	D:\Xilinx\SDK\2015.4\lib\win64.o\libhdxml.dll
0x0000000052640000 - 0x0000000052767000 	D:\Xilinx\SDK\2015.4\lib\win64.o\tcl85t.dll
0x00007ffc138b0000 - 0x00007ffc13ce4e00 	D:\Xilinx\SDK\2015.4\lib\win64.o\libisl_iostreams.dll
0x00007ffc49e70000 - 0x00007ffc49e85000 	D:\Xilinx\SDK\2015.4\lib\win64.o\pthreadVC2.dll
0x00007ffc1a470000 - 0x00007ffc1a5a0000 	D:\Xilinx\SDK\2015.4\lib\win64.o\librdi_curl.dll
0x00007ffc49e50000 - 0x00007ffc49e68000 	D:\Xilinx\SDK\2015.4\lib\win64.o\librdiconfig.dll
0x00007ffc486d0000 - 0x00007ffc486f3000 	D:\Xilinx\SDK\2015.4\lib\win64.o\librdizlib.dll
0x0000000024aa0000 - 0x0000000024d03000 	D:\Xilinx\SDK\2015.4\lib\win64.o\xerces-c_3_1.dll
0x00007ffc573b0000 - 0x00007ffc573d3000 	C:\windows\SYSTEM32\VCOMP110.DLL
0x00007ffc52450000 - 0x00007ffc52468000 	C:\windows\SYSTEM32\NETAPI32.dll
0x00007ffc565b0000 - 0x00007ffc56772000 	C:\windows\SYSTEM32\urlmon.dll
0x00007ffc486b0000 - 0x00007ffc486c6000 	D:\Xilinx\SDK\2015.4\lib\win64.o\libboost_iostreams.dll
0x00007ffc43240000 - 0x00007ffc43263000 	D:\Xilinx\SDK\2015.4\lib\win64.o\libisl_iosutils.dll
0x00007ffc57c60000 - 0x00007ffc57c6b000 	D:\Xilinx\SDK\2015.4\lib\win64.o\libboost_chrono.dll
0x00007ffc579b0000 - 0x00007ffc57c53000 	C:\windows\SYSTEM32\iertutil.dll
0x00007ffc10ef0000 - 0x00007ffc11700000 	D:\Xilinx\SDK\2015.4\lib\win64.o\libXil_lmgr11FNP.dll
0x00007ffc624d0000 - 0x00007ffc628f9000 	C:\windows\System32\SETUPAPI.dll
0x00007ffc4eef0000 - 0x00007ffc4eefc000 	C:\windows\SYSTEM32\snmpapi.dll
0x00007ffc5f5b0000 - 0x00007ffc5f5dc000 	C:\windows\SYSTEM32\SspiCli.dll
0x00007ffc53230000 - 0x00007ffc53240000 	C:\windows\system32\wbem\wbemprox.dll
0x00007ffc551a0000 - 0x00007ffc5521f000 	C:\windows\SYSTEM32\wbemcomn.dll
0x00007ffc5e520000 - 0x00007ffc5e548000 	C:\windows\SYSTEM32\DEVOBJ.dll

VM Arguments:
jvm_args: -Dcom.xilinx.sdk.args.hwspec=D:/MIZ_SOC/SEASON_03/CH06_AXI_VDMA_OV5640_701N_02/Miz_sys/Miz_sys.sdk/system_wrapper.hdf -Xms64m -Xmx512m & 
java_command: <unknown>
java_class_path (initial): D:\Xilinx\SDK\2015.4\eclipse\win64.o\\plugins/org.eclipse.equinox.launcher_1.3.0.v20130327-1440.jar
Launcher Type: generic

Environment Variables:
PATH=D:/Xilinx/SDK/2015.4/tps/win64/jre/bin/server;D:/Xilinx/SDK/2015.4/tps/win64/jre/bin;D:/Xilinx/SDK/2015.4/tps/win64/jre/lib/amd64;D:\Xilinx\SDK\2015.4\gnuwin\bin;D:\Xilinx\SDK\2015.4\gnu\microblaze\nt\bin;D:\Xilinx\SDK\2015.4\gnu\microblaze\linux_toolchain\nt64_le\bin;D:\Xilinx\SDK\2015.4\gnu\microblaze\linux_toolchain\nt64_be\bin;D:\Xilinx\SDK\2015.4\gnu\arm\nt\bin;D:\Xilinx\SDK\2015.4\gnu\aarch64\nt\aarch64-none\bin;D:\Xilinx\SDK\2015.4\gnu\aarch64\nt\aarch64-linux\bin;D:\Xilinx\SDK\2015.4\gnu\armr5\nt\gcc-arm-none-eabi\bin;D:\Xilinx\SDK\2015.4\gnu\aarch32\nt\gcc-arm-none-eabi\bin;D:\Xilinx\SDK\2015.4\gnu\aarch32\nt\gcc-arm-linux-gnueabi\bin;D:\Xilinx\SDK\2015.4\bin;D:\Xilinx\SDK\2015.4\lib\win64.o;D:\Xilinx\SDK\2015.4\tps\win64\jre\bin\server;D:\Xilinx\SDK\2015.4\tps\win64\jre\bin;D:\Xilinx\Vivado\2015.4\ids_lite\ISE\bin\nt64;D:\Xilinx\Vivado\2015.4\ids_lite\ISE\lib\nt64;D:\Xilinx\Vivado\2015.4\bin;D:\Xilinx\Vivado\2015.4\lib\win64.o;D:\Xilinx\Vivado\2015.4\tps\win64\jre\bin\server;D:\Xilinx\Vivado\2015.4\tps\win64\jre\bin;D:\Xilinx\Vivado_HLS\2015.4\bin;C:\windows\system32;C:\windows;C:\windows\System32\Wbem;C:\windows\System32\WindowsPowerShell\v1.0\;C:\Program Files (x86)\Altium Designer Summer 09\System;C:\Users\Administrator\AppData\Local\Microsoft\WindowsApps;;d:\MIZ_SOC\SEASON_03\CH06_AXI_VDMA_OV5640_701N_02\Miz_sys;
USERNAME=Administrator
OS=Windows_NT
PROCESSOR_IDENTIFIER=Intel64 Family 6 Model 94 Stepping 3, GenuineIntel



---------------  S Y S T E M  ---------------

OS: Windows 10.0 , 64 bit Build 14393 (10.0.14393.0)

CPU:total 8 (4 cores per cpu, 2 threads per core) family 6 model 94 stepping 3, cmov, cx8, fxsr, mmx, sse, sse2, sse3, ssse3, sse4.1, sse4.2, popcnt, avx, avx2, aes, clmul, erms, rtm, 3dnowpref, lzcnt, ht, tsc, tscinvbit, bmi1, bmi2, adx

Memory: 4k page, physical 16728064k(8387884k free), swap 19118484k(3817216k free)

vm_info: Java HotSpot(TM) 64-Bit Server VM (25.45-b02) for windows-amd64 JRE (1.8.0_45-b15), built on Apr 30 2015 12:40:44 by "java_re" with MS VC++ 10.0 (VS2010)

time: Tue Feb 14 00:14:31 2017
elapsed time: 292 seconds (0d 0h 4m 52s)

