#
# A fatal error has been detected by the Java Runtime Environment:
#
#  Internal Error (0xc000000d), pid=9232, tid=10528
#
# JRE version: Java(TM) SE Runtime Environment (8.0_66-b18) (build 1.8.0_66-b18)
# Java VM: Java HotSpot(TM) 64-Bit Server VM (25.66-b18 mixed mode windows-amd64 compressed oops)
# Problematic frame:
# C  [ntdll.dll+0xf56b0]
#
# Failed to write core dump. Minidumps are not enabled by default on client versions of Windows
#
# If you would like to submit a bug report, please visit:
#   http://bugreport.java.com/bugreport/crash.jsp
#

---------------  T H R E A D  ---------------

Current thread (0x0000000014029800):  VMThread [stack: 0x0000000015d20000,0x0000000015e20000] [id=10528]

siginfo: ExceptionCode=0xc000000d

Registers:
RAX=0x0000000000000000, RBX=0xfffffffffffffffe, RCX=0x0000000000000000, RDX=0x0000000000000000
RSP=0x0000000015e1f3b0, RBP=0x00007ffe70c77408, RSI=0x0000000000000000, RDI=0x0000000000000dfc
R8 =0x0000000000000000, R9 =0x0000000000020000, R10=0x0000000015e1ee90, R11=0x0000000015e1ee90
R12=0x00000000005445b0, R13=0x0000000024663b90, R14=0x00000000005446b8, R15=0x0000000015e1f528
RIP=0x00007ffe8c4556b0, EFLAGS=0x0000000000000206

Top of Stack: (sp=0x0000000015e1f3b0)
0x0000000015e1f3b0:   0000000000000001 fffffffffffffffe
0x0000000015e1f3c0:   0000000000000000 0000000000000dfc
0x0000000015e1f3d0:   00000000c000000d 0000000000000000
0x0000000015e1f3e0:   00007ffe8c4556b0 0000000000000000
0x0000000015e1f3f0:   0000000000000000 0000000000000000
0x0000000015e1f400:   0000000000000000 0000000000000000
0x0000000015e1f410:   0000000000000000 0000000000000000
0x0000000015e1f420:   0000000000000000 0000000000000000
0x0000000015e1f430:   0000000000000000 0000000000000000
0x0000000015e1f440:   0000000000000000 0000000000000000
0x0000000015e1f450:   0000000000000000 0000000000000000
0x0000000015e1f460:   0000000000000000 0000000000000000
0x0000000015e1f470:   00005f930389f666 0000000000000040
0x0000000015e1f480:   0000000000000000 00007ffe8c41047f
0x0000000015e1f490:   0000000000000000 0000000000000050
0x0000000015e1f4a0:   0000000000000005 00007ffe8c385b14 

Instructions: (pc=0x00007ffe8c4556b0)
0x00007ffe8c455690:   62 fb ff c7 44 24 20 0d 00 00 c0 b9 57 00 00 00
0x00007ffe8c4556a0:   e8 7b 34 f5 ff 90 48 8d 4c 24 20 e8 00 12 f4 ff
0x00007ffe8c4556b0:   eb 00 48 8b 8c 24 c0 00 00 00 48 33 cc e8 1e 01
0x00007ffe8c4556c0:   fa ff 48 81 c4 d8 00 00 00 c3 40 55 48 83 ec 20 


Register to memory mapping:

RAX=0x0000000000000000 is an unknown value
RBX=0xfffffffffffffffe is an unknown value
RCX=0x0000000000000000 is an unknown value
RDX=0x0000000000000000 is an unknown value
RSP=0x0000000015e1f3b0 is an unknown value
RBP=0x00007ffe70c77408 is an unknown value
RSI=0x0000000000000000 is an unknown value
RDI=0x0000000000000dfc is an unknown value
R8 =0x0000000000000000 is an unknown value
R9 =0x0000000000020000 is an unknown value
R10=0x0000000015e1ee90 is an unknown value
R11=0x0000000015e1ee90 is an unknown value
R12=0x00000000005445b0 is an unknown value
R13=0x0000000024663b90 is an unknown value
R14=0x00000000005446b8 is an unknown value
R15=0x0000000015e1f528 is an unknown value


Stack: [0x0000000015d20000,0x0000000015e20000],  sp=0x0000000015e1f3b0,  free space=1020k
Native frames: (J=compiled Java code, j=interpreted, Vv=VM code, C=native code)
C  [ntdll.dll+0xf56b0]
C  [ntdll.dll+0xb047f]
C  [KERNEL32.DLL+0x28c6a]
C  [MSVCR110.dll+0x752d]
C  [MSVCR110.dll+0x73c6]
C  [MSVCR110.dll+0x14cca]
C  [MSVCR110.dll+0x13edc]
C  [MSVCR110.dll+0x239e]
C  [MSVCR110.dll+0xaf9e]
C  [MSVCP110.dll+0x39a7d]
C  [librdi_common.dll+0x183a66]
C  [librdi_common.dll+0x1826fb]
C  [librdi_target_manager.dll+0x2400]
C  [librdi_target_manager.dll+0x2682]
C  [ntdll.dll+0x15208]
C  [ntdll.dll+0x5b2aa]
C  [ntdll.dll+0x5b13a]
C  [KERNEL32.DLL+0x24d8a]
C  [MSVCR100.dll+0x20ccd]
V  [jvm.dll+0x210cc5]
V  [jvm.dll+0x249897]
V  [jvm.dll+0x248b36]
V  [jvm.dll+0x248fd1]
V  [jvm.dll+0x2491ee]
V  [jvm.dll+0x29a0fa]
C  [MSVCR100.dll+0x21d9f]
C  [MSVCR100.dll+0x21e3b]
C  [KERNEL32.DLL+0x18102]
C  [ntdll.dll+0x5c574]

VM_Operation (0x000000000014f4c0): Exit, mode: safepoint, requested by thread 0x000000000286e000


---------------  P R O C E S S  ---------------

Java Threads: ( => current thread )
  0x000000001baa2800 JavaThread "Thread-29" daemon [_thread_blocked, id=10928, stack(0x00000000284a0000,0x00000000285a0000)]
  0x00000000203f2000 JavaThread "TCF Channel Transmitter" daemon [_thread_blocked, id=11320, stack(0x00000000270a0000,0x00000000271a0000)]
  0x00000000203ef800 JavaThread "TCF Channel Receiver" daemon [_thread_in_native, id=8368, stack(0x0000000026fa0000,0x00000000270a0000)]
  0x00000000203e6800 JavaThread "Process monitor" daemon [_thread_in_native, id=8732, stack(0x00000000267a0000,0x00000000268a0000)]
  0x00000000203ed800 JavaThread "Input Stream Monitor" daemon [_thread_blocked, id=2484, stack(0x00000000266a0000,0x00000000267a0000)]
  0x00000000203e6000 JavaThread "Output Stream Monitor" daemon [_thread_in_native, id=12188, stack(0x00000000265a0000,0x00000000266a0000)]
  0x00000000203ec800 JavaThread "Output Stream Monitor" daemon [_thread_in_native, id=10936, stack(0x00000000264a0000,0x00000000265a0000)]
  0x00000000203eb000 JavaThread "TCF Locator DNS Lookup" daemon [_thread_blocked, id=10332, stack(0x0000000023180000,0x0000000023280000)]
  0x00000000203ec000 JavaThread "TCF Locator Timer" daemon [_thread_blocked, id=2500, stack(0x0000000023080000,0x0000000023180000)]
  0x00000000203e3800 JavaThread "TCF Locator Receiver" daemon [_thread_in_native, id=13040, stack(0x0000000022f80000,0x0000000023080000)]
  0x00000000203ea800 JavaThread "TCF Timer Dispatcher" daemon [_thread_blocked, id=11708, stack(0x0000000022800000,0x0000000022900000)]
  0x0000000017a87000 JavaThread "EMF Reference Cleaner" daemon [_thread_blocked, id=6048, stack(0x00000000193e0000,0x00000000194e0000)]
  0x00000000161b4000 JavaThread "Service Thread" daemon [_thread_blocked, id=10808, stack(0x0000000016a80000,0x0000000016b80000)]
  0x000000001611e000 JavaThread "C1 CompilerThread3" daemon [_thread_blocked, id=9768, stack(0x0000000016980000,0x0000000016a80000)]
  0x000000001610b000 JavaThread "C2 CompilerThread2" daemon [_thread_blocked, id=12404, stack(0x0000000016880000,0x0000000016980000)]
  0x0000000016109000 JavaThread "C2 CompilerThread1" daemon [_thread_blocked, id=4652, stack(0x0000000016780000,0x0000000016880000)]
  0x00000000160ba000 JavaThread "C2 CompilerThread0" daemon [_thread_blocked, id=11876, stack(0x0000000016680000,0x0000000016780000)]
  0x00000000160b9000 JavaThread "Attach Listener" daemon [_thread_blocked, id=11244, stack(0x0000000016580000,0x0000000016680000)]
  0x00000000160b8800 JavaThread "Signal Dispatcher" daemon [_thread_blocked, id=13196, stack(0x0000000016480000,0x0000000016580000)]
  0x00000000027aa000 JavaThread "Finalizer" daemon [_thread_blocked, id=7180, stack(0x0000000015f20000,0x0000000016020000)]
  0x000000001402d800 JavaThread "Reference Handler" daemon [_thread_blocked, id=4240, stack(0x0000000015e20000,0x0000000015f20000)]
  0x000000000286e000 JavaThread "main" [_thread_blocked, id=3916, stack(0x0000000000050000,0x0000000000150000)]

Other Threads:
=>0x0000000014029800 VMThread [stack: 0x0000000015d20000,0x0000000015e20000] [id=10528]

VM state:at safepoint (shutting down)

VM Mutex/Monitor currently owned by a thread:  ([mutex/lock_event])
[0x000000000286d960] Threads_lock - owner thread: 0x0000000014029800

Heap:
 PSYoungGen      total 126464K, used 108322K [0x00000000f5580000, 0x00000000fef80000, 0x0000000100000000)
  eden space 98304K, 93% used [0x00000000f5580000,0x00000000faf01f50,0x00000000fb580000)
  from space 28160K, 59% used [0x00000000fd400000,0x00000000fe446ae8,0x00000000fef80000)
  to   space 29696K, 0% used [0x00000000fb580000,0x00000000fb580000,0x00000000fd280000)
 ParOldGen       total 138240K, used 49638K [0x00000000e0000000, 0x00000000e8700000, 0x00000000f5580000)
  object space 138240K, 35% used [0x00000000e0000000,0x00000000e3079908,0x00000000e8700000)
 Metaspace       used 70880K, capacity 76518K, committed 76696K, reserved 1116160K
  class space    used 8797K, capacity 10598K, committed 10672K, reserved 1048576K

Card table byte_map: [0x0000000011c30000,0x0000000011d40000] byte_map_base: 0x0000000011530000

Marking Bits: (ParMarkBitMap*) 0x0000000072fba5b0
 Begin Bits: [0x0000000012540000, 0x0000000012d40000)
 End Bits:   [0x0000000012d40000, 0x0000000013540000)

Polling page: 0x00000000004e0000

CodeCache: size=245760Kb used=22598Kb max_used=22912Kb free=223161Kb
 bounds [0x0000000002870000, 0x0000000003f10000, 0x0000000011870000]
 total_blobs=6985 nmethods=6136 adapters=758
 compilation: enabled

Compilation events (10 events):
Event: 195.485 Thread 0x000000001611e000 7485  s!   3       org.eclipse.osgi.storage.bundlefile.ZipBundleFile::close (64 bytes)
Event: 195.485 Thread 0x000000001611e000 nmethod 7485 0x0000000003227b10 code [0x0000000003227ce0, 0x0000000003228678]
Event: 195.485 Thread 0x0000000016109000 nmethod 7484 0x0000000002bd2350 code [0x0000000002bd24a0, 0x0000000002bd2658]
Event: 195.485 Thread 0x000000001611e000 7487   !   3       java.util.zip.ZipFile::close (223 bytes)
Event: 195.486 Thread 0x000000001611e000 nmethod 7487 0x00000000032e2010 code [0x00000000032e2300, 0x00000000032e3d08]
Event: 195.487 Thread 0x000000001611e000 7495       3       java.util.concurrent.atomic.AtomicLong::get (5 bytes)
Event: 195.487 Thread 0x000000001611e000 nmethod 7495 0x000000000346b290 code [0x000000000346b3e0, 0x000000000346b530]
Event: 195.487 Thread 0x000000001611e000 7489       3       org.eclipse.osgi.container.Module::holdsTransitionEventLock (25 bytes)
Event: 195.488 Thread 0x000000001611e000 nmethod 7489 0x00000000030ee550 code [0x00000000030ee6e0, 0x00000000030eee08]
Event: 195.488 Thread 0x000000001611e000 7496       3       org.eclipse.osgi.internal.framework.EquinoxContainerAdaptor::invalidateWiring (186 bytes)

GC Heap History (10 events):
Event: 1.896 GC heap before
{Heap before GC invocations=7 (full 2):
 PSYoungGen      total 68096K, used 2554K [0x00000000f5580000, 0x00000000fd080000, 0x0000000100000000)
  eden space 65536K, 0% used [0x00000000f5580000,0x00000000f5580000,0x00000000f9580000)
  from space 2560K, 99% used [0x00000000f9580000,0x00000000f97fea10,0x00000000f9800000)
  to   space 20992K, 0% used [0x00000000fbc00000,0x00000000fbc00000,0x00000000fd080000)
 ParOldGen       total 60416K, used 38162K [0x00000000e0000000, 0x00000000e3b00000, 0x00000000f5580000)
  object space 60416K, 63% used [0x00000000e0000000,0x00000000e2544b68,0x00000000e3b00000)
 Metaspace       used 32723K, capacity 35392K, committed 35496K, reserved 1081344K
  class space    used 3830K, capacity 4634K, committed 4656K, reserved 1048576K
Event: 1.949 GC heap after
Heap after GC invocations=7 (full 2):
 PSYoungGen      total 68096K, used 0K [0x00000000f5580000, 0x00000000fd080000, 0x0000000100000000)
  eden space 65536K, 0% used [0x00000000f5580000,0x00000000f5580000,0x00000000f9580000)
  from space 2560K, 0% used [0x00000000f9580000,0x00000000f9580000,0x00000000f9800000)
  to   space 20992K, 0% used [0x00000000fbc00000,0x00000000fbc00000,0x00000000fd080000)
 ParOldGen       total 99328K, used 32889K [0x00000000e0000000, 0x00000000e6100000, 0x00000000f5580000)
  object space 99328K, 33% used [0x00000000e0000000,0x00000000e201e518,0x00000000e6100000)
 Metaspace       used 32723K, capacity 35392K, committed 35496K, reserved 1081344K
  class space    used 3830K, capacity 4634K, committed 4656K, reserved 1048576K
}
Event: 3.098 GC heap before
{Heap before GC invocations=8 (full 2):
 PSYoungGen      total 68096K, used 65536K [0x00000000f5580000, 0x00000000fd080000, 0x0000000100000000)
  eden space 65536K, 100% used [0x00000000f5580000,0x00000000f9580000,0x00000000f9580000)
  from space 2560K, 0% used [0x00000000f9580000,0x00000000f9580000,0x00000000f9800000)
  to   space 20992K, 0% used [0x00000000fbc00000,0x00000000fbc00000,0x00000000fd080000)
 ParOldGen       total 99328K, used 32889K [0x00000000e0000000, 0x00000000e6100000, 0x00000000f5580000)
  object space 99328K, 33% used [0x00000000e0000000,0x00000000e201e518,0x00000000e6100000)
 Metaspace       used 43970K, capacity 47336K, committed 47408K, reserved 1089536K
  class space    used 5282K, capacity 6432K, committed 6448K, reserved 1048576K
Event: 3.106 GC heap after
Heap after GC invocations=8 (full 2):
 PSYoungGen      total 101888K, used 18098K [0x00000000f5580000, 0x00000000fd400000, 0x0000000100000000)
  eden space 80896K, 0% used [0x00000000f5580000,0x00000000f5580000,0x00000000fa480000)
  from space 20992K, 86% used [0x00000000fbc00000,0x00000000fcdacb70,0x00000000fd080000)
  to   space 24064K, 0% used [0x00000000fa480000,0x00000000fa480000,0x00000000fbc00000)
 ParOldGen       total 99328K, used 32897K [0x00000000e0000000, 0x00000000e6100000, 0x00000000f5580000)
  object space 99328K, 33% used [0x00000000e0000000,0x00000000e2020518,0x00000000e6100000)
 Metaspace       used 43970K, capacity 47336K, committed 47408K, reserved 1089536K
  class space    used 5282K, capacity 6432K, committed 6448K, reserved 1048576K
}
Event: 3.986 GC heap before
{Heap before GC invocations=9 (full 2):
 PSYoungGen      total 101888K, used 85737K [0x00000000f5580000, 0x00000000fd400000, 0x0000000100000000)
  eden space 80896K, 83% used [0x00000000f5580000,0x00000000f978daf0,0x00000000fa480000)
  from space 20992K, 86% used [0x00000000fbc00000,0x00000000fcdacb70,0x00000000fd080000)
  to   space 24064K, 0% used [0x00000000fa480000,0x00000000fa480000,0x00000000fbc00000)
 ParOldGen       total 99328K, used 32897K [0x00000000e0000000, 0x00000000e6100000, 0x00000000f5580000)
  object space 99328K, 33% used [0x00000000e0000000,0x00000000e2020518,0x00000000e6100000)
 Metaspace       used 55150K, capacity 59110K, committed 59160K, reserved 1099776K
  class space    used 6719K, capacity 7977K, committed 7984K, reserved 1048576K
Event: 3.996 GC heap after
Heap after GC invocations=9 (full 2):
 PSYoungGen      total 104960K, used 24056K [0x00000000f5580000, 0x00000000ff180000, 0x0000000100000000)
  eden space 80896K, 0% used [0x00000000f5580000,0x00000000f5580000,0x00000000fa480000)
  from space 24064K, 99% used [0x00000000fa480000,0x00000000fbbfe2d0,0x00000000fbc00000)
  to   space 30208K, 0% used [0x00000000fd400000,0x00000000fd400000,0x00000000ff180000)
 ParOldGen       total 99328K, used 36174K [0x00000000e0000000, 0x00000000e6100000, 0x00000000f5580000)
  object space 99328K, 36% used [0x00000000e0000000,0x00000000e2353ab0,0x00000000e6100000)
 Metaspace       used 55150K, capacity 59110K, committed 59160K, reserved 1099776K
  class space    used 6719K, capacity 7977K, committed 7984K, reserved 1048576K
}
Event: 3.996 GC heap before
{Heap before GC invocations=10 (full 3):
 PSYoungGen      total 104960K, used 24056K [0x00000000f5580000, 0x00000000ff180000, 0x0000000100000000)
  eden space 80896K, 0% used [0x00000000f5580000,0x00000000f5580000,0x00000000fa480000)
  from space 24064K, 99% used [0x00000000fa480000,0x00000000fbbfe2d0,0x00000000fbc00000)
  to   space 30208K, 0% used [0x00000000fd400000,0x00000000fd400000,0x00000000ff180000)
 ParOldGen       total 99328K, used 36174K [0x00000000e0000000, 0x00000000e6100000, 0x00000000f5580000)
  object space 99328K, 36% used [0x00000000e0000000,0x00000000e2353ab0,0x00000000e6100000)
 Metaspace       used 55150K, capacity 59110K, committed 59160K, reserved 1099776K
  class space    used 6719K, capacity 7977K, committed 7984K, reserved 1048576K
Event: 4.132 GC heap after
Heap after GC invocations=10 (full 3):
 PSYoungGen      total 104960K, used 0K [0x00000000f5580000, 0x00000000ff180000, 0x0000000100000000)
  eden space 80896K, 0% used [0x00000000f5580000,0x00000000f5580000,0x00000000fa480000)
  from space 24064K, 0% used [0x00000000fa480000,0x00000000fa480000,0x00000000fbc00000)
  to   space 30208K, 0% used [0x00000000fd400000,0x00000000fd400000,0x00000000ff180000)
 ParOldGen       total 138240K, used 49557K [0x00000000e0000000, 0x00000000e8700000, 0x00000000f5580000)
  object space 138240K, 35% used [0x00000000e0000000,0x00000000e3065690,0x00000000e8700000)
 Metaspace       used 55150K, capacity 59110K, committed 59160K, reserved 1099776K
  class space    used 6719K, capacity 7977K, committed 7984K, reserved 1048576K
}
Event: 4.537 GC heap before
{Heap before GC invocations=11 (full 3):
 PSYoungGen      total 104960K, used 80896K [0x00000000f5580000, 0x00000000ff180000, 0x0000000100000000)
  eden space 80896K, 100% used [0x00000000f5580000,0x00000000fa480000,0x00000000fa480000)
  from space 24064K, 0% used [0x00000000fa480000,0x00000000fa480000,0x00000000fbc00000)
  to   space 30208K, 0% used [0x00000000fd400000,0x00000000fd400000,0x00000000ff180000)
 ParOldGen       total 138240K, used 49630K [0x00000000e0000000, 0x00000000e8700000, 0x00000000f5580000)
  object space 138240K, 35% used [0x00000000e0000000,0x00000000e3077908,0x00000000e8700000)
 Metaspace       used 62169K, capacity 66926K, committed 67224K, reserved 1107968K
  class space    used 7705K, capacity 9057K, committed 9136K, reserved 1048576K
Event: 4.545 GC heap after
Heap after GC invocations=11 (full 3):
 PSYoungGen      total 126464K, used 16666K [0x00000000f5580000, 0x00000000fef80000, 0x0000000100000000)
  eden space 98304K, 0% used [0x00000000f5580000,0x00000000f5580000,0x00000000fb580000)
  from space 28160K, 59% used [0x00000000fd400000,0x00000000fe446ae8,0x00000000fef80000)
  to   space 29696K, 0% used [0x00000000fb580000,0x00000000fb580000,0x00000000fd280000)
 ParOldGen       total 138240K, used 49638K [0x00000000e0000000, 0x00000000e8700000, 0x00000000f5580000)
  object space 138240K, 35% used [0x00000000e0000000,0x00000000e3079908,0x00000000e8700000)
 Metaspace       used 62169K, capacity 66926K, committed 67224K, reserved 1107968K
  class space    used 7705K, capacity 9057K, committed 9136K, reserved 1048576K
}

Deoptimization events (10 events):
Event: 195.361 Thread 0x000000000286e000 Uncommon trap: reason=bimorphic action=maybe_recompile pc=0x00000000036ec888 method=org.eclipse.emf.common.util.BasicEMap.get(Ljava/lang/Object;)Ljava/lang/Object; @ 8
Event: 195.361 Thread 0x000000000286e000 Uncommon trap: reason=bimorphic action=maybe_recompile pc=0x00000000036ec888 method=org.eclipse.emf.common.util.BasicEMap.get(Ljava/lang/Object;)Ljava/lang/Object; @ 8
Event: 195.361 Thread 0x000000000286e000 Uncommon trap: reason=bimorphic action=maybe_recompile pc=0x00000000036ec888 method=org.eclipse.emf.common.util.BasicEMap.get(Ljava/lang/Object;)Ljava/lang/Object; @ 8
Event: 195.407 Thread 0x0000000017a40000 Uncommon trap: reason=unstable_if action=reinterpret pc=0x0000000003d06908 method=org.eclipse.e4.ui.internal.workbench.swt.E4Application$1.syncExec(Ljava/lang/Runnable;)V @ 14
Event: 195.416 Thread 0x000000001baa4000 Uncommon trap: reason=unstable_if action=reinterpret pc=0x0000000003d92d14 method=org.eclipse.equinox.internal.event.EventHandlerTracker.getHandlers(Ljava/lang/String;)Ljava/util/Set; @ 28
Event: 195.417 Thread 0x000000001baa4000 Uncommon trap: reason=class_check action=maybe_recompile pc=0x0000000003e66d00 method=org.eclipse.e4.core.internal.contexts.TrackableComputationExt.update(Lorg/eclipse/e4/core/internal/contexts/ContextChangeEvent;)Z @ 62
Event: 195.417 Thread 0x000000001baa4000 Uncommon trap: reason=class_check action=maybe_recompile pc=0x0000000003e66d00 method=org.eclipse.e4.core.internal.contexts.TrackableComputationExt.update(Lorg/eclipse/e4/core/internal/contexts/ContextChangeEvent;)Z @ 62
Event: 195.435 Thread 0x000000001baa9000 Uncommon trap: reason=unstable_if action=reinterpret pc=0x000000000387beb0 method=java.lang.Character.isSurrogate(C)Z @ 3
Event: 195.453 Thread 0x000000001baa4000 Uncommon trap: reason=unstable_if action=reinterpret pc=0x0000000002c8267c method=org.eclipse.osgi.internal.hooks.EclipseLazyStarter.shouldActivateFor(Ljava/lang/String;Lorg/eclipse/osgi/container/Module;Lorg/eclipse/osgi/container/ModuleRevision;Lorg/ecli·ÅÉþính@
Event: 195.467 Thread 0x000000001baa4000 Uncommon trap: reason=class_check action=maybe_recompile pc=0x00000000031f6280 method=java.util.Hashtable.put(Ljava/lang/Object;Ljava/lang/Object;)Ljava/lang/Object; @ 60

Internal exceptions (10 events):
Event: 195.403 Thread 0x000000000286e000 Exception <a 'java/io/FileNotFoundException'> (0x00000000fa469c38) thrown at [C:\re\workspace\8-2-build-windows-amd64-cygwin\jdk8u66\5298\hotspot\src\share\vm\prims\jni.cpp, line 709]
Event: 195.403 Thread 0x000000000286e000 Exception <a 'java/io/FileNotFoundException'> (0x00000000fa46b8e8) thrown at [C:\re\workspace\8-2-build-windows-amd64-cygwin\jdk8u66\5298\hotspot\src\share\vm\prims\jni.cpp, line 709]
Event: 195.403 Thread 0x000000000286e000 Exception <a 'java/io/FileNotFoundException'> (0x00000000fa46d550) thrown at [C:\re\workspace\8-2-build-windows-amd64-cygwin\jdk8u66\5298\hotspot\src\share\vm\prims\jni.cpp, line 709]
Event: 195.403 Thread 0x000000000286e000 Exception <a 'java/io/FileNotFoundException'> (0x00000000fa46f1c8) thrown at [C:\re\workspace\8-2-build-windows-amd64-cygwin\jdk8u66\5298\hotspot\src\share\vm\prims\jni.cpp, line 709]
Event: 195.403 Thread 0x000000000286e000 Exception <a 'java/io/FileNotFoundException'> (0x00000000fa470f78) thrown at [C:\re\workspace\8-2-build-windows-amd64-cygwin\jdk8u66\5298\hotspot\src\share\vm\prims\jni.cpp, line 709]
Event: 195.433 Thread 0x000000001baa6000 Exception <a 'java/lang/InterruptedException'> (0x00000000fa8b1ea8) thrown at [C:\re\workspace\8-2-build-windows-amd64-cygwin\jdk8u66\5298\hotspot\src\share\vm\runtime\objectMonitor.cpp, line 1683]
Event: 195.474 Thread 0x0000000017a40000 Exception <a 'java/lang/InterruptedException'> (0x00000000f70d5258) thrown at [C:\re\workspace\8-2-build-windows-amd64-cygwin\jdk8u66\5298\hotspot\src\share\vm\runtime\objectMonitor.cpp, line 1683]
Event: 195.484 Thread 0x00000000170bd000 Exception <a 'java/lang/InterruptedException'> (0x00000000fabfbbf0) thrown at [C:\re\workspace\8-2-build-windows-amd64-cygwin\jdk8u66\5298\hotspot\src\share\vm\runtime\objectMonitor.cpp, line 1683]
Event: 195.485 Thread 0x0000000017a3d000 Exception <a 'java/lang/InterruptedException'> (0x00000000f5713b78) thrown at [C:\re\workspace\8-2-build-windows-amd64-cygwin\jdk8u66\5298\hotspot\src\share\vm\runtime\objectMonitor.cpp, line 1683]
Event: 195.485 Thread 0x00000000175e5800 Exception <a 'java/lang/InterruptedException'> (0x00000000fae41808) thrown at [C:\re\workspace\8-2-build-windows-amd64-cygwin\jdk8u66\5298\hotspot\src\share\vm\runtime\objectMonitor.cpp, line 1683]

Events (10 events):
Event: 195.487 Thread 0x000000001611e000 flushing nmethod 0x000000000397ce90
Event: 195.487 Thread 0x000000001baa4000 Thread exited: 0x000000001baa4000
Event: 195.487 loading class java/util/IdentityHashMap$KeyIterator
Event: 195.487 loading class java/util/IdentityHashMap$IdentityHashMapIterator
Event: 195.487 loading class java/util/IdentityHashMap$IdentityHashMapIterator done
Event: 195.488 loading class java/util/IdentityHashMap$KeyIterator done
Event: 195.488 Thread 0x000000001baa4800 Thread added: 0x000000001baa4800
Event: 195.488 Thread 0x000000001611e000 flushing nmethod 0x0000000003b0b290
Event: 195.488 Thread 0x000000001baa4800 Thread exited: 0x000000001baa4800
Event: 195.488 Executing VM operation: Exit


Dynamic libraries:
0x0000000000400000 - 0x000000000044f000 	D:\Xilinx\SDK\2016.4\eclipse\win64.o\eclipse.exe
0x00007ffe8c360000 - 0x00007ffe8c521000 	C:\Windows\SYSTEM32\ntdll.dll
0x00007ffe8b1b0000 - 0x00007ffe8b25d000 	C:\Windows\system32\KERNEL32.DLL
0x00007ffe893b0000 - 0x00007ffe89598000 	C:\Windows\system32\KERNELBASE.dll
0x00007ffe8bf10000 - 0x00007ffe8c066000 	C:\Windows\system32\USER32.dll
0x00007ffe8b370000 - 0x00007ffe8b4f6000 	C:\Windows\system32\GDI32.dll
0x00007ffe8b270000 - 0x00007ffe8b30d000 	C:\Windows\system32\msvcrt.dll
0x00007ffe79b20000 - 0x00007ffe79d94000 	C:\Windows\WinSxS\amd64_microsoft.windows.common-controls_6595b64144ccf1df_6.0.10586.0_none_8c15ae12515e1c22\COMCTL32.dll
0x00007ffe8c0e0000 - 0x00007ffe8c35d000 	C:\Windows\system32\combase.dll
0x00007ffe898a0000 - 0x00007ffe899bc000 	C:\Windows\system32\RPCRT4.dll
0x00007ffe89120000 - 0x00007ffe8918a000 	C:\Windows\system32\bcryptPrimitives.dll
0x00007ffe8bdc0000 - 0x00007ffe8bdfb000 	C:\Windows\system32\IMM32.DLL
0x0000000072000000 - 0x0000000072012000 	D:\Xilinx\SDK\2016.4\eclipse\win64.o\plugins\org.eclipse.equinox.launcher.win32.win32.x86_64_1.1.300.v20150602-1417\eclipse_1611.dll
0x00007ffe8af40000 - 0x00007ffe8afe7000 	C:\Windows\system32\ADVAPI32.dll
0x00007ffe8bd60000 - 0x00007ffe8bdbb000 	C:\Windows\system32\sechost.dll
0x00007ffe837c0000 - 0x00007ffe837ca000 	C:\Windows\SYSTEM32\VERSION.dll
0x00007ffe873b0000 - 0x00007ffe87446000 	C:\Windows\system32\uxtheme.dll
0x00007ffe8b500000 - 0x00007ffe8b65a000 	C:\Windows\system32\MSCTF.dll
0x00000000727b0000 - 0x0000000073039000 	D:\Xilinx\SDK\2016.4\tps\win64\jre\bin\server\jvm.dll
0x00007ffe8b260000 - 0x00007ffe8b268000 	C:\Windows\system32\PSAPI.DLL
0x00007ffe7e550000 - 0x00007ffe7e559000 	C:\Windows\SYSTEM32\WSOCK32.dll
0x00007ffe87110000 - 0x00007ffe87133000 	C:\Windows\SYSTEM32\WINMM.dll
0x0000000076270000 - 0x0000000076342000 	C:\Windows\SYSTEM32\MSVCR100.dll
0x00007ffe8aff0000 - 0x00007ffe8b05b000 	C:\Windows\system32\WS2_32.dll
0x00000000004b0000 - 0x00000000004dc000 	C:\Windows\SYSTEM32\WINMMBASE.dll
0x00007ffe89360000 - 0x00007ffe893a3000 	C:\Windows\system32\cfgmgr32.dll
0x0000000073250000 - 0x000000007325f000 	D:\Xilinx\SDK\2016.4\tps\win64\jre\bin\verify.dll
0x0000000073220000 - 0x0000000073249000 	D:\Xilinx\SDK\2016.4\tps\win64\jre\bin\java.dll
0x0000000073200000 - 0x0000000073216000 	D:\Xilinx\SDK\2016.4\tps\win64\jre\bin\zip.dll
0x00007ffe899e0000 - 0x00007ffe8af3c000 	C:\Windows\system32\SHELL32.dll
0x00007ffe88a10000 - 0x00007ffe89055000 	C:\Windows\system32\windows.storage.dll
0x00007ffe8b810000 - 0x00007ffe8b862000 	C:\Windows\system32\shlwapi.dll
0x00007ffe88a00000 - 0x00007ffe88a0f000 	C:\Windows\system32\kernel.appcore.dll
0x00007ffe89060000 - 0x00007ffe89115000 	C:\Windows\system32\shcore.dll
0x00007ffe88980000 - 0x00007ffe889cb000 	C:\Windows\system32\powrprof.dll
0x00007ffe889d0000 - 0x00007ffe889e4000 	C:\Windows\system32\profapi.dll
0x00007ffe88330000 - 0x00007ffe88347000 	C:\Windows\SYSTEM32\CRYPTSP.dll
0x00007ffe87f60000 - 0x00007ffe87f94000 	C:\Windows\system32\rsaenh.dll
0x00007ffe88550000 - 0x00007ffe88579000 	C:\Windows\SYSTEM32\bcrypt.dll
0x00007ffe88110000 - 0x00007ffe8812f000 	C:\Windows\SYSTEM32\USERENV.dll
0x00007ffe88450000 - 0x00007ffe8845b000 	C:\Windows\SYSTEM32\CRYPTBASE.dll
0x00000000731e0000 - 0x00000000731fa000 	D:\Xilinx\SDK\2016.4\tps\win64\jre\bin\net.dll
0x00007ffe88280000 - 0x00007ffe882dc000 	C:\Windows\system32\mswsock.dll
0x00007ffe84640000 - 0x00007ffe84678000 	C:\Windows\SYSTEM32\IPHLPAPI.DLL
0x00007ffe8b920000 - 0x00007ffe8b928000 	C:\Windows\system32\NSI.dll
0x00007ffe83e20000 - 0x00007ffe83e36000 	C:\Windows\SYSTEM32\dhcpcsvc6.DLL
0x00007ffe84180000 - 0x00007ffe8419a000 	C:\Windows\SYSTEM32\dhcpcsvc.DLL
0x00000000731c0000 - 0x00000000731d1000 	D:\Xilinx\SDK\2016.4\tps\win64\jre\bin\nio.dll
0x00007ffe7c320000 - 0x00007ffe7c336000 	C:\Windows\system32\napinsp.dll
0x00007ffe7c340000 - 0x00007ffe7c35a000 	C:\Windows\system32\pnrpnsp.dll
0x00007ffe85f60000 - 0x00007ffe85f78000 	C:\Windows\system32\NLAapi.dll
0x00007ffe872d0000 - 0x00007ffe8737a000 	C:\Windows\SYSTEM32\DNSAPI.dll
0x00007ffe7fbd0000 - 0x00007ffe7fbdd000 	C:\Windows\System32\winrnr.dll
0x0000000075f60000 - 0x0000000075f86000 	C:\Program Files\Bonjour\mdnsNSP.dll
0x00007ffe7cfc0000 - 0x00007ffe7cfca000 	C:\Windows\System32\rasadhlp.dll
0x00007ffe82f50000 - 0x00007ffe82fb7000 	C:\Windows\System32\fwpuclnt.dll
0x00000000185f0000 - 0x0000000018698000 	C:\Users\Administrator\.Xilinx\SDK\2016.4\org.eclipse.osgi\319\0\.cp\swt-win32-4527.dll
0x00007ffe8b060000 - 0x00007ffe8b1a3000 	C:\Windows\system32\ole32.dll
0x00007ffe89760000 - 0x00007ffe89821000 	C:\Windows\system32\OLEAUT32.dll
0x00007ffe8be00000 - 0x00007ffe8bf0b000 	C:\Windows\system32\comdlg32.dll
0x00007ffe896d0000 - 0x00007ffe89756000 	C:\Windows\system32\FirewallAPI.dll
0x00007ffe896b0000 - 0x00007ffe896c7000 	C:\Windows\system32\NETAPI32.dll
0x00007ffe89190000 - 0x00007ffe89357000 	C:\Windows\system32\CRYPT32.dll
0x00007ffe889f0000 - 0x00007ffe88a00000 	C:\Windows\system32\MSASN1.dll
0x00007ffe83450000 - 0x00007ffe834d4000 	C:\Windows\SYSTEM32\WINSPOOL.DRV
0x00007ffe719e0000 - 0x00007ffe719f8000 	C:\Windows\SYSTEM32\USP10.dll
0x00007ffe7d690000 - 0x00007ffe7d939000 	C:\Windows\SYSTEM32\WININET.dll
0x00007ffe87190000 - 0x00007ffe8719c000 	C:\Windows\SYSTEM32\DAVHLPR.DLL
0x00007ffe876d0000 - 0x00007ffe87702000 	C:\Windows\SYSTEM32\fwbase.dll
0x00007ffe86380000 - 0x00007ffe863a2000 	C:\Windows\system32\dwmapi.dll
0x00007ffe86930000 - 0x00007ffe86ab6000 	C:\Windows\SYSTEM32\propsys.dll
0x00007ffe8b870000 - 0x00007ffe8b917000 	C:\Windows\system32\clbcatq.dll
0x00000000192e0000 - 0x00000000192fe000 	C:\Users\Administrator\.Xilinx\SDK\2016.4\org.eclipse.osgi\319\0\.cp\swt-gdip-win32-4527.dll
0x00007ffe81d10000 - 0x00007ffe81eb8000 	C:\Windows\WinSxS\amd64_microsoft.windows.gdiplus_6595b64144ccf1df_1.1.10586.20_none_db007f1392e69ef4\gdiplus.dll
0x00007ffe85a30000 - 0x00007ffe85be1000 	C:\Windows\SYSTEM32\WindowsCodecs.dll
0x0000000180000000 - 0x0000000180012000 	C:\Users\Administrator\.Xilinx\SDK\2016.4\org.eclipse.osgi\133\0\.cp\os\win32\x86_64\localfile_1_0_0.dll
0x00007ffe834e0000 - 0x00007ffe8354a000 	C:\Windows\SYSTEM32\oleacc.dll
0x00007ffe87180000 - 0x00007ffe87187000 	C:\Windows\SYSTEM32\msimg32.dll
0x00007ffe70e20000 - 0x00007ffe70e31000 	C:\Users\Administrator\.Xilinx\SDK\2016.4\org.eclipse.osgi\136\0\.cp\jWinHttp-1.0.0.dll
0x00007ffe84c30000 - 0x00007ffe84cf8000 	C:\Windows\SYSTEM32\WINHTTP.dll
0x00007ffe817b0000 - 0x00007ffe817bf000 	D:\Xilinx\SDK\2016.4\lib\win64.o\librdi_repo_manager.dll
0x00007ffe6fbb0000 - 0x00007ffe6fbda000 	D:\Xilinx\SDK\2016.4\lib\win64.o\libisl_sysinfo.dll
0x00007ffe370c0000 - 0x00007ffe37b6a000 	D:\Xilinx\SDK\2016.4\lib\win64.o\librdi_common.dll
0x00007ffe6fb50000 - 0x00007ffe6fba3000 	D:\Xilinx\SDK\2016.4\lib\win64.o\librdi_commonxillic.dll
0x00007ffe38fa0000 - 0x00007ffe39198000 	D:\Xilinx\SDK\2016.4\lib\win64.o\librdi_hsm.dll
0x00007ffe70ab0000 - 0x00007ffe70b57000 	C:\Windows\SYSTEM32\MSVCP110.dll
0x00007ffe70c70000 - 0x00007ffe70d44000 	C:\Windows\SYSTEM32\MSVCR110.dll
0x00007ffe36d50000 - 0x00007ffe370be000 	D:\Xilinx\SDK\2016.4\lib\win64.o\libCOIN-all.dll
0x00007ffe36b30000 - 0x00007ffe36d4f000 	D:\Xilinx\SDK\2016.4\lib\win64.o\libXil_lmgr11.dll
0x00007ffe895a0000 - 0x00007ffe895f5000 	C:\Windows\system32\WINTRUST.dll
0x00007ffe6fb20000 - 0x00007ffe6fb44000 	D:\Xilinx\SDK\2016.4\lib\win64.o\libboost_filesystem.dll
0x00007ffe3c170000 - 0x00007ffe3c276000 	D:\Xilinx\SDK\2016.4\lib\win64.o\libboost_regex.dll
0x00007ffe6fb00000 - 0x00007ffe6fb13000 	D:\Xilinx\SDK\2016.4\lib\win64.o\libboost_signals.dll
0x00007ffe7f900000 - 0x00007ffe7f909000 	D:\Xilinx\SDK\2016.4\lib\win64.o\libboost_system.dll
0x00007ffe6fae0000 - 0x00007ffe6fafd000 	D:\Xilinx\SDK\2016.4\lib\win64.o\libboost_thread.dll
0x00007ffe7c0c0000 - 0x00007ffe7c0d0000 	D:\Xilinx\SDK\2016.4\lib\win64.o\libboost_date_time.dll
0x00007ffe7b670000 - 0x00007ffe7b67b000 	D:\Xilinx\SDK\2016.4\lib\win64.o\libboost_xilinx.dll
0x00007ffe3c430000 - 0x00007ffe3c4b0000 	D:\Xilinx\SDK\2016.4\lib\win64.o\libhdlpsolve.dll
0x00007ffe3c020000 - 0x00007ffe3c0ba000 	D:\Xilinx\SDK\2016.4\lib\win64.o\libhdxml.dll
0x00007ffe36760000 - 0x00007ffe36b29000 	D:\Xilinx\SDK\2016.4\lib\win64.o\libisl_iostreams.dll
0x00007ffe6f430000 - 0x00007ffe6f445000 	D:\Xilinx\SDK\2016.4\lib\win64.o\pthreadVC2.dll
0x00007ffe38f20000 - 0x00007ffe38f97000 	D:\Xilinx\SDK\2016.4\lib\win64.o\libboost_program_options.dll
0x00007ffe36630000 - 0x00007ffe36760000 	D:\Xilinx\SDK\2016.4\lib\win64.o\librdi_curl.dll
0x00007ffe6f410000 - 0x00007ffe6f428000 	D:\Xilinx\SDK\2016.4\lib\win64.o\librdiconfig.dll
0x00007ffe6bd50000 - 0x00007ffe6bd6f000 	D:\Xilinx\SDK\2016.4\lib\win64.o\librdizlib.dll
0x0000000072680000 - 0x00000000727a7000 	D:\Xilinx\SDK\2016.4\lib\win64.o\tcl85t.dll
0x00007ffe7e050000 - 0x00007ffe7e208000 	C:\Windows\SYSTEM32\urlmon.dll
0x00000000243c0000 - 0x0000000024623000 	D:\Xilinx\SDK\2016.4\lib\win64.o\xerces-c_3_1.dll
0x00007ffe75d20000 - 0x00007ffe75d40000 	D:\Xilinx\Vivado\2016.4\bin\VCOMP110.DLL
0x00007ffe3c2b0000 - 0x00007ffe3c2f3000 	D:\Xilinx\SDK\2016.4\lib\win64.o\librdi_hdf.dll
0x00007ffe36360000 - 0x00007ffe36628000 	D:\Xilinx\SDK\2016.4\lib\win64.o\librdi_ippcw.dll
0x00007ffe80a40000 - 0x00007ffe80dc3000 	C:\Windows\SYSTEM32\iertutil.dll
0x00007ffe7abf0000 - 0x00007ffe7abfb000 	D:\Xilinx\SDK\2016.4\lib\win64.o\libboost_chrono.dll
0x00007ffe3c000000 - 0x00007ffe3c016000 	D:\Xilinx\SDK\2016.4\lib\win64.o\libboost_iostreams.dll
0x00007ffe38ef0000 - 0x00007ffe38f13000 	D:\Xilinx\SDK\2016.4\lib\win64.o\libisl_iosutils.dll
0x00007ffe78240000 - 0x00007ffe7824a000 	D:\Xilinx\SDK\2016.4\lib\win64.o\librdi_jtag_settings.dll
0x00007ffe37d70000 - 0x00007ffe37d99000 	D:\Xilinx\SDK\2016.4\lib\win64.o\librdi_debug_dialog.dll
0x00007ffe77180000 - 0x00007ffe77188000 	D:\Xilinx\SDK\2016.4\lib\win64.o\librdi_target_manager.dll
0x00007ffe31f90000 - 0x00007ffe327a0000 	D:\Xilinx\SDK\2016.4\lib\win64.o\libXil_lmgr11FNP.dll
0x00007ffe8b930000 - 0x00007ffe8bd59000 	C:\Windows\system32\SETUPAPI.dll
0x00007ffe856d0000 - 0x00007ffe856dc000 	C:\Windows\SYSTEM32\snmpapi.dll
0x00007ffe88660000 - 0x00007ffe8868d000 	C:\Windows\SYSTEM32\SspiCli.dll
0x00000000006c0000 - 0x00000000006c3000 	C:\Windows\SYSTEM32\icmp.Dll
0x00007ffe84c20000 - 0x00007ffe84c2b000 	C:\Windows\SYSTEM32\WINNSI.DLL
0x00007ffe87380000 - 0x00007ffe873a7000 	C:\Windows\SYSTEM32\DEVOBJ.dll
0x00007ffe716b0000 - 0x00007ffe7183c000 	C:\Windows\SYSTEM32\dbghelp.dll

VM Arguments:
jvm_args: -Dcom.xilinx.sdk.args.hwspec=F:/miz701N/7010/s3/S03-CH07_AXI_VDMA_OV5640/Miz_sys/Miz_sys.sdk/system_wrapper.hdf -Xms64m -Xmx512m & 
java_command: <unknown>
java_class_path (initial): D:\Xilinx\SDK\2016.4\eclipse\win64.o\\plugins/org.eclipse.equinox.launcher_1.3.100.v20150511-1540.jar
Launcher Type: generic

Environment Variables:
PATH=D:/Xilinx/SDK/2016.4/tps/win64/jre/bin/server;D:/Xilinx/SDK/2016.4/tps/win64/jre/bin;D:/Xilinx/SDK/2016.4/tps/win64/jre/lib/amd64;D:\Xilinx\SDK\2016.4\gnuwin\bin;D:\Xilinx\SDK\2016.4\gnu\microblaze\nt\bin;D:\Xilinx\SDK\2016.4\gnu\microblaze\linux_toolchain\nt64_le\bin;D:\Xilinx\SDK\2016.4\gnu\microblaze\linux_toolchain\nt64_be\bin;D:\Xilinx\SDK\2016.4\gnu\arm\nt\bin;D:\Xilinx\SDK\2016.4\gnu\aarch64\nt\aarch64-none\bin;D:\Xilinx\SDK\2016.4\gnu\aarch64\nt\aarch64-linux\bin;D:\Xilinx\SDK\2016.4\gnu\armr5\nt\gcc-arm-none-eabi\bin;D:\Xilinx\SDK\2016.4\gnu\aarch32\nt\gcc-arm-none-eabi\bin;D:\Xilinx\SDK\2016.4\gnu\aarch32\nt\gcc-arm-linux-gnueabi\bin;D:\Xilinx\SDK\2016.4\tps\win64\cmake-3.3.2\bin;;D:\Xilinx\SDK\2016.4\bin;D:\Xilinx\SDK\2016.4\lib\win64.o;D:\Xilinx\SDK\2016.4\tps\win64\jre\bin\server;D:\Xilinx\SDK\2016.4\tps\win64\jre\bin;D:\Xilinx\Vivado\2016.4\ids_lite\ISE\bin\nt64;D:\Xilinx\Vivado\2016.4\ids_lite\ISE\lib\nt64;D:\Xilinx\Vivado\2016.4\bin;D:\Xilinx\Vivado\2016.4\lib\win64.o;D:\Xilinx\Vivado\2016.4\tps\win64\jre\bin\server;D:\Xilinx\Vivado\2016.4\tps\win64\jre\bin;D:\Xilinx\Vivado_HLS\2016.4\bin;C:\Windows\system32;C:\Windows;C:\Windows\System32\Wbem;C:\Windows\System32\WindowsPowerShell\v1.0\;C:\Program Files (x86)\Microsoft SQL Server\100\Tools\Binn\;C:\Program Files\Microsoft SQL Server\100\Tools\Binn\;C:\Program Files\Microsoft SQL Server\100\DTS\Binn\;d:\modeltech64_10.1c\win64;d:\modeltech64_10.4\win64;f:\miz701N\7010\s3\S03-CH07_AXI_VDMA_OV5640\Miz_sys;
USERNAME=Administrator
OS=Windows_NT
PROCESSOR_IDENTIFIER=Intel64 Family 6 Model 94 Stepping 3, GenuineIntel



---------------  S Y S T E M  ---------------

OS: Windows 10.0 , 64 bit Build 10586 (10.0.10586.0)

CPU:total 8 (4 cores per cpu, 2 threads per core) family 6 model 94 stepping 3, cmov, cx8, fxsr, mmx, sse, sse2, sse3, ssse3, sse4.1, sse4.2, popcnt, avx, avx2, aes, clmul, erms, rtm, 3dnowpref, lzcnt, ht, tsc, tscinvbit, bmi1, bmi2, adx

Memory: 4k page, physical 16654344k(10126888k free), swap 17702920k(8010232k free)

vm_info: Java HotSpot(TM) 64-Bit Server VM (25.66-b18) for windows-amd64 JRE (1.8.0_66-b18), built on Nov  9 2015 10:51:13 by "java_re" with MS VC++ 10.0 (VS2010)

time: Tue Jun 06 14:11:48 2017
elapsed time: 195 seconds (0d 0h 3m 15s)

