#
# A fatal error has been detected by the Java Runtime Environment:
#
#  Internal Error (0xc000000d), pid=15900, tid=12188
#
# JRE version: Java(TM) SE Runtime Environment (8.0_45-b15) (build 1.8.0_45-b15)
# Java VM: Java HotSpot(TM) 64-Bit Server VM (25.45-b02 mixed mode windows-amd64 compressed oops)
# Problematic frame:
# C  [ntdll.dll+0xff44c]
#
# Failed to write core dump. Minidumps are not enabled by default on client versions of Windows
#
# If you would like to submit a bug report, please visit:
#   http://bugreport.java.com/bugreport/crash.jsp
#

---------------  T H R E A D  ---------------

Current thread (0x0000000014109800):  VMThread [stack: 0x0000000015e20000,0x0000000015f20000] [id=12188]

siginfo: ExceptionCode=0xc000000d

Registers:
RAX=0x0000000000000000, RBX=0xfffffffffffffffe, RCX=0x0000000000000000, RDX=0x000000001f2b4230
RSP=0x0000000015f1f270, RBP=0x00007fff513c7408, RSI=0x0000000000000000, RDI=0x0000000000000134
R8 =0x000000001f2b4278, R9 =0x000000000014f6c8, R10=0x00007fff711d7c1f, R11=0x0000100000000082
R12=0x000000001d4e1010, R13=0x000000001d443b70, R14=0x000000001d4e1118, R15=0x0000000015f1f3e8
RIP=0x00007fff712cf44c, EFLAGS=0x0000000000000202

Top of Stack: (sp=0x0000000015f1f270)
0x0000000015f1f270:   0000000000000057 fffffffffffffffe
0x0000000015f1f280:   0000000000000000 0000000000000134
0x0000000015f1f290:   00000000c000000d 0000000000000000
0x0000000015f1f2a0:   00007fff712cf44c 0000000000000000
0x0000000015f1f2b0:   0000000000000000 0000000000000000
0x0000000015f1f2c0:   0000000000000000 0000000000000000
0x0000000015f1f2d0:   0000000000000000 0000000000000000
0x0000000015f1f2e0:   0000000000000000 0000000000000000
0x0000000015f1f2f0:   0000000000000000 0000000000000000
0x0000000015f1f300:   0000000000000000 0000000000000000
0x0000000015f1f310:   0000000000000000 0000000000000000
0x0000000015f1f320:   0000000000000000 0000000000000000
0x0000000015f1f330:   0000d1d4652a5f38 0000000000000000
0x0000000015f1f340:   0000000000000000 00007fff7129150d
0x0000000015f1f350:   0000000000000000 0000000000000000
0x0000000015f1f360:   0000000000000000 0000000000000000 

Instructions: (pc=0x00007fff712cf44c)
0x00007fff712cf42c:   d5 fa ff c7 44 24 20 0d 00 00 c0 b9 57 00 00 00
0x00007fff712cf43c:   e8 7f 13 f6 ff 90 48 8d 4c 24 20 e8 04 bf f4 ff
0x00007fff712cf44c:   eb 00 48 8b 8c 24 c0 00 00 00 48 33 cc e8 82 74
0x00007fff712cf45c:   f9 ff 48 81 c4 d8 00 00 00 c3 40 55 48 83 ec 20 


Register to memory mapping:

RAX=0x0000000000000000 is an unknown value
RBX=0xfffffffffffffffe is an unknown value
RCX=0x0000000000000000 is an unknown value
RDX=0x000000001f2b4230 is an unknown value
RSP=0x0000000015f1f270 is an unknown value
RBP=0x00007fff513c7408 is an unknown value
RSI=0x0000000000000000 is an unknown value
RDI=0x0000000000000134 is an unknown value
R8 =0x000000001f2b4278 is an unknown value
R9 =0x000000000014f6c8 is pointing into the stack for thread: 0x00000000026fe000
R10=0x00007fff711d7c1f is an unknown value
R11=0x0000100000000082 is an unknown value
R12=0x000000001d4e1010 is an unknown value
R13=0x000000001d443b70 is an unknown value
R14=0x000000001d4e1118 is an unknown value
R15=0x0000000015f1f3e8 is an unknown value


Stack: [0x0000000015e20000,0x0000000015f20000],  sp=0x0000000015f1f270,  free space=1020k
Native frames: (J=compiled Java code, j=interpreted, Vv=VM code, C=native code)
C  [ntdll.dll+0xff44c]
C  [ntdll.dll+0xc150d]
C  [KERNEL32.DLL+0x1fbba]
C  [MSVCR110.dll+0x752d]
C  [MSVCR110.dll+0x73c6]
C  [MSVCR110.dll+0x14cca]
C  [MSVCR110.dll+0x13edc]
C  [MSVCR110.dll+0x239e]
C  [MSVCR110.dll+0xaf9e]
C  [MSVCP110.dll+0x397b9]
C  [librdi_common.dll+0x14283e]
C  [librdi_common.dll+0x141449]
C  0x00007fff5df82400
C  0x00007fff5df82682
C  [ntdll.dll+0x2a35f]
C  [ntdll.dll+0x806b]
C  [ntdll.dll+0x7d94]
C  [KERNEL32.DLL+0x1ce6a]
C  [MSVCR100.dll+0x20ccd]
V  [jvm.dll+0x20f135]
V  [jvm.dll+0x247ef7]
V  [jvm.dll+0x247196]
V  [jvm.dll+0x247631]
V  [jvm.dll+0x24784e]
V  [jvm.dll+0x29853a]
C  [MSVCR100.dll+0x21d9f]
C  [MSVCR100.dll+0x21e3b]
C  [KERNEL32.DLL+0x8364]
C  [ntdll.dll+0x670d1]

VM_Operation (0x000000000014f500): Exit, mode: safepoint, requested by thread 0x00000000026fe000


---------------  P R O C E S S  ---------------

Java Threads: ( => current thread )
  0x000000001a7f3000 JavaThread "Thread-19" daemon [_thread_blocked, id=17060, stack(0x0000000028e70000,0x0000000028f70000)]
  0x000000001b395800 JavaThread "TCF Locator DNS Lookup" daemon [_thread_blocked, id=5728, stack(0x0000000023650000,0x0000000023750000)]
  0x000000001b390000 JavaThread "TCF Locator Timer" daemon [_thread_blocked, id=15692, stack(0x0000000023550000,0x0000000023650000)]
  0x000000001b392800 JavaThread "TCF Locator Receiver" daemon [_thread_in_native, id=15868, stack(0x0000000023450000,0x0000000023550000)]
  0x000000001b395000 JavaThread "TCF Timer Dispatcher" daemon [_thread_blocked, id=16000, stack(0x0000000023250000,0x0000000023350000)]
  0x000000001a933800 JavaThread "EMF Reference Cleaner" daemon [_thread_blocked, id=13068, stack(0x000000001bf30000,0x000000001c030000)]
  0x0000000016257800 JavaThread "Service Thread" daemon [_thread_blocked, id=11040, stack(0x0000000016b20000,0x0000000016c20000)]
  0x00000000161b5000 JavaThread "C1 CompilerThread3" daemon [_thread_blocked, id=9228, stack(0x0000000016a20000,0x0000000016b20000)]
  0x00000000161ad000 JavaThread "C2 CompilerThread2" daemon [_thread_blocked, id=6796, stack(0x0000000016920000,0x0000000016a20000)]
  0x00000000161ab000 JavaThread "C2 CompilerThread1" daemon [_thread_blocked, id=12196, stack(0x0000000016820000,0x0000000016920000)]
  0x00000000161a9000 JavaThread "C2 CompilerThread0" daemon [_thread_blocked, id=10328, stack(0x0000000016720000,0x0000000016820000)]
  0x00000000161a8800 JavaThread "Attach Listener" daemon [_thread_blocked, id=3992, stack(0x0000000016620000,0x0000000016720000)]
  0x000000001615a000 JavaThread "Signal Dispatcher" daemon [_thread_blocked, id=5184, stack(0x0000000016520000,0x0000000016620000)]
  0x000000000289a800 JavaThread "Finalizer" daemon [_thread_blocked, id=11116, stack(0x0000000016020000,0x0000000016120000)]
  0x0000000002894000 JavaThread "Reference Handler" daemon [_thread_blocked, id=4436, stack(0x0000000015f20000,0x0000000016020000)]
  0x00000000026fe000 JavaThread "main" [_thread_blocked, id=9616, stack(0x0000000000050000,0x0000000000150000)]

Other Threads:
=>0x0000000014109800 VMThread [stack: 0x0000000015e20000,0x0000000015f20000] [id=12188]

VM state:at safepoint (shutting down)

VM Mutex/Monitor currently owned by a thread:  ([mutex/lock_event])
[0x00000000026fcd60] Threads_lock - owner thread: 0x0000000014109800

Heap:
 PSYoungGen      total 99840K, used 92636K [0x00000000f5580000, 0x00000000fde80000, 0x0000000100000000)
  eden space 74240K, 94% used [0x00000000f5580000,0x00000000f9a5a370,0x00000000f9e00000)
  from space 25600K, 86% used [0x00000000f9e00000,0x00000000fb39cf68,0x00000000fb700000)
  to   space 27648K, 0% used [0x00000000fc380000,0x00000000fc380000,0x00000000fde80000)
 ParOldGen       total 107008K, used 34766K [0x00000000e0000000, 0x00000000e6880000, 0x00000000f5580000)
  object space 107008K, 32% used [0x00000000e0000000,0x00000000e21f3b68,0x00000000e6880000)
 Metaspace       used 76857K, capacity 83132K, committed 83328K, reserved 1120256K
  class space    used 9629K, capacity 11589K, committed 11648K, reserved 1048576K

Card table byte_map: [0x0000000011c60000,0x0000000011d70000] byte_map_base: 0x0000000011560000

Marking Bits: (ParMarkBitMap*) 0x00000000570d4040
 Begin Bits: [0x0000000012620000, 0x0000000012e20000)
 End Bits:   [0x0000000012e20000, 0x0000000013620000)

Polling page: 0x00000000005c0000

CodeCache: size=245760Kb used=24201Kb max_used=24763Kb free=221558Kb
 bounds [0x00000000028a0000, 0x0000000004100000, 0x00000000118a0000]
 total_blobs=7681 nmethods=6831 adapters=757
 compilation: enabled

Compilation events (10 events):
Event: 50.437 Thread 0x00000000161ab000 nmethod 8366 0x0000000002d06d90 code [0x0000000002d07140, 0x0000000002d0a500]
Event: 50.438 Thread 0x00000000161b5000 8395       3       java.io.File::list (33 bytes)
Event: 50.439 Thread 0x00000000161b5000 nmethod 8395 0x0000000002f445d0 code [0x0000000002f447a0, 0x0000000002f44ee8]
Event: 50.442 Thread 0x00000000161ad000 nmethod 8393 0x0000000002a18f10 code [0x0000000002a190a0, 0x0000000002a198b8]
Event: 50.455 Thread 0x00000000161b5000 8396   !   3       org.eclipse.osgi.internal.baseadaptor.BaseStorage::compact (215 bytes)
Event: 50.457 Thread 0x00000000161b5000 nmethod 8396 0x0000000003db5b50 code [0x0000000003db5fa0, 0x0000000003db8468]
Event: 50.483 Thread 0x00000000161a9000 8397       4       java.io.File::<init> (113 bytes)
Event: 50.485 Thread 0x00000000161a9000 nmethod 8397 0x0000000002caa4d0 code [0x0000000002caa640, 0x0000000002caa9f8]
Event: 50.563 Thread 0x00000000161b5000 8398       3       org.eclipse.osgi.framework.internal.core.AbstractBundle::close (52 bytes)
Event: 50.563 Thread 0x00000000161b5000 nmethod 8398 0x0000000003c0d8d0 code [0x0000000003c0db00, 0x0000000003c0e808]

GC Heap History (10 events):
Event: 3.599 GC heap before
{Heap before GC invocations=12 (full 2):
 PSYoungGen      total 71680K, used 22535K [0x00000000f5580000, 0x00000000fbe80000, 0x0000000100000000)
  eden space 55296K, 11% used [0x00000000f5580000,0x00000000f5b82358,0x00000000f8b80000)
  from space 16384K, 99% used [0x00000000f8b80000,0x00000000f9b7f9c8,0x00000000f9b80000)
  to   space 20992K, 0% used [0x00000000faa00000,0x00000000faa00000,0x00000000fbe80000)
 ParOldGen       total 80896K, used 31761K [0x00000000e0000000, 0x00000000e4f00000, 0x00000000f5580000)
  object space 80896K, 39% used [0x00000000e0000000,0x00000000e1f04400,0x00000000e4f00000)
 Metaspace       used 54418K, capacity 59072K, committed 59160K, reserved 1099776K
  class space    used 6633K, capacity 8046K, committed 8064K, reserved 1048576K
Event: 3.605 GC heap after
Heap after GC invocations=12 (full 2):
 PSYoungGen      total 86016K, used 13934K [0x00000000f5580000, 0x00000000fc400000, 0x0000000100000000)
  eden space 65024K, 0% used [0x00000000f5580000,0x00000000f5580000,0x00000000f9500000)
  from space 20992K, 66% used [0x00000000faa00000,0x00000000fb79b820,0x00000000fbe80000)
  to   space 21504K, 0% used [0x00000000f9500000,0x00000000f9500000,0x00000000faa00000)
 ParOldGen       total 80896K, used 31769K [0x00000000e0000000, 0x00000000e4f00000, 0x00000000f5580000)
  object space 80896K, 39% used [0x00000000e0000000,0x00000000e1f06400,0x00000000e4f00000)
 Metaspace       used 54418K, capacity 59072K, committed 59160K, reserved 1099776K
  class space    used 6633K, capacity 8046K, committed 8064K, reserved 1048576K
}
Event: 3.605 GC heap before
{Heap before GC invocations=13 (full 3):
 PSYoungGen      total 86016K, used 13934K [0x00000000f5580000, 0x00000000fc400000, 0x0000000100000000)
  eden space 65024K, 0% used [0x00000000f5580000,0x00000000f5580000,0x00000000f9500000)
  from space 20992K, 66% used [0x00000000faa00000,0x00000000fb79b820,0x00000000fbe80000)
  to   space 21504K, 0% used [0x00000000f9500000,0x00000000f9500000,0x00000000faa00000)
 ParOldGen       total 80896K, used 31769K [0x00000000e0000000, 0x00000000e4f00000, 0x00000000f5580000)
  object space 80896K, 39% used [0x00000000e0000000,0x00000000e1f06400,0x00000000e4f00000)
 Metaspace       used 54418K, capacity 59072K, committed 59160K, reserved 1099776K
  class space    used 6633K, capacity 8046K, committed 8064K, reserved 1048576K
Event: 3.727 GC heap after
Heap after GC invocations=13 (full 3):
 PSYoungGen      total 86016K, used 0K [0x00000000f5580000, 0x00000000fc400000, 0x0000000100000000)
  eden space 65024K, 0% used [0x00000000f5580000,0x00000000f5580000,0x00000000f9500000)
  from space 20992K, 0% used [0x00000000faa00000,0x00000000faa00000,0x00000000fbe80000)
  to   space 21504K, 0% used [0x00000000f9500000,0x00000000f9500000,0x00000000faa00000)
 ParOldGen       total 107008K, used 34726K [0x00000000e0000000, 0x00000000e6880000, 0x00000000f5580000)
  object space 107008K, 32% used [0x00000000e0000000,0x00000000e21e9a68,0x00000000e6880000)
 Metaspace       used 54418K, capacity 59072K, committed 59160K, reserved 1099776K
  class space    used 6633K, capacity 8046K, committed 8064K, reserved 1048576K
}
Event: 4.673 GC heap before
{Heap before GC invocations=14 (full 3):
 PSYoungGen      total 86016K, used 65024K [0x00000000f5580000, 0x00000000fc400000, 0x0000000100000000)
  eden space 65024K, 100% used [0x00000000f5580000,0x00000000f9500000,0x00000000f9500000)
  from space 20992K, 0% used [0x00000000faa00000,0x00000000faa00000,0x00000000fbe80000)
  to   space 21504K, 0% used [0x00000000f9500000,0x00000000f9500000,0x00000000faa00000)
 ParOldGen       total 107008K, used 34738K [0x00000000e0000000, 0x00000000e6880000, 0x00000000f5580000)
  object space 107008K, 32% used [0x00000000e0000000,0x00000000e21eca78,0x00000000e6880000)
 Metaspace       used 63835K, capacity 69294K, committed 69632K, reserved 1110016K
  class space    used 8034K, capacity 9636K, committed 9728K, reserved 1048576K
Event: 4.680 GC heap after
Heap after GC invocations=14 (full 3):
 PSYoungGen      total 86528K, used 18095K [0x00000000f5580000, 0x00000000fcd80000, 0x0000000100000000)
  eden space 65024K, 0% used [0x00000000f5580000,0x00000000f5580000,0x00000000f9500000)
  from space 21504K, 84% used [0x00000000f9500000,0x00000000fa6abef8,0x00000000faa00000)
  to   space 23040K, 0% used [0x00000000fb700000,0x00000000fb700000,0x00000000fcd80000)
 ParOldGen       total 107008K, used 34746K [0x00000000e0000000, 0x00000000e6880000, 0x00000000f5580000)
  object space 107008K, 32% used [0x00000000e0000000,0x00000000e21eea78,0x00000000e6880000)
 Metaspace       used 63835K, capacity 69294K, committed 69632K, reserved 1110016K
  class space    used 8034K, capacity 9636K, committed 9728K, reserved 1048576K
}
Event: 5.123 GC heap before
{Heap before GC invocations=15 (full 3):
 PSYoungGen      total 86528K, used 83119K [0x00000000f5580000, 0x00000000fcd80000, 0x0000000100000000)
  eden space 65024K, 100% used [0x00000000f5580000,0x00000000f9500000,0x00000000f9500000)
  from space 21504K, 84% used [0x00000000f9500000,0x00000000fa6abef8,0x00000000faa00000)
  to   space 23040K, 0% used [0x00000000fb700000,0x00000000fb700000,0x00000000fcd80000)
 ParOldGen       total 107008K, used 34750K [0x00000000e0000000, 0x00000000e6880000, 0x00000000f5580000)
  object space 107008K, 32% used [0x00000000e0000000,0x00000000e21efb68,0x00000000e6880000)
 Metaspace       used 68241K, capacity 74024K, committed 74112K, reserved 1114112K
  class space    used 8572K, capacity 10336K, committed 10368K, reserved 1048576K
Event: 5.131 GC heap after
Heap after GC invocations=15 (full 3):
 PSYoungGen      total 97280K, used 20929K [0x00000000f5580000, 0x00000000fd280000, 0x0000000100000000)
  eden space 74240K, 0% used [0x00000000f5580000,0x00000000f5580000,0x00000000f9e00000)
  from space 23040K, 90% used [0x00000000fb700000,0x00000000fcb707d0,0x00000000fcd80000)
  to   space 25600K, 0% used [0x00000000f9e00000,0x00000000f9e00000,0x00000000fb700000)
 ParOldGen       total 107008K, used 34758K [0x00000000e0000000, 0x00000000e6880000, 0x00000000f5580000)
  object space 107008K, 32% used [0x00000000e0000000,0x00000000e21f1b68,0x00000000e6880000)
 Metaspace       used 68241K, capacity 74024K, committed 74112K, reserved 1114112K
  class space    used 8572K, capacity 10336K, committed 10368K, reserved 1048576K
}
Event: 22.662 GC heap before
{Heap before GC invocations=16 (full 3):
 PSYoungGen      total 97280K, used 95169K [0x00000000f5580000, 0x00000000fd280000, 0x0000000100000000)
  eden space 74240K, 100% used [0x00000000f5580000,0x00000000f9e00000,0x00000000f9e00000)
  from space 23040K, 90% used [0x00000000fb700000,0x00000000fcb707d0,0x00000000fcd80000)
  to   space 25600K, 0% used [0x00000000f9e00000,0x00000000f9e00000,0x00000000fb700000)
 ParOldGen       total 107008K, used 34758K [0x00000000e0000000, 0x00000000e6880000, 0x00000000f5580000)
  object space 107008K, 32% used [0x00000000e0000000,0x00000000e21f1b68,0x00000000e6880000)
 Metaspace       used 73067K, capacity 78996K, committed 79232K, reserved 1118208K
  class space    used 9159K, capacity 11018K, committed 11136K, reserved 1048576K
Event: 22.670 GC heap after
Heap after GC invocations=16 (full 3):
 PSYoungGen      total 99840K, used 22131K [0x00000000f5580000, 0x00000000fde80000, 0x0000000100000000)
  eden space 74240K, 0% used [0x00000000f5580000,0x00000000f5580000,0x00000000f9e00000)
  from space 25600K, 86% used [0x00000000f9e00000,0x00000000fb39cf68,0x00000000fb700000)
  to   space 27648K, 0% used [0x00000000fc380000,0x00000000fc380000,0x00000000fde80000)
 ParOldGen       total 107008K, used 34766K [0x00000000e0000000, 0x00000000e6880000, 0x00000000f5580000)
  object space 107008K, 32% used [0x00000000e0000000,0x00000000e21f3b68,0x00000000e6880000)
 Metaspace       used 73067K, capacity 78996K, committed 79232K, reserved 1118208K
  class space    used 9159K, capacity 11018K, committed 11136K, reserved 1048576K
}

Deoptimization events (10 events):
Event: 49.788 Thread 0x00000000026fe000 Uncommon trap: reason=unstable_if action=reinterpret pc=0x0000000003f5d9c8 method=org.eclipse.equinox.internal.event.EventHandlerTracker.getHandlers(Ljava/lang/String;)Ljava/util/Set; @ 28
Event: 49.789 Thread 0x00000000026fe000 Uncommon trap: reason=class_check action=maybe_recompile pc=0x00000000040638b4 method=org.eclipse.e4.core.internal.contexts.TrackableComputationExt.update(Lorg/eclipse/e4/core/internal/contexts/ContextChangeEvent;)Z @ 62
Event: 49.789 Thread 0x00000000026fe000 Uncommon trap: reason=class_check action=maybe_recompile pc=0x000000000401fa3c method=org.eclipse.e4.core.internal.contexts.ContextObjectSupplier$ContextInjectionListener.update(Lorg/eclipse/e4/core/contexts/IEclipseContext;I[Ljava/lang/Object;)Z @ 173
Event: 49.789 Thread 0x00000000026fe000 Uncommon trap: reason=class_check action=maybe_recompile pc=0x00000000040638b4 method=org.eclipse.e4.core.internal.contexts.TrackableComputationExt.update(Lorg/eclipse/e4/core/internal/contexts/ContextChangeEvent;)Z @ 62
Event: 49.789 Thread 0x00000000026fe000 Uncommon trap: reason=class_check action=maybe_recompile pc=0x000000000401fa3c method=org.eclipse.e4.core.internal.contexts.ContextObjectSupplier$ContextInjectionListener.update(Lorg/eclipse/e4/core/contexts/IEclipseContext;I[Ljava/lang/Object;)Z @ 173
Event: 49.789 Thread 0x00000000026fe000 Uncommon trap: reason=class_check action=maybe_recompile pc=0x00000000040638b4 method=org.eclipse.e4.core.internal.contexts.TrackableComputationExt.update(Lorg/eclipse/e4/core/internal/contexts/ContextChangeEvent;)Z @ 62
Event: 49.789 Thread 0x00000000026fe000 Uncommon trap: reason=class_check action=maybe_recompile pc=0x000000000401fa3c method=org.eclipse.e4.core.internal.contexts.ContextObjectSupplier$ContextInjectionListener.update(Lorg/eclipse/e4/core/contexts/IEclipseContext;I[Ljava/lang/Object;)Z @ 173
Event: 50.343 Thread 0x00000000026fe000 Uncommon trap: reason=null_check action=make_not_entrant pc=0x0000000003357ed4 method=org.eclipse.core.runtime.internal.adaptor.EclipseLazyStarter.shouldActivateFor(Ljava/lang/String;Lorg/eclipse/osgi/baseadaptor/BaseData;Lorg/eclipse/core/runtime/internala‰wXÃ-I@
Event: 50.358 Thread 0x00000000026fe000 Uncommon trap: reason=unstable_if action=reinterpret pc=0x00000000040db9e0 method=org.eclipse.osgi.framework.internal.core.FilterImpl.compare_Long(IJLjava/lang/Object;)Z @ 145
Event: 50.563 Thread 0x00000000026fe000 Uncommon trap: reason=unstable_if action=reinterpret pc=0x0000000003eb984c method=sun.reflect.UnsafeStaticObjectFieldAccessorImpl.set(Ljava/lang/Object;Ljava/lang/Object;)V @ 13

Internal exceptions (10 events):
Event: 49.472 Thread 0x000000001b39b800 Exception <a 'java/lang/InterruptedException'> (0x00000000f869e4e8) thrown at [C:\re\workspace\8-2-build-windows-amd64-cygwin\jdk8u45\3627\hotspot\src\share\vm\runtime\objectMonitor.cpp, line 1683]
Event: 49.507 Thread 0x00000000026fe000 Implicit null exception at 0x0000000003e4420c to 0x0000000003e44269
Event: 49.526 Thread 0x00000000026fe000 Implicit null exception at 0x00000000033685d3 to 0x0000000003368ab5
Event: 49.821 Thread 0x000000001a7f0000 Exception <a 'java/lang/InterruptedException'> (0x00000000f94355a8) thrown at [C:\re\workspace\8-2-build-windows-amd64-cygwin\jdk8u45\3627\hotspot\src\share\vm\runtime\objectMonitor.cpp, line 1683]
Event: 50.343 Thread 0x00000000026fe000 Implicit null exception at 0x00000000033569c7 to 0x0000000003357eb1
Event: 50.380 Thread 0x0000000017174800 Exception <a 'java/lang/InterruptedException': sleep interrupted> (0x00000000f96ed5d0) thrown at [C:\re\workspace\8-2-build-windows-amd64-cygwin\jdk8u45\3627\hotspot\src\share\vm\prims\jvm.cpp, line 3211]
Event: 50.382 Thread 0x000000001f434800 Exception <a 'java/lang/InterruptedException'> (0x00000000f9601800) thrown at [C:\re\workspace\8-2-build-windows-amd64-cygwin\jdk8u45\3627\hotspot\src\share\vm\runtime\objectMonitor.cpp, line 1683]
Event: 50.382 Thread 0x0000000017d4a000 Exception <a 'java/lang/InterruptedException'> (0x00000000f97a6f18) thrown at [C:\re\workspace\8-2-build-windows-amd64-cygwin\jdk8u45\3627\hotspot\src\share\vm\runtime\objectMonitor.cpp, line 1683]
Event: 50.563 Thread 0x0000000017e28800 Exception <a 'java/lang/InterruptedException'> (0x00000000f96ec240) thrown at [C:\re\workspace\8-2-build-windows-amd64-cygwin\jdk8u45\3627\hotspot\src\share\vm\runtime\objectMonitor.cpp, line 1683]
Event: 50.563 Thread 0x00000000026fe000 Implicit null exception at 0x0000000003eb9550 to 0x0000000003eb9839

Events (10 events):
Event: 50.563 Thread 0x00000000026fe000 DEOPT PACKING pc=0x0000000003eb984c sp=0x000000000014eae0
Event: 50.563 Thread 0x00000000026fe000 DEOPT UNPACKING pc=0x00000000028e582a sp=0x000000000014ea38 mode 2
Event: 50.563 Thread 0x0000000017027800 Thread exited: 0x0000000017027800
Event: 50.563 loading class java/util/IdentityHashMap$KeyIterator
Event: 50.563 loading class java/util/IdentityHashMap$IdentityHashMapIterator
Event: 50.563 loading class java/util/IdentityHashMap$IdentityHashMapIterator done
Event: 50.563 loading class java/util/IdentityHashMap$KeyIterator done
Event: 50.564 Thread 0x000000001a7f3800 Thread added: 0x000000001a7f3800
Event: 50.564 Thread 0x000000001a7f3800 Thread exited: 0x000000001a7f3800
Event: 50.564 Executing VM operation: Exit


Dynamic libraries:
0x0000000000400000 - 0x000000000044f000 	D:\Xilinx\SDK\2015.4\eclipse\win64.o\eclipse.exe
0x00007fff711d0000 - 0x00007fff713a1000 	C:\windows\SYSTEM32\ntdll.dll
0x00007fff6e8c0000 - 0x00007fff6e96b000 	C:\windows\System32\KERNEL32.DLL
0x00007fff6da00000 - 0x00007fff6dc1d000 	C:\windows\System32\KERNELBASE.dll
0x00007fff71030000 - 0x00007fff71195000 	C:\windows\System32\USER32.dll
0x00007fff6de60000 - 0x00007fff6de7e000 	C:\windows\System32\win32u.dll
0x00007fff6eaa0000 - 0x00007fff6ead4000 	C:\windows\System32\GDI32.dll
0x00007fff6dc20000 - 0x00007fff6dda2000 	C:\windows\System32\gdi32full.dll
0x00007fff6ea00000 - 0x00007fff6ea9e000 	C:\windows\System32\msvcrt.dll
0x00007fff63f60000 - 0x00007fff641d9000 	C:\windows\WinSxS\amd64_microsoft.windows.common-controls_6595b64144ccf1df_6.0.14393.447_none_42191651c6827bb3\COMCTL32.dll
0x00007fff70d60000 - 0x00007fff71028000 	C:\windows\System32\combase.dll
0x00007fff6d900000 - 0x00007fff6d9f5000 	C:\windows\System32\ucrtbase.dll
0x00007fff6eae0000 - 0x00007fff6ec01000 	C:\windows\System32\RPCRT4.dll
0x00007fff6d6c0000 - 0x00007fff6d72a000 	C:\windows\System32\bcryptPrimitives.dll
0x00007fff6ec10000 - 0x00007fff6ec3e000 	C:\windows\System32\IMM32.DLL
0x0000000072000000 - 0x0000000072012000 	D:\Xilinx\SDK\2015.4\eclipse\win64.o\plugins\org.eclipse.equinox.launcher.win32.win32.x86_64_1.1.200.v20140116-2212\eclipse_1503.dll
0x00007fff70b70000 - 0x00007fff70c12000 	C:\windows\System32\ADVAPI32.dll
0x00007fff6f5a0000 - 0x00007fff6f5f9000 	C:\windows\System32\sechost.dll
0x00007fff69950000 - 0x00007fff6995a000 	C:\windows\SYSTEM32\VERSION.dll
0x00007fff6bd90000 - 0x00007fff6be25000 	C:\windows\system32\uxtheme.dll
0x00007fff6f340000 - 0x00007fff6f49b000 	C:\windows\System32\MSCTF.dll
0x00007fff6e760000 - 0x00007fff6e81f000 	C:\windows\System32\OLEAUT32.dll
0x00007fff6e6c0000 - 0x00007fff6e75c000 	C:\windows\System32\msvcp_win.dll
0x00000000568d0000 - 0x0000000057153000 	D:\Xilinx\SDK\2015.4\tps\win64\jre\bin\server\jvm.dll
0x00007fff6e9e0000 - 0x00007fff6e9e8000 	C:\windows\System32\PSAPI.DLL
0x00007fff6bb00000 - 0x00007fff6bb09000 	C:\windows\SYSTEM32\WSOCK32.dll
0x00007fff6b9b0000 - 0x00007fff6b9d3000 	C:\windows\SYSTEM32\WINMM.dll
0x0000000057480000 - 0x0000000057552000 	C:\windows\SYSTEM32\MSVCR100.dll
0x00007fff6ec40000 - 0x00007fff6ecaa000 	C:\windows\System32\WS2_32.dll
0x00007fff6b950000 - 0x00007fff6b97b000 	C:\windows\SYSTEM32\WINMMBASE.dll
0x00007fff6e5c0000 - 0x00007fff6e602000 	C:\windows\System32\cfgmgr32.dll
0x0000000056790000 - 0x000000005679f000 	D:\Xilinx\SDK\2015.4\tps\win64\jre\bin\verify.dll
0x0000000056760000 - 0x0000000056789000 	D:\Xilinx\SDK\2015.4\tps\win64\jre\bin\java.dll
0x0000000056740000 - 0x0000000056756000 	D:\Xilinx\SDK\2015.4\tps\win64\jre\bin\zip.dll
0x00007fff6f600000 - 0x00007fff70b09000 	C:\windows\System32\SHELL32.dll
0x00007fff6de80000 - 0x00007fff6e55a000 	C:\windows\System32\windows.storage.dll
0x00007fff6d670000 - 0x00007fff6d6bc000 	C:\windows\System32\powrprof.dll
0x00007fff6ecb0000 - 0x00007fff6ed02000 	C:\windows\System32\shlwapi.dll
0x00007fff6d660000 - 0x00007fff6d66f000 	C:\windows\System32\kernel.appcore.dll
0x00007fff6e610000 - 0x00007fff6e6b9000 	C:\windows\System32\shcore.dll
0x00007fff6d630000 - 0x00007fff6d644000 	C:\windows\System32\profapi.dll
0x00007fff6d070000 - 0x00007fff6d087000 	C:\windows\SYSTEM32\CRYPTSP.dll
0x00007fff6cae0000 - 0x00007fff6cb13000 	C:\windows\system32\rsaenh.dll
0x00007fff6d570000 - 0x00007fff6d59b000 	C:\windows\SYSTEM32\bcrypt.dll
0x00007fff6cd50000 - 0x00007fff6cd6f000 	C:\windows\SYSTEM32\USERENV.dll
0x00007fff6d090000 - 0x00007fff6d09b000 	C:\windows\SYSTEM32\CRYPTBASE.dll
0x0000000056720000 - 0x000000005673a000 	D:\Xilinx\SDK\2015.4\tps\win64\jre\bin\net.dll
0x00007fff6ced0000 - 0x00007fff6cf2c000 	C:\windows\system32\mswsock.dll
0x00007fff6cc60000 - 0x00007fff6cc98000 	C:\windows\SYSTEM32\IPHLPAPI.DLL
0x00007fff6e9f0000 - 0x00007fff6e9f8000 	C:\windows\System32\NSI.dll
0x00007fff68990000 - 0x00007fff689a6000 	C:\windows\SYSTEM32\dhcpcsvc6.DLL
0x00007fff68970000 - 0x00007fff6898a000 	C:\windows\SYSTEM32\dhcpcsvc.DLL
0x0000000056700000 - 0x0000000056711000 	D:\Xilinx\SDK\2015.4\tps\win64\jre\bin\nio.dll
0x00007fff5fc40000 - 0x00007fff5fc56000 	C:\windows\system32\napinsp.dll
0x00007fff5fc60000 - 0x00007fff5fc7a000 	C:\windows\system32\pnrpnsp.dll
0x00007fff6b2d0000 - 0x00007fff6b2e8000 	C:\windows\system32\NLAapi.dll
0x00007fff6cca0000 - 0x00007fff6cd40000 	C:\windows\SYSTEM32\DNSAPI.dll
0x00007fff5fc80000 - 0x00007fff5fc8e000 	C:\windows\System32\winrnr.dll
0x00007fff67f50000 - 0x00007fff67f5a000 	C:\Windows\System32\rasadhlp.dll
0x00007fff68060000 - 0x00007fff680ca000 	C:\windows\System32\fwpuclnt.dll
0x00007fff70c20000 - 0x00007fff70d57000 	C:\windows\System32\ole32.dll
0x00007fff6e820000 - 0x00007fff6e8bf000 	C:\windows\System32\clbcatq.dll
0x00007fff589e0000 - 0x00007fff58e15000 	C:\Program Files (x86)\Baidu\BaiduPinyin\5.0.3900.0\UIPFullx64.dll
0x00007fff588e0000 - 0x00007fff589cf000 	C:\Program Files (x86)\Baidu\BaiduPinyin\5.0.3900.0\imefreetypex64.dll
0x00007fff5c660000 - 0x00007fff5c6c5000 	C:\windows\SYSTEM32\OLEACC.dll
0x00007fff589d0000 - 0x00007fff589d7000 	C:\windows\SYSTEM32\MSIMG32.dll
0x00007fff5e490000 - 0x00007fff5e62a000 	C:\windows\WinSxS\amd64_microsoft.windows.gdiplus_6595b64144ccf1df_1.1.14393.321_none_72fe05dd211a5fae\gdiplus.dll
0x00007fff58880000 - 0x00007fff588d9000 	C:\Program Files (x86)\Baidu\BaiduPinyin\5.0.3900.0\imepngx64.dll
0x00007fff58840000 - 0x00007fff5887a000 	C:\Program Files (x86)\Baidu\BaiduPinyin\5.0.3900.0\imezlibx64.dll
0x00007fff6d270000 - 0x00007fff6d29c000 	C:\windows\SYSTEM32\SspiCli.dll
0x00007fff6c9b0000 - 0x00007fff6c9e2000 	C:\windows\SYSTEM32\ntmarta.dll
0x00007fff6ad50000 - 0x00007fff6aef8000 	C:\windows\SYSTEM32\WindowsCodecs.dll
0x000000001b430000 - 0x000000001b4d8000 	C:\Users\Administrator\.Xilinx\SDK\2015.4\org.eclipse.osgi\bundles\303\1\.cp\swt-win32-4335.dll
0x00007fff6f4a0000 - 0x00007fff6f59a000 	C:\windows\System32\comdlg32.dll
0x00007fff6d730000 - 0x00007fff6d8f9000 	C:\windows\System32\CRYPT32.dll
0x00007fff6d650000 - 0x00007fff6d660000 	C:\windows\System32\MSASN1.dll
0x00007fff52450000 - 0x00007fff524d5000 	C:\windows\SYSTEM32\WINSPOOL.DRV
0x00007fff61570000 - 0x00007fff61589000 	C:\windows\SYSTEM32\USP10.dll
0x00007fff65030000 - 0x00007fff652c3000 	C:\windows\SYSTEM32\WININET.dll
0x00007fff6b460000 - 0x00007fff6b486000 	C:\windows\system32\dwmapi.dll
0x00007fff6b0b0000 - 0x00007fff6b235000 	C:\windows\SYSTEM32\propsys.dll
0x000000001b520000 - 0x000000001b53e000 	C:\Users\Administrator\.Xilinx\SDK\2015.4\org.eclipse.osgi\bundles\303\1\.cp\swt-gdip-win32-4335.dll
0x0000000180000000 - 0x0000000180012000 	C:\Users\Administrator\.Xilinx\SDK\2015.4\org.eclipse.osgi\bundles\121\1\.cp\os\win32\x86_64\localfile_1_0_0.dll
0x00007fff61550000 - 0x00007fff61561000 	C:\Users\Administrator\.Xilinx\SDK\2015.4\org.eclipse.osgi\bundles\124\1\.cp\jWinHttp-1.0.0.dll
0x00007fff67f80000 - 0x00007fff6804d000 	C:\windows\SYSTEM32\WINHTTP.dll
0x00007fff647f0000 - 0x00007fff647ff000 	D:\Xilinx\SDK\2015.4\lib\win64.o\librdi_repo_manager.dll
0x00007fff61520000 - 0x00007fff6154a000 	D:\Xilinx\SDK\2015.4\lib\win64.o\libisl_sysinfo.dll
0x00007fff2aae0000 - 0x00007fff2b46d000 	D:\Xilinx\SDK\2015.4\lib\win64.o\librdi_common.dll
0x00007fff5eee0000 - 0x00007fff5ef34000 	D:\Xilinx\SDK\2015.4\lib\win64.o\librdi_commonxillic.dll
0x00007fff2cbe0000 - 0x00007fff2cdcc000 	D:\Xilinx\SDK\2015.4\lib\win64.o\librdi_hsm.dll
0x00007fff511c0000 - 0x00007fff51267000 	C:\windows\SYSTEM32\MSVCP110.dll
0x00007fff513c0000 - 0x00007fff51494000 	C:\windows\SYSTEM32\MSVCR110.dll
0x00007fff2c5f0000 - 0x00007fff2c80e000 	D:\Xilinx\SDK\2015.4\lib\win64.o\libXil_lmgr11.dll
0x00007fff5eeb0000 - 0x00007fff5eed2000 	D:\Xilinx\SDK\2015.4\lib\win64.o\libboost_filesystem.dll
0x00007fff5edb0000 - 0x00007fff5eeaa000 	D:\Xilinx\SDK\2015.4\lib\win64.o\libboost_regex.dll
0x00007fff6e560000 - 0x00007fff6e5b5000 	C:\windows\System32\WINTRUST.dll
0x00007fff642d0000 - 0x00007fff642d9000 	D:\Xilinx\SDK\2015.4\lib\win64.o\libboost_system.dll
0x00007fff2a770000 - 0x00007fff2aade000 	D:\Xilinx\SDK\2015.4\lib\win64.o\libCOIN-all.dll
0x00007fff621f0000 - 0x00007fff62200000 	D:\Xilinx\SDK\2015.4\lib\win64.o\libboost_date_time.dll
0x00007fff5df90000 - 0x00007fff5e004000 	D:\Xilinx\SDK\2015.4\lib\win64.o\libboost_program_options.dll
0x00007fff5ed90000 - 0x00007fff5eda3000 	D:\Xilinx\SDK\2015.4\lib\win64.o\libboost_signals.dll
0x00007fff5ed70000 - 0x00007fff5ed8d000 	D:\Xilinx\SDK\2015.4\lib\win64.o\libboost_thread.dll
0x00007fff621b0000 - 0x00007fff621bb000 	D:\Xilinx\SDK\2015.4\lib\win64.o\libboost_xilinx.dll
0x00007fff2cb60000 - 0x00007fff2cbe0000 	D:\Xilinx\SDK\2015.4\lib\win64.o\libhdlpsolve.dll
0x00007fff2c550000 - 0x00007fff2c5ea000 	D:\Xilinx\SDK\2015.4\lib\win64.o\libhdxml.dll
0x00007fff2a330000 - 0x00007fff2a764e00 	D:\Xilinx\SDK\2015.4\lib\win64.o\libisl_iostreams.dll
0x00007fff2cb40000 - 0x00007fff2cb55000 	D:\Xilinx\SDK\2015.4\lib\win64.o\pthreadVC2.dll
0x00007fff2a200000 - 0x00007fff2a330000 	D:\Xilinx\SDK\2015.4\lib\win64.o\librdi_curl.dll
0x00007fff2cb20000 - 0x00007fff2cb38000 	D:\Xilinx\SDK\2015.4\lib\win64.o\librdiconfig.dll
0x00007fff65540000 - 0x00007fff65702000 	C:\windows\SYSTEM32\urlmon.dll
0x00007fff2caf0000 - 0x00007fff2cb13000 	D:\Xilinx\SDK\2015.4\lib\win64.o\librdizlib.dll
0x00000000567a0000 - 0x00000000568c7000 	D:\Xilinx\SDK\2015.4\lib\win64.o\tcl85t.dll
0x0000000026000000 - 0x0000000026263000 	D:\Xilinx\SDK\2015.4\lib\win64.o\xerces-c_3_1.dll
0x00007fff56240000 - 0x00007fff56263000 	C:\windows\SYSTEM32\VCOMP110.DLL
0x00007fff5f640000 - 0x00007fff5f658000 	C:\windows\SYSTEM32\NETAPI32.dll
0x00007fff2c000000 - 0x00007fff2c043000 	D:\Xilinx\SDK\2015.4\lib\win64.o\librdi_hdf.dll
0x00007fff29fa0000 - 0x00007fff2a1f5000 	D:\Xilinx\SDK\2015.4\lib\win64.o\librdi_ippcw.dll
0x00007fff60ee0000 - 0x00007fff60eeb000 	D:\Xilinx\SDK\2015.4\lib\win64.o\libboost_chrono.dll
0x00007fff2cad0000 - 0x00007fff2cae6000 	D:\Xilinx\SDK\2015.4\lib\win64.o\libboost_iostreams.dll
0x00007fff29f70000 - 0x00007fff29f93000 	D:\Xilinx\SDK\2015.4\lib\win64.o\libisl_iosutils.dll
0x00007fff65ef0000 - 0x00007fff66193000 	C:\windows\SYSTEM32\iertutil.dll
0x00007fff5bdd0000 - 0x00007fff5be12000 	C:\windows\SYSTEM32\edputil.dll
0x00007fff28ee0000 - 0x00007fff296f0000 	D:\Xilinx\SDK\2015.4\lib\win64.o\libXil_lmgr11FNP.dll
0x00007fff6ef10000 - 0x00007fff6f339000 	C:\windows\System32\SETUPAPI.dll
0x00007fff62190000 - 0x00007fff6219c000 	C:\windows\SYSTEM32\snmpapi.dll
0x00007fff6c270000 - 0x00007fff6c298000 	C:\windows\SYSTEM32\DEVOBJ.dll
0x00007fff28e90000 - 0x00007fff28ea6000 	D:\Xilinx\SDK\2015.4\eclipse\win64.o\plugins\org.eclipse.cdt.core.win32.x86_64_5.2.0.201402142303\os\win32\x86_64\spawner.dll
0x00007fff5ebc0000 - 0x00007fff5ebca000 	D:\Xilinx\SDK\2015.4\lib\win64.o\librdi_jtag_settings.dll

VM Arguments:
jvm_args: -Dcom.xilinx.sdk.args.hwspec=D:/MIZ_SOC/SEASON_04/CH01_MIZ701N_LINUX/CH01_MIZ701N_LINUX_720P/Miz_sys/Miz_sys.sdk/system_wrapper.hdf -Xms64m -Xmx512m & 
java_command: <unknown>
java_class_path (initial): D:\Xilinx\SDK\2015.4\eclipse\win64.o\\plugins/org.eclipse.equinox.launcher_1.3.0.v20130327-1440.jar
Launcher Type: generic

Environment Variables:
PATH=D:/Xilinx/SDK/2015.4/tps/win64/jre/bin/server;D:/Xilinx/SDK/2015.4/tps/win64/jre/bin;D:/Xilinx/SDK/2015.4/tps/win64/jre/lib/amd64;D:\Xilinx\SDK\2015.4\gnuwin\bin;D:\Xilinx\SDK\2015.4\gnu\microblaze\nt\bin;D:\Xilinx\SDK\2015.4\gnu\microblaze\linux_toolchain\nt64_le\bin;D:\Xilinx\SDK\2015.4\gnu\microblaze\linux_toolchain\nt64_be\bin;D:\Xilinx\SDK\2015.4\gnu\arm\nt\bin;D:\Xilinx\SDK\2015.4\gnu\aarch64\nt\aarch64-none\bin;D:\Xilinx\SDK\2015.4\gnu\aarch64\nt\aarch64-linux\bin;D:\Xilinx\SDK\2015.4\gnu\armr5\nt\gcc-arm-none-eabi\bin;D:\Xilinx\SDK\2015.4\gnu\aarch32\nt\gcc-arm-none-eabi\bin;D:\Xilinx\SDK\2015.4\gnu\aarch32\nt\gcc-arm-linux-gnueabi\bin;D:\Xilinx\SDK\2015.4\bin;D:\Xilinx\SDK\2015.4\lib\win64.o;D:\Xilinx\SDK\2015.4\tps\win64\jre\bin\server;D:\Xilinx\SDK\2015.4\tps\win64\jre\bin;D:\Xilinx\Vivado\2015.4\ids_lite\ISE\bin\nt64;D:\Xilinx\Vivado\2015.4\ids_lite\ISE\lib\nt64;D:\Xilinx\Vivado\2015.4\bin;D:\Xilinx\Vivado\2015.4\lib\win64.o;D:\Xilinx\Vivado\2015.4\tps\win64\jre\bin\server;D:\Xilinx\Vivado\2015.4\tps\win64\jre\bin;D:\Xilinx\Vivado_HLS\2015.4\bin;C:\windows\system32;C:\windows;C:\windows\System32\Wbem;C:\windows\System32\WindowsPowerShell\v1.0\;C:\Program Files (x86)\Altium Designer Summer 09\System;C:\Users\Administrator\AppData\Local\Microsoft\WindowsApps;;d:\MIZ_SOC\SEASON_04\CH01_MIZ701N_LINUX\CH01_MIZ701N_LINUX_720P\Miz_sys;
USERNAME=Administrator
OS=Windows_NT
PROCESSOR_IDENTIFIER=Intel64 Family 6 Model 94 Stepping 3, GenuineIntel



---------------  S Y S T E M  ---------------

OS: Windows 10.0 , 64 bit Build 14393 (10.0.14393.0)

CPU:total 8 (4 cores per cpu, 2 threads per core) family 6 model 94 stepping 3, cmov, cx8, fxsr, mmx, sse, sse2, sse3, ssse3, sse4.1, sse4.2, popcnt, avx, avx2, aes, clmul, erms, rtm, 3dnowpref, lzcnt, ht, tsc, tscinvbit, bmi1, bmi2, adx

Memory: 4k page, physical 16728064k(9183696k free), swap 17776640k(8902144k free)

vm_info: Java HotSpot(TM) 64-Bit Server VM (25.45-b02) for windows-amd64 JRE (1.8.0_45-b15), built on Apr 30 2015 12:40:44 by "java_re" with MS VC++ 10.0 (VS2010)

time: Fri Feb 10 13:38:12 2017
elapsed time: 62 seconds (0d 0h 1m 2s)

