#
# A fatal error has been detected by the Java Runtime Environment:
#
#  Internal Error (0xc000000d), pid=42812, tid=8148
#
# JRE version: Java(TM) SE Runtime Environment (8.0_45-b15) (build 1.8.0_45-b15)
# Java VM: Java HotSpot(TM) 64-Bit Server VM (25.45-b02 mixed mode windows-amd64 compressed oops)
# Problematic frame:
# C  [ntdll.dll+0xff44c]
#
# Failed to write core dump. Minidumps are not enabled by default on client versions of Windows
#
# If you would like to submit a bug report, please visit:
#   http://bugreport.java.com/bugreport/crash.jsp
#

---------------  T H R E A D  ---------------

Current thread (0x0000000014029000):  VMThread [stack: 0x0000000015d10000,0x0000000015e10000] [id=8148]

siginfo: ExceptionCode=0xc000000d

Registers:
RAX=0x0000000020a71b48, RBX=0xfffffffffffffffe, RCX=0x0000000056f0ee08, RDX=0x0000000020a71b90
RSP=0x0000000015e0f270, RBP=0x00007fff521d7408, RSI=0x0000000000000000, RDI=0x0000000000000148
R8 =0x0000000000000000, R9 =0x000000000014f6c8, R10=0x00007fff711d7c1f, R11=0x0000000020a71bf8
R12=0x000000001e2a6f90, R13=0x000000001e3e0e10, R14=0x000000001e2a7098, R15=0x0000000015e0f3e8
RIP=0x00007fff712cf44c, EFLAGS=0x0000000000000202

Top of Stack: (sp=0x0000000015e0f270)
0x0000000015e0f270:   0000000000000057 fffffffffffffffe
0x0000000015e0f280:   0000000000000000 0000000000000148
0x0000000015e0f290:   00000000c000000d 0000000000000000
0x0000000015e0f2a0:   00007fff712cf44c 0000000000000000
0x0000000015e0f2b0:   0000000000000000 0000000000000000
0x0000000015e0f2c0:   0000000000000000 0000000000000000
0x0000000015e0f2d0:   0000000000000000 0000000000000000
0x0000000015e0f2e0:   0000000000000000 0000000000000000
0x0000000015e0f2f0:   0000000000000000 0000000000000000
0x0000000015e0f300:   0000000000000000 0000000000000000
0x0000000015e0f310:   0000000000000000 0000000000000000
0x0000000015e0f320:   0000000000000000 0000000000000000
0x0000000015e0f330:   0000584f3f47f84a 0000000000000000
0x0000000015e0f340:   0000000000000000 00007fff7129150d
0x0000000015e0f350:   0000000000000000 0000000000000000
0x0000000015e0f360:   0000000000000000 0000000000000000 

Instructions: (pc=0x00007fff712cf44c)
0x00007fff712cf42c:   d5 fa ff c7 44 24 20 0d 00 00 c0 b9 57 00 00 00
0x00007fff712cf43c:   e8 7f 13 f6 ff 90 48 8d 4c 24 20 e8 04 bf f4 ff
0x00007fff712cf44c:   eb 00 48 8b 8c 24 c0 00 00 00 48 33 cc e8 82 74
0x00007fff712cf45c:   f9 ff 48 81 c4 d8 00 00 00 c3 40 55 48 83 ec 20 


Register to memory mapping:

RAX=0x0000000020a71b48 is an unknown value
RBX=0xfffffffffffffffe is an unknown value
RCX=0x0000000056f0ee08 is an unknown value
RDX=0x0000000020a71b90 is an unknown value
RSP=0x0000000015e0f270 is an unknown value
RBP=0x00007fff521d7408 is an unknown value
RSI=0x0000000000000000 is an unknown value
RDI=0x0000000000000148 is an unknown value
R8 =0x0000000000000000 is an unknown value
R9 =0x000000000014f6c8 is pointing into the stack for thread: 0x00000000027be000
R10=0x00007fff711d7c1f is an unknown value
R11=0x0000000020a71bf8 is an unknown value
R12=0x000000001e2a6f90 is an unknown value
R13=0x000000001e3e0e10 is an unknown value
R14=0x000000001e2a7098 is an unknown value
R15=0x0000000015e0f3e8 is an unknown value


Stack: [0x0000000015d10000,0x0000000015e10000],  sp=0x0000000015e0f270,  free space=1020k
Native frames: (J=compiled Java code, j=interpreted, Vv=VM code, C=native code)
C  [ntdll.dll+0xff44c]
C  [ntdll.dll+0xc150d]
C  [KERNEL32.DLL+0x1fbba]
C  [MSVCR110.dll+0x752d]
C  [MSVCR110.dll+0x73c6]
C  [MSVCR110.dll+0x14cca]
C  [MSVCR110.dll+0x13edc]
C  [MSVCR110.dll+0x239e]
C  [MSVCR110.dll+0xaf9e]
C  [MSVCP110.dll+0x397b9]
C  [librdi_common.dll+0x14283e]
C  [librdi_common.dll+0x141449]
C  0x00007fff5ebc2400
C  0x00007fff5ebc2682
C  [ntdll.dll+0x2a35f]
C  [ntdll.dll+0x806b]
C  [ntdll.dll+0x7d94]
C  [KERNEL32.DLL+0x1ce6a]
C  [MSVCR100.dll+0x20ccd]
V  [jvm.dll+0x20f135]
V  [jvm.dll+0x247ef7]
V  [jvm.dll+0x247196]
V  [jvm.dll+0x247631]
V  [jvm.dll+0x24784e]
V  [jvm.dll+0x29853a]
C  [MSVCR100.dll+0x21d9f]
C  [MSVCR100.dll+0x21e3b]
C  [KERNEL32.DLL+0x8364]
C  [ntdll.dll+0x670d1]

VM_Operation (0x000000000014f500): Exit, mode: safepoint, requested by thread 0x00000000027be000


---------------  P R O C E S S  ---------------

Java Threads: ( => current thread )
  0x000000001d130000 JavaThread "Thread-19" daemon [_thread_blocked, id=9008, stack(0x0000000028980000,0x0000000028a80000)]
  0x0000000020e8d800 JavaThread "TCF Locator DNS Lookup" daemon [_thread_blocked, id=3960, stack(0x00000000239a0000,0x0000000023aa0000)]
  0x0000000020e8c000 JavaThread "TCF Locator Timer" daemon [_thread_blocked, id=30768, stack(0x00000000238a0000,0x00000000239a0000)]
  0x0000000020e8c800 JavaThread "TCF Locator Receiver" daemon [_thread_in_native, id=38296, stack(0x00000000237a0000,0x00000000238a0000)]
  0x000000001d12f800 JavaThread "TCF Timer Dispatcher" daemon [_thread_blocked, id=40196, stack(0x0000000023350000,0x0000000023450000)]
  0x000000001a86b800 JavaThread "EMF Reference Cleaner" daemon [_thread_blocked, id=31244, stack(0x000000001bef0000,0x000000001bff0000)]
  0x0000000016142800 JavaThread "Service Thread" daemon [_thread_blocked, id=42356, stack(0x0000000016a10000,0x0000000016b10000)]
  0x00000000160a6000 JavaThread "C1 CompilerThread3" daemon [_thread_blocked, id=44020, stack(0x0000000016910000,0x0000000016a10000)]
  0x00000000160a2000 JavaThread "C2 CompilerThread2" daemon [_thread_blocked, id=38276, stack(0x0000000016810000,0x0000000016910000)]
  0x000000001609a800 JavaThread "C2 CompilerThread1" daemon [_thread_blocked, id=40556, stack(0x0000000016710000,0x0000000016810000)]
  0x000000001604c000 JavaThread "C2 CompilerThread0" daemon [_thread_blocked, id=39588, stack(0x0000000016610000,0x0000000016710000)]
  0x000000001604a800 JavaThread "Attach Listener" daemon [_thread_blocked, id=32328, stack(0x0000000016510000,0x0000000016610000)]
  0x0000000016098800 JavaThread "Signal Dispatcher" daemon [_thread_blocked, id=27300, stack(0x0000000016410000,0x0000000016510000)]
  0x0000000002759000 JavaThread "Finalizer" daemon [_thread_blocked, id=24416, stack(0x0000000015f10000,0x0000000016010000)]
  0x000000001402d000 JavaThread "Reference Handler" daemon [_thread_blocked, id=39892, stack(0x0000000015e10000,0x0000000015f10000)]
  0x00000000027be000 JavaThread "main" [_thread_blocked, id=20580, stack(0x0000000000050000,0x0000000000150000)]

Other Threads:
=>0x0000000014029000 VMThread [stack: 0x0000000015d10000,0x0000000015e10000] [id=8148]

VM state:at safepoint (shutting down)

VM Mutex/Monitor currently owned by a thread:  ([mutex/lock_event])
[0x00000000027bd4d0] Threads_lock - owner thread: 0x0000000014029000

Heap:
 PSYoungGen      total 104960K, used 74625K [0x00000000f5580000, 0x00000000fdd00000, 0x0000000100000000)
  eden space 77312K, 73% used [0x00000000f5580000,0x00000000f8cf7488,0x00000000fa100000)
  from space 27648K, 64% used [0x00000000fc200000,0x00000000fd369058,0x00000000fdd00000)
  to   space 30720K, 0% used [0x00000000fa100000,0x00000000fa100000,0x00000000fbf00000)
 ParOldGen       total 101888K, used 63893K [0x00000000e0000000, 0x00000000e6380000, 0x00000000f5580000)
  object space 101888K, 62% used [0x00000000e0000000,0x00000000e3e657a0,0x00000000e6380000)
 Metaspace       used 92174K, capacity 98932K, committed 99200K, reserved 1134592K
  class space    used 11196K, capacity 13336K, committed 13440K, reserved 1048576K

Card table byte_map: [0x0000000011b80000,0x0000000011c90000] byte_map_base: 0x0000000011480000

Marking Bits: (ParMarkBitMap*) 0x0000000057094040
 Begin Bits: [0x0000000012540000, 0x0000000012d40000)
 End Bits:   [0x0000000012d40000, 0x0000000013540000)

Polling page: 0x00000000004f0000

CodeCache: size=245760Kb used=50461Kb max_used=50487Kb free=195298Kb
 bounds [0x00000000027c0000, 0x0000000005970000, 0x00000000117c0000]
 total_blobs=14312 nmethods=13428 adapters=789
 compilation: enabled

Compilation events (10 events):
Event: 468.191 Thread 0x00000000160a6000 16669       3       java.lang.Thread::exit (51 bytes)
Event: 468.191 Thread 0x00000000160a6000 nmethod 16669 0x0000000005923a50 code [0x0000000005923bc0, 0x0000000005923e68]
Event: 468.191 Thread 0x00000000160a2000 nmethod 16671 0x0000000005957950 code [0x0000000005957b00, 0x0000000005958488]
Event: 468.233 Thread 0x00000000160a6000 16675   !   3       org.eclipse.osgi.internal.baseadaptor.BaseStorage::compact (215 bytes)
Event: 468.234 Thread 0x00000000160a6000 nmethod 16675 0x0000000005959390 code [0x00000000059597e0, 0x000000000595bca8]
Event: 468.234 Thread 0x000000001604c000 16676       4       java.io.File::isDirectory (43 bytes)
Event: 468.237 Thread 0x000000001604c000 nmethod 16676 0x0000000003dcdd10 code [0x0000000003dcde60, 0x0000000003dce068]
Event: 468.264 Thread 0x000000001609a800 nmethod 16661 0x00000000059623d0 code [0x00000000059627c0, 0x0000000005966100]
Event: 468.287 Thread 0x00000000160a6000 16677       3       org.eclipse.osgi.framework.internal.core.AbstractBundle::close (52 bytes)
Event: 468.287 Thread 0x00000000160a6000 nmethod 16677 0x0000000005956490 code [0x00000000059566c0, 0x00000000059573c8]

GC Heap History (10 events):
Event: 272.480 GC heap before
{Heap before GC invocations=26 (full 4):
 PSYoungGen      total 100864K, used 100748K [0x00000000f5580000, 0x00000000ff800000, 0x0000000100000000)
  eden space 88576K, 100% used [0x00000000f5580000,0x00000000fac00000,0x00000000fac00000)
  from space 12288K, 99% used [0x00000000fae80000,0x00000000fba63278,0x00000000fba80000)
  to   space 38912K, 0% used [0x00000000fd200000,0x00000000fd200000,0x00000000ff800000)
 ParOldGen       total 101888K, used 63853K [0x00000000e0000000, 0x00000000e6380000, 0x00000000f5580000)
  object space 101888K, 62% used [0x00000000e0000000,0x00000000e3e5b7a0,0x00000000e6380000)
 Metaspace       used 90036K, capacity 96988K, committed 97280K, reserved 1132544K
  class space    used 11053K, capacity 13199K, committed 13312K, reserved 1048576K
Event: 272.488 GC heap after
Heap after GC invocations=26 (full 4):
 PSYoungGen      total 118272K, used 14491K [0x00000000f5580000, 0x00000000ff180000, 0x0000000100000000)
  eden space 86016K, 0% used [0x00000000f5580000,0x00000000f5580000,0x00000000fa980000)
  from space 32256K, 44% used [0x00000000fd200000,0x00000000fe026fc0,0x00000000ff180000)
  to   space 36864K, 0% used [0x00000000fa980000,0x00000000fa980000,0x00000000fcd80000)
 ParOldGen       total 101888K, used 63861K [0x00000000e0000000, 0x00000000e6380000, 0x00000000f5580000)
  object space 101888K, 62% used [0x00000000e0000000,0x00000000e3e5d7a0,0x00000000e6380000)
 Metaspace       used 90036K, capacity 96988K, committed 97280K, reserved 1132544K
  class space    used 11053K, capacity 13199K, committed 13312K, reserved 1048576K
}
Event: 318.757 GC heap before
{Heap before GC invocations=27 (full 4):
 PSYoungGen      total 118272K, used 100507K [0x00000000f5580000, 0x00000000ff180000, 0x0000000100000000)
  eden space 86016K, 100% used [0x00000000f5580000,0x00000000fa980000,0x00000000fa980000)
  from space 32256K, 44% used [0x00000000fd200000,0x00000000fe026fc0,0x00000000ff180000)
  to   space 36864K, 0% used [0x00000000fa980000,0x00000000fa980000,0x00000000fcd80000)
 ParOldGen       total 101888K, used 63861K [0x00000000e0000000, 0x00000000e6380000, 0x00000000f5580000)
  object space 101888K, 62% used [0x00000000e0000000,0x00000000e3e5d7a0,0x00000000e6380000)
 Metaspace       used 90581K, capacity 97596K, committed 98048K, reserved 1134592K
  class space    used 11085K, capacity 13231K, committed 13312K, reserved 1048576K
Event: 318.764 GC heap after
Heap after GC invocations=27 (full 4):
 PSYoungGen      total 99840K, used 16036K [0x00000000f5580000, 0x00000000feb00000, 0x0000000100000000)
  eden space 83456K, 0% used [0x00000000f5580000,0x00000000f5580000,0x00000000fa700000)
  from space 16384K, 97% used [0x00000000fa980000,0x00000000fb929040,0x00000000fb980000)
  to   space 34816K, 0% used [0x00000000fc900000,0x00000000fc900000,0x00000000feb00000)
 ParOldGen       total 101888K, used 63869K [0x00000000e0000000, 0x00000000e6380000, 0x00000000f5580000)
  object space 101888K, 62% used [0x00000000e0000000,0x00000000e3e5f7a0,0x00000000e6380000)
 Metaspace       used 90581K, capacity 97596K, committed 98048K, reserved 1134592K
  class space    used 11085K, capacity 13231K, committed 13312K, reserved 1048576K
}
Event: 339.537 GC heap before
{Heap before GC invocations=28 (full 4):
 PSYoungGen      total 99840K, used 99492K [0x00000000f5580000, 0x00000000feb00000, 0x0000000100000000)
  eden space 83456K, 100% used [0x00000000f5580000,0x00000000fa700000,0x00000000fa700000)
  from space 16384K, 97% used [0x00000000fa980000,0x00000000fb929040,0x00000000fb980000)
  to   space 34816K, 0% used [0x00000000fc900000,0x00000000fc900000,0x00000000feb00000)
 ParOldGen       total 101888K, used 63869K [0x00000000e0000000, 0x00000000e6380000, 0x00000000f5580000)
  object space 101888K, 62% used [0x00000000e0000000,0x00000000e3e5f7a0,0x00000000e6380000)
 Metaspace       used 90843K, capacity 98050K, committed 98304K, reserved 1134592K
  class space    used 11091K, capacity 13232K, committed 13312K, reserved 1048576K
Event: 339.543 GC heap after
Heap after GC invocations=28 (full 4):
 PSYoungGen      total 110080K, used 15622K [0x00000000f5580000, 0x00000000fe500000, 0x0000000100000000)
  eden space 81408K, 0% used [0x00000000f5580000,0x00000000f5580000,0x00000000fa500000)
  from space 28672K, 54% used [0x00000000fc900000,0x00000000fd8418a8,0x00000000fe500000)
  to   space 32768K, 0% used [0x00000000fa500000,0x00000000fa500000,0x00000000fc500000)
 ParOldGen       total 101888K, used 63877K [0x00000000e0000000, 0x00000000e6380000, 0x00000000f5580000)
  object space 101888K, 62% used [0x00000000e0000000,0x00000000e3e617a0,0x00000000e6380000)
 Metaspace       used 90843K, capacity 98050K, committed 98304K, reserved 1134592K
  class space    used 11091K, capacity 13232K, committed 13312K, reserved 1048576K
}
Event: 387.645 GC heap before
{Heap before GC invocations=29 (full 4):
 PSYoungGen      total 110080K, used 97030K [0x00000000f5580000, 0x00000000fe500000, 0x0000000100000000)
  eden space 81408K, 100% used [0x00000000f5580000,0x00000000fa500000,0x00000000fa500000)
  from space 28672K, 54% used [0x00000000fc900000,0x00000000fd8418a8,0x00000000fe500000)
  to   space 32768K, 0% used [0x00000000fa500000,0x00000000fa500000,0x00000000fc500000)
 ParOldGen       total 101888K, used 63877K [0x00000000e0000000, 0x00000000e6380000, 0x00000000f5580000)
  object space 101888K, 62% used [0x00000000e0000000,0x00000000e3e617a0,0x00000000e6380000)
 Metaspace       used 91126K, capacity 98114K, committed 98560K, reserved 1134592K
  class space    used 11110K, capacity 13232K, committed 13312K, reserved 1048576K
Event: 387.651 GC heap after
Heap after GC invocations=29 (full 4):
 PSYoungGen      total 96768K, used 17087K [0x00000000f5580000, 0x00000000fe100000, 0x0000000100000000)
  eden space 79360K, 0% used [0x00000000f5580000,0x00000000f5580000,0x00000000fa300000)
  from space 17408K, 98% used [0x00000000fa500000,0x00000000fb5afe28,0x00000000fb600000)
  to   space 31744K, 0% used [0x00000000fc200000,0x00000000fc200000,0x00000000fe100000)
 ParOldGen       total 101888K, used 63885K [0x00000000e0000000, 0x00000000e6380000, 0x00000000f5580000)
  object space 101888K, 62% used [0x00000000e0000000,0x00000000e3e637a0,0x00000000e6380000)
 Metaspace       used 91126K, capacity 98114K, committed 98560K, reserved 1134592K
  class space    used 11110K, capacity 13232K, committed 13312K, reserved 1048576K
}
Event: 460.708 GC heap before
{Heap before GC invocations=30 (full 4):
 PSYoungGen      total 96768K, used 96447K [0x00000000f5580000, 0x00000000fe100000, 0x0000000100000000)
  eden space 79360K, 100% used [0x00000000f5580000,0x00000000fa300000,0x00000000fa300000)
  from space 17408K, 98% used [0x00000000fa500000,0x00000000fb5afe28,0x00000000fb600000)
  to   space 31744K, 0% used [0x00000000fc200000,0x00000000fc200000,0x00000000fe100000)
 ParOldGen       total 101888K, used 63885K [0x00000000e0000000, 0x00000000e6380000, 0x00000000f5580000)
  object space 101888K, 62% used [0x00000000e0000000,0x00000000e3e637a0,0x00000000e6380000)
 Metaspace       used 91408K, capacity 98372K, committed 98816K, reserved 1134592K
  class space    used 11115K, capacity 13234K, committed 13312K, reserved 1048576K
Event: 460.714 GC heap after
Heap after GC invocations=30 (full 4):
 PSYoungGen      total 104960K, used 17828K [0x00000000f5580000, 0x00000000fdd00000, 0x0000000100000000)
  eden space 77312K, 0% used [0x00000000f5580000,0x00000000f5580000,0x00000000fa100000)
  from space 27648K, 64% used [0x00000000fc200000,0x00000000fd369058,0x00000000fdd00000)
  to   space 30720K, 0% used [0x00000000fa100000,0x00000000fa100000,0x00000000fbf00000)
 ParOldGen       total 101888K, used 63893K [0x00000000e0000000, 0x00000000e6380000, 0x00000000f5580000)
  object space 101888K, 62% used [0x00000000e0000000,0x00000000e3e657a0,0x00000000e6380000)
 Metaspace       used 91408K, capacity 98372K, committed 98816K, reserved 1134592K
  class space    used 11115K, capacity 13234K, committed 13312K, reserved 1048576K
}

Deoptimization events (10 events):
Event: 468.177 Thread 0x00000000179d7800 Uncommon trap: reason=unstable_if action=reinterpret pc=0x00000000057b90a0 method=org.eclipse.core.internal.jobs.WorkerPool.startJob(Lorg/eclipse/core/internal/jobs/Worker;)Lorg/eclipse/core/internal/jobs/InternalJob; @ 177
Event: 468.177 Thread 0x0000000020e8f000 Uncommon trap: reason=unstable_if action=reinterpret pc=0x00000000057b90a0 method=org.eclipse.core.internal.jobs.WorkerPool.startJob(Lorg/eclipse/core/internal/jobs/Worker;)Lorg/eclipse/core/internal/jobs/InternalJob; @ 177
Event: 468.177 Thread 0x000000002131b000 Uncommon trap: reason=unstable_if action=reinterpret pc=0x00000000057b90a0 method=org.eclipse.core.internal.jobs.WorkerPool.startJob(Lorg/eclipse/core/internal/jobs/Worker;)Lorg/eclipse/core/internal/jobs/InternalJob; @ 177
Event: 468.177 Thread 0x0000000018761800 Uncommon trap: reason=unstable_if action=reinterpret pc=0x00000000057b90a0 method=org.eclipse.core.internal.jobs.WorkerPool.startJob(Lorg/eclipse/core/internal/jobs/Worker;)Lorg/eclipse/core/internal/jobs/InternalJob; @ 177
Event: 468.177 Thread 0x0000000018762800 Uncommon trap: reason=unstable_if action=reinterpret pc=0x00000000057b90a0 method=org.eclipse.core.internal.jobs.WorkerPool.startJob(Lorg/eclipse/core/internal/jobs/Worker;)Lorg/eclipse/core/internal/jobs/InternalJob; @ 177
Event: 468.177 Thread 0x000000001d12c800 Uncommon trap: reason=unstable_if action=reinterpret pc=0x00000000057b90a0 method=org.eclipse.core.internal.jobs.WorkerPool.startJob(Lorg/eclipse/core/internal/jobs/Worker;)Lorg/eclipse/core/internal/jobs/InternalJob; @ 177
Event: 468.177 Thread 0x0000000021319800 Uncommon trap: reason=unstable_if action=reinterpret pc=0x00000000057b90a0 method=org.eclipse.core.internal.jobs.WorkerPool.startJob(Lorg/eclipse/core/internal/jobs/Worker;)Lorg/eclipse/core/internal/jobs/InternalJob; @ 177
Event: 468.177 Thread 0x000000002131a800 Uncommon trap: reason=unstable_if action=reinterpret pc=0x00000000057b90a0 method=org.eclipse.core.internal.jobs.WorkerPool.startJob(Lorg/eclipse/core/internal/jobs/Worker;)Lorg/eclipse/core/internal/jobs/InternalJob; @ 177
Event: 468.178 Thread 0x0000000021319000 Uncommon trap: reason=unstable_if action=reinterpret pc=0x00000000057b90a0 method=org.eclipse.core.internal.jobs.WorkerPool.startJob(Lorg/eclipse/core/internal/jobs/Worker;)Lorg/eclipse/core/internal/jobs/InternalJob; @ 177
Event: 468.287 Thread 0x00000000027be000 Uncommon trap: reason=unstable_if action=reinterpret pc=0x0000000003ef8850 method=sun.reflect.UnsafeStaticObjectFieldAccessorImpl.set(Ljava/lang/Object;Ljava/lang/Object;)V @ 13

Internal exceptions (10 events):
Event: 467.303 Thread 0x0000000020e8e000 Exception <a 'java/lang/InterruptedException'> (0x00000000f7d1ac50) thrown at [C:\re\workspace\8-2-build-windows-amd64-cygwin\jdk8u45\3627\hotspot\src\share\vm\runtime\objectMonitor.cpp, line 1683]
Event: 467.366 Thread 0x00000000027be000 Implicit null exception at 0x0000000003dc8348 to 0x0000000003dc8649
Event: 467.607 Thread 0x0000000020e92000 Exception <a 'java/lang/InterruptedException'> (0x00000000f8625868) thrown at [C:\re\workspace\8-2-build-windows-amd64-cygwin\jdk8u45\3627\hotspot\src\share\vm\runtime\objectMonitor.cpp, line 1683]
Event: 468.140 Thread 0x00000000027be000 Implicit null exception at 0x0000000003323077 to 0x0000000003324d29
Event: 468.166 Thread 0x0000000017d92800 Implicit null exception at 0x000000000385f242 to 0x000000000385f3dd
Event: 468.189 Thread 0x00000000173db000 Exception <a 'java/lang/InterruptedException': sleep interrupted> (0x00000000f8a10388) thrown at [C:\re\workspace\8-2-build-windows-amd64-cygwin\jdk8u45\3627\hotspot\src\share\vm\prims\jvm.cpp, line 3211]
Event: 468.193 Thread 0x000000001d131000 Exception <a 'java/lang/InterruptedException'> (0x00000000f8ad17b0) thrown at [C:\re\workspace\8-2-build-windows-amd64-cygwin\jdk8u45\3627\hotspot\src\share\vm\runtime\objectMonitor.cpp, line 1683]
Event: 468.193 Thread 0x0000000017f1c800 Exception <a 'java/lang/InterruptedException'> (0x00000000f8aecb58) thrown at [C:\re\workspace\8-2-build-windows-amd64-cygwin\jdk8u45\3627\hotspot\src\share\vm\runtime\objectMonitor.cpp, line 1683]
Event: 468.287 Thread 0x0000000017d92800 Exception <a 'java/lang/InterruptedException'> (0x00000000f8a0f7f0) thrown at [C:\re\workspace\8-2-build-windows-amd64-cygwin\jdk8u45\3627\hotspot\src\share\vm\runtime\objectMonitor.cpp, line 1683]
Event: 468.287 Thread 0x00000000027be000 Implicit null exception at 0x0000000003ef854f to 0x0000000003ef883d

Events (10 events):
Event: 468.287 loading class java/util/IdentityHashMap$KeyIterator
Event: 468.287 loading class java/util/IdentityHashMap$IdentityHashMapIterator
Event: 468.287 loading class java/util/IdentityHashMap$IdentityHashMapIterator done
Event: 468.287 loading class java/util/IdentityHashMap$KeyIterator done
Event: 468.288 Thread 0x000000001875c800 Thread added: 0x000000001875c800
Event: 468.288 Thread 0x00000000160a6000 flushing nmethod 0x0000000003dc2cd0
Event: 468.288 Thread 0x000000001875c800 Thread exited: 0x000000001875c800
Event: 468.288 Thread 0x00000000160a6000 flushing nmethod 0x0000000003f62750
Event: 468.288 Thread 0x00000000160a6000 flushing nmethod 0x0000000003fa5a50
Event: 468.288 Executing VM operation: Exit


Dynamic libraries:
0x0000000000400000 - 0x000000000044f000 	D:\Xilinx\SDK\2015.4\eclipse\win64.o\eclipse.exe
0x00007fff711d0000 - 0x00007fff713a1000 	C:\windows\SYSTEM32\ntdll.dll
0x00007fff6e8c0000 - 0x00007fff6e96b000 	C:\windows\System32\KERNEL32.DLL
0x00007fff6da00000 - 0x00007fff6dc1d000 	C:\windows\System32\KERNELBASE.dll
0x00007fff71030000 - 0x00007fff71195000 	C:\windows\System32\USER32.dll
0x00007fff6de60000 - 0x00007fff6de7e000 	C:\windows\System32\win32u.dll
0x00007fff6eaa0000 - 0x00007fff6ead4000 	C:\windows\System32\GDI32.dll
0x00007fff6dc20000 - 0x00007fff6dda2000 	C:\windows\System32\gdi32full.dll
0x00007fff6ea00000 - 0x00007fff6ea9e000 	C:\windows\System32\msvcrt.dll
0x00007fff63f60000 - 0x00007fff641d9000 	C:\windows\WinSxS\amd64_microsoft.windows.common-controls_6595b64144ccf1df_6.0.14393.447_none_42191651c6827bb3\COMCTL32.dll
0x00007fff70d60000 - 0x00007fff71028000 	C:\windows\System32\combase.dll
0x00007fff6d900000 - 0x00007fff6d9f5000 	C:\windows\System32\ucrtbase.dll
0x00007fff6eae0000 - 0x00007fff6ec01000 	C:\windows\System32\RPCRT4.dll
0x00007fff6d6c0000 - 0x00007fff6d72a000 	C:\windows\System32\bcryptPrimitives.dll
0x00007fff6ec10000 - 0x00007fff6ec3e000 	C:\windows\System32\IMM32.DLL
0x0000000072000000 - 0x0000000072012000 	D:\Xilinx\SDK\2015.4\eclipse\win64.o\plugins\org.eclipse.equinox.launcher.win32.win32.x86_64_1.1.200.v20140116-2212\eclipse_1503.dll
0x00007fff70b70000 - 0x00007fff70c12000 	C:\windows\System32\ADVAPI32.dll
0x00007fff6f5a0000 - 0x00007fff6f5f9000 	C:\windows\System32\sechost.dll
0x00007fff69950000 - 0x00007fff6995a000 	C:\windows\SYSTEM32\VERSION.dll
0x00007fff6bd90000 - 0x00007fff6be25000 	C:\windows\system32\uxtheme.dll
0x00007fff6f340000 - 0x00007fff6f49b000 	C:\windows\System32\MSCTF.dll
0x00007fff6e760000 - 0x00007fff6e81f000 	C:\windows\System32\OLEAUT32.dll
0x00007fff6e6c0000 - 0x00007fff6e75c000 	C:\windows\System32\msvcp_win.dll
0x0000000056890000 - 0x0000000057113000 	D:\Xilinx\SDK\2015.4\tps\win64\jre\bin\server\jvm.dll
0x00007fff6e9e0000 - 0x00007fff6e9e8000 	C:\windows\System32\PSAPI.DLL
0x00007fff6b9b0000 - 0x00007fff6b9d3000 	C:\windows\SYSTEM32\WINMM.dll
0x00007fff674a0000 - 0x00007fff674a9000 	C:\windows\SYSTEM32\WSOCK32.dll
0x00000000574c0000 - 0x0000000057592000 	C:\windows\SYSTEM32\MSVCR100.dll
0x00007fff6ec40000 - 0x00007fff6ecaa000 	C:\windows\System32\WS2_32.dll
0x00007fff6b950000 - 0x00007fff6b97b000 	C:\windows\SYSTEM32\WINMMBASE.dll
0x00007fff6e5c0000 - 0x00007fff6e602000 	C:\windows\System32\cfgmgr32.dll
0x0000000056750000 - 0x000000005675f000 	D:\Xilinx\SDK\2015.4\tps\win64\jre\bin\verify.dll
0x0000000056720000 - 0x0000000056749000 	D:\Xilinx\SDK\2015.4\tps\win64\jre\bin\java.dll
0x0000000056700000 - 0x0000000056716000 	D:\Xilinx\SDK\2015.4\tps\win64\jre\bin\zip.dll
0x00007fff6f600000 - 0x00007fff70b09000 	C:\windows\System32\SHELL32.dll
0x00007fff6de80000 - 0x00007fff6e55a000 	C:\windows\System32\windows.storage.dll
0x00007fff6d670000 - 0x00007fff6d6bc000 	C:\windows\System32\powrprof.dll
0x00007fff6ecb0000 - 0x00007fff6ed02000 	C:\windows\System32\shlwapi.dll
0x00007fff6d660000 - 0x00007fff6d66f000 	C:\windows\System32\kernel.appcore.dll
0x00007fff6e610000 - 0x00007fff6e6b9000 	C:\windows\System32\shcore.dll
0x00007fff6d630000 - 0x00007fff6d644000 	C:\windows\System32\profapi.dll
0x00007fff6d070000 - 0x00007fff6d087000 	C:\windows\SYSTEM32\CRYPTSP.dll
0x00007fff6cae0000 - 0x00007fff6cb13000 	C:\windows\system32\rsaenh.dll
0x00007fff6d570000 - 0x00007fff6d59b000 	C:\windows\SYSTEM32\bcrypt.dll
0x00007fff6cd50000 - 0x00007fff6cd6f000 	C:\windows\SYSTEM32\USERENV.dll
0x00007fff6d090000 - 0x00007fff6d09b000 	C:\windows\SYSTEM32\CRYPTBASE.dll
0x00000000566e0000 - 0x00000000566fa000 	D:\Xilinx\SDK\2015.4\tps\win64\jre\bin\net.dll
0x00007fff6ced0000 - 0x00007fff6cf2c000 	C:\windows\system32\mswsock.dll
0x00007fff6cc60000 - 0x00007fff6cc98000 	C:\windows\SYSTEM32\IPHLPAPI.DLL
0x00007fff6e9f0000 - 0x00007fff6e9f8000 	C:\windows\System32\NSI.dll
0x00007fff68990000 - 0x00007fff689a6000 	C:\windows\SYSTEM32\dhcpcsvc6.DLL
0x00007fff68970000 - 0x00007fff6898a000 	C:\windows\SYSTEM32\dhcpcsvc.DLL
0x00000000566c0000 - 0x00000000566d1000 	D:\Xilinx\SDK\2015.4\tps\win64\jre\bin\nio.dll
0x00007fff5fc40000 - 0x00007fff5fc56000 	C:\windows\system32\napinsp.dll
0x00007fff5fc60000 - 0x00007fff5fc7a000 	C:\windows\system32\pnrpnsp.dll
0x00007fff6b2d0000 - 0x00007fff6b2e8000 	C:\windows\system32\NLAapi.dll
0x00007fff6cca0000 - 0x00007fff6cd40000 	C:\windows\SYSTEM32\DNSAPI.dll
0x00007fff5fc80000 - 0x00007fff5fc8e000 	C:\windows\System32\winrnr.dll
0x00007fff67f50000 - 0x00007fff67f5a000 	C:\Windows\System32\rasadhlp.dll
0x00007fff68060000 - 0x00007fff680ca000 	C:\windows\System32\fwpuclnt.dll
0x00007fff70c20000 - 0x00007fff70d57000 	C:\windows\System32\ole32.dll
0x00007fff6e820000 - 0x00007fff6e8bf000 	C:\windows\System32\clbcatq.dll
0x00007fff57e30000 - 0x00007fff58265000 	C:\Program Files (x86)\Baidu\BaiduPinyin\5.0.3900.0\UIPFullx64.dll
0x00007fff5edf0000 - 0x00007fff5ee55000 	C:\windows\SYSTEM32\OLEACC.dll
0x00007fff63410000 - 0x00007fff63417000 	C:\windows\SYSTEM32\MSIMG32.dll
0x00007fff58640000 - 0x00007fff5872f000 	C:\Program Files (x86)\Baidu\BaiduPinyin\5.0.3900.0\imefreetypex64.dll
0x00007fff63510000 - 0x00007fff636aa000 	C:\windows\WinSxS\amd64_microsoft.windows.gdiplus_6595b64144ccf1df_1.1.14393.321_none_72fe05dd211a5fae\gdiplus.dll
0x00007fff59750000 - 0x00007fff597a9000 	C:\Program Files (x86)\Baidu\BaiduPinyin\5.0.3900.0\imepngx64.dll
0x00007fff58f50000 - 0x00007fff58f8a000 	C:\Program Files (x86)\Baidu\BaiduPinyin\5.0.3900.0\imezlibx64.dll
0x00007fff6d270000 - 0x00007fff6d29c000 	C:\windows\SYSTEM32\SspiCli.dll
0x00007fff6c9b0000 - 0x00007fff6c9e2000 	C:\windows\SYSTEM32\ntmarta.dll
0x00007fff6ad50000 - 0x00007fff6aef8000 	C:\windows\SYSTEM32\WindowsCodecs.dll
0x000000001b3e0000 - 0x000000001b488000 	C:\Users\Administrator\.Xilinx\SDK\2015.4\org.eclipse.osgi\bundles\303\1\.cp\swt-win32-4335.dll
0x00007fff6f4a0000 - 0x00007fff6f59a000 	C:\windows\System32\comdlg32.dll
0x00007fff6d730000 - 0x00007fff6d8f9000 	C:\windows\System32\CRYPT32.dll
0x00007fff6d650000 - 0x00007fff6d660000 	C:\windows\System32\MSASN1.dll
0x00007fff52450000 - 0x00007fff524d5000 	C:\windows\SYSTEM32\WINSPOOL.DRV
0x00007fff647c0000 - 0x00007fff647d9000 	C:\windows\SYSTEM32\USP10.dll
0x00007fff65030000 - 0x00007fff652c3000 	C:\windows\SYSTEM32\WININET.dll
0x00007fff6b460000 - 0x00007fff6b486000 	C:\windows\system32\dwmapi.dll
0x00007fff6b0b0000 - 0x00007fff6b235000 	C:\windows\SYSTEM32\propsys.dll
0x000000001b4e0000 - 0x000000001b4fe000 	C:\Users\Administrator\.Xilinx\SDK\2015.4\org.eclipse.osgi\bundles\303\1\.cp\swt-gdip-win32-4335.dll
0x0000000180000000 - 0x0000000180012000 	C:\Users\Administrator\.Xilinx\SDK\2015.4\org.eclipse.osgi\bundles\121\1\.cp\os\win32\x86_64\localfile_1_0_0.dll
0x00007fff647a0000 - 0x00007fff647b1000 	C:\Users\Administrator\.Xilinx\SDK\2015.4\org.eclipse.osgi\bundles\124\1\.cp\jWinHttp-1.0.0.dll
0x00007fff67f80000 - 0x00007fff6804d000 	C:\windows\SYSTEM32\WINHTTP.dll
0x00007fff6ab10000 - 0x00007fff6ab1f000 	D:\Xilinx\SDK\2015.4\lib\win64.o\librdi_repo_manager.dll
0x00007fff27170000 - 0x00007fff27afd000 	D:\Xilinx\SDK\2015.4\lib\win64.o\librdi_common.dll
0x00007fff28c10000 - 0x00007fff28dfc000 	D:\Xilinx\SDK\2015.4\lib\win64.o\librdi_hsm.dll
0x00007fff64740000 - 0x00007fff64794000 	D:\Xilinx\SDK\2015.4\lib\win64.o\librdi_commonxillic.dll
0x00007fff64710000 - 0x00007fff6473a000 	D:\Xilinx\SDK\2015.4\lib\win64.o\libisl_sysinfo.dll
0x00007fff565c0000 - 0x00007fff56667000 	C:\windows\SYSTEM32\MSVCP110.dll
0x00007fff521d0000 - 0x00007fff522a4000 	C:\windows\SYSTEM32\MSVCR110.dll
0x00007fff26640000 - 0x00007fff269ae000 	D:\Xilinx\SDK\2015.4\lib\win64.o\libCOIN-all.dll
0x00007fff26da0000 - 0x00007fff26fbe000 	D:\Xilinx\SDK\2015.4\lib\win64.o\libXil_lmgr11.dll
0x00007fff646e0000 - 0x00007fff64702000 	D:\Xilinx\SDK\2015.4\lib\win64.o\libboost_filesystem.dll
0x00007fff6e560000 - 0x00007fff6e5b5000 	C:\windows\System32\WINTRUST.dll
0x00007fff64660000 - 0x00007fff646d4000 	D:\Xilinx\SDK\2015.4\lib\win64.o\libboost_program_options.dll
0x00007fff2c250000 - 0x00007fff2c34a000 	D:\Xilinx\SDK\2015.4\lib\win64.o\libboost_regex.dll
0x00007fff64640000 - 0x00007fff64653000 	D:\Xilinx\SDK\2015.4\lib\win64.o\libboost_signals.dll
0x00007fff66280000 - 0x00007fff66290000 	D:\Xilinx\SDK\2015.4\lib\win64.o\libboost_date_time.dll
0x00007fff65d10000 - 0x00007fff65d19000 	D:\Xilinx\SDK\2015.4\lib\win64.o\libboost_system.dll
0x00007fff64620000 - 0x00007fff6463d000 	D:\Xilinx\SDK\2015.4\lib\win64.o\libboost_thread.dll
0x00007fff654b0000 - 0x00007fff654bb000 	D:\Xilinx\SDK\2015.4\lib\win64.o\libboost_xilinx.dll
0x00007fff61840000 - 0x00007fff618c0000 	D:\Xilinx\SDK\2015.4\lib\win64.o\libhdlpsolve.dll
0x00007fff4ff80000 - 0x00007fff5001a000 	D:\Xilinx\SDK\2015.4\lib\win64.o\libhdxml.dll
0x00007fff63db0000 - 0x00007fff63dc5000 	D:\Xilinx\SDK\2015.4\lib\win64.o\pthreadVC2.dll
0x00007fff26c70000 - 0x00007fff26da0000 	D:\Xilinx\SDK\2015.4\lib\win64.o\librdi_curl.dll
0x00007fff26200000 - 0x00007fff26634e00 	D:\Xilinx\SDK\2015.4\lib\win64.o\libisl_iostreams.dll
0x00007fff63d50000 - 0x00007fff63d68000 	D:\Xilinx\SDK\2015.4\lib\win64.o\librdiconfig.dll
0x00007fff61810000 - 0x00007fff61833000 	D:\Xilinx\SDK\2015.4\lib\win64.o\librdizlib.dll
0x0000000056760000 - 0x0000000056887000 	D:\Xilinx\SDK\2015.4\lib\win64.o\tcl85t.dll
0x0000000024920000 - 0x0000000024b83000 	D:\Xilinx\SDK\2015.4\lib\win64.o\xerces-c_3_1.dll
0x00007fff65540000 - 0x00007fff65702000 	C:\windows\SYSTEM32\urlmon.dll
0x00007fff5c360000 - 0x00007fff5c383000 	C:\windows\SYSTEM32\VCOMP110.DLL
0x00007fff25fa0000 - 0x00007fff261f5000 	D:\Xilinx\SDK\2015.4\lib\win64.o\librdi_ippcw.dll
0x00007fff5f280000 - 0x00007fff5f2c3000 	D:\Xilinx\SDK\2015.4\lib\win64.o\librdi_hdf.dll
0x00007fff5f640000 - 0x00007fff5f658000 	C:\windows\SYSTEM32\NETAPI32.dll
0x00007fff65420000 - 0x00007fff6542b000 	D:\Xilinx\SDK\2015.4\lib\win64.o\libboost_chrono.dll
0x00007fff65ef0000 - 0x00007fff66193000 	C:\windows\SYSTEM32\iertutil.dll
0x00007fff5f410000 - 0x00007fff5f433000 	D:\Xilinx\SDK\2015.4\lib\win64.o\libisl_iosutils.dll
0x00007fff5fb90000 - 0x00007fff5fba6000 	D:\Xilinx\SDK\2015.4\lib\win64.o\libboost_iostreams.dll
0x00007fff5bdd0000 - 0x00007fff5be12000 	C:\windows\SYSTEM32\edputil.dll
0x00007fff24290000 - 0x00007fff24aa0000 	D:\Xilinx\SDK\2015.4\lib\win64.o\libXil_lmgr11FNP.dll
0x00007fff6ef10000 - 0x00007fff6f339000 	C:\windows\System32\SETUPAPI.dll
0x00007fff62190000 - 0x00007fff6219c000 	C:\windows\SYSTEM32\snmpapi.dll
0x00007fff6c270000 - 0x00007fff6c298000 	C:\windows\SYSTEM32\DEVOBJ.dll
0x00007fff5fa30000 - 0x00007fff5fa46000 	D:\Xilinx\SDK\2015.4\eclipse\win64.o\plugins\org.eclipse.cdt.core.win32.x86_64_5.2.0.201402142303\os\win32\x86_64\spawner.dll
0x00007fff5f400000 - 0x00007fff5f40a000 	D:\Xilinx\SDK\2015.4\lib\win64.o\librdi_jtag_settings.dll

VM Arguments:
jvm_args: -Dcom.xilinx.sdk.args.hwspec=D:/MIZ_SOC/SEASON_03/CH06_MIZ701N_7725/Miz_sys/Miz_sys.sdk/system_wrapper.hdf -Xms64m -Xmx512m & 
java_command: <unknown>
java_class_path (initial): D:\Xilinx\SDK\2015.4\eclipse\win64.o\\plugins/org.eclipse.equinox.launcher_1.3.0.v20130327-1440.jar
Launcher Type: generic

Environment Variables:
PATH=D:/Xilinx/SDK/2015.4/tps/win64/jre/bin/server;D:/Xilinx/SDK/2015.4/tps/win64/jre/bin;D:/Xilinx/SDK/2015.4/tps/win64/jre/lib/amd64;D:\Xilinx\SDK\2015.4\gnuwin\bin;D:\Xilinx\SDK\2015.4\gnu\microblaze\nt\bin;D:\Xilinx\SDK\2015.4\gnu\microblaze\linux_toolchain\nt64_le\bin;D:\Xilinx\SDK\2015.4\gnu\microblaze\linux_toolchain\nt64_be\bin;D:\Xilinx\SDK\2015.4\gnu\arm\nt\bin;D:\Xilinx\SDK\2015.4\gnu\aarch64\nt\aarch64-none\bin;D:\Xilinx\SDK\2015.4\gnu\aarch64\nt\aarch64-linux\bin;D:\Xilinx\SDK\2015.4\gnu\armr5\nt\gcc-arm-none-eabi\bin;D:\Xilinx\SDK\2015.4\gnu\aarch32\nt\gcc-arm-none-eabi\bin;D:\Xilinx\SDK\2015.4\gnu\aarch32\nt\gcc-arm-linux-gnueabi\bin;D:\Xilinx\SDK\2015.4\bin;D:\Xilinx\SDK\2015.4\lib\win64.o;D:\Xilinx\SDK\2015.4\tps\win64\jre\bin\server;D:\Xilinx\SDK\2015.4\tps\win64\jre\bin;D:\Xilinx\Vivado\2015.4\ids_lite\ISE\bin\nt64;D:\Xilinx\Vivado\2015.4\ids_lite\ISE\lib\nt64;D:\Xilinx\Vivado\2015.4\bin;D:\Xilinx\Vivado\2015.4\lib\win64.o;D:\Xilinx\Vivado\2015.4\tps\win64\jre\bin\server;D:\Xilinx\Vivado\2015.4\tps\win64\jre\bin;D:\Xilinx\Vivado_HLS\2015.4\bin;C:\windows\system32;C:\windows;C:\windows\System32\Wbem;C:\windows\System32\WindowsPowerShell\v1.0\;C:\Program Files (x86)\Altium Designer Summer 09\System;C:\Users\Administrator\AppData\Local\Microsoft\WindowsApps;;d:\MIZ_SOC\SEASON_03\CH06_MIZ701N_7725\Miz_sys;
USERNAME=Administrator
OS=Windows_NT
PROCESSOR_IDENTIFIER=Intel64 Family 6 Model 94 Stepping 3, GenuineIntel



---------------  S Y S T E M  ---------------

OS: Windows 10.0 , 64 bit Build 14393 (10.0.14393.0)

CPU:total 8 (4 cores per cpu, 2 threads per core) family 6 model 94 stepping 3, cmov, cx8, fxsr, mmx, sse, sse2, sse3, ssse3, sse4.1, sse4.2, popcnt, avx, avx2, aes, clmul, erms, rtm, 3dnowpref, lzcnt, ht, tsc, tscinvbit, bmi1, bmi2, adx

Memory: 4k page, physical 16728064k(5787908k free), swap 20970372k(3802608k free)

vm_info: Java HotSpot(TM) 64-Bit Server VM (25.45-b02) for windows-amd64 JRE (1.8.0_45-b15), built on Apr 30 2015 12:40:44 by "java_re" with MS VC++ 10.0 (VS2010)

time: Sat Feb 11 21:34:12 2017
elapsed time: 479 seconds (0d 0h 7m 59s)

