#
# A fatal error has been detected by the Java Runtime Environment:
#
#  Internal Error (0xc000000d), pid=3176, tid=9360
#
# JRE version: Java(TM) SE Runtime Environment (8.0_66-b18) (build 1.8.0_66-b18)
# Java VM: Java HotSpot(TM) 64-Bit Server VM (25.66-b18 mixed mode windows-amd64 compressed oops)
# Problematic frame:
# C  [ntdll.dll+0xf56b0]
#
# Failed to write core dump. Minidumps are not enabled by default on client versions of Windows
#
# If you would like to submit a bug report, please visit:
#   http://bugreport.java.com/bugreport/crash.jsp
#

---------------  T H R E A D  ---------------

Current thread (0x000000001403a000):  VMThread [stack: 0x0000000015d10000,0x0000000015e10000] [id=9360]

siginfo: ExceptionCode=0xc000000d

Registers:
RAX=0x0000000000000000, RBX=0xfffffffffffffffe, RCX=0x0000000000000000, RDX=0x0000000000000000
RSP=0x0000000015e0f3b0, RBP=0x00007ffea5bc7408, RSI=0x0000000000000000, RDI=0x0000000000000b38
R8 =0x0000000000000000, R9 =0x0000000000020000, R10=0x0000000015e0ee90, R11=0x0000000015e0ee90
R12=0x000000002c40dd40, R13=0x0000000029622980, R14=0x000000002c40de48, R15=0x0000000015e0f528
RIP=0x00007ffec8fe56b0, EFLAGS=0x0000000000000206

Top of Stack: (sp=0x0000000015e0f3b0)
0x0000000015e0f3b0:   0000000000000001 fffffffffffffffe
0x0000000015e0f3c0:   0000000000000000 0000000000000b38
0x0000000015e0f3d0:   00000000c000000d 0000000000000000
0x0000000015e0f3e0:   00007ffec8fe56b0 0000000000000000
0x0000000015e0f3f0:   0000000000000000 0000000000000000
0x0000000015e0f400:   0000000000000000 0000000000000000
0x0000000015e0f410:   0000000000000000 0000000000000000
0x0000000015e0f420:   0000000000000000 0000000000000000
0x0000000015e0f430:   0000000000000000 0000000000000000
0x0000000015e0f440:   0000000000000000 0000000000000000
0x0000000015e0f450:   0000000000000000 0000000000000000
0x0000000015e0f460:   0000000000000000 0000000000000000
0x0000000015e0f470:   0000a7d45413109a 0000000000000040
0x0000000015e0f480:   0000000000000000 00007ffec8fa047f
0x0000000015e0f490:   0000000000000000 0000000000000050
0x0000000015e0f4a0:   0000000000000005 00007ffec8f15b14 

Instructions: (pc=0x00007ffec8fe56b0)
0x00007ffec8fe5690:   62 fb ff c7 44 24 20 0d 00 00 c0 b9 57 00 00 00
0x00007ffec8fe56a0:   e8 7b 34 f5 ff 90 48 8d 4c 24 20 e8 00 12 f4 ff
0x00007ffec8fe56b0:   eb 00 48 8b 8c 24 c0 00 00 00 48 33 cc e8 1e 01
0x00007ffec8fe56c0:   fa ff 48 81 c4 d8 00 00 00 c3 40 55 48 83 ec 20 


Register to memory mapping:

RAX=0x0000000000000000 is an unknown value
RBX=0xfffffffffffffffe is an unknown value
RCX=0x0000000000000000 is an unknown value
RDX=0x0000000000000000 is an unknown value
RSP=0x0000000015e0f3b0 is an unknown value
RBP=0x00007ffea5bc7408 is an unknown value
RSI=0x0000000000000000 is an unknown value
RDI=0x0000000000000b38 is an unknown value
R8 =0x0000000000000000 is an unknown value
R9 =0x0000000000020000 is an unknown value
R10=0x0000000015e0ee90 is an unknown value
R11=0x0000000015e0ee90 is an unknown value
R12=0x000000002c40dd40 is an unknown value
R13=0x0000000029622980 is an unknown value
R14=0x000000002c40de48 is an unknown value
R15=0x0000000015e0f528 is an unknown value


Stack: [0x0000000015d10000,0x0000000015e10000],  sp=0x0000000015e0f3b0,  free space=1020k
Native frames: (J=compiled Java code, j=interpreted, Vv=VM code, C=native code)
C  [ntdll.dll+0xf56b0]
C  [ntdll.dll+0xb047f]
C  [KERNEL32.DLL+0x28c6a]
C  [MSVCR110.dll+0x752d]
C  [MSVCR110.dll+0x73c6]
C  [MSVCR110.dll+0x14cca]
C  [MSVCR110.dll+0x13edc]
C  [MSVCR110.dll+0x239e]
C  [MSVCR110.dll+0xaf9e]
C  [MSVCP110.dll+0x39a7d]
C  [librdi_common.dll+0x183a66]
C  [librdi_common.dll+0x1826fb]
C  [librdi_target_manager.dll+0x2400]
C  [librdi_target_manager.dll+0x2682]
C  [ntdll.dll+0x15208]
C  [ntdll.dll+0x5b2aa]
C  [ntdll.dll+0x5b13a]
C  [KERNEL32.DLL+0x24d8a]
C  [MSVCR100.dll+0x20ccd]
V  [jvm.dll+0x210cc5]
V  [jvm.dll+0x249897]
V  [jvm.dll+0x248b36]
V  [jvm.dll+0x248fd1]
V  [jvm.dll+0x2491ee]
V  [jvm.dll+0x29a0fa]
C  [MSVCR100.dll+0x21d9f]
C  [MSVCR100.dll+0x21e3b]
C  [KERNEL32.DLL+0x18102]
C  [ntdll.dll+0x5c574]

VM_Operation (0x000000000014f4c0): Exit, mode: safepoint, requested by thread 0x00000000020de000


---------------  P R O C E S S  ---------------

Java Threads: ( => current thread )
  0x0000000021bae000 JavaThread "Thread-30" daemon [_thread_blocked, id=12436, stack(0x000000002cce0000,0x000000002cde0000)]
  0x0000000021bb2000 JavaThread "TCF Channel Transmitter" daemon [_thread_blocked, id=12824, stack(0x000000002b8e0000,0x000000002b9e0000)]
  0x0000000021baf000 JavaThread "TCF Channel Receiver" daemon [_thread_in_native, id=8316, stack(0x000000002b2c0000,0x000000002b3c0000)]
  0x0000000021e7e800 JavaThread "Process monitor" daemon [_thread_in_native, id=9148, stack(0x000000002a370000,0x000000002a470000)]
  0x0000000021e83000 JavaThread "Input Stream Monitor" daemon [_thread_blocked, id=1268, stack(0x0000000029f70000,0x000000002a070000)]
  0x0000000021e81000 JavaThread "Output Stream Monitor" daemon [_thread_in_native, id=11464, stack(0x0000000029e70000,0x0000000029f70000)]
  0x0000000021e80000 JavaThread "Output Stream Monitor" daemon [_thread_in_native, id=14016, stack(0x0000000029d70000,0x0000000029e70000)]
  0x0000000021e81800 JavaThread "TCF Locator DNS Lookup" daemon [_thread_blocked, id=4724, stack(0x00000000292c0000,0x00000000293c0000)]
  0x0000000021e76800 JavaThread "TCF Locator Timer" daemon [_thread_blocked, id=4864, stack(0x00000000291c0000,0x00000000292c0000)]
  0x0000000021e7d000 JavaThread "TCF Locator Receiver" daemon [_thread_in_native, id=11536, stack(0x0000000028c60000,0x0000000028d60000)]
  0x0000000021e7b800 JavaThread "TCF Timer Dispatcher" daemon [_thread_blocked, id=14108, stack(0x0000000028860000,0x0000000028960000)]
  0x000000001795b800 JavaThread "EMF Reference Cleaner" daemon [_thread_blocked, id=12560, stack(0x000000001ed10000,0x000000001ee10000)]
  0x0000000016142800 JavaThread "Service Thread" daemon [_thread_blocked, id=6368, stack(0x0000000016a10000,0x0000000016b10000)]
  0x00000000160a2800 JavaThread "C1 CompilerThread3" daemon [_thread_blocked, id=7164, stack(0x0000000016910000,0x0000000016a10000)]
  0x00000000160a1000 JavaThread "C2 CompilerThread2" daemon [_thread_blocked, id=13208, stack(0x0000000016810000,0x0000000016910000)]
  0x00000000160a2000 JavaThread "C2 CompilerThread1" daemon [_thread_blocked, id=10980, stack(0x0000000016710000,0x0000000016810000)]
  0x000000001609c000 JavaThread "C2 CompilerThread0" daemon [_thread_blocked, id=12244, stack(0x0000000016610000,0x0000000016710000)]
  0x0000000016097800 JavaThread "Attach Listener" daemon [_thread_blocked, id=10596, stack(0x0000000016510000,0x0000000016610000)]
  0x000000001604a800 JavaThread "Signal Dispatcher" daemon [_thread_blocked, id=12896, stack(0x0000000016410000,0x0000000016510000)]
  0x00000000027cc800 JavaThread "Finalizer" daemon [_thread_blocked, id=684, stack(0x0000000015f10000,0x0000000016010000)]
  0x00000000027c5000 JavaThread "Reference Handler" daemon [_thread_blocked, id=12976, stack(0x0000000015e10000,0x0000000015f10000)]
  0x00000000020de000 JavaThread "main" [_thread_blocked, id=5840, stack(0x0000000000050000,0x0000000000150000)]

Other Threads:
=>0x000000001403a000 VMThread [stack: 0x0000000015d10000,0x0000000015e10000] [id=9360]

VM state:at safepoint (shutting down)

VM Mutex/Monitor currently owned by a thread:  ([mutex/lock_event])
[0x00000000020ddae0] Threads_lock - owner thread: 0x000000001403a000

Heap:
 PSYoungGen      total 80896K, used 57417K [0x00000000f5580000, 0x00000000fde80000, 0x0000000100000000)
  eden space 72704K, 78% used [0x00000000f5580000,0x00000000f8d92438,0x00000000f9c80000)
  from space 8192K, 0% used [0x00000000f9c80000,0x00000000f9c80000,0x00000000fa480000)
  to   space 33792K, 0% used [0x00000000fbd80000,0x00000000fbd80000,0x00000000fde80000)
 ParOldGen       total 121856K, used 67004K [0x00000000e0000000, 0x00000000e7700000, 0x00000000f5580000)
  object space 121856K, 54% used [0x00000000e0000000,0x00000000e416f130,0x00000000e7700000)
 Metaspace       used 91119K, capacity 98132K, committed 98584K, reserved 1134592K
  class space    used 11071K, capacity 13233K, committed 13360K, reserved 1048576K

Card table byte_map: [0x0000000011b90000,0x0000000011ca0000] byte_map_base: 0x0000000011490000

Marking Bits: (ParMarkBitMap*) 0x00000000510aa5b0
 Begin Bits: [0x0000000012550000, 0x0000000012d50000)
 End Bits:   [0x0000000012d50000, 0x0000000013550000)

Polling page: 0x00000000004b0000

CodeCache: size=245760Kb used=34640Kb max_used=35379Kb free=211119Kb
 bounds [0x00000000027d0000, 0x0000000004aa0000, 0x00000000117d0000]
 total_blobs=10202 nmethods=9305 adapters=804
 compilation: enabled

Compilation events (10 events):
Event: 152.143 Thread 0x00000000160a2800 11528       3       org.eclipse.osgi.storage.bundlefile.MRUBundleFileList::removeInternal (37 bytes)
Event: 152.143 Thread 0x00000000160a2800 nmethod 11528 0x00000000030d2290 code [0x00000000030d2400, 0x00000000030d2870]
Event: 152.143 Thread 0x00000000160a2800 11529   !   3       org.eclipse.osgi.storage.BundleInfo$Generation::close (34 bytes)
Event: 152.144 Thread 0x00000000160a2800 nmethod 11529 0x0000000002d613d0 code [0x0000000002d61540, 0x0000000002d61968]
Event: 152.144 Thread 0x00000000160a2800 11531       3       java.util.TimSort::mergeLo (659 bytes)
Event: 152.145 Thread 0x00000000160a2800 nmethod 11531 0x0000000003c4f450 code [0x0000000003c4f780, 0x0000000003c51918]
Event: 152.146 Thread 0x00000000160a2800 11532       3       java.util.concurrent.atomic.AtomicLong::get (5 bytes)
Event: 152.146 Thread 0x00000000160a2800 nmethod 11532 0x000000000372ae90 code [0x000000000372afe0, 0x000000000372b130]
Event: 152.147 Thread 0x00000000160a2800 11533       3       org.eclipse.osgi.container.Module::holdsTransitionEventLock (25 bytes)
Event: 152.147 Thread 0x00000000160a2800 nmethod 11533 0x00000000030c6790 code [0x00000000030c6920, 0x00000000030c7048]

GC Heap History (10 events):
Event: 76.504 GC heap before
{Heap before GC invocations=20 (full 4):
 PSYoungGen      total 105472K, used 22273K [0x00000000f5580000, 0x00000000fdf80000, 0x0000000100000000)
  eden space 71168K, 0% used [0x00000000f5580000,0x00000000f5580000,0x00000000f9b00000)
  from space 34304K, 64% used [0x00000000fbd00000,0x00000000fd2c0798,0x00000000fde80000)
  to   space 34816K, 0% used [0x00000000f9b00000,0x00000000f9b00000,0x00000000fbd00000)
 ParOldGen       total 121856K, used 45440K [0x00000000e0000000, 0x00000000e7700000, 0x00000000f5580000)
  object space 121856K, 37% used [0x00000000e0000000,0x00000000e2c60148,0x00000000e7700000)
 Metaspace       used 87243K, capacity 94300K, committed 94488K, reserved 1130496K
  class space    used 10669K, capacity 12798K, committed 12848K, reserved 1048576K
Event: 76.815 GC heap after
Heap after GC invocations=20 (full 4):
 PSYoungGen      total 105472K, used 0K [0x00000000f5580000, 0x00000000fdf80000, 0x0000000100000000)
  eden space 71168K, 0% used [0x00000000f5580000,0x00000000f5580000,0x00000000f9b00000)
  from space 34304K, 0% used [0x00000000fbd00000,0x00000000fbd00000,0x00000000fde80000)
  to   space 34816K, 0% used [0x00000000f9b00000,0x00000000f9b00000,0x00000000fbd00000)
 ParOldGen       total 121856K, used 62127K [0x00000000e0000000, 0x00000000e7700000, 0x00000000f5580000)
  object space 121856K, 50% used [0x00000000e0000000,0x00000000e3cabce8,0x00000000e7700000)
 Metaspace       used 87243K, capacity 94300K, committed 94488K, reserved 1130496K
  class space    used 10669K, capacity 12798K, committed 12848K, reserved 1048576K
}
Event: 86.421 GC heap before
{Heap before GC invocations=21 (full 4):
 PSYoungGen      total 105472K, used 71168K [0x00000000f5580000, 0x00000000fdf80000, 0x0000000100000000)
  eden space 71168K, 100% used [0x00000000f5580000,0x00000000f9b00000,0x00000000f9b00000)
  from space 34304K, 0% used [0x00000000fbd00000,0x00000000fbd00000,0x00000000fde80000)
  to   space 34816K, 0% used [0x00000000f9b00000,0x00000000f9b00000,0x00000000fbd00000)
 ParOldGen       total 121856K, used 62127K [0x00000000e0000000, 0x00000000e7700000, 0x00000000f5580000)
  object space 121856K, 50% used [0x00000000e0000000,0x00000000e3cabce8,0x00000000e7700000)
 Metaspace       used 88497K, capacity 95488K, committed 95768K, reserved 1132544K
  class space    used 10873K, capacity 13026K, committed 13104K, reserved 1048576K
Event: 86.426 GC heap after
Heap after GC invocations=21 (full 4):
 PSYoungGen      total 105984K, used 5096K [0x00000000f5580000, 0x00000000fe300000, 0x0000000100000000)
  eden space 71168K, 0% used [0x00000000f5580000,0x00000000f5580000,0x00000000f9b00000)
  from space 34816K, 14% used [0x00000000f9b00000,0x00000000f9ffa010,0x00000000fbd00000)
  to   space 35328K, 0% used [0x00000000fc080000,0x00000000fc080000,0x00000000fe300000)
 ParOldGen       total 121856K, used 62135K [0x00000000e0000000, 0x00000000e7700000, 0x00000000f5580000)
  object space 121856K, 50% used [0x00000000e0000000,0x00000000e3cadce8,0x00000000e7700000)
 Metaspace       used 88497K, capacity 95488K, committed 95768K, reserved 1132544K
  class space    used 10873K, capacity 13026K, committed 13104K, reserved 1048576K
}
Event: 105.724 GC heap before
{Heap before GC invocations=22 (full 4):
 PSYoungGen      total 105984K, used 76264K [0x00000000f5580000, 0x00000000fe300000, 0x0000000100000000)
  eden space 71168K, 100% used [0x00000000f5580000,0x00000000f9b00000,0x00000000f9b00000)
  from space 34816K, 14% used [0x00000000f9b00000,0x00000000f9ffa010,0x00000000fbd00000)
  to   space 35328K, 0% used [0x00000000fc080000,0x00000000fc080000,0x00000000fe300000)
 ParOldGen       total 121856K, used 62135K [0x00000000e0000000, 0x00000000e7700000, 0x00000000f5580000)
  object space 121856K, 50% used [0x00000000e0000000,0x00000000e3cadce8,0x00000000e7700000)
 Metaspace       used 89015K, capacity 96006K, committed 96280K, reserved 1132544K
  class space    used 10888K, capacity 13027K, committed 13104K, reserved 1048576K
Event: 105.728 GC heap after
Heap after GC invocations=22 (full 4):
 PSYoungGen      total 105472K, used 7123K [0x00000000f5580000, 0x00000000fe080000, 0x0000000100000000)
  eden space 72704K, 0% used [0x00000000f5580000,0x00000000f5580000,0x00000000f9c80000)
  from space 32768K, 21% used [0x00000000fc080000,0x00000000fc774fb8,0x00000000fe080000)
  to   space 34816K, 0% used [0x00000000f9c80000,0x00000000f9c80000,0x00000000fbe80000)
 ParOldGen       total 121856K, used 62143K [0x00000000e0000000, 0x00000000e7700000, 0x00000000f5580000)
  object space 121856K, 50% used [0x00000000e0000000,0x00000000e3cafce8,0x00000000e7700000)
 Metaspace       used 89015K, capacity 96006K, committed 96280K, reserved 1132544K
  class space    used 10888K, capacity 13027K, committed 13104K, reserved 1048576K
}
Event: 148.146 GC heap before
{Heap before GC invocations=23 (full 4):
 PSYoungGen      total 105472K, used 60184K [0x00000000f5580000, 0x00000000fe080000, 0x0000000100000000)
  eden space 72704K, 72% used [0x00000000f5580000,0x00000000f89510d8,0x00000000f9c80000)
  from space 32768K, 21% used [0x00000000fc080000,0x00000000fc774fb8,0x00000000fe080000)
  to   space 34816K, 0% used [0x00000000f9c80000,0x00000000f9c80000,0x00000000fbe80000)
 ParOldGen       total 121856K, used 62143K [0x00000000e0000000, 0x00000000e7700000, 0x00000000f5580000)
  object space 121856K, 50% used [0x00000000e0000000,0x00000000e3cafce8,0x00000000e7700000)
 Metaspace       used 89880K, capacity 97014K, committed 97304K, reserved 1134592K
  class space    used 10950K, capacity 13099K, committed 13104K, reserved 1048576K
Event: 148.156 GC heap after
Heap after GC invocations=23 (full 4):
 PSYoungGen      total 80896K, used 8115K [0x00000000f5580000, 0x00000000fde80000, 0x0000000100000000)
  eden space 72704K, 0% used [0x00000000f5580000,0x00000000f5580000,0x00000000f9c80000)
  from space 8192K, 99% used [0x00000000f9c80000,0x00000000fa46ce50,0x00000000fa480000)
  to   space 33792K, 0% used [0x00000000fbd80000,0x00000000fbd80000,0x00000000fde80000)
 ParOldGen       total 121856K, used 62151K [0x00000000e0000000, 0x00000000e7700000, 0x00000000f5580000)
  object space 121856K, 51% used [0x00000000e0000000,0x00000000e3cb1ce8,0x00000000e7700000)
 Metaspace       used 89880K, capacity 97014K, committed 97304K, reserved 1134592K
  class space    used 10950K, capacity 13099K, committed 13104K, reserved 1048576K
}
Event: 148.156 GC heap before
{Heap before GC invocations=24 (full 5):
 PSYoungGen      total 80896K, used 8115K [0x00000000f5580000, 0x00000000fde80000, 0x0000000100000000)
  eden space 72704K, 0% used [0x00000000f5580000,0x00000000f5580000,0x00000000f9c80000)
  from space 8192K, 99% used [0x00000000f9c80000,0x00000000fa46ce50,0x00000000fa480000)
  to   space 33792K, 0% used [0x00000000fbd80000,0x00000000fbd80000,0x00000000fde80000)
 ParOldGen       total 121856K, used 62151K [0x00000000e0000000, 0x00000000e7700000, 0x00000000f5580000)
  object space 121856K, 51% used [0x00000000e0000000,0x00000000e3cb1ce8,0x00000000e7700000)
 Metaspace       used 89880K, capacity 97014K, committed 97304K, reserved 1134592K
  class space    used 10950K, capacity 13099K, committed 13104K, reserved 1048576K
Event: 148.440 GC heap after
Heap after GC invocations=24 (full 5):
 PSYoungGen      total 80896K, used 0K [0x00000000f5580000, 0x00000000fde80000, 0x0000000100000000)
  eden space 72704K, 0% used [0x00000000f5580000,0x00000000f5580000,0x00000000f9c80000)
  from space 8192K, 0% used [0x00000000f9c80000,0x00000000f9c80000,0x00000000fa480000)
  to   space 33792K, 0% used [0x00000000fbd80000,0x00000000fbd80000,0x00000000fde80000)
 ParOldGen       total 121856K, used 67004K [0x00000000e0000000, 0x00000000e7700000, 0x00000000f5580000)
  object space 121856K, 54% used [0x00000000e0000000,0x00000000e416f130,0x00000000e7700000)
 Metaspace       used 89880K, capacity 97014K, committed 97304K, reserved 1134592K
  class space    used 10950K, capacity 13099K, committed 13104K, reserved 1048576K
}

Deoptimization events (10 events):
Event: 151.563 Thread 0x000000001714d800 Uncommon trap: reason=predicate action=maybe_recompile pc=0x00000000031c6f1c method=java.util.Arrays.fill([Ljava/lang/Object;Ljava/lang/Object;)V @ 10
Event: 151.563 Thread 0x000000002527f800 Uncommon trap: reason=predicate action=maybe_recompile pc=0x0000000004607d50 method=java.util.concurrent.CopyOnWriteArrayList.indexOf(Ljava/lang/Object;[Ljava/lang/Object;II)I @ 41
Event: 151.565 Thread 0x000000002527f800 Uncommon trap: reason=unstable_if action=reinterpret pc=0x0000000004653824 method=org.eclipse.swt.graphics.Resource.dispose()V @ 15
Event: 151.567 Thread 0x000000002527f800 Uncommon trap: reason=unstable_if action=reinterpret pc=0x0000000002d6e1c4 method=sun.nio.cs.UTF_8$Encoder.encodeArrayLoop(Ljava/nio/CharBuffer;Ljava/nio/ByteBuffer;)Ljava/nio/charset/CoderResult; @ 87
Event: 151.569 Thread 0x000000001714d800 Uncommon trap: reason=array_check action=maybe_recompile pc=0x00000000031ab738 method=java.util.Arrays.fill([Ljava/lang/Object;Ljava/lang/Object;)V @ 13
Event: 151.569 Thread 0x000000001714d800 Uncommon trap: reason=array_check action=maybe_recompile pc=0x00000000031ab738 method=java.util.Arrays.fill([Ljava/lang/Object;Ljava/lang/Object;)V @ 13
Event: 151.571 Thread 0x000000001714d800 Uncommon trap: reason=array_check action=maybe_recompile pc=0x00000000031ab738 method=java.util.Arrays.fill([Ljava/lang/Object;Ljava/lang/Object;)V @ 13
Event: 151.571 Thread 0x000000001714d800 Uncommon trap: reason=array_check action=maybe_recompile pc=0x00000000031ab738 method=java.util.Arrays.fill([Ljava/lang/Object;Ljava/lang/Object;)V @ 13
Event: 152.092 Thread 0x000000002527f800 Uncommon trap: reason=unstable_if action=reinterpret pc=0x00000000036b2c28 method=org.eclipse.osgi.internal.hooks.EclipseLazyStarter.shouldActivateFor(Ljava/lang/String;Lorg/eclipse/osgi/container/Module;Lorg/eclipse/osgi/container/ModuleRevision;Lorg/ecli»ÞEQ{c@
Event: 152.140 Thread 0x000000002527f800 Uncommon trap: reason=unstable_if action=reinterpret pc=0x000000000424f2fc method=sun.reflect.UnsafeStaticObjectFieldAccessorImpl.set(Ljava/lang/Object;Ljava/lang/Object;)V @ 13

Internal exceptions (10 events):
Event: 151.526 Thread 0x00000000020de000 Exception <a 'java/io/FileNotFoundException'> (0x00000000f83f4ae0) thrown at [C:\re\workspace\8-2-build-windows-amd64-cygwin\jdk8u66\5298\hotspot\src\share\vm\prims\jni.cpp, line 709]
Event: 151.526 Thread 0x00000000020de000 Exception <a 'java/io/FileNotFoundException'> (0x00000000f83f6710) thrown at [C:\re\workspace\8-2-build-windows-amd64-cygwin\jdk8u66\5298\hotspot\src\share\vm\prims\jni.cpp, line 709]
Event: 151.526 Thread 0x00000000020de000 Exception <a 'java/io/FileNotFoundException'> (0x00000000f83f8350) thrown at [C:\re\workspace\8-2-build-windows-amd64-cygwin\jdk8u66\5298\hotspot\src\share\vm\prims\jni.cpp, line 709]
Event: 151.526 Thread 0x00000000020de000 Exception <a 'java/io/FileNotFoundException'> (0x00000000f83fa0c8) thrown at [C:\re\workspace\8-2-build-windows-amd64-cygwin\jdk8u66\5298\hotspot\src\share\vm\prims\jni.cpp, line 709]
Event: 151.557 Thread 0x0000000021bb0800 Exception <a 'java/lang/InterruptedException'> (0x00000000f87a7958) thrown at [C:\re\workspace\8-2-build-windows-amd64-cygwin\jdk8u66\5298\hotspot\src\share\vm\runtime\objectMonitor.cpp, line 1683]
Event: 152.128 Thread 0x0000000021e78000 Exception <a 'java/lang/InterruptedException'> (0x00000000f84c46a8) thrown at [C:\re\workspace\8-2-build-windows-amd64-cygwin\jdk8u66\5298\hotspot\src\share\vm\runtime\objectMonitor.cpp, line 1683]
Event: 152.140 Thread 0x000000002527f800 Implicit null exception at 0x000000000424efb7 to 0x000000000424f2e9
Event: 152.140 Thread 0x000000001714d800 Exception <a 'java/lang/InterruptedException'> (0x00000000f8b63d18) thrown at [C:\re\workspace\8-2-build-windows-amd64-cygwin\jdk8u66\5298\hotspot\src\share\vm\runtime\objectMonitor.cpp, line 1683]
Event: 152.144 Thread 0x00000000160a5000 Exception <a 'java/lang/InterruptedException'> (0x00000000f5a3b320) thrown at [C:\re\workspace\8-2-build-windows-amd64-cygwin\jdk8u66\5298\hotspot\src\share\vm\runtime\objectMonitor.cpp, line 1683]
Event: 152.144 Thread 0x000000001714d000 Exception <a 'java/lang/InterruptedException'> (0x00000000f8d36728) thrown at [C:\re\workspace\8-2-build-windows-amd64-cygwin\jdk8u66\5298\hotspot\src\share\vm\runtime\objectMonitor.cpp, line 1683]

Events (10 events):
Event: 152.146 Thread 0x000000002527f800 Thread exited: 0x000000002527f800
Event: 152.146 Thread 0x00000000160a2800 flushing nmethod 0x00000000030d31d0
Event: 152.146 loading class java/util/IdentityHashMap$KeyIterator
Event: 152.146 loading class java/util/IdentityHashMap$IdentityHashMapIterator
Event: 152.146 loading class java/util/IdentityHashMap$IdentityHashMapIterator done
Event: 152.146 loading class java/util/IdentityHashMap$KeyIterator done
Event: 152.146 Thread 0x000000002527c800 Thread added: 0x000000002527c800
Event: 152.146 Thread 0x000000002527c800 Thread exited: 0x000000002527c800
Event: 152.146 Thread 0x00000000160a2800 flushing nmethod 0x000000000331a110
Event: 152.147 Executing VM operation: Exit


Dynamic libraries:
0x0000000000400000 - 0x000000000044f000 	D:\Xilinx\SDK\2016.4\eclipse\win64.o\eclipse.exe
0x00007ffec8ef0000 - 0x00007ffec90b1000 	C:\Windows\SYSTEM32\ntdll.dll
0x00007ffec64f0000 - 0x00007ffec659d000 	C:\Windows\system32\KERNEL32.DLL
0x00007ffec5890000 - 0x00007ffec5a78000 	C:\Windows\system32\KERNELBASE.dll
0x00007ffec6990000 - 0x00007ffec6ae6000 	C:\Windows\system32\USER32.dll
0x00007ffec67a0000 - 0x00007ffec6926000 	C:\Windows\system32\GDI32.dll
0x00007ffec8e50000 - 0x00007ffec8eed000 	C:\Windows\system32\msvcrt.dll
0x00007ffeaf5a0000 - 0x00007ffeaf814000 	C:\Windows\WinSxS\amd64_microsoft.windows.common-controls_6595b64144ccf1df_6.0.10586.0_none_8c15ae12515e1c22\COMCTL32.dll
0x00007ffec7500000 - 0x00007ffec777d000 	C:\Windows\system32\combase.dll
0x00007ffec7060000 - 0x00007ffec717c000 	C:\Windows\system32\RPCRT4.dll
0x00007ffec55c0000 - 0x00007ffec562a000 	C:\Windows\system32\bcryptPrimitives.dll
0x00007ffec6700000 - 0x00007ffec673b000 	C:\Windows\system32\IMM32.DLL
0x0000000072000000 - 0x0000000072012000 	D:\Xilinx\SDK\2016.4\eclipse\win64.o\plugins\org.eclipse.equinox.launcher.win32.win32.x86_64_1.1.300.v20150602-1417\eclipse_1611.dll
0x00007ffec65a0000 - 0x00007ffec6647000 	C:\Windows\system32\ADVAPI32.dll
0x00007ffec6430000 - 0x00007ffec648b000 	C:\Windows\system32\sechost.dll
0x00007ffec08e0000 - 0x00007ffec08ea000 	C:\Windows\SYSTEM32\VERSION.dll
0x00007ffec3f10000 - 0x00007ffec3fa6000 	C:\Windows\system32\uxtheme.dll
0x00007ffec7180000 - 0x00007ffec72da000 	C:\Windows\system32\MSCTF.dll
0x00000000508a0000 - 0x0000000051129000 	D:\Xilinx\SDK\2016.4\tps\win64\jre\bin\server\jvm.dll
0x00007ffec8cf0000 - 0x00007ffec8cf8000 	C:\Windows\system32\PSAPI.DLL
0x00007ffeb81c0000 - 0x00007ffeb81c9000 	C:\Windows\SYSTEM32\WSOCK32.dll
0x00007ffec3760000 - 0x00007ffec3783000 	C:\Windows\SYSTEM32\WINMM.dll
0x0000000053820000 - 0x00000000538f2000 	C:\Windows\SYSTEM32\MSVCR100.dll
0x00007ffec72e0000 - 0x00007ffec734b000 	C:\Windows\system32\WS2_32.dll
0x00007ffec3700000 - 0x00007ffec372c000 	C:\Windows\SYSTEM32\WINMMBASE.dll
0x00007ffec62a0000 - 0x00007ffec62e3000 	C:\Windows\system32\cfgmgr32.dll
0x0000000052040000 - 0x000000005204f000 	D:\Xilinx\SDK\2016.4\tps\win64\jre\bin\verify.dll
0x0000000050870000 - 0x0000000050899000 	D:\Xilinx\SDK\2016.4\tps\win64\jre\bin\java.dll
0x0000000050850000 - 0x0000000050866000 	D:\Xilinx\SDK\2016.4\tps\win64\jre\bin\zip.dll
0x00007ffec7780000 - 0x00007ffec8cdc000 	C:\Windows\system32\SHELL32.dll
0x00007ffec5a80000 - 0x00007ffec60c5000 	C:\Windows\system32\windows.storage.dll
0x00007ffec6930000 - 0x00007ffec6982000 	C:\Windows\system32\shlwapi.dll
0x00007ffec5570000 - 0x00007ffec557f000 	C:\Windows\system32\kernel.appcore.dll
0x00007ffec5720000 - 0x00007ffec57d5000 	C:\Windows\system32\shcore.dll
0x00007ffec5510000 - 0x00007ffec555b000 	C:\Windows\system32\powrprof.dll
0x00007ffec5580000 - 0x00007ffec5594000 	C:\Windows\system32\profapi.dll
0x00007ffec4e60000 - 0x00007ffec4e77000 	C:\Windows\SYSTEM32\CRYPTSP.dll
0x00007ffec4af0000 - 0x00007ffec4b24000 	C:\Windows\system32\rsaenh.dll
0x00007ffec5440000 - 0x00007ffec5469000 	C:\Windows\SYSTEM32\bcrypt.dll
0x00007ffec4c40000 - 0x00007ffec4c5f000 	C:\Windows\SYSTEM32\USERENV.dll
0x00007ffec4f80000 - 0x00007ffec4f8b000 	C:\Windows\SYSTEM32\CRYPTBASE.dll
0x0000000050830000 - 0x000000005084a000 	D:\Xilinx\SDK\2016.4\tps\win64\jre\bin\net.dll
0x00007ffec4db0000 - 0x00007ffec4e0c000 	C:\Windows\system32\mswsock.dll
0x00007ffec0cd0000 - 0x00007ffec0d08000 	C:\Windows\SYSTEM32\IPHLPAPI.DLL
0x00007ffec6af0000 - 0x00007ffec6af8000 	C:\Windows\system32\NSI.dll
0x00007ffec0b00000 - 0x00007ffec0b16000 	C:\Windows\SYSTEM32\dhcpcsvc6.DLL
0x00007ffec0be0000 - 0x00007ffec0bfa000 	C:\Windows\SYSTEM32\dhcpcsvc.DLL
0x0000000050810000 - 0x0000000050821000 	D:\Xilinx\SDK\2016.4\tps\win64\jre\bin\nio.dll
0x00007ffeb81a0000 - 0x00007ffeb81b6000 	C:\Windows\system32\napinsp.dll
0x00007ffeb8180000 - 0x00007ffeb819a000 	C:\Windows\system32\pnrpnsp.dll
0x00007ffec2ee0000 - 0x00007ffec2ef8000 	C:\Windows\system32\NLAapi.dll
0x00007ffec3e60000 - 0x00007ffec3f0a000 	C:\Windows\SYSTEM32\DNSAPI.dll
0x00007ffeb8130000 - 0x00007ffeb813d000 	C:\Windows\System32\winrnr.dll
0x0000000053390000 - 0x00000000533b6000 	C:\Program Files\Bonjour\mdnsNSP.dll
0x00007ffeb7bc0000 - 0x00007ffeb7bca000 	C:\Windows\System32\rasadhlp.dll
0x00007ffec0050000 - 0x00007ffec00b7000 	C:\Windows\System32\fwpuclnt.dll
0x00007ffec8d00000 - 0x00007ffec8e43000 	C:\Windows\system32\ole32.dll
0x00007ffec6650000 - 0x00007ffec66f7000 	C:\Windows\system32\clbcatq.dll
0x00007ffec6360000 - 0x00007ffec6421000 	C:\Windows\system32\OLEAUT32.dll
0x00007ffec3870000 - 0x00007ffec3877000 	C:\Windows\system32\MSIMG32.dll
0x00007ffea0350000 - 0x00007ffea0c07000 	C:\Windows\system32\SogouPy.ime
0x00007ffec11a0000 - 0x00007ffec120a000 	C:\Windows\SYSTEM32\OLEACC.dll
0x00007ffec49d0000 - 0x00007ffec4a01000 	C:\Windows\SYSTEM32\ntmarta.dll
0x000000001a3d0000 - 0x000000001a4af000 	D:\Program Files (x86)\sogoupinyin\8.5.0.1264\Resource.dll
0x00007ffec3640000 - 0x00007ffec3662000 	C:\Windows\SYSTEM32\dwmapi.dll
0x00007ffea81f0000 - 0x00007ffea8450000 	D:\Program Files (x86)\sogoupinyin\Components\PicFace\1.1.0.1737\PicFace64.dll
0x00007ffec6b20000 - 0x00007ffec6c2b000 	C:\Windows\system32\COMDLG32.dll
0x00007ffec5630000 - 0x00007ffec56b6000 	C:\Windows\system32\FirewallAPI.dll
0x00007ffec55a0000 - 0x00007ffec55b7000 	C:\Windows\system32\NETAPI32.dll
0x00007ffec3880000 - 0x00007ffec388c000 	C:\Windows\SYSTEM32\DAVHLPR.DLL
0x00007ffec4260000 - 0x00007ffec4292000 	C:\Windows\SYSTEM32\fwbase.dll
0x000000001f010000 - 0x000000001f0b8000 	C:\Users\Administrator\.Xilinx\SDK\2016.4\org.eclipse.osgi\319\0\.cp\swt-win32-4527.dll
0x00007ffec60d0000 - 0x00007ffec6297000 	C:\Windows\system32\CRYPT32.dll
0x00007ffec0680000 - 0x00007ffec0704000 	C:\Windows\SYSTEM32\WINSPOOL.DRV
0x00007ffeb6ff0000 - 0x00007ffeb7299000 	C:\Windows\SYSTEM32\WININET.dll
0x00007ffea63c0000 - 0x00007ffea63d8000 	C:\Windows\SYSTEM32\USP10.dll
0x00007ffec5560000 - 0x00007ffec5570000 	C:\Windows\system32\MSASN1.dll
0x00007ffec31c0000 - 0x00007ffec3346000 	C:\Windows\SYSTEM32\propsys.dll
0x000000001a2b0000 - 0x000000001a2ce000 	C:\Users\Administrator\.Xilinx\SDK\2016.4\org.eclipse.osgi\319\0\.cp\swt-gdip-win32-4527.dll
0x00007ffeb6710000 - 0x00007ffeb68b8000 	C:\Windows\WinSxS\amd64_microsoft.windows.gdiplus_6595b64144ccf1df_1.1.10586.20_none_db007f1392e69ef4\gdiplus.dll
0x00007ffec1f00000 - 0x00007ffec20b1000 	C:\Windows\SYSTEM32\WindowsCodecs.dll
0x0000000180000000 - 0x0000000180012000 	C:\Users\Administrator\.Xilinx\SDK\2016.4\org.eclipse.osgi\133\0\.cp\os\win32\x86_64\localfile_1_0_0.dll
0x00007ffea5e30000 - 0x00007ffea5e41000 	C:\Users\Administrator\.Xilinx\SDK\2016.4\org.eclipse.osgi\136\0\.cp\jWinHttp-1.0.0.dll
0x00007ffec20d0000 - 0x00007ffec2198000 	C:\Windows\SYSTEM32\WINHTTP.dll
0x00007ffeb2e20000 - 0x00007ffeb2e2f000 	D:\Xilinx\SDK\2016.4\lib\win64.o\librdi_repo_manager.dll
0x00007ffea55e0000 - 0x00007ffea560a000 	D:\Xilinx\SDK\2016.4\lib\win64.o\libisl_sysinfo.dll
0x00007ffe76570000 - 0x00007ffe7701a000 	D:\Xilinx\SDK\2016.4\lib\win64.o\librdi_common.dll
0x00007ffea14d0000 - 0x00007ffea1523000 	D:\Xilinx\SDK\2016.4\lib\win64.o\librdi_commonxillic.dll
0x00007ffe7af50000 - 0x00007ffe7b148000 	D:\Xilinx\SDK\2016.4\lib\win64.o\librdi_hsm.dll
0x00007ffea60c0000 - 0x00007ffea6167000 	C:\Windows\SYSTEM32\MSVCP110.dll
0x00007ffea5bc0000 - 0x00007ffea5c94000 	C:\Windows\SYSTEM32\MSVCR110.dll
0x00007ffe79d40000 - 0x00007ffe7a0ae000 	D:\Xilinx\SDK\2016.4\lib\win64.o\libCOIN-all.dll
0x00007ffeae500000 - 0x00007ffeae510000 	D:\Xilinx\SDK\2016.4\lib\win64.o\libboost_date_time.dll
0x00007ffea2c50000 - 0x00007ffea2c74000 	D:\Xilinx\SDK\2016.4\lib\win64.o\libboost_filesystem.dll
0x00007ffe7a380000 - 0x00007ffe7a59f000 	D:\Xilinx\SDK\2016.4\lib\win64.o\libXil_lmgr11.dll
0x00007ffec56c0000 - 0x00007ffec5715000 	C:\Windows\system32\WINTRUST.dll
0x00007ffea0e00000 - 0x00007ffea0e77000 	D:\Xilinx\SDK\2016.4\lib\win64.o\libboost_program_options.dll
0x00007ffe7ae40000 - 0x00007ffe7af46000 	D:\Xilinx\SDK\2016.4\lib\win64.o\libboost_regex.dll
0x00007ffeb1d40000 - 0x00007ffeb1d49000 	D:\Xilinx\SDK\2016.4\lib\win64.o\libboost_system.dll
0x00007ffea5420000 - 0x00007ffea5433000 	D:\Xilinx\SDK\2016.4\lib\win64.o\libboost_signals.dll
0x00007ffea4ce0000 - 0x00007ffea4cfd000 	D:\Xilinx\SDK\2016.4\lib\win64.o\libboost_thread.dll
0x00007ffeae220000 - 0x00007ffeae22b000 	D:\Xilinx\SDK\2016.4\lib\win64.o\libboost_xilinx.dll
0x00007ffe84900000 - 0x00007ffe84980000 	D:\Xilinx\SDK\2016.4\lib\win64.o\libhdlpsolve.dll
0x00007ffe9ff90000 - 0x00007ffea002a000 	D:\Xilinx\SDK\2016.4\lib\win64.o\libhdxml.dll
0x00007ffea2bd0000 - 0x00007ffea2be5000 	D:\Xilinx\SDK\2016.4\lib\win64.o\pthreadVC2.dll
0x00007ffe76440000 - 0x00007ffe76570000 	D:\Xilinx\SDK\2016.4\lib\win64.o\librdi_curl.dll
0x00007ffea1e60000 - 0x00007ffea1ea3000 	D:\Xilinx\SDK\2016.4\lib\win64.o\librdi_hdf.dll
0x00007ffe7a0b0000 - 0x00007ffe7a378000 	D:\Xilinx\SDK\2016.4\lib\win64.o\librdi_ippcw.dll
0x00000000501b0000 - 0x00000000502d7000 	D:\Xilinx\SDK\2016.4\lib\win64.o\tcl85t.dll
0x00007ffea14b0000 - 0x00007ffea14c8000 	D:\Xilinx\SDK\2016.4\lib\win64.o\librdiconfig.dll
0x00007ffea1490000 - 0x00007ffea14af000 	D:\Xilinx\SDK\2016.4\lib\win64.o\librdizlib.dll
0x00007ffeb7bd0000 - 0x00007ffeb7d88000 	C:\Windows\SYSTEM32\urlmon.dll
0x00007ffeb1d50000 - 0x00007ffeb1d73000 	C:\Windows\SYSTEM32\VCOMP110.DLL
0x000000002a100000 - 0x000000002a363000 	D:\Xilinx\SDK\2016.4\lib\win64.o\xerces-c_3_1.dll
0x00007ffe76000000 - 0x00007ffe763c9000 	D:\Xilinx\SDK\2016.4\lib\win64.o\libisl_iostreams.dll
0x00007ffeacf00000 - 0x00007ffeacf0b000 	D:\Xilinx\SDK\2016.4\lib\win64.o\libboost_chrono.dll
0x00007ffeb75a0000 - 0x00007ffeb7923000 	C:\Windows\SYSTEM32\iertutil.dll
0x00007ffe79cf0000 - 0x00007ffe79d13000 	D:\Xilinx\SDK\2016.4\lib\win64.o\libisl_iosutils.dll
0x00007ffe79d20000 - 0x00007ffe79d36000 	D:\Xilinx\SDK\2016.4\lib\win64.o\libboost_iostreams.dll
0x00007ffec1ae0000 - 0x00007ffec1aea000 	D:\Xilinx\SDK\2016.4\lib\win64.o\librdi_jtag_settings.dll
0x00007ffeb4ca0000 - 0x00007ffeb4cc9000 	D:\Xilinx\SDK\2016.4\lib\win64.o\librdi_debug_dialog.dll
0x00007ffec0f40000 - 0x00007ffec0f48000 	D:\Xilinx\SDK\2016.4\lib\win64.o\librdi_target_manager.dll
0x00007ffeae050000 - 0x00007ffeae0a0000 	C:\Windows\SYSTEM32\edputil.dll
0x00007ffeae7e0000 - 0x00007ffeae7f6000 	D:\Xilinx\SDK\2016.4\eclipse\win64.o\plugins\org.eclipse.cdt.core.win32.x86_64_5.4.0.201509131935\os\win32\x86_64\spawner.dll
0x00007ffe69d70000 - 0x00007ffe6a580000 	D:\Xilinx\SDK\2016.4\lib\win64.o\libXil_lmgr11FNP.dll
0x00007ffec6c30000 - 0x00007ffec7059000 	C:\Windows\system32\SETUPAPI.dll
0x00007ffec3850000 - 0x00007ffec385c000 	C:\Windows\SYSTEM32\snmpapi.dll
0x00007ffec5160000 - 0x00007ffec518d000 	C:\Windows\SYSTEM32\SspiCli.dll

VM Arguments:
jvm_args: -Dcom.xilinx.sdk.args.hwspec=F:/miz701N/7010/s3/S03_CH07_AXI_VDMA_OV5640/Miz_sys/Miz_sys.sdk/system_wrapper.hdf -Xms64m -Xmx512m & 
java_command: <unknown>
java_class_path (initial): D:\Xilinx\SDK\2016.4\eclipse\win64.o\\plugins/org.eclipse.equinox.launcher_1.3.100.v20150511-1540.jar
Launcher Type: generic

Environment Variables:
CLASSPATH=.;c:\Program Files (x86)\QuickTime\QTSystem\QTJava.zip
PATH=D:/Xilinx/SDK/2016.4/tps/win64/jre/bin/server;D:/Xilinx/SDK/2016.4/tps/win64/jre/bin;D:/Xilinx/SDK/2016.4/tps/win64/jre/lib/amd64;D:\Xilinx\SDK\2016.4\gnuwin\bin;D:\Xilinx\SDK\2016.4\gnu\microblaze\nt\bin;D:\Xilinx\SDK\2016.4\gnu\microblaze\linux_toolchain\nt64_le\bin;D:\Xilinx\SDK\2016.4\gnu\microblaze\linux_toolchain\nt64_be\bin;D:\Xilinx\SDK\2016.4\gnu\arm\nt\bin;D:\Xilinx\SDK\2016.4\gnu\aarch64\nt\aarch64-none\bin;D:\Xilinx\SDK\2016.4\gnu\aarch64\nt\aarch64-linux\bin;D:\Xilinx\SDK\2016.4\gnu\armr5\nt\gcc-arm-none-eabi\bin;D:\Xilinx\SDK\2016.4\gnu\aarch32\nt\gcc-arm-none-eabi\bin;D:\Xilinx\SDK\2016.4\gnu\aarch32\nt\gcc-arm-linux-gnueabi\bin;D:\Xilinx\SDK\2016.4\tps\win64\cmake-3.3.2\bin;;D:\Xilinx\SDK\2016.4\bin;D:\Xilinx\SDK\2016.4\lib\win64.o;D:\Xilinx\SDK\2016.4\tps\win64\jre\bin\server;D:\Xilinx\SDK\2016.4\tps\win64\jre\bin;D:\Xilinx\Vivado\2016.4\ids_lite\ISE\bin\nt64;D:\Xilinx\Vivado\2016.4\ids_lite\ISE\lib\nt64;D:\Xilinx\Vivado\2016.4\bin;D:\Xilinx\Vivado\2016.4\lib\win64.o;D:\Xilinx\Vivado\2016.4\tps\win64\jre\bin\server;D:\Xilinx\Vivado\2016.4\tps\win64\jre\bin;D:\Xilinx\Vivado_HLS\2016.4\bin;C:\Windows\system32;C:\Windows;C:\Windows\System32\Wbem;C:\Windows\System32\WindowsPowerShell\v1.0\;C:\Program Files (x86)\Microsoft SQL Server\100\Tools\Binn\;C:\Program Files\Microsoft SQL Server\100\Tools\Binn\;C:\Program Files\Microsoft SQL Server\100\DTS\Binn\;c:\Program Files (x86)\QuickTime\QTSystem\;d:\modeltech64_10.1c\win64;d:\modeltech64_10.4\win64;f:\miz701N\7010\s3\S03_CH07_AXI_VDMA_OV5640\Miz_sys;
USERNAME=Administrator
OS=Windows_NT
PROCESSOR_IDENTIFIER=Intel64 Family 6 Model 94 Stepping 3, GenuineIntel



---------------  S Y S T E M  ---------------

OS: Windows 10.0 , 64 bit Build 10586 (10.0.10586.0)

CPU:total 8 (4 cores per cpu, 2 threads per core) family 6 model 94 stepping 3, cmov, cx8, fxsr, mmx, sse, sse2, sse3, ssse3, sse4.1, sse4.2, popcnt, avx, avx2, aes, clmul, erms, rtm, 3dnowpref, lzcnt, ht, tsc, tscinvbit, bmi1, bmi2, adx

Memory: 4k page, physical 16654344k(8783692k free), swap 17702920k(8100944k free)

vm_info: Java HotSpot(TM) 64-Bit Server VM (25.66-b18) for windows-amd64 JRE (1.8.0_66-b18), built on Nov  9 2015 10:51:13 by "java_re" with MS VC++ 10.0 (VS2010)

time: Tue Jun 27 14:24:48 2017
elapsed time: 152 seconds (0d 0h 2m 32s)

