#
# A fatal error has been detected by the Java Runtime Environment:
#
#  Internal Error (0xc000000d), pid=29832, tid=10344
#
# JRE version: Java(TM) SE Runtime Environment (8.0_45-b15) (build 1.8.0_45-b15)
# Java VM: Java HotSpot(TM) 64-Bit Server VM (25.45-b02 mixed mode windows-amd64 compressed oops)
# Problematic frame:
# C  [ntdll.dll+0xff44c]
#
# Failed to write core dump. Minidumps are not enabled by default on client versions of Windows
#
# If you would like to submit a bug report, please visit:
#   http://bugreport.java.com/bugreport/crash.jsp
#

---------------  T H R E A D  ---------------

Current thread (0x0000000013fe9000):  VMThread [stack: 0x0000000015cd0000,0x0000000015dd0000] [id=10344]

siginfo: ExceptionCode=0xc000000d

Registers:
RAX=0x0000000000000004, RBX=0xfffffffffffffffe, RCX=0x0000000000000004, RDX=0x000f423f00000000
RSP=0x0000000015dcf470, RBP=0x00007ffc43a57408, RSI=0x0000000000000000, RDI=0x000000000000013c
R8 =0x0000000017eb0b80, R9 =0x000000002117f590, R10=0x00007ffc63487c1f, R11=0x0000000000000000
R12=0x00000000216446f0, R13=0x000000002175a150, R14=0x00000000216447f8, R15=0x0000000015dcf5e8
RIP=0x00007ffc6357f44c, EFLAGS=0x0000000000000202

Top of Stack: (sp=0x0000000015dcf470)
0x0000000015dcf470:   0000000000000057 fffffffffffffffe
0x0000000015dcf480:   0000000000000000 000000000000013c
0x0000000015dcf490:   00000000c000000d 0000000000000000
0x0000000015dcf4a0:   00007ffc6357f44c 0000000000000000
0x0000000015dcf4b0:   0000000000000000 0000000000000000
0x0000000015dcf4c0:   0000000000000000 0000000000000000
0x0000000015dcf4d0:   0000000000000000 0000000000000000
0x0000000015dcf4e0:   0000000000000000 0000000000000000
0x0000000015dcf4f0:   0000000000000000 0000000000000000
0x0000000015dcf500:   0000000000000000 0000000000000000
0x0000000015dcf510:   0000000000000000 0000000000000000
0x0000000015dcf520:   0000000000000000 0000000000000000
0x0000000015dcf530:   00003f1bc93832cb 0000000000000000
0x0000000015dcf540:   0000000000000000 00007ffc6354150d
0x0000000015dcf550:   0000000000000000 0000000000000000
0x0000000015dcf560:   0000000000000001 0000000000000000 

Instructions: (pc=0x00007ffc6357f44c)
0x00007ffc6357f42c:   d5 fa ff c7 44 24 20 0d 00 00 c0 b9 57 00 00 00
0x00007ffc6357f43c:   e8 7f 13 f6 ff 90 48 8d 4c 24 20 e8 04 bf f4 ff
0x00007ffc6357f44c:   eb 00 48 8b 8c 24 c0 00 00 00 48 33 cc e8 82 74
0x00007ffc6357f45c:   f9 ff 48 81 c4 d8 00 00 00 c3 40 55 48 83 ec 20 


Register to memory mapping:

RAX=0x0000000000000004 is an unknown value
RBX=0xfffffffffffffffe is an unknown value
RCX=0x0000000000000004 is an unknown value
RDX=0x000f423f00000000 is an unknown value
RSP=0x0000000015dcf470 is an unknown value
RBP=0x00007ffc43a57408 is an unknown value
RSI=0x0000000000000000 is an unknown value
RDI=0x000000000000013c is an unknown value
R8 =0x0000000017eb0b80 is an unknown value
R9 =0x000000002117f590 is an unknown value
R10=0x00007ffc63487c1f is an unknown value
R11=0x0000000000000000 is an unknown value
R12=0x00000000216446f0 is an unknown value
R13=0x000000002175a150 is an unknown value
R14=0x00000000216447f8 is an unknown value
R15=0x0000000015dcf5e8 is an unknown value


Stack: [0x0000000015cd0000,0x0000000015dd0000],  sp=0x0000000015dcf470,  free space=1021k
Native frames: (J=compiled Java code, j=interpreted, Vv=VM code, C=native code)
C  [ntdll.dll+0xff44c]
C  [ntdll.dll+0xc150d]
C  [KERNEL32.DLL+0x1fbba]
C  [MSVCR110.dll+0x752d]
C  [MSVCR110.dll+0x73c6]
C  [MSVCR110.dll+0x14cca]
C  [MSVCR110.dll+0x13edc]
C  [MSVCR110.dll+0x239e]
C  [MSVCR110.dll+0xaf9e]
C  [MSVCP110.dll+0x397b9]
C  [librdi_common.dll+0x14283e]
C  [librdi_common.dll+0x141449]
C  [librdi_target_manager.dll+0x2400]
C  [librdi_target_manager.dll+0x2682]
C  [ntdll.dll+0x2a35f]
C  [ntdll.dll+0x806b]
C  [ntdll.dll+0x7d94]
C  [KERNEL32.DLL+0x1ce6a]
C  [MSVCR100.dll+0x20ccd]
V  [jvm.dll+0x20f135]
V  [jvm.dll+0x247ef7]
V  [jvm.dll+0x247196]
V  [jvm.dll+0x247631]
V  [jvm.dll+0x24784e]
V  [jvm.dll+0x29853a]
C  [MSVCR100.dll+0x21d9f]
C  [MSVCR100.dll+0x21e3b]
C  [KERNEL32.DLL+0x8364]
C  [ntdll.dll+0x670d1]

VM_Operation (0x000000000014f500): Exit, mode: safepoint, requested by thread 0x000000000277e000


---------------  P R O C E S S  ---------------

Java Threads: ( => current thread )
  0x000000001607a000 JavaThread "Thread-18" daemon [_thread_blocked, id=29972, stack(0x0000000028c70000,0x0000000028d70000)]
  0x000000001df89000 JavaThread "TCF Locator DNS Lookup" daemon [_thread_blocked, id=16120, stack(0x0000000023320000,0x0000000023420000)]
  0x000000001df87800 JavaThread "TCF Locator Timer" daemon [_thread_blocked, id=16148, stack(0x0000000023220000,0x0000000023320000)]
  0x000000001df8b800 JavaThread "TCF Locator Receiver" daemon [_thread_in_native, id=6940, stack(0x0000000023120000,0x0000000023220000)]
  0x000000001df8a800 JavaThread "TCF Timer Dispatcher" daemon [_thread_blocked, id=16044, stack(0x0000000022f20000,0x0000000023020000)]
  0x000000001ae2b000 JavaThread "EMF Reference Cleaner" daemon [_thread_blocked, id=17060, stack(0x000000001c180000,0x000000001c280000)]
  0x000000001610c000 JavaThread "Service Thread" daemon [_thread_blocked, id=14204, stack(0x00000000169e0000,0x0000000016ae0000)]
  0x0000000016077000 JavaThread "C1 CompilerThread3" daemon [_thread_blocked, id=13216, stack(0x00000000168e0000,0x00000000169e0000)]
  0x000000001606f800 JavaThread "C2 CompilerThread2" daemon [_thread_blocked, id=11496, stack(0x00000000167e0000,0x00000000168e0000)]
  0x000000001606a000 JavaThread "C2 CompilerThread1" daemon [_thread_blocked, id=30976, stack(0x00000000166e0000,0x00000000167e0000)]
  0x0000000016016800 JavaThread "C2 CompilerThread0" daemon [_thread_blocked, id=796, stack(0x00000000165e0000,0x00000000166e0000)]
  0x0000000016015000 JavaThread "Attach Listener" daemon [_thread_blocked, id=8168, stack(0x00000000164e0000,0x00000000165e0000)]
  0x0000000016068800 JavaThread "Signal Dispatcher" daemon [_thread_blocked, id=31028, stack(0x00000000163e0000,0x00000000164e0000)]
  0x0000000002759000 JavaThread "Finalizer" daemon [_thread_blocked, id=24552, stack(0x0000000015ed0000,0x0000000015fd0000)]
  0x0000000013fed000 JavaThread "Reference Handler" daemon [_thread_blocked, id=12152, stack(0x0000000015dd0000,0x0000000015ed0000)]
  0x000000000277e000 JavaThread "main" [_thread_blocked, id=30024, stack(0x0000000000050000,0x0000000000150000)]

Other Threads:
=>0x0000000013fe9000 VMThread [stack: 0x0000000015cd0000,0x0000000015dd0000] [id=10344]

VM state:at safepoint (shutting down)

VM Mutex/Monitor currently owned by a thread:  ([mutex/lock_event])
[0x000000000277d7e0] Threads_lock - owner thread: 0x0000000013fe9000

Heap:
 PSYoungGen      total 115712K, used 69144K [0x00000000f5580000, 0x00000000fef80000, 0x0000000100000000)
  eden space 84992K, 45% used [0x00000000f5580000,0x00000000f7b06918,0x00000000fa880000)
  from space 30720K, 99% used [0x00000000fcb00000,0x00000000fe8ff6f0,0x00000000fe900000)
  to   space 35328K, 0% used [0x00000000fa880000,0x00000000fa880000,0x00000000fcb00000)
 ParOldGen       total 103936K, used 46973K [0x00000000e0000000, 0x00000000e6580000, 0x00000000f5580000)
  object space 103936K, 45% used [0x00000000e0000000,0x00000000e2ddf668,0x00000000e6580000)
 Metaspace       used 84974K, capacity 91542K, committed 91776K, reserved 1128448K
  class space    used 10827K, capacity 12837K, committed 12928K, reserved 1048576K

Card table byte_map: [0x0000000011b40000,0x0000000011c50000] byte_map_base: 0x0000000011440000

Marking Bits: (ParMarkBitMap*) 0x0000000052cb4040
 Begin Bits: [0x0000000012500000, 0x0000000012d00000)
 End Bits:   [0x0000000012d00000, 0x0000000013500000)

Polling page: 0x00000000004e0000

CodeCache: size=245760Kb used=26807Kb max_used=26893Kb free=218952Kb
 bounds [0x0000000002780000, 0x00000000041f0000, 0x0000000011780000]
 total_blobs=8374 nmethods=7497 adapters=783
 compilation: enabled

Compilation events (10 events):
Event: 88.627 Thread 0x0000000016077000 9113       3       java.io.File::list (33 bytes)
Event: 88.628 Thread 0x0000000016077000 nmethod 9113 0x0000000003ae0190 code [0x0000000003ae0360, 0x0000000003ae0aa8]
Event: 88.636 Thread 0x0000000016077000 9114   !   3       org.eclipse.osgi.internal.baseadaptor.BaseStorage::compact (215 bytes)
Event: 88.637 Thread 0x0000000016077000 nmethod 9114 0x000000000326aed0 code [0x000000000326b320, 0x000000000326d7e8]
Event: 88.659 Thread 0x000000001606a000 9115       4       java.io.WinNTFileSystem::resolve (231 bytes)
Event: 88.664 Thread 0x000000001606a000 nmethod 9115 0x0000000002f13610 code [0x0000000002f137a0, 0x0000000002f14038]
Event: 88.681 Thread 0x000000001606f800 9116       4       java.io.File::isDirectory (43 bytes)
Event: 88.683 Thread 0x000000001606f800 nmethod 9116 0x0000000002f14910 code [0x0000000002f14a60, 0x0000000002f14c68]
Event: 88.686 Thread 0x0000000016077000 9117       3       org.eclipse.osgi.framework.internal.core.AbstractBundle::close (52 bytes)
Event: 88.686 Thread 0x0000000016077000 nmethod 9117 0x0000000002d00e90 code [0x0000000002d010c0, 0x0000000002d01dc8]

GC Heap History (10 events):
Event: 3.553 GC heap before
{Heap before GC invocations=13 (full 3):
 PSYoungGen      total 85504K, used 12555K [0x00000000f5580000, 0x00000000fc500000, 0x0000000100000000)
  eden space 65024K, 0% used [0x00000000f5580000,0x00000000f5580000,0x00000000f9500000)
  from space 20480K, 61% used [0x00000000fa900000,0x00000000fb542ec0,0x00000000fbd00000)
  to   space 20480K, 0% used [0x00000000f9500000,0x00000000f9500000,0x00000000fa900000)
 ParOldGen       total 81920K, used 29053K [0x00000000e0000000, 0x00000000e5000000, 0x00000000f5580000)
  object space 81920K, 35% used [0x00000000e0000000,0x00000000e1c5f758,0x00000000e5000000)
 Metaspace       used 55071K, capacity 59066K, committed 59136K, reserved 1099776K
  class space    used 6877K, capacity 8126K, committed 8192K, reserved 1048576K
Event: 3.676 GC heap after
Heap after GC invocations=13 (full 3):
 PSYoungGen      total 85504K, used 0K [0x00000000f5580000, 0x00000000fc500000, 0x0000000100000000)
  eden space 65024K, 0% used [0x00000000f5580000,0x00000000f5580000,0x00000000f9500000)
  from space 20480K, 0% used [0x00000000fa900000,0x00000000fa900000,0x00000000fbd00000)
  to   space 20480K, 0% used [0x00000000f9500000,0x00000000f9500000,0x00000000fa900000)
 ParOldGen       total 103936K, used 33679K [0x00000000e0000000, 0x00000000e6580000, 0x00000000f5580000)
  object space 103936K, 32% used [0x00000000e0000000,0x00000000e20e3fa8,0x00000000e6580000)
 Metaspace       used 55071K, capacity 59066K, committed 59136K, reserved 1099776K
  class space    used 6877K, capacity 8126K, committed 8192K, reserved 1048576K
}
Event: 3.912 GC heap before
{Heap before GC invocations=14 (full 3):
 PSYoungGen      total 85504K, used 65024K [0x00000000f5580000, 0x00000000fc500000, 0x0000000100000000)
  eden space 65024K, 100% used [0x00000000f5580000,0x00000000f9500000,0x00000000f9500000)
  from space 20480K, 0% used [0x00000000fa900000,0x00000000fa900000,0x00000000fbd00000)
  to   space 20480K, 0% used [0x00000000f9500000,0x00000000f9500000,0x00000000fa900000)
 ParOldGen       total 103936K, used 33679K [0x00000000e0000000, 0x00000000e6580000, 0x00000000f5580000)
  object space 103936K, 32% used [0x00000000e0000000,0x00000000e20e3fa8,0x00000000e6580000)
 Metaspace       used 59507K, capacity 63666K, committed 63744K, reserved 1103872K
  class space    used 7559K, capacity 8910K, committed 8960K, reserved 1048576K
Event: 3.918 GC heap after
Heap after GC invocations=14 (full 3):
 PSYoungGen      total 85504K, used 12179K [0x00000000f5580000, 0x00000000fcb80000, 0x0000000100000000)
  eden space 65024K, 0% used [0x00000000f5580000,0x00000000f5580000,0x00000000f9500000)
  from space 20480K, 59% used [0x00000000f9500000,0x00000000fa0e4f70,0x00000000fa900000)
  to   space 19968K, 0% used [0x00000000fb800000,0x00000000fb800000,0x00000000fcb80000)
 ParOldGen       total 103936K, used 33687K [0x00000000e0000000, 0x00000000e6580000, 0x00000000f5580000)
  object space 103936K, 32% used [0x00000000e0000000,0x00000000e20e5fa8,0x00000000e6580000)
 Metaspace       used 59507K, capacity 63666K, committed 63744K, reserved 1103872K
  class space    used 7559K, capacity 8910K, committed 8960K, reserved 1048576K
}
Event: 23.423 GC heap before
{Heap before GC invocations=15 (full 3):
 PSYoungGen      total 85504K, used 77203K [0x00000000f5580000, 0x00000000fcb80000, 0x0000000100000000)
  eden space 65024K, 100% used [0x00000000f5580000,0x00000000f9500000,0x00000000f9500000)
  from space 20480K, 59% used [0x00000000f9500000,0x00000000fa0e4f70,0x00000000fa900000)
  to   space 19968K, 0% used [0x00000000fb800000,0x00000000fb800000,0x00000000fcb80000)
 ParOldGen       total 103936K, used 33687K [0x00000000e0000000, 0x00000000e6580000, 0x00000000f5580000)
  object space 103936K, 32% used [0x00000000e0000000,0x00000000e20e5fa8,0x00000000e6580000)
 Metaspace       used 69107K, capacity 74524K, committed 74880K, reserved 1114112K
  class space    used 8755K, capacity 10508K, committed 10624K, reserved 1048576K
Event: 23.434 GC heap after
Heap after GC invocations=15 (full 3):
 PSYoungGen      total 96768K, used 19967K [0x00000000f5580000, 0x00000000fd100000, 0x0000000100000000)
  eden space 76800K, 0% used [0x00000000f5580000,0x00000000f5580000,0x00000000fa080000)
  from space 19968K, 99% used [0x00000000fb800000,0x00000000fcb7fc50,0x00000000fcb80000)
  to   space 24064K, 0% used [0x00000000fa080000,0x00000000fa080000,0x00000000fb800000)
 ParOldGen       total 103936K, used 37341K [0x00000000e0000000, 0x00000000e6580000, 0x00000000f5580000)
  object space 103936K, 35% used [0x00000000e0000000,0x00000000e2477738,0x00000000e6580000)
 Metaspace       used 69107K, capacity 74524K, committed 74880K, reserved 1114112K
  class space    used 8755K, capacity 10508K, committed 10624K, reserved 1048576K
}
Event: 32.711 GC heap before
{Heap before GC invocations=16 (full 3):
 PSYoungGen      total 96768K, used 96767K [0x00000000f5580000, 0x00000000fd100000, 0x0000000100000000)
  eden space 76800K, 100% used [0x00000000f5580000,0x00000000fa080000,0x00000000fa080000)
  from space 19968K, 99% used [0x00000000fb800000,0x00000000fcb7fc50,0x00000000fcb80000)
  to   space 24064K, 0% used [0x00000000fa080000,0x00000000fa080000,0x00000000fb800000)
 ParOldGen       total 103936K, used 37341K [0x00000000e0000000, 0x00000000e6580000, 0x00000000f5580000)
  object space 103936K, 35% used [0x00000000e0000000,0x00000000e2477738,0x00000000e6580000)
 Metaspace       used 78560K, capacity 85114K, committed 85248K, reserved 1122304K
  class space    used 10003K, capacity 11981K, committed 12032K, reserved 1048576K
Event: 32.723 GC heap after
Heap after GC invocations=16 (full 3):
 PSYoungGen      total 100864K, used 24046K [0x00000000f5580000, 0x00000000fe900000, 0x0000000100000000)
  eden space 76800K, 0% used [0x00000000f5580000,0x00000000f5580000,0x00000000fa080000)
  from space 24064K, 99% used [0x00000000fa080000,0x00000000fb7fb940,0x00000000fb800000)
  to   space 30720K, 0% used [0x00000000fcb00000,0x00000000fcb00000,0x00000000fe900000)
 ParOldGen       total 103936K, used 46447K [0x00000000e0000000, 0x00000000e6580000, 0x00000000f5580000)
  object space 103936K, 44% used [0x00000000e0000000,0x00000000e2d5be38,0x00000000e6580000)
 Metaspace       used 78560K, capacity 85114K, committed 85248K, reserved 1122304K
  class space    used 10003K, capacity 11981K, committed 12032K, reserved 1048576K
}
Event: 73.260 GC heap before
{Heap before GC invocations=17 (full 3):
 PSYoungGen      total 100864K, used 100846K [0x00000000f5580000, 0x00000000fe900000, 0x0000000100000000)
  eden space 76800K, 100% used [0x00000000f5580000,0x00000000fa080000,0x00000000fa080000)
  from space 24064K, 99% used [0x00000000fa080000,0x00000000fb7fb940,0x00000000fb800000)
  to   space 30720K, 0% used [0x00000000fcb00000,0x00000000fcb00000,0x00000000fe900000)
 ParOldGen       total 103936K, used 46447K [0x00000000e0000000, 0x00000000e6580000, 0x00000000f5580000)
  object space 103936K, 44% used [0x00000000e0000000,0x00000000e2d5be38,0x00000000e6580000)
 Metaspace       used 83152K, capacity 89684K, committed 89856K, reserved 1126400K
  class space    used 10626K, capacity 12731K, committed 12800K, reserved 1048576K
Event: 73.272 GC heap after
Heap after GC invocations=17 (full 3):
 PSYoungGen      total 115712K, used 30717K [0x00000000f5580000, 0x00000000fef80000, 0x0000000100000000)
  eden space 84992K, 0% used [0x00000000f5580000,0x00000000f5580000,0x00000000fa880000)
  from space 30720K, 99% used [0x00000000fcb00000,0x00000000fe8ff6f0,0x00000000fe900000)
  to   space 35328K, 0% used [0x00000000fa880000,0x00000000fa880000,0x00000000fcb00000)
 ParOldGen       total 103936K, used 46973K [0x00000000e0000000, 0x00000000e6580000, 0x00000000f5580000)
  object space 103936K, 45% used [0x00000000e0000000,0x00000000e2ddf668,0x00000000e6580000)
 Metaspace       used 83152K, capacity 89684K, committed 89856K, reserved 1126400K
  class space    used 10626K, capacity 12731K, committed 12800K, reserved 1048576K
}

Deoptimization events (10 events):
Event: 87.899 Thread 0x000000000277e000 Uncommon trap: reason=unstable_if action=reinterpret pc=0x000000000412118c method=org.eclipse.emf.ecore.impl.MinimalEObjectImpl.setField(ILjava/lang/Object;)V @ 9
Event: 87.916 Thread 0x000000000277e000 Uncommon trap: reason=unstable_if action=reinterpret pc=0x00000000040a078c method=org.eclipse.equinox.internal.event.EventHandlerTracker.getHandlers(Ljava/lang/String;)Ljava/util/Set; @ 28
Event: 87.918 Thread 0x000000000277e000 Uncommon trap: reason=class_check action=maybe_recompile pc=0x0000000004128178 method=org.eclipse.e4.core.internal.contexts.TrackableComputationExt.update(Lorg/eclipse/e4/core/internal/contexts/ContextChangeEvent;)Z @ 62
Event: 87.918 Thread 0x000000000277e000 Uncommon trap: reason=class_check action=maybe_recompile pc=0x00000000040f0c48 method=org.eclipse.e4.core.internal.contexts.ContextObjectSupplier$ContextInjectionListener.update(Lorg/eclipse/e4/core/contexts/IEclipseContext;I[Ljava/lang/Object;)Z @ 173
Event: 87.918 Thread 0x000000000277e000 Uncommon trap: reason=class_check action=maybe_recompile pc=0x0000000004128178 method=org.eclipse.e4.core.internal.contexts.TrackableComputationExt.update(Lorg/eclipse/e4/core/internal/contexts/ContextChangeEvent;)Z @ 62
Event: 87.918 Thread 0x000000000277e000 Uncommon trap: reason=class_check action=maybe_recompile pc=0x00000000040f0c48 method=org.eclipse.e4.core.internal.contexts.ContextObjectSupplier$ContextInjectionListener.update(Lorg/eclipse/e4/core/contexts/IEclipseContext;I[Ljava/lang/Object;)Z @ 173
Event: 87.918 Thread 0x000000000277e000 Uncommon trap: reason=class_check action=maybe_recompile pc=0x0000000004128178 method=org.eclipse.e4.core.internal.contexts.TrackableComputationExt.update(Lorg/eclipse/e4/core/internal/contexts/ContextChangeEvent;)Z @ 62
Event: 87.918 Thread 0x000000000277e000 Uncommon trap: reason=class_check action=maybe_recompile pc=0x00000000040f0c48 method=org.eclipse.e4.core.internal.contexts.ContextObjectSupplier$ContextInjectionListener.update(Lorg/eclipse/e4/core/contexts/IEclipseContext;I[Ljava/lang/Object;)Z @ 173
Event: 88.526 Thread 0x000000000277e000 Uncommon trap: reason=unstable_if action=reinterpret pc=0x00000000034b57c4 method=org.eclipse.core.runtime.internal.adaptor.EclipseLazyStarter.shouldActivateFor(Ljava/lang/String;Lorg/eclipse/osgi/baseadaptor/BaseData;Lorg/eclipse/core/runtime/internal/ada›¾}æ+V@
Event: 88.686 Thread 0x000000000277e000 Uncommon trap: reason=unstable_if action=reinterpret pc=0x00000000039cf6dc method=sun.reflect.UnsafeStaticObjectFieldAccessorImpl.set(Ljava/lang/Object;Ljava/lang/Object;)V @ 13

Internal exceptions (10 events):
Event: 87.560 Thread 0x000000000277e000 Implicit null exception at 0x000000000370838c to 0x00000000037083e9
Event: 87.621 Thread 0x000000000277e000 Implicit null exception at 0x000000000307ff53 to 0x000000000307ffee
Event: 87.624 Thread 0x000000001df86000 Exception <a 'java/lang/InterruptedException'> (0x00000000f6532640) thrown at [C:\re\workspace\8-2-build-windows-amd64-cygwin\jdk8u45\3627\hotspot\src\share\vm\runtime\objectMonitor.cpp, line 1683]
Event: 87.626 Thread 0x0000000016076000 Exception <a 'java/lang/InterruptedException'> (0x00000000f653d520) thrown at [C:\re\workspace\8-2-build-windows-amd64-cygwin\jdk8u45\3627\hotspot\src\share\vm\runtime\objectMonitor.cpp, line 1683]
Event: 87.952 Thread 0x000000001df94800 Exception <a 'java/lang/InterruptedException'> (0x00000000f73902e0) thrown at [C:\re\workspace\8-2-build-windows-amd64-cygwin\jdk8u45\3627\hotspot\src\share\vm\runtime\objectMonitor.cpp, line 1683]
Event: 88.600 Thread 0x0000000016e87000 Exception <a 'java/lang/InterruptedException': sleep interrupted> (0x00000000f777d3b8) thrown at [C:\re\workspace\8-2-build-windows-amd64-cygwin\jdk8u45\3627\hotspot\src\share\vm\prims\jvm.cpp, line 3211]
Event: 88.601 Thread 0x000000001607c000 Exception <a 'java/lang/InterruptedException'> (0x00000000f7851b18) thrown at [C:\re\workspace\8-2-build-windows-amd64-cygwin\jdk8u45\3627\hotspot\src\share\vm\runtime\objectMonitor.cpp, line 1683]
Event: 88.601 Thread 0x00000000179f2800 Exception <a 'java/lang/InterruptedException'> (0x00000000f78743a8) thrown at [C:\re\workspace\8-2-build-windows-amd64-cygwin\jdk8u45\3627\hotspot\src\share\vm\runtime\objectMonitor.cpp, line 1683]
Event: 88.686 Thread 0x0000000017025000 Exception <a 'java/lang/InterruptedException'> (0x00000000f777cd38) thrown at [C:\re\workspace\8-2-build-windows-amd64-cygwin\jdk8u45\3627\hotspot\src\share\vm\runtime\objectMonitor.cpp, line 1683]
Event: 88.686 Thread 0x000000000277e000 Implicit null exception at 0x00000000039cf2d7 to 0x00000000039cf6c9

Events (10 events):
Event: 88.686 Thread 0x000000000277e000 DEOPT UNPACKING pc=0x00000000027c582a sp=0x000000000014ea38 mode 2
Event: 88.686 Thread 0x0000000017389800 Thread exited: 0x0000000017389800
Event: 88.686 loading class java/util/IdentityHashMap$KeyIterator
Event: 88.686 loading class java/util/IdentityHashMap$IdentityHashMapIterator
Event: 88.686 loading class java/util/IdentityHashMap$IdentityHashMapIterator done
Event: 88.686 loading class java/util/IdentityHashMap$KeyIterator done
Event: 88.686 Thread 0x0000000016e8b800 Thread added: 0x0000000016e8b800
Event: 88.686 Thread 0x0000000016077000 flushing nmethod 0x0000000003e4b6d0
Event: 88.687 Thread 0x0000000016e8b800 Thread exited: 0x0000000016e8b800
Event: 88.687 Executing VM operation: Exit


Dynamic libraries:
0x0000000000400000 - 0x000000000044f000 	D:\Xilinx\SDK\2015.4\eclipse\win64.o\eclipse.exe
0x00007ffc63480000 - 0x00007ffc63651000 	C:\windows\SYSTEM32\ntdll.dll
0x00007ffc633d0000 - 0x00007ffc6347b000 	C:\windows\System32\KERNEL32.DLL
0x00007ffc605b0000 - 0x00007ffc607cd000 	C:\windows\System32\KERNELBASE.dll
0x00007ffc62cb0000 - 0x00007ffc62e15000 	C:\windows\System32\USER32.dll
0x00007ffc60590000 - 0x00007ffc605ae000 	C:\windows\System32\win32u.dll
0x00007ffc62c10000 - 0x00007ffc62c44000 	C:\windows\System32\GDI32.dll
0x00007ffc607d0000 - 0x00007ffc60952000 	C:\windows\System32\gdi32full.dll
0x00007ffc62e20000 - 0x00007ffc62ebe000 	C:\windows\System32\msvcrt.dll
0x00007ffc51b50000 - 0x00007ffc51dc9000 	C:\windows\WinSxS\amd64_microsoft.windows.common-controls_6595b64144ccf1df_6.0.14393.447_none_42191651c6827bb3\COMCTL32.dll
0x00007ffc62ed0000 - 0x00007ffc63198000 	C:\windows\System32\combase.dll
0x00007ffc60110000 - 0x00007ffc60205000 	C:\windows\System32\ucrtbase.dll
0x00007ffc60a10000 - 0x00007ffc60b31000 	C:\windows\System32\RPCRT4.dll
0x00007ffc600a0000 - 0x00007ffc6010a000 	C:\windows\System32\bcryptPrimitives.dll
0x00007ffc60ed0000 - 0x00007ffc60efe000 	C:\windows\System32\IMM32.DLL
0x0000000072000000 - 0x0000000072012000 	D:\Xilinx\SDK\2015.4\eclipse\win64.o\plugins\org.eclipse.equinox.launcher.win32.win32.x86_64_1.1.200.v20140116-2212\eclipse_1503.dll
0x00007ffc63200000 - 0x00007ffc632a2000 	C:\windows\System32\ADVAPI32.dll
0x00007ffc631a0000 - 0x00007ffc631f9000 	C:\windows\System32\sechost.dll
0x00007ffc5c020000 - 0x00007ffc5c02a000 	C:\windows\SYSTEM32\VERSION.dll
0x00007ffc5e040000 - 0x00007ffc5e0d5000 	C:\windows\system32\uxtheme.dll
0x00007ffc62970000 - 0x00007ffc62acb000 	C:\windows\System32\MSCTF.dll
0x00007ffc60f00000 - 0x00007ffc60fbf000 	C:\windows\System32\OLEAUT32.dll
0x00007ffc60210000 - 0x00007ffc602ac000 	C:\windows\System32\msvcp_win.dll
0x00000000524b0000 - 0x0000000052d33000 	D:\Xilinx\SDK\2015.4\tps\win64\jre\bin\server\jvm.dll
0x00007ffc62ec0000 - 0x00007ffc62ec8000 	C:\windows\System32\PSAPI.DLL
0x00007ffc5dd70000 - 0x00007ffc5dd93000 	C:\windows\SYSTEM32\WINMM.dll
0x00007ffc5ca90000 - 0x00007ffc5ca99000 	C:\windows\SYSTEM32\WSOCK32.dll
0x00000000530a0000 - 0x0000000053172000 	C:\windows\SYSTEM32\MSVCR100.dll
0x00007ffc60b40000 - 0x00007ffc60baa000 	C:\windows\System32\WS2_32.dll
0x00000000004b0000 - 0x00000000004db000 	C:\windows\SYSTEM32\WINMMBASE.dll
0x00007ffc60050000 - 0x00007ffc60092000 	C:\windows\System32\cfgmgr32.dll
0x0000000052370000 - 0x000000005237f000 	D:\Xilinx\SDK\2015.4\tps\win64\jre\bin\verify.dll
0x0000000052340000 - 0x0000000052369000 	D:\Xilinx\SDK\2015.4\tps\win64\jre\bin\java.dll
0x0000000052320000 - 0x0000000052336000 	D:\Xilinx\SDK\2015.4\tps\win64\jre\bin\zip.dll
0x00007ffc60fc0000 - 0x00007ffc624c9000 	C:\windows\System32\SHELL32.dll
0x00007ffc5f970000 - 0x00007ffc6004a000 	C:\windows\System32\windows.storage.dll
0x00007ffc5f920000 - 0x00007ffc5f96c000 	C:\windows\System32\powrprof.dll
0x00007ffc62c50000 - 0x00007ffc62ca2000 	C:\windows\System32\shlwapi.dll
0x00007ffc5f8f0000 - 0x00007ffc5f8ff000 	C:\windows\System32\kernel.appcore.dll
0x00007ffc602b0000 - 0x00007ffc60359000 	C:\windows\System32\shcore.dll
0x00007ffc5f900000 - 0x00007ffc5f914000 	C:\windows\System32\profapi.dll
0x00007ffc5f380000 - 0x00007ffc5f397000 	C:\windows\SYSTEM32\CRYPTSP.dll
0x00007ffc5edf0000 - 0x00007ffc5ee23000 	C:\windows\system32\rsaenh.dll
0x00007ffc5f490000 - 0x00007ffc5f4bb000 	C:\windows\SYSTEM32\bcrypt.dll
0x00007ffc5f060000 - 0x00007ffc5f07f000 	C:\windows\SYSTEM32\USERENV.dll
0x00007ffc5f3a0000 - 0x00007ffc5f3ab000 	C:\windows\SYSTEM32\CRYPTBASE.dll
0x0000000052300000 - 0x000000005231a000 	D:\Xilinx\SDK\2015.4\tps\win64\jre\bin\net.dll
0x00007ffc5f1e0000 - 0x00007ffc5f23c000 	C:\windows\system32\mswsock.dll
0x00007ffc5ef70000 - 0x00007ffc5efa8000 	C:\windows\SYSTEM32\IPHLPAPI.DLL
0x00007ffc60c10000 - 0x00007ffc60c18000 	C:\windows\System32\NSI.dll
0x00007ffc5acd0000 - 0x00007ffc5ace6000 	C:\windows\SYSTEM32\dhcpcsvc6.DLL
0x00007ffc5acb0000 - 0x00007ffc5acca000 	C:\windows\SYSTEM32\dhcpcsvc.DLL
0x00000000522e0000 - 0x00000000522f1000 	D:\Xilinx\SDK\2015.4\tps\win64\jre\bin\nio.dll
0x00007ffc526d0000 - 0x00007ffc526e6000 	C:\windows\system32\napinsp.dll
0x00007ffc526f0000 - 0x00007ffc5270a000 	C:\windows\system32\pnrpnsp.dll
0x00007ffc5d5e0000 - 0x00007ffc5d5f8000 	C:\windows\system32\NLAapi.dll
0x00007ffc5efb0000 - 0x00007ffc5f050000 	C:\windows\SYSTEM32\DNSAPI.dll
0x00007ffc52710000 - 0x00007ffc5271e000 	C:\windows\System32\winrnr.dll
0x00007ffc5b8a0000 - 0x00007ffc5b8aa000 	C:\Windows\System32\rasadhlp.dll
0x00007ffc5b640000 - 0x00007ffc5b6aa000 	C:\windows\System32\fwpuclnt.dll
0x00007ffc62ad0000 - 0x00007ffc62c07000 	C:\windows\System32\ole32.dll
0x00007ffc60c20000 - 0x00007ffc60cbf000 	C:\windows\System32\clbcatq.dll
0x00007ffc49560000 - 0x00007ffc49995000 	C:\Program Files (x86)\Baidu\BaiduPinyin\5.0.3900.0\UIPFullx64.dll
0x00007ffc4f6e0000 - 0x00007ffc4f745000 	C:\windows\SYSTEM32\OLEACC.dll
0x00007ffc5a080000 - 0x00007ffc5a087000 	C:\windows\SYSTEM32\MSIMG32.dll
0x00007ffc49470000 - 0x00007ffc4955f000 	C:\Program Files (x86)\Baidu\BaiduPinyin\5.0.3900.0\imefreetypex64.dll
0x00007ffc54280000 - 0x00007ffc5441a000 	C:\windows\WinSxS\amd64_microsoft.windows.gdiplus_6595b64144ccf1df_1.1.14393.321_none_72fe05dd211a5fae\gdiplus.dll
0x00007ffc49410000 - 0x00007ffc49469000 	C:\Program Files (x86)\Baidu\BaiduPinyin\5.0.3900.0\imepngx64.dll
0x00007ffc4c9a0000 - 0x00007ffc4c9da000 	C:\Program Files (x86)\Baidu\BaiduPinyin\5.0.3900.0\imezlibx64.dll
0x00007ffc5f5b0000 - 0x00007ffc5f5dc000 	C:\windows\SYSTEM32\SspiCli.dll
0x00007ffc5ecc0000 - 0x00007ffc5ecf2000 	C:\windows\SYSTEM32\ntmarta.dll
0x00007ffc5cdb0000 - 0x00007ffc5cf58000 	C:\windows\SYSTEM32\WindowsCodecs.dll
0x000000001b930000 - 0x000000001b9d8000 	C:\Users\Administrator\.Xilinx\SDK\2015.4\org.eclipse.osgi\bundles\303\1\.cp\swt-win32-4335.dll
0x00007ffc632d0000 - 0x00007ffc633ca000 	C:\windows\System32\comdlg32.dll
0x00007ffc60360000 - 0x00007ffc60529000 	C:\windows\System32\CRYPT32.dll
0x00007ffc5f8e0000 - 0x00007ffc5f8f0000 	C:\windows\System32\MSASN1.dll
0x00007ffc5bdd0000 - 0x00007ffc5bde9000 	C:\windows\SYSTEM32\USP10.dll
0x00007ffc4f0b0000 - 0x00007ffc4f135000 	C:\windows\SYSTEM32\WINSPOOL.DRV
0x00007ffc561a0000 - 0x00007ffc56433000 	C:\windows\SYSTEM32\WININET.dll
0x00007ffc5d5b0000 - 0x00007ffc5d5d6000 	C:\windows\system32\dwmapi.dll
0x00007ffc5d280000 - 0x00007ffc5d405000 	C:\windows\SYSTEM32\propsys.dll
0x0000000019f40000 - 0x0000000019f5e000 	C:\Users\Administrator\.Xilinx\SDK\2015.4\org.eclipse.osgi\bundles\303\1\.cp\swt-gdip-win32-4335.dll
0x0000000180000000 - 0x0000000180012000 	C:\Users\Administrator\.Xilinx\SDK\2015.4\org.eclipse.osgi\bundles\121\1\.cp\os\win32\x86_64\localfile_1_0_0.dll
0x00007ffc575f0000 - 0x00007ffc57601000 	C:\Users\Administrator\.Xilinx\SDK\2015.4\org.eclipse.osgi\bundles\124\1\.cp\jWinHttp-1.0.0.dll
0x00007ffc5b6b0000 - 0x00007ffc5b77d000 	C:\windows\SYSTEM32\WINHTTP.dll
0x00007ffc5dda0000 - 0x00007ffc5ddaf000 	D:\Xilinx\SDK\2015.4\lib\win64.o\librdi_repo_manager.dll
0x00007ffc4c460000 - 0x00007ffc4c4b4000 	D:\Xilinx\SDK\2015.4\lib\win64.o\librdi_commonxillic.dll
0x00007ffc1c460000 - 0x00007ffc1cded000 	D:\Xilinx\SDK\2015.4\lib\win64.o\librdi_common.dll
0x00007ffc59a90000 - 0x00007ffc59aba000 	D:\Xilinx\SDK\2015.4\lib\win64.o\libisl_sysinfo.dll
0x00007ffc45f70000 - 0x00007ffc4615c000 	D:\Xilinx\SDK\2015.4\lib\win64.o\librdi_hsm.dll
0x00007ffc42e10000 - 0x00007ffc42eb7000 	C:\windows\SYSTEM32\MSVCP110.dll
0x00007ffc43a50000 - 0x00007ffc43b24000 	C:\windows\SYSTEM32\MSVCR110.dll
0x00007ffc45d50000 - 0x00007ffc45f6e000 	D:\Xilinx\SDK\2015.4\lib\win64.o\libXil_lmgr11.dll
0x00007ffc4d180000 - 0x00007ffc4d1a2000 	D:\Xilinx\SDK\2015.4\lib\win64.o\libboost_filesystem.dll
0x00007ffc5be70000 - 0x00007ffc5be79000 	D:\Xilinx\SDK\2015.4\lib\win64.o\libboost_system.dll
0x00007ffc49dc0000 - 0x00007ffc49eba000 	D:\Xilinx\SDK\2015.4\lib\win64.o\libboost_regex.dll
0x00007ffc60530000 - 0x00007ffc60585000 	C:\windows\System32\WINTRUST.dll
0x00007ffc459e0000 - 0x00007ffc45d4e000 	D:\Xilinx\SDK\2015.4\lib\win64.o\libCOIN-all.dll
0x00007ffc5b800000 - 0x00007ffc5b810000 	D:\Xilinx\SDK\2015.4\lib\win64.o\libboost_date_time.dll
0x00007ffc45960000 - 0x00007ffc459d4000 	D:\Xilinx\SDK\2015.4\lib\win64.o\libboost_program_options.dll
0x00007ffc553c0000 - 0x00007ffc553d3000 	D:\Xilinx\SDK\2015.4\lib\win64.o\libboost_signals.dll
0x00007ffc50310000 - 0x00007ffc5032d000 	D:\Xilinx\SDK\2015.4\lib\win64.o\libboost_thread.dll
0x00007ffc59f20000 - 0x00007ffc59f2b000 	D:\Xilinx\SDK\2015.4\lib\win64.o\libboost_xilinx.dll
0x00007ffc458e0000 - 0x00007ffc45960000 	D:\Xilinx\SDK\2015.4\lib\win64.o\libhdlpsolve.dll
0x00007ffc45840000 - 0x00007ffc458da000 	D:\Xilinx\SDK\2015.4\lib\win64.o\libhdxml.dll
0x00007ffc1c020000 - 0x00007ffc1c454e00 	D:\Xilinx\SDK\2015.4\lib\win64.o\libisl_iostreams.dll
0x00007ffc4e4d0000 - 0x00007ffc4e4e5000 	D:\Xilinx\SDK\2015.4\lib\win64.o\pthreadVC2.dll
0x00007ffc1e4c0000 - 0x00007ffc1e5f0000 	D:\Xilinx\SDK\2015.4\lib\win64.o\librdi_curl.dll
0x00007ffc4c440000 - 0x00007ffc4c458000 	D:\Xilinx\SDK\2015.4\lib\win64.o\librdiconfig.dll
0x00007ffc48e80000 - 0x00007ffc48ea3000 	D:\Xilinx\SDK\2015.4\lib\win64.o\librdizlib.dll
0x00007ffc565b0000 - 0x00007ffc56772000 	C:\windows\SYSTEM32\urlmon.dll
0x0000000052380000 - 0x00000000524a7000 	D:\Xilinx\SDK\2015.4\lib\win64.o\tcl85t.dll
0x0000000024bf0000 - 0x0000000024e53000 	D:\Xilinx\SDK\2015.4\lib\win64.o\xerces-c_3_1.dll
0x00007ffc573b0000 - 0x00007ffc573d3000 	C:\windows\SYSTEM32\VCOMP110.DLL
0x00007ffc457f0000 - 0x00007ffc45833000 	D:\Xilinx\SDK\2015.4\lib\win64.o\librdi_hdf.dll
0x00007ffc1bdc0000 - 0x00007ffc1c015000 	D:\Xilinx\SDK\2015.4\lib\win64.o\librdi_ippcw.dll
0x00007ffc52450000 - 0x00007ffc52468000 	C:\windows\SYSTEM32\NETAPI32.dll
0x00007ffc59a70000 - 0x00007ffc59a7b000 	D:\Xilinx\SDK\2015.4\lib\win64.o\libboost_chrono.dll
0x00007ffc4c420000 - 0x00007ffc4c436000 	D:\Xilinx\SDK\2015.4\lib\win64.o\libboost_iostreams.dll
0x00007ffc48e50000 - 0x00007ffc48e73000 	D:\Xilinx\SDK\2015.4\lib\win64.o\libisl_iosutils.dll
0x00007ffc579b0000 - 0x00007ffc57c53000 	C:\windows\SYSTEM32\iertutil.dll
0x00007ffc19ee0000 - 0x00007ffc1a6f0000 	D:\Xilinx\SDK\2015.4\lib\win64.o\libXil_lmgr11FNP.dll
0x00007ffc624d0000 - 0x00007ffc628f9000 	C:\windows\System32\SETUPAPI.dll
0x00007ffc4eef0000 - 0x00007ffc4eefc000 	C:\windows\SYSTEM32\snmpapi.dll
0x00007ffc5e520000 - 0x00007ffc5e548000 	C:\windows\SYSTEM32\DEVOBJ.dll
0x00007ffc57570000 - 0x00007ffc5757a000 	D:\Xilinx\SDK\2015.4\lib\win64.o\librdi_jtag_settings.dll
0x00007ffc42530000 - 0x00007ffc42559000 	D:\Xilinx\SDK\2015.4\lib\win64.o\librdi_debug_dialog.dll
0x00007ffc57370000 - 0x00007ffc57378000 	D:\Xilinx\SDK\2015.4\lib\win64.o\librdi_target_manager.dll

VM Arguments:
jvm_args: -Dcom.xilinx.sdk.args.hwspec=D:/MIZ_SOC/SEASON_03/CH06_AXI_VDMA_OV5640_701N_02/Miz_sys/Miz_sys.sdk/system_wrapper.hdf -Xms64m -Xmx512m & 
java_command: <unknown>
java_class_path (initial): D:\Xilinx\SDK\2015.4\eclipse\win64.o\\plugins/org.eclipse.equinox.launcher_1.3.0.v20130327-1440.jar
Launcher Type: generic

Environment Variables:
PATH=D:/Xilinx/SDK/2015.4/tps/win64/jre/bin/server;D:/Xilinx/SDK/2015.4/tps/win64/jre/bin;D:/Xilinx/SDK/2015.4/tps/win64/jre/lib/amd64;D:\Xilinx\SDK\2015.4\gnuwin\bin;D:\Xilinx\SDK\2015.4\gnu\microblaze\nt\bin;D:\Xilinx\SDK\2015.4\gnu\microblaze\linux_toolchain\nt64_le\bin;D:\Xilinx\SDK\2015.4\gnu\microblaze\linux_toolchain\nt64_be\bin;D:\Xilinx\SDK\2015.4\gnu\arm\nt\bin;D:\Xilinx\SDK\2015.4\gnu\aarch64\nt\aarch64-none\bin;D:\Xilinx\SDK\2015.4\gnu\aarch64\nt\aarch64-linux\bin;D:\Xilinx\SDK\2015.4\gnu\armr5\nt\gcc-arm-none-eabi\bin;D:\Xilinx\SDK\2015.4\gnu\aarch32\nt\gcc-arm-none-eabi\bin;D:\Xilinx\SDK\2015.4\gnu\aarch32\nt\gcc-arm-linux-gnueabi\bin;D:\Xilinx\SDK\2015.4\bin;D:\Xilinx\SDK\2015.4\lib\win64.o;D:\Xilinx\SDK\2015.4\tps\win64\jre\bin\server;D:\Xilinx\SDK\2015.4\tps\win64\jre\bin;D:\Xilinx\Vivado\2015.4\ids_lite\ISE\bin\nt64;D:\Xilinx\Vivado\2015.4\ids_lite\ISE\lib\nt64;D:\Xilinx\Vivado\2015.4\bin;D:\Xilinx\Vivado\2015.4\lib\win64.o;D:\Xilinx\Vivado\2015.4\tps\win64\jre\bin\server;D:\Xilinx\Vivado\2015.4\tps\win64\jre\bin;D:\Xilinx\Vivado_HLS\2015.4\bin;C:\windows\system32;C:\windows;C:\windows\System32\Wbem;C:\windows\System32\WindowsPowerShell\v1.0\;C:\Program Files (x86)\Altium Designer Summer 09\System;C:\Users\Administrator\AppData\Local\Microsoft\WindowsApps;;d:\MIZ_SOC\SEASON_03\CH06_AXI_VDMA_OV5640_701N_02\Miz_sys;
USERNAME=Administrator
OS=Windows_NT
PROCESSOR_IDENTIFIER=Intel64 Family 6 Model 94 Stepping 3, GenuineIntel



---------------  S Y S T E M  ---------------

OS: Windows 10.0 , 64 bit Build 14393 (10.0.14393.0)

CPU:total 8 (4 cores per cpu, 2 threads per core) family 6 model 94 stepping 3, cmov, cx8, fxsr, mmx, sse, sse2, sse3, ssse3, sse4.1, sse4.2, popcnt, avx, avx2, aes, clmul, erms, rtm, 3dnowpref, lzcnt, ht, tsc, tscinvbit, bmi1, bmi2, adx

Memory: 4k page, physical 16728064k(8313532k free), swap 18300928k(6900972k free)

vm_info: Java HotSpot(TM) 64-Bit Server VM (25.45-b02) for windows-amd64 JRE (1.8.0_45-b15), built on Apr 30 2015 12:40:44 by "java_re" with MS VC++ 10.0 (VS2010)

time: Mon Feb 13 14:09:45 2017
elapsed time: 100 seconds (0d 0h 1m 40s)

