#
# A fatal error has been detected by the Java Runtime Environment:
#
#  EXCEPTION_UNCAUGHT_CXX_EXCEPTION (0xe06d7363) at pc=0x00007ffc605c7788, pid=10632, tid=4852
#
# JRE version: Java(TM) SE Runtime Environment (8.0_45-b15) (build 1.8.0_45-b15)
# Java VM: Java HotSpot(TM) 64-Bit Server VM (25.45-b02 mixed mode windows-amd64 compressed oops)
# Problematic frame:
# C  [KERNELBASE.dll+0x17788]
#
# Failed to write core dump. Minidumps are not enabled by default on client versions of Windows
#
# If you would like to submit a bug report, please visit:
#   http://bugreport.java.com/bugreport/crash.jsp
# The crash happened outside the Java Virtual Machine in native code.
# See problematic frame for where to report the bug.
#

---------------  T H R E A D  ---------------

Current thread (0x0000020b8446e000):  JavaThread "AWT-EventQueue-1" [_thread_in_native, id=4852, stack(0x0000005994900000,0x0000005994e00000)]

siginfo: ExceptionCode=0xe06d7363, ExceptionInformation=0x0000000019930520 0x0000005994dfd720 0x00007ffc3fa09670 0x00007ffc3f280000 

Registers:
RAX=0x0000000000000035, RBX=0x00007ffc3fa09670, RCX=0x7f01ffff0000011a, RDX=0x0000016c00000020
RSP=0x0000005994dfd5b0, RBP=0x0000005994dfd6f0, RSI=0x0080140300001fff, RDI=0x00007ffc3f823b88
R8 =0x0000000000000000, R9 =0x0000041000000780, R10=0x000000110000006d, R11=0x0000000000000011
R12=0x0000000000000000, R13=0x00000000e00ac203, R14=0x0000005994dfdaa0, R15=0x0000020b84508cc0
RIP=0x00007ffc605c7788, EFLAGS=0x0000000000000206

Top of Stack: (sp=0x0000005994dfd5b0)
0x0000005994dfd5b0:   0000000000000000 00007ffc3fa09670
0x0000005994dfd5c0:   0080140300001fff 00007ffc3f823b88
0x0000005994dfd5d0:   00000001e06d7363 0000000000000000
0x0000005994dfd5e0:   00007ffc605c7788 0000000000000004
0x0000005994dfd5f0:   0000000019930520 0000005994dfd720
0x0000005994dfd600:   00007ffc3fa09670 00007ffc3f280000
0x0000005994dfd610:   00000000e00ac203 0000000000000000
0x0000005994dfd620:   00007ffc3f823b88 0080140300001fff
0x0000005994dfd630:   0000005994dfd6f0 00007ffc634cc26f
0x0000005994dfd640:   0000005994dfd700 0000005900000000
0x0000005994dfd650:   0000020b81b70020 0000005900000002
0x0000005994dfd660:   00007ffc3fba9000 00007ffc3f280000
0x0000005994dfd670:   000008f9f9fde3df 000000000a92f048
0x0000005994dfd680:   00007ffc3fa09670 00007ffc435fe92c
0x0000005994dfd690:   00007ff7d8b70080 0000000000001000
0x0000005994dfd6a0:   0000005994dfd8c8 0000000000001000 

Instructions: (pc=0x00007ffc605c7788)
0x00007ffc605c7768:   49 8b d1 44 0f 47 c0 44 89 44 24 38 49 c1 e0 03
0x00007ffc605c7778:   e8 07 55 06 00 48 8d 4c 24 20 ff 15 d0 08 13 00
0x00007ffc605c7788:   48 8b 8c 24 c0 00 00 00 48 33 cc e8 98 1a 06 00
0x00007ffc605c7798:   48 81 c4 d8 00 00 00 c3 83 64 24 38 00 eb d6 cc 


Register to memory mapping:

RAX=0x0000000000000035 is an unknown value
RBX=0x00007ffc3fa09670 is an unknown value
RCX=0x7f01ffff0000011a is an unknown value
RDX=0x0000016c00000020 is an unknown value
RSP=0x0000005994dfd5b0 is pointing into the stack for thread: 0x0000020b8446e000
RBP=0x0000005994dfd6f0 is pointing into the stack for thread: 0x0000020b8446e000
RSI=0x0080140300001fff is an unknown value
RDI=0x00007ffc3f823b88 is an unknown value
R8 =0x0000000000000000 is an unknown value
R9 =0x0000041000000780 is an unknown value
R10=0x000000110000006d is an unknown value
R11=0x0000000000000011 is an unknown value
R12=0x0000000000000000 is an unknown value
R13=0x00000000e00ac203 is an unknown value
R14=0x0000005994dfdaa0 is pointing into the stack for thread: 0x0000020b8446e000
R15=0x0000020b84508cc0 is an unknown value


Stack: [0x0000005994900000,0x0000005994e00000],  sp=0x0000005994dfd5b0,  free space=5109k
Native frames: (J=compiled Java code, j=interpreted, Vv=VM code, C=native code)
C  [KERNELBASE.dll+0x17788]
C  [MSVCR110.dll+0x5e92c]
C  [librdi_common.dll+0x3808ea]
C  [SHSMP64.dll+0x180c3]
C  [librdi_common.dll+0xdfe19]
C  [librdi_labtools.dll+0x236256]
C  0x0000020b852f9dda

Java frames: (J=compiled Java code, j=interpreted, Vv=VM code)
J 18563  ui.data.labtools.lthwdatai.HWDevice_getName(J)Ljava/lang/String; (0 bytes) @ 0x0000020b852f9d41 [0x0000020b852f9d00+0x41]
J 19127 C1 ui.data.labtools.a.getName()Ljava/lang/String; (5 bytes) @ 0x0000020b86abd604 [0x0000020b86abd540+0xc4]
J 23267 C1 ui.views.cI.bm(Lui/data/aZ;)V (52 bytes) @ 0x0000020b862e21fc [0x0000020b862e1ee0+0x31c]
J 25828 C1 ui.views.bK.a(Lui/frmwork/a/g;)V (2666 bytes) @ 0x0000020b88c4defc [0x0000020b88c3bc20+0x122dc]
J 18875 C2 ui.frmwork.a.j.d(Lui/frmwork/a/g;)V (61 bytes) @ 0x0000020b86044ea4 [0x0000020b86044c40+0x264]
J 23996 C1 ui.frmwork.HTclEventBroker.i(JZ)V (450 bytes) @ 0x0000020b88b8cba4 [0x0000020b88b896a0+0x3504]
J 17280 C2 ui.frmwork.J.run()V (21 bytes) @ 0x0000020b87975228 [0x0000020b879751e0+0x48]
J 8748 C2 java.awt.EventQueue$3.run()Ljava/lang/Object; (5 bytes) @ 0x0000020b8612a268 [0x0000020b86129c00+0x668]
v  ~StubRoutines::call_stub
J 1620  java.security.AccessController.doPrivileged(Ljava/security/PrivilegedAction;Ljava/security/AccessControlContext;)Ljava/lang/Object; (0 bytes) @ 0x0000020b84c0cb26 [0x0000020b84c0cac0+0x66]
J 8750 C2 ui.frmwork.a.e.dispatchEvent(Ljava/awt/AWTEvent;)V (30 bytes) @ 0x0000020b86130a24 [0x0000020b86130840+0x1e4]
J 23980 C2 java.awt.EventDispatchThread.pumpOneEventForFilters(I)V (295 bytes) @ 0x0000020b87930358 [0x0000020b8792ff60+0x3f8]
J 17290% C2 java.awt.EventDispatchThread.pumpEventsForFilter(ILjava/awt/Conditional;Ljava/awt/EventFilter;)V (47 bytes) @ 0x0000020b86bc0a10 [0x0000020b86bc07a0+0x270]
j  java.awt.EventDispatchThread.pumpEventsForHierarchy(ILjava/awt/Conditional;Ljava/awt/Component;)V+11
j  java.awt.EventDispatchThread.pumpEvents(ILjava/awt/Conditional;)V+4
j  java.awt.EventDispatchThread.pumpEvents(Ljava/awt/Conditional;)V+3
j  java.awt.EventDispatchThread.run()V+9
v  ~StubRoutines::call_stub

---------------  P R O C E S S  ---------------

Java Threads: ( => current thread )
  0x0000020bf4430800 JavaThread "Update Design Hierarchy" [_thread_blocked, id=20636, stack(0x0000005b5f300000,0x0000005b5f800000)]
  0x0000020bf91af000 JavaThread "Thread-1082" [_thread_in_native, id=7608, stack(0x0000005b49400000,0x0000005b49500000)]
  0x0000020bda045000 JavaThread "Refresh links" [_thread_blocked, id=18800, stack(0x0000005ad3500000,0x0000005ad3a00000)]
  0x0000020bda046000 JavaThread "Refresh GTs" [_thread_blocked, id=9880, stack(0x0000005ad3000000,0x0000005ad3500000)]
  0x0000020b9e986800 JavaThread "Thread-776" [_thread_in_native, id=16220, stack(0x0000005a6c300000,0x0000005a6c400000)]
  0x0000020bff5f1000 JavaThread "Monitor File Timestamp" [_thread_blocked, id=6412, stack(0x0000005acb300000,0x0000005acb800000)]
  0x0000020bb6adc800 JavaThread "Monitor File Timestamp" [_thread_blocked, id=13088, stack(0x0000005a94c00000,0x0000005a95100000)]
  0x0000020b9e783800 JavaThread "hw_ila_monitor" [_thread_blocked, id=1236, stack(0x000000599a000000,0x000000599a500000)]
  0x0000020ba838d800 JavaThread "Update Runs" [_thread_blocked, id=11452, stack(0x0000005999b00000,0x000000599a000000)]
  0x0000020ba8155800 JavaThread "Refresh Filesets" [_thread_blocked, id=7928, stack(0x0000005999600000,0x0000005999b00000)]
  0x0000020b9eb37000 JavaThread "Swing-Shell" daemon [_thread_blocked, id=2560, stack(0x0000005996c00000,0x0000005997100000)]
  0x0000020b9d5b1800 JavaThread "Monitor File Timestamp" [_thread_blocked, id=6648, stack(0x0000005996200000,0x0000005996700000)]
=>0x0000020b8446e000 JavaThread "AWT-EventQueue-1" [_thread_in_native, id=4852, stack(0x0000005994900000,0x0000005994e00000)]
  0x0000020b8446f800 JavaThread "Process Messages" [_thread_blocked, id=3720, stack(0x0000005994400000,0x0000005994900000)]
  0x0000020b844cb000 JavaThread "Thread-3" [_thread_in_native, id=11160, stack(0x000000598e700000,0x000000598fb00000)]
  0x0000020b9ce05800 JavaThread "AWT-EventQueue-0" [_thread_blocked, id=11476, stack(0x0000005993f00000,0x0000005994400000)]
  0x0000020b9ce0a800 JavaThread "AWT-Windows" daemon [_thread_in_native, id=4048, stack(0x0000005993a00000,0x0000005993f00000)]
  0x0000020b9c601000 JavaThread "AWT-Shutdown" [_thread_blocked, id=8700, stack(0x0000005993500000,0x0000005993a00000)]
  0x0000020b9c603800 JavaThread "Java2D Disposer" daemon [_thread_blocked, id=3100, stack(0x0000005993000000,0x0000005993500000)]
  0x0000020b81f4f800 JavaThread "TimerQueue" daemon [_thread_blocked, id=2440, stack(0x0000005992600000,0x0000005992b00000)]
  0x0000020b9b9c7800 JavaThread "Service Thread" daemon [_thread_blocked, id=1968, stack(0x0000005992000000,0x0000005992500000)]
  0x0000020b9b8b0800 JavaThread "C1 CompilerThread3" daemon [_thread_blocked, id=2520, stack(0x0000005991f00000,0x0000005992000000)]
  0x0000020b9b8b2000 JavaThread "C2 CompilerThread2" daemon [_thread_blocked, id=6304, stack(0x0000005991e00000,0x0000005991f00000)]
  0x0000020b9b8b4000 JavaThread "C2 CompilerThread1" daemon [_thread_blocked, id=2480, stack(0x0000005991d00000,0x0000005991e00000)]
  0x0000020b9b8b5800 JavaThread "C2 CompilerThread0" daemon [_thread_blocked, id=5464, stack(0x0000005991c00000,0x0000005991d00000)]
  0x0000020b9b8a6000 JavaThread "Attach Listener" daemon [_thread_blocked, id=5472, stack(0x0000005991700000,0x0000005991c00000)]
  0x0000020b9b8a7800 JavaThread "Signal Dispatcher" daemon [_thread_blocked, id=9560, stack(0x0000005991200000,0x0000005991700000)]
  0x0000020b9b5fb000 JavaThread "Finalizer" daemon [_thread_blocked, id=5900, stack(0x0000005990d00000,0x0000005991200000)]
  0x0000020b9b5f1000 JavaThread "Reference Handler" daemon [_thread_blocked, id=10548, stack(0x0000005990800000,0x0000005990d00000)]
  0x0000020b84496000 JavaThread "main" [_thread_blocked, id=916, stack(0x000000598fe00000,0x000000598ff00000)]

Other Threads:
  0x0000020b9b581000 VMThread [stack: 0x0000005990700000,0x0000005990800000] [id=4320]
  0x0000020b9b9c6800 WatcherThread [stack: 0x0000005992500000,0x0000005992600000] [id=11492]

VM state:not at safepoint (normal execution)

VM Mutex/Monitor currently owned by a thread: None

Heap:
 PSYoungGen      total 50176K, used 39762K [0x00000007bc400000, 0x00000007c0000000, 0x00000007c0000000)
  eden space 38912K, 85% used [0x00000007bc400000,0x00000007be450788,0x00000007bea00000)
  from space 11264K, 59% used [0x00000007bf500000,0x00000007bfb84238,0x00000007c0000000)
  to   space 11264K, 0% used [0x00000007bea00000,0x00000007bea00000,0x00000007bf500000)
 ParOldGen       total 258048K, used 153062K [0x0000000700000000, 0x000000070fc00000, 0x00000007bc400000)
  object space 258048K, 59% used [0x0000000700000000,0x0000000709579828,0x000000070fc00000)
 Metaspace       used 82706K, capacity 83157K, committed 83968K, reserved 1120256K
  class space    used 12396K, capacity 12500K, committed 12544K, reserved 1048576K

Card table byte_map: [0x0000020b93a10000,0x0000020b94020000] byte_map_base: 0x0000020b90210000

Marking Bits: (ParMarkBitMap*) 0x00000000539a4040
 Begin Bits: [0x0000020b94610000, 0x0000020b97610000)
 End Bits:   [0x0000020b97610000, 0x0000020b9a610000)

Polling page: 0x0000020b84630000

CodeCache: size=245760Kb used=75213Kb max_used=75392Kb free=170546Kb
 bounds [0x0000020b84650000, 0x0000020b89090000, 0x0000020b93650000]
 total_blobs=19914 nmethods=18889 adapters=928
 compilation: enabled

Compilation events (10 events):
Event: 9634.502 Thread 0x0000020b9b8b0800 26425       3       com.jidesoft.grid.FilterableTreeTableModel::a (144 bytes)
Event: 9634.502 Thread 0x0000020b9b8b0800 nmethod 26425 0x0000020b8906ef10 code [0x0000020b8906f100, 0x0000020b8906fc70]
Event: 9634.503 Thread 0x0000020b9b8b0800 26427       3       com.jidesoft.grid.FilterableTableModel::shouldBeKept (170 bytes)
Event: 9634.504 Thread 0x0000020b9b8b0800 nmethod 26427 0x0000020b85d6fa50 code [0x0000020b85d6fc80, 0x0000020b85d70d80]
Event: 9634.505 Thread 0x0000020b9b8b0800 26424       1       com.jidesoft.grid.FilterableTreeTableModel::isKeepParentNode (5 bytes)
Event: 9634.505 Thread 0x0000020b9b8b0800 nmethod 26424 0x0000020b858b5e90 code [0x0000020b858b5fe0, 0x0000020b858b60f8]
Event: 9644.552 Thread 0x0000020b9b8b0800 26428       3       java.util.TreeMap::buildFromSorted (218 bytes)
Event: 9644.554 Thread 0x0000020b9b8b0800 nmethod 26428 0x0000020b84aa4950 code [0x0000020b84aa4b60, 0x0000020b84aa57e0]
Event: 9788.052 Thread 0x0000020b9b8b5800 26429       4       java.util.TaskQueue::isEmpty (13 bytes)
Event: 9788.052 Thread 0x0000020b9b8b5800 nmethod 26429 0x0000020b85a66450 code [0x0000020b85a66580, 0x0000020b85a665f8]

GC Heap History (10 events):
Event: 9495.863 GC heap before
{Heap before GC invocations=684 (full 28):
 PSYoungGen      total 56320K, used 56308K [0x00000007bc400000, 0x00000007c0000000, 0x00000007c0000000)
  eden space 51200K, 100% used [0x00000007bc400000,0x00000007bf600000,0x00000007bf600000)
  from space 5120K, 99% used [0x00000007bf600000,0x00000007bfafd328,0x00000007bfb00000)
  to   space 5120K, 0% used [0x00000007bfb00000,0x00000007bfb00000,0x00000007c0000000)
 ParOldGen       total 258048K, used 148026K [0x0000000700000000, 0x000000070fc00000, 0x00000007bc400000)
  object space 258048K, 57% used [0x0000000700000000,0x000000070908e958,0x000000070fc00000)
 Metaspace       used 82416K, capacity 82959K, committed 83712K, reserved 1120256K
  class space    used 12364K, capacity 12499K, committed 12544K, reserved 1048576K
Event: 9495.867 GC heap after
Heap after GC invocations=684 (full 28):
 PSYoungGen      total 48128K, used 5097K [0x00000007bc400000, 0x00000007c0000000, 0x00000007c0000000)
  eden space 43008K, 0% used [0x00000007bc400000,0x00000007bc400000,0x00000007bee00000)
  from space 5120K, 99% used [0x00000007bfb00000,0x00000007bfffa630,0x00000007c0000000)
  to   space 9216K, 0% used [0x00000007bee00000,0x00000007bee00000,0x00000007bf700000)
 ParOldGen       total 258048K, used 153059K [0x0000000700000000, 0x000000070fc00000, 0x00000007bc400000)
  object space 258048K, 59% used [0x0000000700000000,0x0000000709578fe8,0x000000070fc00000)
 Metaspace       used 82416K, capacity 82959K, committed 83712K, reserved 1120256K
  class space    used 12364K, capacity 12499K, committed 12544K, reserved 1048576K
}
Event: 9502.594 GC heap before
{Heap before GC invocations=685 (full 28):
 PSYoungGen      total 48128K, used 48105K [0x00000007bc400000, 0x00000007c0000000, 0x00000007c0000000)
  eden space 43008K, 100% used [0x00000007bc400000,0x00000007bee00000,0x00000007bee00000)
  from space 5120K, 99% used [0x00000007bfb00000,0x00000007bfffa630,0x00000007c0000000)
  to   space 9216K, 0% used [0x00000007bee00000,0x00000007bee00000,0x00000007bf700000)
 ParOldGen       total 258048K, used 153060K [0x0000000700000000, 0x000000070fc00000, 0x00000007bc400000)
  object space 258048K, 59% used [0x0000000700000000,0x0000000709579028,0x000000070fc00000)
 Metaspace       used 82416K, capacity 82959K, committed 83712K, reserved 1120256K
  class space    used 12364K, capacity 12499K, committed 12544K, reserved 1048576K
Event: 9502.598 GC heap after
Heap after GC invocations=685 (full 28):
 PSYoungGen      total 49664K, used 6254K [0x00000007bc400000, 0x00000007c0000000, 0x00000007c0000000)
  eden space 43008K, 0% used [0x00000007bc400000,0x00000007bc400000,0x00000007bee00000)
  from space 6656K, 93% used [0x00000007bee00000,0x00000007bf41bb08,0x00000007bf480000)
  to   space 10240K, 0% used [0x00000007bf600000,0x00000007bf600000,0x00000007c0000000)
 ParOldGen       total 258048K, used 153060K [0x0000000700000000, 0x000000070fc00000, 0x00000007bc400000)
  object space 258048K, 59% used [0x0000000700000000,0x0000000709579028,0x000000070fc00000)
 Metaspace       used 82416K, capacity 82959K, committed 83712K, reserved 1120256K
  class space    used 12364K, capacity 12499K, committed 12544K, reserved 1048576K
}
Event: 9609.638 GC heap before
{Heap before GC invocations=686 (full 28):
 PSYoungGen      total 49664K, used 49262K [0x00000007bc400000, 0x00000007c0000000, 0x00000007c0000000)
  eden space 43008K, 100% used [0x00000007bc400000,0x00000007bee00000,0x00000007bee00000)
  from space 6656K, 93% used [0x00000007bee00000,0x00000007bf41bb08,0x00000007bf480000)
  to   space 10240K, 0% used [0x00000007bf600000,0x00000007bf600000,0x00000007c0000000)
 ParOldGen       total 258048K, used 153062K [0x0000000700000000, 0x000000070fc00000, 0x00000007bc400000)
  object space 258048K, 59% used [0x0000000700000000,0x0000000709579828,0x000000070fc00000)
 Metaspace       used 82431K, capacity 82959K, committed 83712K, reserved 1120256K
  class space    used 12364K, capacity 12499K, committed 12544K, reserved 1048576K
Event: 9609.642 GC heap after
Heap after GC invocations=686 (full 28):
 PSYoungGen      total 50176K, used 6789K [0x00000007bc400000, 0x00000007c0000000, 0x00000007c0000000)
  eden space 39936K, 0% used [0x00000007bc400000,0x00000007bc400000,0x00000007beb00000)
  from space 10240K, 66% used [0x00000007bf600000,0x00000007bfca16f8,0x00000007c0000000)
  to   space 10752K, 0% used [0x00000007beb00000,0x00000007beb00000,0x00000007bf580000)
 ParOldGen       total 258048K, used 153062K [0x0000000700000000, 0x000000070fc00000, 0x00000007bc400000)
  object space 258048K, 59% used [0x0000000700000000,0x0000000709579828,0x000000070fc00000)
 Metaspace       used 82431K, capacity 82959K, committed 83712K, reserved 1120256K
  class space    used 12364K, capacity 12499K, committed 12544K, reserved 1048576K
}
Event: 9610.050 GC heap before
{Heap before GC invocations=687 (full 28):
 PSYoungGen      total 50176K, used 46725K [0x00000007bc400000, 0x00000007c0000000, 0x00000007c0000000)
  eden space 39936K, 100% used [0x00000007bc400000,0x00000007beb00000,0x00000007beb00000)
  from space 10240K, 66% used [0x00000007bf600000,0x00000007bfca16f8,0x00000007c0000000)
  to   space 10752K, 0% used [0x00000007beb00000,0x00000007beb00000,0x00000007bf580000)
 ParOldGen       total 258048K, used 153062K [0x0000000700000000, 0x000000070fc00000, 0x00000007bc400000)
  object space 258048K, 59% used [0x0000000700000000,0x0000000709579828,0x000000070fc00000)
 Metaspace       used 82433K, capacity 82959K, committed 83712K, reserved 1120256K
  class space    used 12364K, capacity 12499K, committed 12544K, reserved 1048576K
Event: 9610.053 GC heap after
Heap after GC invocations=687 (full 28):
 PSYoungGen      total 46592K, used 6538K [0x00000007bc400000, 0x00000007c0000000, 0x00000007c0000000)
  eden space 39936K, 0% used [0x00000007bc400000,0x00000007bc400000,0x00000007beb00000)
  from space 6656K, 98% used [0x00000007beb00000,0x00000007bf162a20,0x00000007bf180000)
  to   space 11264K, 0% used [0x00000007bf500000,0x00000007bf500000,0x00000007c0000000)
 ParOldGen       total 258048K, used 153062K [0x0000000700000000, 0x000000070fc00000, 0x00000007bc400000)
  object space 258048K, 59% used [0x0000000700000000,0x0000000709579828,0x000000070fc00000)
 Metaspace       used 82433K, capacity 82959K, committed 83712K, reserved 1120256K
  class space    used 12364K, capacity 12499K, committed 12544K, reserved 1048576K
}
Event: 9624.384 GC heap before
{Heap before GC invocations=688 (full 28):
 PSYoungGen      total 46592K, used 46474K [0x00000007bc400000, 0x00000007c0000000, 0x00000007c0000000)
  eden space 39936K, 100% used [0x00000007bc400000,0x00000007beb00000,0x00000007beb00000)
  from space 6656K, 98% used [0x00000007beb00000,0x00000007bf162a20,0x00000007bf180000)
  to   space 11264K, 0% used [0x00000007bf500000,0x00000007bf500000,0x00000007c0000000)
 ParOldGen       total 258048K, used 153062K [0x0000000700000000, 0x000000070fc00000, 0x00000007bc400000)
  object space 258048K, 59% used [0x0000000700000000,0x0000000709579828,0x000000070fc00000)
 Metaspace       used 82538K, capacity 83023K, committed 83712K, reserved 1120256K
  class space    used 12378K, capacity 12499K, committed 12544K, reserved 1048576K
Event: 9624.388 GC heap after
Heap after GC invocations=688 (full 28):
 PSYoungGen      total 50176K, used 6672K [0x00000007bc400000, 0x00000007c0000000, 0x00000007c0000000)
  eden space 38912K, 0% used [0x00000007bc400000,0x00000007bc400000,0x00000007bea00000)
  from space 11264K, 59% used [0x00000007bf500000,0x00000007bfb84238,0x00000007c0000000)
  to   space 11264K, 0% used [0x00000007bea00000,0x00000007bea00000,0x00000007bf500000)
 ParOldGen       total 258048K, used 153062K [0x0000000700000000, 0x000000070fc00000, 0x00000007bc400000)
  object space 258048K, 59% used [0x0000000700000000,0x0000000709579828,0x000000070fc00000)
 Metaspace       used 82538K, capacity 83023K, committed 83712K, reserved 1120256K
  class space    used 12378K, capacity 12499K, committed 12544K, reserved 1048576K
}

Deoptimization events (10 events):
Event: 9623.527 Thread 0x0000020b8446e000 Uncommon trap: reason=bimorphic action=maybe_recompile pc=0x0000020b87ffc944 method=java.util.TreeMap.getEntryUsingComparator(Ljava/lang/Object;)Ljava/util/TreeMap$Entry; @ 29
Event: 9623.528 Thread 0x0000020b8446e000 Uncommon trap: reason=bimorphic action=maybe_recompile pc=0x0000020b87ffc944 method=java.util.TreeMap.getEntryUsingComparator(Ljava/lang/Object;)Ljava/util/TreeMap$Entry; @ 29
Event: 9625.769 Thread 0x0000020b8446e000 Uncommon trap: reason=unstable_if action=reinterpret pc=0x0000020b859b387c method=javax.swing.text.GapContent.getPositionsInRange(Ljava/util/Vector;II)Ljava/util/Vector; @ 44
Event: 9625.770 Thread 0x0000020b8446e000 Uncommon trap: reason=unstable_if action=reinterpret pc=0x0000020b86303a4c method=javax.swing.text.GapVector.close(II)V @ 35
Event: 9625.771 Thread 0x0000020b8446e000 Uncommon trap: reason=unstable_if action=reinterpret pc=0x0000020b871a6960 method=ui.views.P.V.convert(Ljava/lang/String;)Ljava/lang/String; @ 28
Event: 9629.962 Thread 0x0000020b8446e000 Uncommon trap: reason=unstable_if action=reinterpret pc=0x0000020b85f47b40 method=java.lang.Long.valueOf(J)Ljava/lang/Long; @ 5
Event: 9629.967 Thread 0x0000020b8446e000 Uncommon trap: reason=unstable_if action=reinterpret pc=0x0000020b86d6a2e8 method=java.util.concurrent.ConcurrentHashMap.putVal(Ljava/lang/Object;Ljava/lang/Object;Z)Ljava/lang/Object; @ 206
Event: 9629.976 Thread 0x0000020b8446e000 Uncommon trap: reason=unstable_if action=reinterpret pc=0x0000020b88d717f0 method=java.lang.String.split(Ljava/lang/String;I)[Ljava/lang/String; @ 42
Event: 9629.976 Thread 0x0000020b8446e000 Uncommon trap: reason=unstable_if action=reinterpret pc=0x0000020b855630c4 method=java.util.regex.Pattern.split(Ljava/lang/CharSequence;I)[Ljava/lang/String; @ 167
Event: 9629.978 Thread 0x0000020b8446e000 Uncommon trap: reason=unstable_if action=reinterpret pc=0x0000020b857e03dc method=com.jidesoft.editor.CodeEditor.columnToX(II)I @ 70

Internal exceptions (10 events):
Event: 9502.782 Thread 0x0000020b8446e000 Exception <a 'ui/frmwork/CommandFailedException'> (0x00000007bc538418) thrown at [C:\re\workspace\8-2-build-windows-amd64-cygwin\jdk8u45\3627\hotspot\src\share\vm\prims\jni.cpp, line 709]
Event: 9502.783 Thread 0x0000020b8446e000 Exception <a 'ui/frmwork/CommandFailedException'> (0x00000007bc53bb88) thrown at [C:\re\workspace\8-2-build-windows-amd64-cygwin\jdk8u45\3627\hotspot\src\share\vm\prims\jni.cpp, line 709]
Event: 9502.862 Thread 0x0000020b8446e000 Exception <a 'ui/frmwork/CommandFailedException'> (0x00000007bc54d580) thrown at [C:\re\workspace\8-2-build-windows-amd64-cygwin\jdk8u45\3627\hotspot\src\share\vm\prims\jni.cpp, line 709]
Event: 9502.862 Thread 0x0000020b8446e000 Exception <a 'ui/frmwork/CommandFailedException'> (0x00000007bc5516d0) thrown at [C:\re\workspace\8-2-build-windows-amd64-cygwin\jdk8u45\3627\hotspot\src\share\vm\prims\jni.cpp, line 709]
Event: 9508.038 Thread 0x0000020b8446e000 Exception <a 'ui/frmwork/CommandFailedException'> (0x00000007bcf9cbf0) thrown at [C:\re\workspace\8-2-build-windows-amd64-cygwin\jdk8u45\3627\hotspot\src\share\vm\prims\jni.cpp, line 709]
Event: 9508.038 Thread 0x0000020b8446e000 Exception <a 'ui/frmwork/CommandFailedException'> (0x00000007bcfa0618) thrown at [C:\re\workspace\8-2-build-windows-amd64-cygwin\jdk8u45\3627\hotspot\src\share\vm\prims\jni.cpp, line 709]
Event: 9508.102 Thread 0x0000020b8446e000 Exception <a 'ui/frmwork/CommandFailedException'> (0x00000007bcfc1e18) thrown at [C:\re\workspace\8-2-build-windows-amd64-cygwin\jdk8u45\3627\hotspot\src\share\vm\prims\jni.cpp, line 709]
Event: 9508.102 Thread 0x0000020b8446e000 Exception <a 'ui/frmwork/CommandFailedException'> (0x00000007bcfc5588) thrown at [C:\re\workspace\8-2-build-windows-amd64-cygwin\jdk8u45\3627\hotspot\src\share\vm\prims\jni.cpp, line 709]
Event: 9508.438 Thread 0x0000020b8446e000 Exception <a 'ui/frmwork/CommandFailedException'> (0x00000007bcff3518) thrown at [C:\re\workspace\8-2-build-windows-amd64-cygwin\jdk8u45\3627\hotspot\src\share\vm\prims\jni.cpp, line 709]
Event: 9508.439 Thread 0x0000020b8446e000 Exception <a 'ui/frmwork/CommandFailedException'> (0x00000007bcff7668) thrown at [C:\re\workspace\8-2-build-windows-amd64-cygwin\jdk8u45\3627\hotspot\src\share\vm\prims\jni.cpp, line 709]

Events (10 events):
Event: 9634.473 Thread 0x0000020b9b8b2000 flushing nmethod 0x0000020b857198d0
Event: 9634.499 Thread 0x0000020b9b8b0800 flushing nmethod 0x0000020b858b5e90
Event: 9634.501 Thread 0x0000020b9b8b0800 flushing nmethod 0x0000020b85d6f7d0
Event: 9634.501 Thread 0x0000020b9b8b0800 flushing nmethod 0x0000020b85e76f90
Event: 9634.504 Thread 0x0000020b9b8b0800 flushing nmethod 0x0000020b86586810
Event: 9634.505 Thread 0x0000020b9b8b0800 flushing nmethod 0x0000020b868d4bd0
Event: 9634.505 Thread 0x0000020b9b8b0800 flushing nmethod 0x0000020b86928690
Event: 9639.492 Executing VM operation: RevokeBias
Event: 9639.493 Executing VM operation: RevokeBias done
Event: 9639.493 Thread 0x0000020bf443a000 Thread exited: 0x0000020bf443a000


Dynamic libraries:
0x00007ff7da650000 - 0x00007ff7da680000 	D:\Xilinx\Vivado\2015.4\bin\unwrapped\win64.o\vivado.exe
0x00007ffc63480000 - 0x00007ffc63651000 	C:\windows\SYSTEM32\ntdll.dll
0x00007ffc633d0000 - 0x00007ffc6347b000 	C:\windows\System32\KERNEL32.DLL
0x00007ffc605b0000 - 0x00007ffc607cd000 	C:\windows\System32\KERNELBASE.dll
0x000000000a900000 - 0x000000000a98d000 	D:\Xilinx\Vivado\2015.4\lib\win64.o\SHSMP64.dll
0x00007ffc5ca50000 - 0x00007ffc5ca63000 	D:\Xilinx\Vivado\2015.4\lib\win64.o\libboost_signals.dll
0x00007ffc3f280000 - 0x00007ffc3fc0d000 	D:\Xilinx\Vivado\2015.4\lib\win64.o\librdi_common.dll
0x00007ffc5ca30000 - 0x00007ffc5ca41000 	D:\Xilinx\Vivado\2015.4\lib\win64.o\librdi_commonmain.dll
0x00007ffc62cb0000 - 0x00007ffc62e15000 	C:\windows\System32\USER32.dll
0x00007ffc60590000 - 0x00007ffc605ae000 	C:\windows\System32\win32u.dll
0x00007ffc433f0000 - 0x00007ffc43497000 	C:\windows\SYSTEM32\MSVCP110.dll
0x00007ffc62c10000 - 0x00007ffc62c44000 	C:\windows\System32\GDI32.dll
0x00007ffc62ec0000 - 0x00007ffc62ec8000 	C:\windows\System32\PSAPI.DLL
0x00007ffc435a0000 - 0x00007ffc43674000 	C:\windows\SYSTEM32\MSVCR110.dll
0x00007ffc607d0000 - 0x00007ffc60952000 	C:\windows\System32\gdi32full.dll
0x00007ffc60fc0000 - 0x00007ffc624c9000 	C:\windows\System32\SHELL32.dll
0x00007ffc62e20000 - 0x00007ffc62ebe000 	C:\windows\System32\msvcrt.dll
0x00007ffc63200000 - 0x00007ffc632a2000 	C:\windows\System32\ADVAPI32.dll
0x00007ffc60050000 - 0x00007ffc60092000 	C:\windows\System32\cfgmgr32.dll
0x00007ffc631a0000 - 0x00007ffc631f9000 	C:\windows\System32\sechost.dll
0x00007ffc3ef10000 - 0x00007ffc3f27e000 	D:\Xilinx\Vivado\2015.4\lib\win64.o\libCOIN-all.dll
0x00007ffc60a10000 - 0x00007ffc60b31000 	C:\windows\System32\RPCRT4.dll
0x00007ffc5f970000 - 0x00007ffc6004a000 	C:\windows\System32\windows.storage.dll
0x00007ffc43780000 - 0x00007ffc4399e000 	D:\Xilinx\Vivado\2015.4\lib\win64.o\libXil_lmgr11.dll
0x00007ffc62ed0000 - 0x00007ffc63198000 	C:\windows\System32\combase.dll
0x00007ffc60110000 - 0x00007ffc60205000 	C:\windows\System32\ucrtbase.dll
0x00007ffc632d0000 - 0x00007ffc633ca000 	C:\windows\System32\COMDLG32.dll
0x00007ffc5ca20000 - 0x00007ffc5ca30000 	D:\Xilinx\Vivado\2015.4\lib\win64.o\libboost_date_time.dll
0x00007ffc600a0000 - 0x00007ffc6010a000 	C:\windows\System32\bcryptPrimitives.dll
0x00007ffc5b9c0000 - 0x00007ffc5b9e2000 	D:\Xilinx\Vivado\2015.4\lib\win64.o\libboost_filesystem.dll
0x00007ffc5f920000 - 0x00007ffc5f96c000 	C:\windows\System32\powrprof.dll
0x00007ffc602b0000 - 0x00007ffc60359000 	C:\windows\System32\shcore.dll
0x00007ffc62c50000 - 0x00007ffc62ca2000 	C:\windows\System32\shlwapi.dll
0x00007ffc5f8f0000 - 0x00007ffc5f8ff000 	C:\windows\System32\kernel.appcore.dll
0x00007ffc5f900000 - 0x00007ffc5f914000 	C:\windows\System32\profapi.dll
0x00007ffc57880000 - 0x00007ffc578f4000 	D:\Xilinx\Vivado\2015.4\lib\win64.o\libboost_program_options.dll
0x00007ffc60f00000 - 0x00007ffc60fbf000 	C:\windows\System32\OLEAUT32.dll
0x00007ffc43680000 - 0x00007ffc4377a000 	D:\Xilinx\Vivado\2015.4\lib\win64.o\libboost_regex.dll
0x00007ffc60210000 - 0x00007ffc602ac000 	C:\windows\System32\msvcp_win.dll
0x00007ffc62ad0000 - 0x00007ffc62c07000 	C:\windows\System32\ole32.dll
0x00007ffc5c420000 - 0x00007ffc5c429000 	D:\Xilinx\Vivado\2015.4\lib\win64.o\libboost_system.dll
0x00007ffc5b9a0000 - 0x00007ffc5b9bd000 	D:\Xilinx\Vivado\2015.4\lib\win64.o\libboost_thread.dll
0x00007ffc5c410000 - 0x00007ffc5c41b000 	D:\Xilinx\Vivado\2015.4\lib\win64.o\libboost_xilinx.dll
0x00007ffc60530000 - 0x00007ffc60585000 	C:\windows\System32\WINTRUST.dll
0x00007ffc5f8e0000 - 0x00007ffc5f8f0000 	C:\windows\System32\MSASN1.dll
0x00007ffc60360000 - 0x00007ffc60529000 	C:\windows\System32\CRYPT32.dll
0x00007ffc575e0000 - 0x00007ffc57660000 	D:\Xilinx\Vivado\2015.4\lib\win64.o\libhdlpsolve.dll
0x00007ffc5d860000 - 0x00007ffc5d869000 	D:\Xilinx\Vivado\2015.4\lib\win64.o\librdi_commonversion.dll
0x00007ffc41bc0000 - 0x00007ffc41c5a000 	D:\Xilinx\Vivado\2015.4\lib\win64.o\libhdxml.dll
0x00007ffc59950000 - 0x00007ffc599a4000 	D:\Xilinx\Vivado\2015.4\lib\win64.o\librdi_commonxillic.dll
0x00007ffc3ead0000 - 0x00007ffc3ef04e00 	D:\Xilinx\Vivado\2015.4\lib\win64.o\libisl_iostreams.dll
0x00007ffc5b970000 - 0x00007ffc5b99a000 	D:\Xilinx\Vivado\2015.4\lib\win64.o\libisl_sysinfo.dll
0x00000000531a0000 - 0x0000000053a23000 	D:\Xilinx\Vivado\2015.4\tps\win64\jre\bin\server\jvm.dll
0x00007ffc60b40000 - 0x00007ffc60baa000 	C:\windows\System32\WS2_32.dll
0x0000000053a30000 - 0x0000000053b57000 	D:\Xilinx\Vivado\2015.4\lib\win64.o\tcl85t.dll
0x00007ffc5b090000 - 0x00007ffc5b0a5000 	D:\Xilinx\Vivado\2015.4\lib\win64.o\pthreadVC2.dll
0x00007ffc41a90000 - 0x00007ffc41bc0000 	D:\Xilinx\Vivado\2015.4\lib\win64.o\librdi_curl.dll
0x00007ffc5a4e0000 - 0x00007ffc5a503000 	D:\Xilinx\Vivado\2015.4\lib\win64.o\librdizlib.dll
0x00007ffc5a510000 - 0x00007ffc5a528000 	D:\Xilinx\Vivado\2015.4\lib\win64.o\librdiconfig.dll
0x0000000012000000 - 0x0000000012263000 	D:\Xilinx\Vivado\2015.4\lib\win64.o\xerces-c_3_1.dll
0x00007ffc561a0000 - 0x00007ffc56433000 	C:\windows\SYSTEM32\WININET.dll
0x00007ffc5b6b0000 - 0x00007ffc5b77d000 	C:\windows\SYSTEM32\WINHTTP.dll
0x00007ffc565b0000 - 0x00007ffc56772000 	C:\windows\SYSTEM32\urlmon.dll
0x00007ffc5c020000 - 0x00007ffc5c02a000 	C:\windows\SYSTEM32\VERSION.dll
0x00007ffc52450000 - 0x00007ffc52468000 	C:\windows\SYSTEM32\NETAPI32.dll
0x00007ffc5db40000 - 0x00007ffc5db49000 	C:\windows\SYSTEM32\WSOCK32.dll
0x00007ffc59870000 - 0x00007ffc5991c000 	C:\windows\WinSxS\amd64_microsoft.windows.common-controls_6595b64144ccf1df_5.82.14393.447_none_0d5aa7fbb6d35646\COMCTL32.dll
0x00007ffc5a370000 - 0x00007ffc5a393000 	C:\windows\SYSTEM32\VCOMP110.DLL
0x00007ffc5a360000 - 0x00007ffc5a36b000 	D:\Xilinx\Vivado\2015.4\lib\win64.o\libboost_chrono.dll
0x00007ffc59d20000 - 0x00007ffc59d36000 	D:\Xilinx\Vivado\2015.4\lib\win64.o\libboost_iostreams.dll
0x00007ffc59d40000 - 0x00007ffc59d63000 	D:\Xilinx\Vivado\2015.4\lib\win64.o\libisl_iosutils.dll
0x00007ffc5dd70000 - 0x00007ffc5dd93000 	C:\windows\SYSTEM32\WINMM.dll
0x00000000530c0000 - 0x0000000053192000 	C:\windows\SYSTEM32\MSVCR100.dll
0x00007ffc579b0000 - 0x00007ffc57c53000 	C:\windows\SYSTEM32\iertutil.dll
0x00007ffc5dd40000 - 0x00007ffc5dd6b000 	C:\windows\SYSTEM32\WINMMBASE.dll
0x00007ffc60ed0000 - 0x00007ffc60efe000 	C:\windows\System32\IMM32.DLL
0x00007ffc3e6b0000 - 0x00007ffc3eac9000 	D:\Xilinx\Vivado\2015.4\lib\win64.o\librdi_commontasks.dll
0x00007ffc3cd60000 - 0x00007ffc3e6ae000 	D:\Xilinx\Vivado\2015.4\lib\win64.o\librdi_tcltasks.dll
0x00007ffc3fd00000 - 0x00007ffc3fe3e000 	D:\Xilinx\Vivado\2015.4\lib\win64.o\librdi_board.dll
0x00007ffc57820000 - 0x00007ffc5787d000 	D:\Xilinx\Vivado\2015.4\lib\win64.o\librdi_boarddep.dll
0x00007ffc3cb90000 - 0x00007ffc3cd52000 	D:\Xilinx\Vivado\2015.4\lib\win64.o\librdi_chipscope.dll
0x00007ffc3ba00000 - 0x00007ffc3cb8e000 	D:\Xilinx\Vivado\2015.4\lib\win64.o\librdi_constraints.dll
0x00007ffc41a20000 - 0x00007ffc41a87000 	D:\Xilinx\Vivado\2015.4\lib\win64.o\librdi_containers.dll
0x00007ffc3a0c0000 - 0x00007ffc3b9f8000 	D:\Xilinx\Vivado\2015.4\lib\win64.o\librdi_coregen.dll
0x00007ffc36940000 - 0x00007ffc3a0b8000 	D:\Xilinx\Vivado\2015.4\lib\win64.o\librdi_designutils.dll
0x00007ffc2e7a0000 - 0x00007ffc36931000 	D:\Xilinx\Vivado\2015.4\lib\win64.o\librdi_device.dll
0x00007ffc2e590000 - 0x00007ffc2e798000 	D:\Xilinx\Vivado\2015.4\lib\win64.o\librdi_dlyest.dll
0x00007ffc2e0c0000 - 0x00007ffc2e58f000 	D:\Xilinx\Vivado\2015.4\lib\win64.o\librdi_drc.dll
0x00007ffc40590000 - 0x00007ffc40647000 	D:\Xilinx\Vivado\2015.4\lib\win64.o\librdi_dsp.dll
0x00007ffc2dd00000 - 0x00007ffc2e0bd000 	D:\Xilinx\Vivado\2015.4\lib\win64.o\librdi_filemgmt.dll
0x00007ffc2dad0000 - 0x00007ffc2dcfc000 	D:\Xilinx\Vivado\2015.4\lib\win64.o\librdi_guitools.dll
0x00007ffc2d540000 - 0x00007ffc2daca000 	D:\Xilinx\Vivado\2015.4\lib\win64.o\librdi_memdata.dll
0x00007ffc2d110000 - 0x00007ffc2d535000 	D:\Xilinx\Vivado\2015.4\lib\win64.o\librdi_netlist.dll
0x00007ffc2b8f0000 - 0x00007ffc2d10c000 	D:\Xilinx\Vivado\2015.4\lib\win64.o\librdi_place.dll
0x00007ffc2b390000 - 0x00007ffc2b8ef000 	D:\Xilinx\Vivado\2015.4\lib\win64.o\librdi_power.dll
0x00007ffc2afb0000 - 0x00007ffc2b38b000 	D:\Xilinx\Vivado\2015.4\lib\win64.o\librdi_project.dll
0x00007ffc2ab00000 - 0x00007ffc2afad000 	D:\Xilinx\Vivado\2015.4\lib\win64.o\librdi_psta.dll
0x00007ffc29c40000 - 0x00007ffc2a744000 	D:\Xilinx\Vivado\2015.4\lib\win64.o\librdi_route.dll
0x00007ffc2a750000 - 0x00007ffc2aafb000 	D:\Xilinx\Vivado\2015.4\lib\win64.o\librdi_rsb.dll
0x00007ffc299d0000 - 0x00007ffc29c32000 	D:\Xilinx\Vivado\2015.4\lib\win64.o\librdi_runs.dll
0x00007ffc40530000 - 0x00007ffc4058a000 	D:\Xilinx\Vivado\2015.4\lib\win64.o\librdi_runsbase.dll
0x00007ffc29840000 - 0x00007ffc299c1000 	D:\Xilinx\Vivado\2015.4\lib\win64.o\librdi_simdata.dll
0x00007ffc28e80000 - 0x00007ffc29840000 	D:\Xilinx\Vivado\2015.4\lib\win64.o\librdi_timing.dll
0x00007ffc3fc90000 - 0x00007ffc3fcf3000 	D:\Xilinx\Vivado\2015.4\lib\win64.o\liblmx6.0.dll
0x00007ffc287b0000 - 0x00007ffc28e73000 	D:\Xilinx\Vivado\2015.4\lib\win64.o\librdi_coregenipxact.dll
0x00007ffc28690000 - 0x00007ffc287a8000 	D:\Xilinx\Vivado\2015.4\lib\win64.o\librdi_sio.dll
0x00007ffc27e30000 - 0x00007ffc2863e000 	D:\Xilinx\Vivado\2015.4\lib\win64.o\libverific.dll
0x00007ffc28640000 - 0x00007ffc28687000 	D:\Xilinx\Vivado\2015.4\lib\win64.o\libboost_serialization.dll
0x00007ffc27b30000 - 0x00007ffc27d85000 	D:\Xilinx\Vivado\2015.4\lib\win64.o\librdi_bitstream.dll
0x00007ffc27210000 - 0x00007ffc27750000 	D:\Xilinx\Vivado\2015.4\lib\win64.o\librdi_xdm.dll
0x00007ffc27d90000 - 0x00007ffc27e27000 	D:\Xilinx\Vivado\2015.4\lib\win64.o\libise.dll
0x00007ffc27790000 - 0x00007ffc27b21000 	D:\Xilinx\Vivado\2015.4\lib\win64.o\librdi_wavedata.dll
0x00007ffc27750000 - 0x00007ffc27782000 	D:\Xilinx\Vivado\2015.4\lib\win64.o\librdi_wavedata_SimpleApi.dll
0x00007ffc59930000 - 0x00007ffc59949000 	D:\Xilinx\Vivado\2015.4\lib\win64.o\librdi_hmetis.dll
0x00007ffc23550000 - 0x00007ffc23b0c000 	D:\Xilinx\Vivado\2015.4\lib\win64.o\librdi_abc_nomp.dll
0x00007ffc25710000 - 0x00007ffc26c21000 	D:\Xilinx\Vivado\2015.4\lib\win64.o\librdi_mig.dll
0x00007ffc23b10000 - 0x00007ffc23d65000 	D:\Xilinx\Vivado\2015.4\lib\win64.o\librdi_ippcw.dll
0x00007ffc26c30000 - 0x00007ffc27202000 	D:\Xilinx\Vivado\2015.4\lib\win64.o\librdi_labtools.dll
0x00007ffc256d0000 - 0x00007ffc25703000 	D:\Xilinx\Vivado\2015.4\lib\win64.o\librdi_pfi.dll
0x00007ffc25680000 - 0x00007ffc256cd000 	D:\Xilinx\Vivado\2015.4\lib\win64.o\librdi_projectbase.dll
0x00007ffc23d70000 - 0x00007ffc25675000 	D:\Xilinx\Vivado\2015.4\lib\win64.o\librdi_synth.dll
0x00007ffc234b0000 - 0x00007ffc23544000 	D:\Xilinx\Vivado\2015.4\lib\win64.o\librdi_hwh.dll
0x00007ffc23420000 - 0x00007ffc234a2000 	D:\Xilinx\Vivado\2015.4\lib\win64.o\librdi_simbridge_kernel.dll
0x00007ffc575b0000 - 0x00007ffc575d8000 	D:\Xilinx\Vivado\2015.4\lib\win64.o\librdi_commoncwebtalk.dll
0x00007ffc22fd0000 - 0x00007ffc231d3000 	D:\Xilinx\Vivado\2015.4\lib\win64.o\librdi_xicom_hw.dll
0x00007ffc233d0000 - 0x00007ffc23413000 	D:\Xilinx\Vivado\2015.4\lib\win64.o\librdi_hdf.dll
0x00007ffc231e0000 - 0x00007ffc233cc000 	D:\Xilinx\Vivado\2015.4\lib\win64.o\librdi_hsm.dll
0x00007ffc415d0000 - 0x00007ffc415f0000 	D:\Xilinx\Vivado\2015.4\lib\win64.o\librdi_bmg.dll

VM Arguments:
jvm_args: -Dsun.java2d.pmoffscreen=false -Dsun.java2d.d3d=false -Dsun.awt.nopixfmt=true -Xverify:none -Dswing.aatext=true -XX:-UsePerfData -Djdk.map.althashing.threshold=512 -XX:StringTableSize=4072 -XX:NewSize=60m -XX:MaxNewSize=60m -Xms128m -Xmx3072m -Xss5m 
java_command: <unknown>
java_class_path (initial): D:/Xilinx/Vivado/2015.4\lib\classes\alloy.jar;D:/Xilinx/Vivado/2015.4\lib\classes\antlr-2.7.7.jar;D:/Xilinx/Vivado/2015.4\lib\classes\batik-anim.jar;D:/Xilinx/Vivado/2015.4\lib\classes\batik-awt-util.jar;D:/Xilinx/Vivado/2015.4\lib\classes\batik-bridge.jar;D:/Xilinx/Vivado/2015.4\lib\classes\batik-codec.jar;D:/Xilinx/Vivado/2015.4\lib\classes\batik-css.jar;D:/Xilinx/Vivado/2015.4\lib\classes\batik-dom.jar;D:/Xilinx/Vivado/2015.4\lib\classes\batik-ext.jar;D:/Xilinx/Vivado/2015.4\lib\classes\batik-gui-util.jar;D:/Xilinx/Vivado/2015.4\lib\classes\batik-gvt.jar;D:/Xilinx/Vivado/2015.4\lib\classes\batik-parser.jar;D:/Xilinx/Vivado/2015.4\lib\classes\batik-script.jar;D:/Xilinx/Vivado/2015.4\lib\classes\batik-svg-dom.jar;D:/Xilinx/Vivado/2015.4\lib\classes\batik-swing.jar;D:/Xilinx/Vivado/2015.4\lib\classes\batik-transcoder.jar;D:/Xilinx/Vivado/2015.4\lib\classes\batik-util.jar;D:/Xilinx/Vivado/2015.4\lib\classes\batik-xml.jar;D:/Xilinx/Vivado/2015.4\lib\classes\commons-logging.jar;D:/Xilinx/Vivado/2015.4\lib\classes\commons-math-2.2.jar;D:/Xilinx/Vivado/2015.4\lib\classes\dom4j-1.6.1.jar;D:/Xilinx/Vivado/2015.4\lib\classes\forms.jar;D:/Xilinx/Vivado/2015.4\lib\classes\guava-18.0.jar;D:/Xilinx/Vivado/2015.4\lib\classes\hsqldb.jar;D:/Xilinx/Vivado/2015.4\lib\classes\jdom.jar;D:/Xilinx/Vivado/2015.4\lib\classes\jide-action.jar;D:/Xilinx/Vivado/2015.4\lib\classes\jide-charts.jar;D:/Xilinx/Vivado/2015.4\lib\classes\jide-common.jar;D:/Xilinx/Vivado/2015.4\lib\classes\jide-components.jar;D:/Xilinx/Vivado/2015.4\lib\classes\jide-dashboard.jar;D:/Xilinx/Vivado/2015.4\lib\classes\jide-data.jar;D:/Xilinx/Vivado/2015.4\lib\classes\jide-dialogs.jar;D:/Xilinx/Vivado/2015.4\lib\classes\jide-diff.jar;D:/Xilinx/Vivado/2015.4\lib\classes\jide-dock.jar;D:/Xilinx/Vivado/2015.4\lib\classes\jide-editor.jar;D:/Xilinx/Vivado/2015.4\lib\classes\jide-gantt.jar;D:/Xilinx/Vivado/2015.4\lib\classes\jide-grids.jar;D:/Xilinx/Vivado/2015.4\lib\classes\jide-pivot.jar;D:/Xilin
Launcher Type: generic

Environment Variables:
PATH=D:/Xilinx/Vivado/2015.4/bin;D:/Xilinx/Vivado/2015.4/lib/win64.o;D:/Xilinx/Vivado/2015.4/tps/win64/jre/bin/server;D:/Xilinx/Vivado/2015.4/tps/win64/jre/bin;D:/Xilinx/SDK/2015.4/bin;D:/Xilinx/Vivado/2015.4/ids_lite/ISE/bin/nt64;D:/Xilinx/Vivado/2015.4/ids_lite/ISE/lib/nt64;D:/Xilinx/Vivado_HLS/2015.4/bin;C:\windows\system32;C:\windows;C:\windows\System32\Wbem;C:\windows\System32\WindowsPowerShell\v1.0\;C:\Program Files (x86)\Altium Designer Summer 09\System;C:\Users\Administrator\AppData\Local\Microsoft\WindowsApps;
USERNAME=Administrator
OS=Windows_NT
PROCESSOR_IDENTIFIER=Intel64 Family 6 Model 94 Stepping 3, GenuineIntel



---------------  S Y S T E M  ---------------

OS: Windows 10.0 , 64 bit Build 14393 (10.0.14393.0)

CPU:total 8 (4 cores per cpu, 2 threads per core) family 6 model 94 stepping 3, cmov, cx8, fxsr, mmx, sse, sse2, sse3, ssse3, sse4.1, sse4.2, popcnt, avx, avx2, aes, clmul, erms, rtm, 3dnowpref, lzcnt, ht, tsc, tscinvbit, bmi1, bmi2, adx

Memory: 4k page, physical 16728064k(10597444k free), swap 18300928k(9492740k free)

vm_info: Java HotSpot(TM) 64-Bit Server VM (25.45-b02) for windows-amd64 JRE (1.8.0_45-b15), built on Apr 30 2015 12:40:44 by "java_re" with MS VC++ 10.0 (VS2010)

time: Sun Feb 12 19:06:59 2017
elapsed time: 9813 seconds (0d 2h 43m 33s)

