#
# A fatal error has been detected by the Java Runtime Environment:
#
#  Internal Error (0xc000000d), pid=21372, tid=8716
#
# JRE version: Java(TM) SE Runtime Environment (8.0_45-b15) (build 1.8.0_45-b15)
# Java VM: Java HotSpot(TM) 64-Bit Server VM (25.45-b02 mixed mode windows-amd64 compressed oops)
# Problematic frame:
# C  [ntdll.dll+0xff44c]
#
# Failed to write core dump. Minidumps are not enabled by default on client versions of Windows
#
# If you would like to submit a bug report, please visit:
#   http://bugreport.java.com/bugreport/crash.jsp
#

---------------  T H R E A D  ---------------

Current thread (0x0000000014089000):  VMThread [stack: 0x0000000015db0000,0x0000000015eb0000] [id=8716]

siginfo: ExceptionCode=0xc000000d

Registers:
RAX=0x0000000015eaed18, RBX=0xfffffffffffffffe, RCX=0x0000000015eaed14, RDX=0x0000008dffffffff
RSP=0x0000000015eaf270, RBP=0x00007ffb6def7408, RSI=0x0000000000000000, RDI=0x0000000000000b8c
R8 =0x000000000015177c, R9 =0x00000001f46857d4, R10=0x0000000000000000, R11=0x0000000000000000
R12=0x0000000025d4d590, R13=0x000000001fc8ee30, R14=0x0000000025d4d698, R15=0x0000000015eaf3e8
RIP=0x00007ffb8a9bf44c, EFLAGS=0x0000000000000206

Top of Stack: (sp=0x0000000015eaf270)
0x0000000015eaf270:   0000000000000057 fffffffffffffffe
0x0000000015eaf280:   0000000000000000 0000000000000b8c
0x0000000015eaf290:   00000000c000000d 0000000000000000
0x0000000015eaf2a0:   00007ffb8a9bf44c 0000000000000000
0x0000000015eaf2b0:   0000000000000000 0000000000000000
0x0000000015eaf2c0:   0000000000000000 0000000000000000
0x0000000015eaf2d0:   0000000000000000 0000000000000000
0x0000000015eaf2e0:   0000000000000000 0000000000000000
0x0000000015eaf2f0:   0000000000000000 0000000000000000
0x0000000015eaf300:   0000000000000000 0000000000000000
0x0000000015eaf310:   0000000000000000 0000000000000000
0x0000000015eaf320:   0000000000000000 00007ffb00000000
0x0000000015eaf330:   00004adfcaba6fee 0000000000000000
0x0000000015eaf340:   0000000000583b70 00007ffb8a98150d
0x0000000015eaf350:   00007ffb6cb31b4c 0000000000000000
0x0000000015eaf360:   0000000015eaf548 0000000000000000 

Instructions: (pc=0x00007ffb8a9bf44c)
0x00007ffb8a9bf42c:   d5 fa ff c7 44 24 20 0d 00 00 c0 b9 57 00 00 00
0x00007ffb8a9bf43c:   e8 7f 13 f6 ff 90 48 8d 4c 24 20 e8 04 bf f4 ff
0x00007ffb8a9bf44c:   eb 00 48 8b 8c 24 c0 00 00 00 48 33 cc e8 82 74
0x00007ffb8a9bf45c:   f9 ff 48 81 c4 d8 00 00 00 c3 40 55 48 83 ec 20 


Register to memory mapping:

RAX=0x0000000015eaed18 is an unknown value
RBX=0xfffffffffffffffe is an unknown value
RCX=0x0000000015eaed14 is an unknown value
RDX=0x0000008dffffffff is an unknown value
RSP=0x0000000015eaf270 is an unknown value
RBP=0x00007ffb6def7408 is an unknown value
RSI=0x0000000000000000 is an unknown value
RDI=0x0000000000000b8c is an unknown value
R8 =0x000000000015177c is an unknown value
R9 =0x00000001f46857d4 is an unknown value
R10=0x0000000000000000 is an unknown value
R11=0x0000000000000000 is an unknown value
R12=0x0000000025d4d590 is an unknown value
R13=0x000000001fc8ee30 is an unknown value
R14=0x0000000025d4d698 is an unknown value
R15=0x0000000015eaf3e8 is an unknown value


Stack: [0x0000000015db0000,0x0000000015eb0000],  sp=0x0000000015eaf270,  free space=1020k
Native frames: (J=compiled Java code, j=interpreted, Vv=VM code, C=native code)
C  [ntdll.dll+0xff44c]
C  [ntdll.dll+0xc150d]
C  [KERNEL32.DLL+0x1fbba]
C  [MSVCR110.dll+0x752d]
C  [MSVCR110.dll+0x73c6]
C  [MSVCR110.dll+0x14cca]
C  [MSVCR110.dll+0x13edc]
C  [MSVCR110.dll+0x239e]
C  [MSVCR110.dll+0xaf9e]
C  [MSVCP110.dll+0x397b9]
C  [librdi_common.dll+0x14283e]
C  [librdi_common.dll+0x141449]
C  0x00007ffb7a5c2400
C  0x00007ffb7a5c2682
C  [ntdll.dll+0x2a35f]
C  [ntdll.dll+0x806b]
C  [ntdll.dll+0x7d94]
C  [KERNEL32.DLL+0x1ce6a]
C  [MSVCR100.dll+0x20ccd]
V  [jvm.dll+0x20f135]
V  [jvm.dll+0x247ef7]
V  [jvm.dll+0x247196]
V  [jvm.dll+0x247631]
V  [jvm.dll+0x24784e]
V  [jvm.dll+0x29853a]
C  [MSVCR100.dll+0x21d9f]
C  [MSVCR100.dll+0x21e3b]
C  [KERNEL32.DLL+0x8364]
C  [ntdll.dll+0x670d1]

VM_Operation (0x000000000014f500): Exit, mode: safepoint, requested by thread 0x00000000026ce000


---------------  P R O C E S S  ---------------

Java Threads: ( => current thread )
  0x00000000170b3000 JavaThread "Thread-18" daemon [_thread_blocked, id=31364, stack(0x0000000028b70000,0x0000000028c70000)]
  0x000000001c216800 JavaThread "TCF Locator DNS Lookup" daemon [_thread_blocked, id=32152, stack(0x0000000023cd0000,0x0000000023dd0000)]
  0x000000001c212800 JavaThread "TCF Locator Timer" daemon [_thread_blocked, id=24788, stack(0x0000000023bd0000,0x0000000023cd0000)]
  0x000000001c213800 JavaThread "TCF Locator Receiver" daemon [_thread_in_native, id=24588, stack(0x0000000023ad0000,0x0000000023bd0000)]
  0x000000001c215000 JavaThread "TCF Timer Dispatcher" daemon [_thread_blocked, id=716, stack(0x00000000238d0000,0x00000000239d0000)]
  0x0000000019f73000 JavaThread "EMF Reference Cleaner" daemon [_thread_blocked, id=33440, stack(0x000000001ae30000,0x000000001af30000)]
  0x00000000161e6800 JavaThread "Service Thread" daemon [_thread_blocked, id=5492, stack(0x0000000016ab0000,0x0000000016bb0000)]
  0x000000001614c000 JavaThread "C1 CompilerThread3" daemon [_thread_blocked, id=30624, stack(0x00000000169b0000,0x0000000016ab0000)]
  0x000000001613d000 JavaThread "C2 CompilerThread2" daemon [_thread_blocked, id=9012, stack(0x00000000168b0000,0x00000000169b0000)]
  0x000000001613b000 JavaThread "C2 CompilerThread1" daemon [_thread_blocked, id=3380, stack(0x00000000167b0000,0x00000000168b0000)]
  0x0000000016139000 JavaThread "C2 CompilerThread0" daemon [_thread_blocked, id=30568, stack(0x00000000166b0000,0x00000000167b0000)]
  0x0000000016138800 JavaThread "Attach Listener" daemon [_thread_blocked, id=15448, stack(0x00000000165b0000,0x00000000166b0000)]
  0x00000000160eb000 JavaThread "Signal Dispatcher" daemon [_thread_blocked, id=28488, stack(0x00000000164b0000,0x00000000165b0000)]
  0x000000001408d800 JavaThread "Finalizer" daemon [_thread_blocked, id=10124, stack(0x0000000015fb0000,0x00000000160b0000)]
  0x00000000028c5800 JavaThread "Reference Handler" daemon [_thread_blocked, id=8480, stack(0x0000000015eb0000,0x0000000015fb0000)]
  0x00000000026ce000 JavaThread "main" [_thread_blocked, id=31520, stack(0x0000000000050000,0x0000000000150000)]

Other Threads:
=>0x0000000014089000 VMThread [stack: 0x0000000015db0000,0x0000000015eb0000] [id=8716]

VM state:at safepoint (shutting down)

VM Mutex/Monitor currently owned by a thread:  ([mutex/lock_event])
[0x00000000026cda60] Threads_lock - owner thread: 0x0000000014089000

Heap:
 PSYoungGen      total 111616K, used 104911K [0x00000000f5580000, 0x00000000ff000000, 0x0000000100000000)
  eden space 79360K, 94% used [0x00000000f5580000,0x00000000f9e73a20,0x00000000fa300000)
  from space 32256K, 93% used [0x00000000fa300000,0x00000000fc080480,0x00000000fc280000)
  to   space 36352K, 0% used [0x00000000fcc80000,0x00000000fcc80000,0x00000000ff000000)
 ParOldGen       total 105984K, used 41086K [0x00000000e0000000, 0x00000000e6780000, 0x00000000f5580000)
  object space 105984K, 38% used [0x00000000e0000000,0x00000000e281f8e0,0x00000000e6780000)
 Metaspace       used 88227K, capacity 94930K, committed 95104K, reserved 1130496K
  class space    used 11114K, capacity 13114K, committed 13184K, reserved 1048576K

Card table byte_map: [0x0000000011c90000,0x0000000011da0000] byte_map_base: 0x0000000011590000

Marking Bits: (ParMarkBitMap*) 0x00000000743f4040
 Begin Bits: [0x00000000125a0000, 0x0000000012da0000)
 End Bits:   [0x0000000012da0000, 0x00000000135a0000)

Polling page: 0x0000000002170000

CodeCache: size=245760Kb used=29232Kb max_used=29432Kb free=216527Kb
 bounds [0x00000000028d0000, 0x00000000045d0000, 0x00000000118d0000]
 total_blobs=9139 nmethods=8269 adapters=778
 compilation: enabled

Compilation events (10 events):
Event: 151.559 Thread 0x000000001614c000 nmethod 10154 0x0000000003397450 code [0x0000000003397620, 0x0000000003397d68]
Event: 151.575 Thread 0x000000001614c000 10155   !   3       org.eclipse.osgi.internal.baseadaptor.BaseStorage::compact (215 bytes)
Event: 151.576 Thread 0x000000001614c000 nmethod 10155 0x0000000003a61f50 code [0x0000000003a623a0, 0x0000000003a64868]
Event: 151.583 Thread 0x000000001613d000 nmethod 10128 0x000000000372e350 code [0x000000000372e700, 0x00000000037319c0]
Event: 151.589 Thread 0x000000001613b000 10156       4       java.io.File::<init> (113 bytes)
Event: 151.591 Thread 0x000000001613b000 nmethod 10156 0x0000000003220090 code [0x0000000003220200, 0x00000000032205b8]
Event: 151.610 Thread 0x0000000016139000 10157       4       java.io.File::isDirectory (43 bytes)
Event: 151.612 Thread 0x0000000016139000 nmethod 10157 0x0000000004056410 code [0x0000000004056560, 0x0000000004056768]
Event: 151.628 Thread 0x000000001614c000 10158       3       org.eclipse.osgi.framework.internal.core.AbstractBundle::close (52 bytes)
Event: 151.629 Thread 0x000000001614c000 nmethod 10158 0x000000000359f490 code [0x000000000359f6c0, 0x00000000035a03c8]

GC Heap History (10 events):
Event: 4.695 GC heap before
{Heap before GC invocations=14 (full 3):
 PSYoungGen      total 85504K, used 64512K [0x00000000f5580000, 0x00000000fc480000, 0x0000000100000000)
  eden space 64512K, 100% used [0x00000000f5580000,0x00000000f9480000,0x00000000f9480000)
  from space 20992K, 0% used [0x00000000fa880000,0x00000000fa880000,0x00000000fbd00000)
  to   space 20480K, 0% used [0x00000000f9480000,0x00000000f9480000,0x00000000fa880000)
 ParOldGen       total 105984K, used 33113K [0x00000000e0000000, 0x00000000e6780000, 0x00000000f5580000)
  object space 105984K, 31% used [0x00000000e0000000,0x00000000e2056598,0x00000000e6780000)
 Metaspace       used 62568K, capacity 67270K, committed 67328K, reserved 1107968K
  class space    used 7954K, capacity 9433K, committed 9472K, reserved 1048576K
Event: 4.704 GC heap after
Heap after GC invocations=14 (full 3):
 PSYoungGen      total 84992K, used 15607K [0x00000000f5580000, 0x00000000fca00000, 0x0000000100000000)
  eden space 64512K, 0% used [0x00000000f5580000,0x00000000f5580000,0x00000000f9480000)
  from space 20480K, 76% used [0x00000000f9480000,0x00000000fa3bdfb0,0x00000000fa880000)
  to   space 21504K, 0% used [0x00000000fb500000,0x00000000fb500000,0x00000000fca00000)
 ParOldGen       total 105984K, used 33121K [0x00000000e0000000, 0x00000000e6780000, 0x00000000f5580000)
  object space 105984K, 31% used [0x00000000e0000000,0x00000000e2058598,0x00000000e6780000)
 Metaspace       used 62568K, capacity 67270K, committed 67328K, reserved 1107968K
  class space    used 7954K, capacity 9433K, committed 9472K, reserved 1048576K
}
Event: 13.672 GC heap before
{Heap before GC invocations=15 (full 3):
 PSYoungGen      total 84992K, used 80119K [0x00000000f5580000, 0x00000000fca00000, 0x0000000100000000)
  eden space 64512K, 100% used [0x00000000f5580000,0x00000000f9480000,0x00000000f9480000)
  from space 20480K, 76% used [0x00000000f9480000,0x00000000fa3bdfb0,0x00000000fa880000)
  to   space 21504K, 0% used [0x00000000fb500000,0x00000000fb500000,0x00000000fca00000)
 ParOldGen       total 105984K, used 33121K [0x00000000e0000000, 0x00000000e6780000, 0x00000000f5580000)
  object space 105984K, 31% used [0x00000000e0000000,0x00000000e2058598,0x00000000e6780000)
 Metaspace       used 67204K, capacity 72304K, committed 72448K, reserved 1112064K
  class space    used 8558K, capacity 10233K, committed 10240K, reserved 1048576K
Event: 13.682 GC heap after
Heap after GC invocations=15 (full 3):
 PSYoungGen      total 95744K, used 16150K [0x00000000f5580000, 0x00000000fca00000, 0x0000000100000000)
  eden space 74240K, 0% used [0x00000000f5580000,0x00000000f5580000,0x00000000f9e00000)
  from space 21504K, 75% used [0x00000000fb500000,0x00000000fc4c5b80,0x00000000fca00000)
  to   space 22528K, 0% used [0x00000000f9e00000,0x00000000f9e00000,0x00000000fb400000)
 ParOldGen       total 105984K, used 33129K [0x00000000e0000000, 0x00000000e6780000, 0x00000000f5580000)
  object space 105984K, 31% used [0x00000000e0000000,0x00000000e205a598,0x00000000e6780000)
 Metaspace       used 67204K, capacity 72304K, committed 72448K, reserved 1112064K
  class space    used 8558K, capacity 10233K, committed 10240K, reserved 1048576K
}
Event: 26.533 GC heap before
{Heap before GC invocations=16 (full 3):
 PSYoungGen      total 95744K, used 90390K [0x00000000f5580000, 0x00000000fca00000, 0x0000000100000000)
  eden space 74240K, 100% used [0x00000000f5580000,0x00000000f9e00000,0x00000000f9e00000)
  from space 21504K, 75% used [0x00000000fb500000,0x00000000fc4c5b80,0x00000000fca00000)
  to   space 22528K, 0% used [0x00000000f9e00000,0x00000000f9e00000,0x00000000fb400000)
 ParOldGen       total 105984K, used 33129K [0x00000000e0000000, 0x00000000e6780000, 0x00000000f5580000)
  object space 105984K, 31% used [0x00000000e0000000,0x00000000e205a598,0x00000000e6780000)
 Metaspace       used 76284K, capacity 82580K, committed 82816K, reserved 1120256K
  class space    used 9678K, capacity 11568K, committed 11648K, reserved 1048576K
Event: 26.544 GC heap after
Heap after GC invocations=16 (full 3):
 PSYoungGen      total 96768K, used 22511K [0x00000000f5580000, 0x00000000fde00000, 0x0000000100000000)
  eden space 74240K, 0% used [0x00000000f5580000,0x00000000f5580000,0x00000000f9e00000)
  from space 22528K, 99% used [0x00000000f9e00000,0x00000000fb3fbdf0,0x00000000fb400000)
  to   space 28160K, 0% used [0x00000000fc280000,0x00000000fc280000,0x00000000fde00000)
 ParOldGen       total 105984K, used 40522K [0x00000000e0000000, 0x00000000e6780000, 0x00000000f5580000)
  object space 105984K, 38% used [0x00000000e0000000,0x00000000e2792a68,0x00000000e6780000)
 Metaspace       used 76284K, capacity 82580K, committed 82816K, reserved 1120256K
  class space    used 9678K, capacity 11568K, committed 11648K, reserved 1048576K
}
Event: 80.842 GC heap before
{Heap before GC invocations=17 (full 3):
 PSYoungGen      total 96768K, used 96751K [0x00000000f5580000, 0x00000000fde00000, 0x0000000100000000)
  eden space 74240K, 100% used [0x00000000f5580000,0x00000000f9e00000,0x00000000f9e00000)
  from space 22528K, 99% used [0x00000000f9e00000,0x00000000fb3fbdf0,0x00000000fb400000)
  to   space 28160K, 0% used [0x00000000fc280000,0x00000000fc280000,0x00000000fde00000)
 ParOldGen       total 105984K, used 40522K [0x00000000e0000000, 0x00000000e6780000, 0x00000000f5580000)
  object space 105984K, 38% used [0x00000000e0000000,0x00000000e2792a68,0x00000000e6780000)
 Metaspace       used 81063K, capacity 87556K, committed 87680K, reserved 1124352K
  class space    used 10298K, capacity 12344K, committed 12416K, reserved 1048576K
Event: 80.853 GC heap after
Heap after GC invocations=17 (full 3):
 PSYoungGen      total 107520K, used 28150K [0x00000000f5580000, 0x00000000fe400000, 0x0000000100000000)
  eden space 79360K, 0% used [0x00000000f5580000,0x00000000f5580000,0x00000000fa300000)
  from space 28160K, 99% used [0x00000000fc280000,0x00000000fddfd918,0x00000000fde00000)
  to   space 32256K, 0% used [0x00000000fa300000,0x00000000fa300000,0x00000000fc280000)
 ParOldGen       total 105984K, used 41078K [0x00000000e0000000, 0x00000000e6780000, 0x00000000f5580000)
  object space 105984K, 38% used [0x00000000e0000000,0x00000000e281d8e0,0x00000000e6780000)
 Metaspace       used 81063K, capacity 87556K, committed 87680K, reserved 1124352K
  class space    used 10298K, capacity 12344K, committed 12416K, reserved 1048576K
}
Event: 145.363 GC heap before
{Heap before GC invocations=18 (full 3):
 PSYoungGen      total 107520K, used 107510K [0x00000000f5580000, 0x00000000fe400000, 0x0000000100000000)
  eden space 79360K, 100% used [0x00000000f5580000,0x00000000fa300000,0x00000000fa300000)
  from space 28160K, 99% used [0x00000000fc280000,0x00000000fddfd918,0x00000000fde00000)
  to   space 32256K, 0% used [0x00000000fa300000,0x00000000fa300000,0x00000000fc280000)
 ParOldGen       total 105984K, used 41078K [0x00000000e0000000, 0x00000000e6780000, 0x00000000f5580000)
  object space 105984K, 38% used [0x00000000e0000000,0x00000000e281d8e0,0x00000000e6780000)
 Metaspace       used 84468K, capacity 91380K, committed 91648K, reserved 1128448K
  class space    used 10637K, capacity 12721K, committed 12800K, reserved 1048576K
Event: 145.375 GC heap after
Heap after GC invocations=18 (full 3):
 PSYoungGen      total 111616K, used 30209K [0x00000000f5580000, 0x00000000ff000000, 0x0000000100000000)
  eden space 79360K, 0% used [0x00000000f5580000,0x00000000f5580000,0x00000000fa300000)
  from space 32256K, 93% used [0x00000000fa300000,0x00000000fc080480,0x00000000fc280000)
  to   space 36352K, 0% used [0x00000000fcc80000,0x00000000fcc80000,0x00000000ff000000)
 ParOldGen       total 105984K, used 41086K [0x00000000e0000000, 0x00000000e6780000, 0x00000000f5580000)
  object space 105984K, 38% used [0x00000000e0000000,0x00000000e281f8e0,0x00000000e6780000)
 Metaspace       used 84468K, capacity 91380K, committed 91648K, reserved 1128448K
  class space    used 10637K, capacity 12721K, committed 12800K, reserved 1048576K
}

Deoptimization events (10 events):
Event: 150.870 Thread 0x00000000026ce000 Uncommon trap: reason=unreached action=reinterpret pc=0x000000000455a268 method=org.eclipse.emf.ecore.xmi.impl.StringSegment.writeAscii(Ljava/io/OutputStream;I)V @ 117
Event: 150.873 Thread 0x00000000026ce000 Uncommon trap: reason=unstable_if action=reinterpret pc=0x0000000002b7a3e4 method=org.eclipse.emf.ecore.impl.MinimalEObjectImpl.setField(ILjava/lang/Object;)V @ 9
Event: 150.873 Thread 0x00000000026ce000 Uncommon trap: reason=unstable_if action=reinterpret pc=0x00000000042f7bfc method=org.eclipse.emf.ecore.impl.MinimalEObjectImpl.setField(ILjava/lang/Object;)V @ 9
Event: 150.884 Thread 0x00000000026ce000 Uncommon trap: reason=unstable_if action=reinterpret pc=0x0000000003efbe10 method=org.eclipse.equinox.internal.event.EventHandlerTracker.getHandlers(Ljava/lang/String;)Ljava/util/Set; @ 28
Event: 150.885 Thread 0x00000000026ce000 Uncommon trap: reason=class_check action=maybe_recompile pc=0x0000000004509e78 method=org.eclipse.e4.core.internal.contexts.TrackableComputationExt.update(Lorg/eclipse/e4/core/internal/contexts/ContextChangeEvent;)Z @ 62
Event: 150.885 Thread 0x00000000026ce000 Uncommon trap: reason=class_check action=maybe_recompile pc=0x0000000004509e78 method=org.eclipse.e4.core.internal.contexts.TrackableComputationExt.update(Lorg/eclipse/e4/core/internal/contexts/ContextChangeEvent;)Z @ 62
Event: 150.885 Thread 0x00000000026ce000 Uncommon trap: reason=class_check action=maybe_recompile pc=0x0000000004509e78 method=org.eclipse.e4.core.internal.contexts.TrackableComputationExt.update(Lorg/eclipse/e4/core/internal/contexts/ContextChangeEvent;)Z @ 62
Event: 150.914 Thread 0x00000000026ce000 Uncommon trap: reason=unstable_if action=reinterpret pc=0x00000000030fb788 method=org.eclipse.swt.graphics.Resource.dispose()V @ 15
Event: 151.449 Thread 0x00000000026ce000 Uncommon trap: reason=unstable_if action=reinterpret pc=0x0000000002d74b74 method=org.eclipse.core.runtime.internal.adaptor.EclipseLazyStarter.shouldActivateFor(Ljava/lang/String;Lorg/eclipse/osgi/baseadaptor/BaseData;Lorg/eclipse/core/runtime/internal/ada¸¶©ôb@
Event: 151.629 Thread 0x00000000026ce000 Uncommon trap: reason=unstable_if action=reinterpret pc=0x0000000003a8ea9c method=sun.reflect.UnsafeStaticObjectFieldAccessorImpl.set(Ljava/lang/Object;Ljava/lang/Object;)V @ 13

Internal exceptions (10 events):
Event: 150.577 Thread 0x00000000026ce000 Implicit null exception at 0x0000000003397613 to 0x0000000003397af5
Event: 150.660 Thread 0x00000000170b6000 Exception <a 'java/lang/InterruptedException'> (0x00000000f8d08640) thrown at [C:\re\workspace\8-2-build-windows-amd64-cygwin\jdk8u45\3627\hotspot\src\share\vm\runtime\objectMonitor.cpp, line 1683]
Event: 150.661 Thread 0x000000001c211000 Exception <a 'java/lang/InterruptedException'> (0x00000000f8e2ea58) thrown at [C:\re\workspace\8-2-build-windows-amd64-cygwin\jdk8u45\3627\hotspot\src\share\vm\runtime\objectMonitor.cpp, line 1683]
Event: 150.745 Thread 0x00000000026ce000 Implicit null exception at 0x00000000042c3d45 to 0x00000000042c4015
Event: 150.911 Thread 0x000000001c21c800 Exception <a 'java/lang/InterruptedException'> (0x00000000f97d99f0) thrown at [C:\re\workspace\8-2-build-windows-amd64-cygwin\jdk8u45\3627\hotspot\src\share\vm\runtime\objectMonitor.cpp, line 1683]
Event: 151.531 Thread 0x00000000170b0000 Exception <a 'java/lang/InterruptedException': sleep interrupted> (0x00000000f9acf9c8) thrown at [C:\re\workspace\8-2-build-windows-amd64-cygwin\jdk8u45\3627\hotspot\src\share\vm\prims\jvm.cpp, line 3211]
Event: 151.534 Thread 0x00000000170b8800 Exception <a 'java/lang/InterruptedException'> (0x00000000f9b95fe0) thrown at [C:\re\workspace\8-2-build-windows-amd64-cygwin\jdk8u45\3627\hotspot\src\share\vm\runtime\objectMonitor.cpp, line 1683]
Event: 151.534 Thread 0x0000000017a91800 Exception <a 'java/lang/InterruptedException'> (0x00000000f9baaf48) thrown at [C:\re\workspace\8-2-build-windows-amd64-cygwin\jdk8u45\3627\hotspot\src\share\vm\runtime\objectMonitor.cpp, line 1683]
Event: 151.628 Thread 0x0000000017212000 Exception <a 'java/lang/InterruptedException'> (0x00000000f9acf4a8) thrown at [C:\re\workspace\8-2-build-windows-amd64-cygwin\jdk8u45\3627\hotspot\src\share\vm\runtime\objectMonitor.cpp, line 1683]
Event: 151.629 Thread 0x00000000026ce000 Implicit null exception at 0x0000000003a8e697 to 0x0000000003a8ea89

Events (10 events):
Event: 151.629 Thread 0x00000000026ce000 DEOPT PACKING pc=0x0000000003a8ea9c sp=0x000000000014eae0
Event: 151.629 Thread 0x00000000026ce000 DEOPT UNPACKING pc=0x000000000291582a sp=0x000000000014ea38 mode 2
Event: 151.629 Thread 0x0000000017048800 Thread exited: 0x0000000017048800
Event: 151.629 loading class java/util/IdentityHashMap$KeyIterator
Event: 151.629 loading class java/util/IdentityHashMap$IdentityHashMapIterator
Event: 151.629 loading class java/util/IdentityHashMap$IdentityHashMapIterator done
Event: 151.629 loading class java/util/IdentityHashMap$KeyIterator done
Event: 151.629 Thread 0x0000000020c9e000 Thread added: 0x0000000020c9e000
Event: 151.629 Thread 0x0000000020c9e000 Thread exited: 0x0000000020c9e000
Event: 151.630 Executing VM operation: Exit


Dynamic libraries:
0x0000000000400000 - 0x000000000044f000 	D:\Xilinx\SDK\2015.4\eclipse\win64.o\eclipse.exe
0x00007ffb8a8c0000 - 0x00007ffb8aa91000 	C:\windows\SYSTEM32\ntdll.dll
0x00007ffb87e60000 - 0x00007ffb87f0b000 	C:\windows\System32\KERNEL32.DLL
0x00007ffb87910000 - 0x00007ffb87b2d000 	C:\windows\System32\KERNELBASE.dll
0x00007ffb887c0000 - 0x00007ffb88925000 	C:\windows\System32\USER32.dll
0x00007ffb87ca0000 - 0x00007ffb87cbe000 	C:\windows\System32\win32u.dll
0x00007ffb87f10000 - 0x00007ffb87f44000 	C:\windows\System32\GDI32.dll
0x00007ffb87cc0000 - 0x00007ffb87e42000 	C:\windows\System32\gdi32full.dll
0x00007ffb8a200000 - 0x00007ffb8a29e000 	C:\windows\System32\msvcrt.dll
0x00007ffb7dcf0000 - 0x00007ffb7df69000 	C:\windows\WinSxS\amd64_microsoft.windows.common-controls_6595b64144ccf1df_6.0.14393.447_none_42191651c6827bb3\COMCTL32.dll
0x00007ffb883f0000 - 0x00007ffb886b8000 	C:\windows\System32\combase.dll
0x00007ffb87810000 - 0x00007ffb87905000 	C:\windows\System32\ucrtbase.dll
0x00007ffb8a790000 - 0x00007ffb8a8b1000 	C:\windows\System32\RPCRT4.dll
0x00007ffb87b30000 - 0x00007ffb87b9a000 	C:\windows\System32\bcryptPrimitives.dll
0x00007ffb8a1d0000 - 0x00007ffb8a1fe000 	C:\windows\System32\IMM32.DLL
0x0000000072000000 - 0x0000000072012000 	D:\Xilinx\SDK\2015.4\eclipse\win64.o\plugins\org.eclipse.equinox.launcher.win32.win32.x86_64_1.1.200.v20140116-2212\eclipse_1503.dll
0x00007ffb8a4d0000 - 0x00007ffb8a572000 	C:\windows\System32\ADVAPI32.dll
0x00007ffb88380000 - 0x00007ffb883d9000 	C:\windows\System32\sechost.dll
0x00007ffb83310000 - 0x00007ffb8331a000 	C:\windows\SYSTEM32\VERSION.dll
0x00007ffb85480000 - 0x00007ffb85515000 	C:\windows\system32\uxtheme.dll
0x00007ffb88b30000 - 0x00007ffb88c8b000 	C:\windows\System32\MSCTF.dll
0x00007ffb8a370000 - 0x00007ffb8a42f000 	C:\windows\System32\OLEAUT32.dll
0x00007ffb87ba0000 - 0x00007ffb87c3c000 	C:\windows\System32\msvcp_win.dll
0x0000000073bf0000 - 0x0000000074473000 	D:\Xilinx\SDK\2015.4\tps\win64\jre\bin\server\jvm.dll
0x00007ffb8a1c0000 - 0x00007ffb8a1c8000 	C:\windows\System32\PSAPI.DLL
0x00007ffb850a0000 - 0x00007ffb850c3000 	C:\windows\SYSTEM32\WINMM.dll
0x00007ffb813b0000 - 0x00007ffb813b9000 	C:\windows\SYSTEM32\WSOCK32.dll
0x00000000747a0000 - 0x0000000074872000 	C:\windows\SYSTEM32\MSVCR100.dll
0x00007ffb8a720000 - 0x00007ffb8a78a000 	C:\windows\System32\WS2_32.dll
0x00000000025d0000 - 0x00000000025fb000 	C:\windows\SYSTEM32\WINMMBASE.dll
0x00007ffb877c0000 - 0x00007ffb87802000 	C:\windows\System32\cfgmgr32.dll
0x0000000073ab0000 - 0x0000000073abf000 	D:\Xilinx\SDK\2015.4\tps\win64\jre\bin\verify.dll
0x0000000073a80000 - 0x0000000073aa9000 	D:\Xilinx\SDK\2015.4\tps\win64\jre\bin\java.dll
0x0000000073a60000 - 0x0000000073a76000 	D:\Xilinx\SDK\2015.4\tps\win64\jre\bin\zip.dll
0x00007ffb88c90000 - 0x00007ffb8a199000 	C:\windows\System32\SHELL32.dll
0x00007ffb870e0000 - 0x00007ffb877ba000 	C:\windows\System32\windows.storage.dll
0x00007ffb86d50000 - 0x00007ffb86d9c000 	C:\windows\System32\powrprof.dll
0x00007ffb88930000 - 0x00007ffb88982000 	C:\windows\System32\shlwapi.dll
0x00007ffb86d40000 - 0x00007ffb86d4f000 	C:\windows\System32\kernel.appcore.dll
0x00007ffb86e60000 - 0x00007ffb86f09000 	C:\windows\System32\shcore.dll
0x00007ffb86d20000 - 0x00007ffb86d34000 	C:\windows\System32\profapi.dll
0x00007ffb867d0000 - 0x00007ffb867e7000 	C:\windows\SYSTEM32\CRYPTSP.dll
0x00007ffb86230000 - 0x00007ffb86263000 	C:\windows\system32\rsaenh.dll
0x00007ffb868d0000 - 0x00007ffb868fb000 	C:\windows\SYSTEM32\bcrypt.dll
0x00007ffb864a0000 - 0x00007ffb864bf000 	C:\windows\SYSTEM32\USERENV.dll
0x00007ffb867c0000 - 0x00007ffb867cb000 	C:\windows\SYSTEM32\CRYPTBASE.dll
0x0000000073a40000 - 0x0000000073a5a000 	D:\Xilinx\SDK\2015.4\tps\win64\jre\bin\net.dll
0x00007ffb86620000 - 0x00007ffb8667c000 	C:\windows\system32\mswsock.dll
0x00007ffb863b0000 - 0x00007ffb863e8000 	C:\windows\SYSTEM32\IPHLPAPI.DLL
0x00007ffb883e0000 - 0x00007ffb883e8000 	C:\windows\System32\NSI.dll
0x00007ffb82140000 - 0x00007ffb82156000 	C:\windows\SYSTEM32\dhcpcsvc6.DLL
0x00007ffb82120000 - 0x00007ffb8213a000 	C:\windows\SYSTEM32\dhcpcsvc.DLL
0x0000000073a20000 - 0x0000000073a31000 	D:\Xilinx\SDK\2015.4\tps\win64\jre\bin\nio.dll
0x00007ffb798b0000 - 0x00007ffb798c6000 	C:\windows\system32\napinsp.dll
0x00007ffb798e0000 - 0x00007ffb798fa000 	C:\windows\system32\pnrpnsp.dll
0x00007ffb849c0000 - 0x00007ffb849d8000 	C:\windows\system32\NLAapi.dll
0x00007ffb863f0000 - 0x00007ffb86490000 	C:\windows\SYSTEM32\DNSAPI.dll
0x00007ffb79900000 - 0x00007ffb7990e000 	C:\windows\System32\winrnr.dll
0x00007ffb82070000 - 0x00007ffb8207a000 	C:\Windows\System32\rasadhlp.dll
0x00007ffb81860000 - 0x00007ffb818ca000 	C:\windows\System32\fwpuclnt.dll
0x00007ffb8a580000 - 0x00007ffb8a6b7000 	C:\windows\System32\ole32.dll
0x00007ffb8a430000 - 0x00007ffb8a4cf000 	C:\windows\System32\clbcatq.dll
0x000000001a5e0000 - 0x000000001a688000 	C:\Users\Administrator\.Xilinx\SDK\2015.4\org.eclipse.osgi\bundles\303\1\.cp\swt-win32-4335.dll
0x00007ffb886c0000 - 0x00007ffb887ba000 	C:\windows\System32\comdlg32.dll
0x00007ffb86f10000 - 0x00007ffb870d9000 	C:\windows\System32\CRYPT32.dll
0x00007ffb86da0000 - 0x00007ffb86db0000 	C:\windows\System32\MSASN1.dll
0x00007ffb6c3d0000 - 0x00007ffb6c455000 	C:\windows\SYSTEM32\WINSPOOL.DRV
0x00007ffb765d0000 - 0x00007ffb765e9000 	C:\windows\SYSTEM32\USP10.dll
0x00007ffb7f0c0000 - 0x00007ffb7f353000 	C:\windows\SYSTEM32\WININET.dll
0x00007ffb849e0000 - 0x00007ffb84a06000 	C:\windows\system32\dwmapi.dll
0x00007ffb84810000 - 0x00007ffb84995000 	C:\windows\SYSTEM32\propsys.dll
0x0000000002790000 - 0x00000000027ae000 	C:\Users\Administrator\.Xilinx\SDK\2015.4\org.eclipse.osgi\bundles\303\1\.cp\swt-gdip-win32-4335.dll
0x00007ffb7fa30000 - 0x00007ffb7fbca000 	C:\windows\WinSxS\amd64_microsoft.windows.gdiplus_6595b64144ccf1df_1.1.14393.321_none_72fe05dd211a5fae\gdiplus.dll
0x00007ffb843b0000 - 0x00007ffb84558000 	C:\windows\SYSTEM32\WindowsCodecs.dll
0x0000000180000000 - 0x0000000180012000 	C:\Users\Administrator\.Xilinx\SDK\2015.4\org.eclipse.osgi\bundles\121\1\.cp\os\win32\x86_64\localfile_1_0_0.dll
0x00007ffb723d0000 - 0x00007ffb723e1000 	C:\Users\Administrator\.Xilinx\SDK\2015.4\org.eclipse.osgi\bundles\124\1\.cp\jWinHttp-1.0.0.dll
0x00007ffb81670000 - 0x00007ffb8173d000 	C:\windows\SYSTEM32\WINHTTP.dll
0x00007ffb7cf70000 - 0x00007ffb7cfd5000 	C:\windows\SYSTEM32\oleacc.dll
0x00007ffb7db60000 - 0x00007ffb7db67000 	C:\windows\SYSTEM32\msimg32.dll
0x00007ffb77d90000 - 0x00007ffb77dcf000 	C:\windows\system32\mlang.dll
0x00007ffb7cd80000 - 0x00007ffb7cdc9000 	C:\windows\system32\dataexchange.dll
0x00007ffb83d80000 - 0x00007ffb84036000 	C:\windows\system32\d3d11.dll
0x00007ffb84ee0000 - 0x00007ffb85031000 	C:\windows\system32\dcomp.dll
0x00007ffb85c80000 - 0x00007ffb85d1f000 	C:\windows\system32\dxgi.dll
0x00007ffb85750000 - 0x00007ffb8586c000 	C:\windows\system32\twinapi.appcore.dll
0x00007ffb814b0000 - 0x00007ffb814bf000 	D:\Xilinx\SDK\2015.4\lib\win64.o\librdi_repo_manager.dll
0x00007ffb6ca60000 - 0x00007ffb6ca8a000 	D:\Xilinx\SDK\2015.4\lib\win64.o\libisl_sysinfo.dll
0x00007ffb417e0000 - 0x00007ffb4216d000 	D:\Xilinx\SDK\2015.4\lib\win64.o\librdi_common.dll
0x00007ffb699b0000 - 0x00007ffb69a04000 	D:\Xilinx\SDK\2015.4\lib\win64.o\librdi_commonxillic.dll
0x00007ffb43df0000 - 0x00007ffb43fdc000 	D:\Xilinx\SDK\2015.4\lib\win64.o\librdi_hsm.dll
0x00007ffb6de40000 - 0x00007ffb6dee7000 	C:\windows\SYSTEM32\MSVCP110.dll
0x00007ffb6def0000 - 0x00007ffb6dfc4000 	C:\windows\SYSTEM32\MSVCR110.dll
0x00007ffb43cf0000 - 0x00007ffb43dea000 	D:\Xilinx\SDK\2015.4\lib\win64.o\libboost_regex.dll
0x00007ffb69730000 - 0x00007ffb69752000 	D:\Xilinx\SDK\2015.4\lib\win64.o\libboost_filesystem.dll
0x00007ffb80180000 - 0x00007ffb80189000 	D:\Xilinx\SDK\2015.4\lib\win64.o\libboost_system.dll
0x00007ffb446c0000 - 0x00007ffb44703000 	D:\Xilinx\SDK\2015.4\lib\win64.o\librdi_hdf.dll
0x00007ffb43a90000 - 0x00007ffb43ce5000 	D:\Xilinx\SDK\2015.4\lib\win64.o\librdi_ippcw.dll
0x0000000073ac0000 - 0x0000000073be7000 	D:\Xilinx\SDK\2015.4\lib\win64.o\tcl85t.dll
0x00007ffb41250000 - 0x00007ffb415be000 	D:\Xilinx\SDK\2015.4\lib\win64.o\libCOIN-all.dll
0x00007ffb415c0000 - 0x00007ffb417de000 	D:\Xilinx\SDK\2015.4\lib\win64.o\libXil_lmgr11.dll
0x00007ffb80020000 - 0x00007ffb80030000 	D:\Xilinx\SDK\2015.4\lib\win64.o\libboost_date_time.dll
0x00007ffb87c40000 - 0x00007ffb87c95000 	C:\windows\System32\WINTRUST.dll
0x00007ffb411d0000 - 0x00007ffb41244000 	D:\Xilinx\SDK\2015.4\lib\win64.o\libboost_program_options.dll
0x00007ffb6fb30000 - 0x00007ffb6fb43000 	D:\Xilinx\SDK\2015.4\lib\win64.o\libboost_signals.dll
0x00007ffb71a30000 - 0x00007ffb71a4d000 	D:\Xilinx\SDK\2015.4\lib\win64.o\libboost_thread.dll
0x00007ffb7ffd0000 - 0x00007ffb7ffdb000 	D:\Xilinx\SDK\2015.4\lib\win64.o\libboost_xilinx.dll
0x00007ffb41150000 - 0x00007ffb411d0000 	D:\Xilinx\SDK\2015.4\lib\win64.o\libhdlpsolve.dll
0x00007ffb410b0000 - 0x00007ffb4114a000 	D:\Xilinx\SDK\2015.4\lib\win64.o\libhdxml.dll
0x00007ffb6f180000 - 0x00007ffb6f195000 	D:\Xilinx\SDK\2015.4\lib\win64.o\pthreadVC2.dll
0x00007ffb6e1b0000 - 0x00007ffb6e1c8000 	D:\Xilinx\SDK\2015.4\lib\win64.o\librdiconfig.dll
0x00007ffb40830000 - 0x00007ffb40c64e00 	D:\Xilinx\SDK\2015.4\lib\win64.o\libisl_iostreams.dll
0x00007ffb40f80000 - 0x00007ffb410b0000 	D:\Xilinx\SDK\2015.4\lib\win64.o\librdi_curl.dll
0x00007ffb69700000 - 0x00007ffb69723000 	D:\Xilinx\SDK\2015.4\lib\win64.o\librdizlib.dll
0x00007ffb7f360000 - 0x00007ffb7f522000 	C:\windows\SYSTEM32\urlmon.dll
0x0000000024910000 - 0x0000000024b73000 	D:\Xilinx\SDK\2015.4\lib\win64.o\xerces-c_3_1.dll
0x00007ffb6c5c0000 - 0x00007ffb6c5e3000 	C:\windows\SYSTEM32\VCOMP110.DLL
0x00007ffb794c0000 - 0x00007ffb794d8000 	C:\windows\SYSTEM32\NETAPI32.dll
0x00007ffb7fd00000 - 0x00007ffb7ffa3000 	C:\windows\SYSTEM32\iertutil.dll
0x00007ffb7d0e0000 - 0x00007ffb7d0eb000 	D:\Xilinx\SDK\2015.4\lib\win64.o\libboost_chrono.dll
0x00007ffb6d220000 - 0x00007ffb6d236000 	D:\Xilinx\SDK\2015.4\lib\win64.o\libboost_iostreams.dll
0x00007ffb44690000 - 0x00007ffb446b3000 	D:\Xilinx\SDK\2015.4\lib\win64.o\libisl_iosutils.dll
0x00007ffb3f6f0000 - 0x00007ffb3ff00000 	D:\Xilinx\SDK\2015.4\lib\win64.o\libXil_lmgr11FNP.dll
0x00007ffb87f50000 - 0x00007ffb88379000 	C:\windows\System32\SETUPAPI.dll
0x00007ffb44660000 - 0x00007ffb4466c000 	C:\windows\SYSTEM32\snmpapi.dll
0x00007ffb869f0000 - 0x00007ffb86a1c000 	C:\windows\SYSTEM32\SspiCli.dll
0x00007ffb7a010000 - 0x00007ffb7a020000 	C:\windows\system32\wbem\wbemprox.dll
0x00007ffb7bc10000 - 0x00007ffb7bc8f000 	C:\windows\SYSTEM32\wbemcomn.dll
0x00007ffb85960000 - 0x00007ffb85988000 	C:\windows\SYSTEM32\DEVOBJ.dll

VM Arguments:
jvm_args: -Dcom.xilinx.sdk.args.hwspec=D:/MIZ_SOC/SEASON_04/CH01_MIZ701N_LINUX/CH01_MIZ701N_LINUX_720P/Miz_sys/Miz_sys.sdk/system_wrapper.hdf -Xms64m -Xmx512m & 
java_command: <unknown>
java_class_path (initial): D:\Xilinx\SDK\2015.4\eclipse\win64.o\\plugins/org.eclipse.equinox.launcher_1.3.0.v20130327-1440.jar
Launcher Type: generic

Environment Variables:
PATH=D:/Xilinx/SDK/2015.4/tps/win64/jre/bin/server;D:/Xilinx/SDK/2015.4/tps/win64/jre/bin;D:/Xilinx/SDK/2015.4/tps/win64/jre/lib/amd64;D:\Xilinx\SDK\2015.4\gnuwin\bin;D:\Xilinx\SDK\2015.4\gnu\microblaze\nt\bin;D:\Xilinx\SDK\2015.4\gnu\microblaze\linux_toolchain\nt64_le\bin;D:\Xilinx\SDK\2015.4\gnu\microblaze\linux_toolchain\nt64_be\bin;D:\Xilinx\SDK\2015.4\gnu\arm\nt\bin;D:\Xilinx\SDK\2015.4\gnu\aarch64\nt\aarch64-none\bin;D:\Xilinx\SDK\2015.4\gnu\aarch64\nt\aarch64-linux\bin;D:\Xilinx\SDK\2015.4\gnu\armr5\nt\gcc-arm-none-eabi\bin;D:\Xilinx\SDK\2015.4\gnu\aarch32\nt\gcc-arm-none-eabi\bin;D:\Xilinx\SDK\2015.4\gnu\aarch32\nt\gcc-arm-linux-gnueabi\bin;D:\Xilinx\SDK\2015.4\bin;D:\Xilinx\SDK\2015.4\lib\win64.o;D:\Xilinx\SDK\2015.4\tps\win64\jre\bin\server;D:\Xilinx\SDK\2015.4\tps\win64\jre\bin;D:\Xilinx\Vivado\2015.4\ids_lite\ISE\bin\nt64;D:\Xilinx\Vivado\2015.4\ids_lite\ISE\lib\nt64;D:\Xilinx\Vivado\2015.4\bin;D:\Xilinx\Vivado\2015.4\lib\win64.o;D:\Xilinx\Vivado\2015.4\tps\win64\jre\bin\server;D:\Xilinx\Vivado\2015.4\tps\win64\jre\bin;D:\Xilinx\Vivado_HLS\2015.4\bin;C:\windows\system32;C:\windows;C:\windows\System32\Wbem;C:\windows\System32\WindowsPowerShell\v1.0\;C:\Program Files (x86)\Altium Designer Summer 09\System;C:\Users\Administrator\AppData\Local\Microsoft\WindowsApps;;d:\MIZ_SOC\SEASON_04\CH01_MIZ701N_LINUX\CH01_MIZ701N_LINUX_720P\Miz_sys;
USERNAME=Administrator
OS=Windows_NT
PROCESSOR_IDENTIFIER=Intel64 Family 6 Model 94 Stepping 3, GenuineIntel



---------------  S Y S T E M  ---------------

OS: Windows 10.0 , 64 bit Build 14393 (10.0.14393.0)

CPU:total 8 (4 cores per cpu, 2 threads per core) family 6 model 94 stepping 3, cmov, cx8, fxsr, mmx, sse, sse2, sse3, ssse3, sse4.1, sse4.2, popcnt, avx, avx2, aes, clmul, erms, rtm, 3dnowpref, lzcnt, ht, tsc, tscinvbit, bmi1, bmi2, adx

Memory: 4k page, physical 16728064k(7926460k free), swap 17776640k(4448868k free)

vm_info: Java HotSpot(TM) 64-Bit Server VM (25.45-b02) for windows-amd64 JRE (1.8.0_45-b15), built on Apr 30 2015 12:40:44 by "java_re" with MS VC++ 10.0 (VS2010)

time: Fri Feb 10 12:27:33 2017
elapsed time: 166 seconds (0d 0h 2m 46s)

