#-----------------------------------------------------------
# Vivado v2017.4 (64-bit)
# SW Build 2086221 on Fri Dec 15 20:55:39 MST 2017
# IP Build 2085800 on Fri Dec 15 22:25:07 MST 2017
# Start of session at: Mon Sep 17 16:30:11 2018
# Process ID: 2260
# Current directory: H:/MZ7X/MZ702A/CODE/03_example_DMA_VDMA/CH06_AXI_VDMA_OV5640/Miz_sys
# Command line: vivado.exe -gui_launcher_event rodinguilauncherevent4536 H:\MZ7X\MZ702A\CODE\03_example_DMA_VDMA\CH06_AXI_VDMA_OV5640\Miz_sys\Miz_sys.xpr
# Log file: H:/MZ7X/MZ702A/CODE/03_example_DMA_VDMA/CH06_AXI_VDMA_OV5640/Miz_sys/vivado.log
# Journal file: H:/MZ7X/MZ702A/CODE/03_example_DMA_VDMA/CH06_AXI_VDMA_OV5640/Miz_sys\vivado.jou
#-----------------------------------------------------------
start_gui
open_project H:/MZ7X/MZ702A/CODE/03_example_DMA_VDMA/CH06_AXI_VDMA_OV5640/Miz_sys/Miz_sys.xpr
INFO: [Project 1-313] Project file moved from 'H:/MZ7X/MZ701A/CODE/03_example_DMA_VDMA/S03_CH06_AXI_VDMA_OV5640/Miz_sys' since last save.
Scanning sources...
Finished scanning sources
INFO: [IP_Flow 19-234] Refreshing IP repositories
INFO: [IP_Flow 19-1700] Loaded user IP repository 'h:/MZ7X/MZ702A/CODE/03_example_DMA_VDMA/CH06_AXI_VDMA_OV5640/DOC/Miz_ip_lib'.
INFO: [IP_Flow 19-2313] Loaded Vivado IP repository 'D:/Xilinx/Vivado/2017.4/data/ip'.
open_project: Time (s): cpu = 00:00:14 ; elapsed = 00:00:09 . Memory (MB): peak = 875.207 ; gain = 115.520
update_compile_order -fileset sources_1
set_property part xc7z020clg400-2 [current_project]
update_ip_catalog
report_ip_status -name ip_status 
upgrade_ip [get_ips  {system_HDMI_FPGA_ML_0_0 system_rst_processing_system7_0_50M_0 system_v_tc_0_0 system_processing_system7_0_axi_periph_1 system_v_axi4s_vid_out_0_0 system_util_vector_logic_0_0 system_clk_wiz_0_0 system_OV_Sensor_ML_0_2 system_v_vid_in_axi4s_0_0 system_xlconstant_1_0 system_axi_vdma_0_1 system_axi_mem_intercon_1 system_processing_system7_0_0}] -log ip_upgrade.log
Adding cell -- xilinx.com:user:HDMI_FPGA_ML:1.0 - HDMI_FPGA_ML_0
Adding cell -- xilinx.com:user:OV_Sensor_ML:1.0 - OV_Sensor_ML_0
Adding cell -- xilinx.com:ip:axi_vdma:6.3 - axi_vdma_0
Adding cell -- xilinx.com:ip:clk_wiz:5.4 - clk_wiz_0
Adding cell -- xilinx.com:ip:processing_system7:5.5 - processing_system7_0
Adding cell -- xilinx.com:ip:proc_sys_reset:5.0 - rst_processing_system7_0_50M
Adding cell -- xilinx.com:ip:util_vector_logic:2.0 - util_vector_logic_0
Adding cell -- xilinx.com:ip:v_axi4s_vid_out:4.0 - v_axi4s_vid_out_0
Adding cell -- xilinx.com:ip:v_tc:6.1 - v_tc_0
Adding cell -- xilinx.com:ip:v_vid_in_axi4s:4.0 - v_vid_in_axi4s_0
Adding cell -- xilinx.com:ip:xlconstant:1.1 - xlconstant_1
WARNING: [BD 41-1731] Type mismatch between connected pins: /clk_wiz_0/clk_out1(clk) and /HDMI_FPGA_ML_0/PXLCLK_I(undef)
WARNING: [BD 41-1731] Type mismatch between connected pins: /clk_wiz_0/locked(undef) and /v_axi4s_vid_out_0/aclken(ce)
WARNING: [BD 41-1731] Type mismatch between connected pins: /clk_wiz_0/locked(undef) and /v_axi4s_vid_out_0/aresetn(rst)
WARNING: [BD 41-1731] Type mismatch between connected pins: /clk_wiz_0/locked(undef) and /v_axi4s_vid_out_0/vid_io_out_ce(ce)
WARNING: [BD 41-1731] Type mismatch between connected pins: /clk_wiz_0/locked(undef) and /v_tc_0/clken(ce)
WARNING: [BD 41-1731] Type mismatch between connected pins: /clk_wiz_0/locked(undef) and /v_tc_0/resetn(rst)
WARNING: [BD 41-1731] Type mismatch between connected pins: /clk_wiz_0/locked(undef) and /v_vid_in_axi4s_0/aclken(ce)
WARNING: [BD 41-1731] Type mismatch between connected pins: /clk_wiz_0/locked(undef) and /v_vid_in_axi4s_0/aresetn(rst)
WARNING: [BD 41-1731] Type mismatch between connected pins: /clk_wiz_0/clk_out2(clk) and /HDMI_FPGA_ML_0/PXLCLK_5X_I(undef)
WARNING: [BD 41-1731] Type mismatch between connected pins: /processing_system7_0/FCLK_CLK1(clk) and /OV_Sensor_ML_0/CLK_i(undef)
WARNING: [BD 41-1731] Type mismatch between connected pins: /OV_Sensor_ML_0/vid_clk_ce(undef) and /v_vid_in_axi4s_0/vid_io_in_ce(ce)
Adding cell -- xilinx.com:ip:axi_crossbar:2.1 - xbar
Adding cell -- xilinx.com:ip:axi_protocol_converter:2.1 - auto_pc
Adding cell -- xilinx.com:ip:axi_protocol_converter:2.1 - auto_pc
Adding cell -- xilinx.com:ip:axi_crossbar:2.1 - xbar
Adding cell -- xilinx.com:ip:axi_protocol_converter:2.1 - auto_pc
Successfully read diagram <system> from BD file <H:/MZ7X/MZ702A/CODE/03_example_DMA_VDMA/CH06_AXI_VDMA_OV5640/Miz_sys/Miz_sys.srcs/sources_1/bd/system/system.bd>
Upgrading 'H:/MZ7X/MZ702A/CODE/03_example_DMA_VDMA/CH06_AXI_VDMA_OV5640/Miz_sys/Miz_sys.srcs/sources_1/bd/system/system.bd'
INFO: [IP_Flow 19-3420] Updated system_HDMI_FPGA_ML_0_0 to use current project options
WARNING: [BD 41-1731] Type mismatch between connected pins: /clk_wiz_0/clk_out1(clk) and /HDMI_FPGA_ML_0_upgraded_ipi/PXLCLK_I(undef)
WARNING: [BD 41-1731] Type mismatch between connected pins: /clk_wiz_0/clk_out2(clk) and /HDMI_FPGA_ML_0_upgraded_ipi/PXLCLK_5X_I(undef)
INFO: [IP_Flow 19-3420] Updated system_OV_Sensor_ML_0_2 to use current project options
WARNING: [BD 41-1731] Type mismatch between connected pins: /processing_system7_0/FCLK_CLK1(clk) and /OV_Sensor_ML_0_upgraded_ipi/CLK_i(undef)
WARNING: [BD 41-1731] Type mismatch between connected pins: /v_vid_in_axi4s_0/vid_io_in_ce(ce) and /OV_Sensor_ML_0_upgraded_ipi/vid_clk_ce(undef)
INFO: [IP_Flow 19-3420] Updated system_axi_mem_intercon_1 to use current project options
INFO: [IP_Flow 19-3420] Updated system_axi_vdma_0_1 to use current project options
INFO: [IP_Flow 19-3420] Updated system_clk_wiz_0_0 to use current project options
WARNING: [BD 41-1731] Type mismatch between connected pins: /HDMI_FPGA_ML_0/PXLCLK_I(undef) and /clk_wiz_0_upgraded_ipi/clk_out1(clk)
WARNING: [BD 41-1731] Type mismatch between connected pins: /HDMI_FPGA_ML_0/PXLCLK_5X_I(undef) and /clk_wiz_0_upgraded_ipi/clk_out2(clk)
WARNING: [BD 41-1731] Type mismatch between connected pins: /v_axi4s_vid_out_0/aclken(ce) and /clk_wiz_0_upgraded_ipi/locked(undef)
WARNING: [BD 41-1731] Type mismatch between connected pins: /v_axi4s_vid_out_0/aresetn(rst) and /clk_wiz_0_upgraded_ipi/locked(undef)
WARNING: [BD 41-1731] Type mismatch between connected pins: /v_axi4s_vid_out_0/vid_io_out_ce(ce) and /clk_wiz_0_upgraded_ipi/locked(undef)
WARNING: [BD 41-1731] Type mismatch between connected pins: /v_tc_0/clken(ce) and /clk_wiz_0_upgraded_ipi/locked(undef)
WARNING: [BD 41-1731] Type mismatch between connected pins: /v_tc_0/resetn(rst) and /clk_wiz_0_upgraded_ipi/locked(undef)
WARNING: [BD 41-1731] Type mismatch between connected pins: /v_vid_in_axi4s_0/aclken(ce) and /clk_wiz_0_upgraded_ipi/locked(undef)
WARNING: [BD 41-1731] Type mismatch between connected pins: /v_vid_in_axi4s_0/aresetn(rst) and /clk_wiz_0_upgraded_ipi/locked(undef)
INFO: [IP_Flow 19-3420] Updated system_processing_system7_0_0 to use current project options
WARNING: [BD 41-1731] Type mismatch between connected pins: /OV_Sensor_ML_0/CLK_i(undef) and /processing_system7_0_upgraded_ipi/FCLK_CLK1(clk)
INFO: [IP_Flow 19-3420] Updated system_processing_system7_0_axi_periph_1 to use current project options
INFO: [IP_Flow 19-3420] Updated system_rst_processing_system7_0_50M_0 to use current project options
INFO: [IP_Flow 19-3420] Updated system_util_vector_logic_0_0 to use current project options
INFO: [IP_Flow 19-3420] Updated system_v_axi4s_vid_out_0_0 to use current project options
WARNING: [BD 41-1731] Type mismatch between connected pins: /clk_wiz_0/locked(undef) and /v_axi4s_vid_out_0_upgraded_ipi/aclken(ce)
WARNING: [BD 41-1731] Type mismatch between connected pins: /clk_wiz_0/locked(undef) and /v_axi4s_vid_out_0_upgraded_ipi/aresetn(rst)
WARNING: [BD 41-1731] Type mismatch between connected pins: /clk_wiz_0/locked(undef) and /v_axi4s_vid_out_0_upgraded_ipi/vid_io_out_ce(ce)
INFO: [IP_Flow 19-3420] Updated system_v_tc_0_0 to use current project options
WARNING: [BD 41-1731] Type mismatch between connected pins: /clk_wiz_0/locked(undef) and /v_tc_0_upgraded_ipi/clken(ce)
WARNING: [BD 41-1731] Type mismatch between connected pins: /clk_wiz_0/locked(undef) and /v_tc_0_upgraded_ipi/resetn(rst)
INFO: [IP_Flow 19-3420] Updated system_v_vid_in_axi4s_0_0 to use current project options
WARNING: [BD 41-1731] Type mismatch between connected pins: /OV_Sensor_ML_0/vid_clk_ce(undef) and /v_vid_in_axi4s_0_upgraded_ipi/vid_io_in_ce(ce)
WARNING: [BD 41-1731] Type mismatch between connected pins: /clk_wiz_0/locked(undef) and /v_vid_in_axi4s_0_upgraded_ipi/aclken(ce)
WARNING: [BD 41-1731] Type mismatch between connected pins: /clk_wiz_0/locked(undef) and /v_vid_in_axi4s_0_upgraded_ipi/aresetn(rst)
INFO: [IP_Flow 19-3420] Updated system_xlconstant_1_0 to use current project options
Wrote  : <H:/MZ7X/MZ702A/CODE/03_example_DMA_VDMA/CH06_AXI_VDMA_OV5640/Miz_sys/Miz_sys.srcs/sources_1/bd/system/system.bd> 
INFO: [Coretcl 2-1525] Wrote upgrade log to 'H:/MZ7X/MZ702A/CODE/03_example_DMA_VDMA/CH06_AXI_VDMA_OV5640/Miz_sys/ip_upgrade.log'.
upgrade_ip: Time (s): cpu = 00:00:24 ; elapsed = 00:00:22 . Memory (MB): peak = 1272.527 ; gain = 314.742
export_ip_user_files -of_objects [get_ips {system_HDMI_FPGA_ML_0_0 system_rst_processing_system7_0_50M_0 system_v_tc_0_0 system_processing_system7_0_axi_periph_1 system_v_axi4s_vid_out_0_0 system_util_vector_logic_0_0 system_clk_wiz_0_0 system_OV_Sensor_ML_0_2 system_v_vid_in_axi4s_0_0 system_xlconstant_1_0 system_axi_vdma_0_1 system_axi_mem_intercon_1 system_processing_system7_0_0}] -no_script -sync -force -quiet
generate_target all [get_files  H:/MZ7X/MZ702A/CODE/03_example_DMA_VDMA/CH06_AXI_VDMA_OV5640/Miz_sys/Miz_sys.srcs/sources_1/bd/system/system.bd]
WARNING: [BD 41-927] Following properties on pin /HDMI_FPGA_ML_0/HDMI_CLK_P have been updated from connected ip. They may not be synchronized with cell properties. You can set property on pin directly to confirm the value and resolve the warning.
	CLK_DOMAIN=system_HDMI_FPGA_ML_0_0_HDMI_CLK_P 
WARNING: [BD 41-927] Following properties on pin /HDMI_FPGA_ML_0/HDMI_CLK_N have been updated from connected ip. They may not be synchronized with cell properties. You can set property on pin directly to confirm the value and resolve the warning.
	CLK_DOMAIN=system_HDMI_FPGA_ML_0_0_HDMI_CLK_N 
Wrote  : <H:/MZ7X/MZ702A/CODE/03_example_DMA_VDMA/CH06_AXI_VDMA_OV5640/Miz_sys/Miz_sys.srcs/sources_1/bd/system/system.bd> 
WARNING: [BD 41-235] Width mismatch when connecting pin: '/axi_mem_intercon/m00_couplers/auto_pc/m_axi_bid'(1) to net 'auto_pc_to_m00_couplers_BID'(6) - Only lower order bits will be connected.
WARNING: [BD 41-235] Width mismatch when connecting pin: '/axi_mem_intercon/m00_couplers/auto_pc/m_axi_rid'(1) to net 'auto_pc_to_m00_couplers_RID'(6) - Only lower order bits will be connected.
WARNING: [BD 41-235] Width mismatch when connecting pin: '/processing_system7_0/S_AXI_HP0_AWID'(6) to net 'axi_mem_intercon_M00_AXI_AWID'(1) - Only lower order bits will be connected.
WARNING: [BD 41-235] Width mismatch when connecting pin: '/processing_system7_0/S_AXI_HP0_WID'(6) to net 'axi_mem_intercon_M00_AXI_WID'(1) - Only lower order bits will be connected.
WARNING: [BD 41-235] Width mismatch when connecting pin: '/processing_system7_0/S_AXI_HP0_ARID'(6) to net 'axi_mem_intercon_M00_AXI_ARID'(1) - Only lower order bits will be connected.
CRITICAL WARNING: [BD 41-1228] Width mismatch when connecting input pin '/axi_vdma_0/s_axis_s2mm_tkeep'(4) to net 'xlconstant_1_dout'(3) - Only lower order bits will be connected, and other input bits of this pin will be left unconnected.
VHDL Output written to : H:/MZ7X/MZ702A/CODE/03_example_DMA_VDMA/CH06_AXI_VDMA_OV5640/Miz_sys/Miz_sys.srcs/sources_1/bd/system/synth/system.v
WARNING: [BD 41-235] Width mismatch when connecting pin: '/axi_mem_intercon/m00_couplers/auto_pc/m_axi_bid'(1) to net 'auto_pc_to_m00_couplers_BID'(6) - Only lower order bits will be connected.
WARNING: [BD 41-235] Width mismatch when connecting pin: '/axi_mem_intercon/m00_couplers/auto_pc/m_axi_rid'(1) to net 'auto_pc_to_m00_couplers_RID'(6) - Only lower order bits will be connected.
WARNING: [BD 41-235] Width mismatch when connecting pin: '/processing_system7_0/S_AXI_HP0_AWID'(6) to net 'axi_mem_intercon_M00_AXI_AWID'(1) - Only lower order bits will be connected.
WARNING: [BD 41-235] Width mismatch when connecting pin: '/processing_system7_0/S_AXI_HP0_WID'(6) to net 'axi_mem_intercon_M00_AXI_WID'(1) - Only lower order bits will be connected.
WARNING: [BD 41-235] Width mismatch when connecting pin: '/processing_system7_0/S_AXI_HP0_ARID'(6) to net 'axi_mem_intercon_M00_AXI_ARID'(1) - Only lower order bits will be connected.
CRITICAL WARNING: [BD 41-1228] Width mismatch when connecting input pin '/axi_vdma_0/s_axis_s2mm_tkeep'(4) to net 'xlconstant_1_dout'(3) - Only lower order bits will be connected, and other input bits of this pin will be left unconnected.
VHDL Output written to : H:/MZ7X/MZ702A/CODE/03_example_DMA_VDMA/CH06_AXI_VDMA_OV5640/Miz_sys/Miz_sys.srcs/sources_1/bd/system/sim/system.v
VHDL Output written to : H:/MZ7X/MZ702A/CODE/03_example_DMA_VDMA/CH06_AXI_VDMA_OV5640/Miz_sys/Miz_sys.srcs/sources_1/bd/system/hdl/system_wrapper.v
INFO: [BD 41-1029] Generation completed for the IP Integrator block processing_system7_0 .
INFO: [BD 41-1029] Generation completed for the IP Integrator block rst_processing_system7_0_50M .
INFO: [BD 41-1029] Generation completed for the IP Integrator block v_axi4s_vid_out_0 .
INFO: [BD 41-1029] Generation completed for the IP Integrator block v_tc_0 .
INFO: [BD 41-1029] Generation completed for the IP Integrator block clk_wiz_0 .
INFO: [BD 41-1029] Generation completed for the IP Integrator block util_vector_logic_0 .
INFO: [BD 41-1029] Generation completed for the IP Integrator block axi_vdma_0 .
INFO: [BD 41-1029] Generation completed for the IP Integrator block HDMI_FPGA_ML_0 .
INFO: [BD 41-1029] Generation completed for the IP Integrator block v_vid_in_axi4s_0 .
INFO: [BD 41-1029] Generation completed for the IP Integrator block xlconstant_1 .
INFO: [BD 41-1029] Generation completed for the IP Integrator block OV_Sensor_ML_0 .
INFO: [BD 41-1029] Generation completed for the IP Integrator block processing_system7_0_axi_periph/xbar .
INFO: [BD 41-1029] Generation completed for the IP Integrator block axi_mem_intercon/xbar .
WARNING: [IP_Flow 19-4994] Overwriting existing constraint file 'h:/MZ7X/MZ702A/CODE/03_example_DMA_VDMA/CH06_AXI_VDMA_OV5640/Miz_sys/Miz_sys.srcs/sources_1/bd/system/ip/system_auto_pc_1/system_auto_pc_1_ooc.xdc'
INFO: [BD 41-1029] Generation completed for the IP Integrator block processing_system7_0_axi_periph/m00_couplers/auto_pc .
WARNING: [IP_Flow 19-4994] Overwriting existing constraint file 'h:/MZ7X/MZ702A/CODE/03_example_DMA_VDMA/CH06_AXI_VDMA_OV5640/Miz_sys/Miz_sys.srcs/sources_1/bd/system/ip/system_auto_pc_2/system_auto_pc_2_ooc.xdc'
INFO: [BD 41-1029] Generation completed for the IP Integrator block processing_system7_0_axi_periph/s00_couplers/auto_pc .
WARNING: [IP_Flow 19-4994] Overwriting existing constraint file 'h:/MZ7X/MZ702A/CODE/03_example_DMA_VDMA/CH06_AXI_VDMA_OV5640/Miz_sys/Miz_sys.srcs/sources_1/bd/system/ip/system_auto_pc_0/system_auto_pc_0_ooc.xdc'
INFO: [BD 41-1029] Generation completed for the IP Integrator block axi_mem_intercon/m00_couplers/auto_pc .
Exporting to file H:/MZ7X/MZ702A/CODE/03_example_DMA_VDMA/CH06_AXI_VDMA_OV5640/Miz_sys/Miz_sys.srcs/sources_1/bd/system/hw_handoff/system.hwh
Generated Block Design Tcl file H:/MZ7X/MZ702A/CODE/03_example_DMA_VDMA/CH06_AXI_VDMA_OV5640/Miz_sys/Miz_sys.srcs/sources_1/bd/system/hw_handoff/system_bd.tcl
Generated Hardware Definition File H:/MZ7X/MZ702A/CODE/03_example_DMA_VDMA/CH06_AXI_VDMA_OV5640/Miz_sys/Miz_sys.srcs/sources_1/bd/system/synth/system.hwdef
generate_target: Time (s): cpu = 00:00:24 ; elapsed = 00:00:26 . Memory (MB): peak = 1434.352 ; gain = 161.824
export_ip_user_files -of_objects [get_files H:/MZ7X/MZ702A/CODE/03_example_DMA_VDMA/CH06_AXI_VDMA_OV5640/Miz_sys/Miz_sys.srcs/sources_1/bd/system/system.bd] -no_script -sync -force -quiet
export_simulation -of_objects [get_files H:/MZ7X/MZ702A/CODE/03_example_DMA_VDMA/CH06_AXI_VDMA_OV5640/Miz_sys/Miz_sys.srcs/sources_1/bd/system/system.bd] -directory H:/MZ7X/MZ702A/CODE/03_example_DMA_VDMA/CH06_AXI_VDMA_OV5640/Miz_sys/Miz_sys.ip_user_files/sim_scripts -ip_user_files_dir H:/MZ7X/MZ702A/CODE/03_example_DMA_VDMA/CH06_AXI_VDMA_OV5640/Miz_sys/Miz_sys.ip_user_files -ipstatic_source_dir H:/MZ7X/MZ702A/CODE/03_example_DMA_VDMA/CH06_AXI_VDMA_OV5640/Miz_sys/Miz_sys.ip_user_files/ipstatic -lib_map_path [list {modelsim=H:/MZ7X/MZ702A/CODE/03_example_DMA_VDMA/CH06_AXI_VDMA_OV5640/Miz_sys/Miz_sys.cache/compile_simlib/modelsim} {questa=H:/MZ7X/MZ702A/CODE/03_example_DMA_VDMA/CH06_AXI_VDMA_OV5640/Miz_sys/Miz_sys.cache/compile_simlib/questa} {riviera=H:/MZ7X/MZ702A/CODE/03_example_DMA_VDMA/CH06_AXI_VDMA_OV5640/Miz_sys/Miz_sys.cache/compile_simlib/riviera} {activehdl=H:/MZ7X/MZ702A/CODE/03_example_DMA_VDMA/CH06_AXI_VDMA_OV5640/Miz_sys/Miz_sys.cache/compile_simlib/activehdl}] -use_ip_compiled_libs -force -quiet
make_wrapper -files [get_files H:/MZ7X/MZ702A/CODE/03_example_DMA_VDMA/CH06_AXI_VDMA_OV5640/Miz_sys/Miz_sys.srcs/sources_1/bd/system/system.bd] -top
reset_run synth_1
launch_runs impl_1 -to_step write_bitstream -jobs 4
[Mon Sep 17 16:35:26 2018] Launched synth_1...
Run output will be captured here: H:/MZ7X/MZ702A/CODE/03_example_DMA_VDMA/CH06_AXI_VDMA_OV5640/Miz_sys/Miz_sys.runs/synth_1/runme.log
[Mon Sep 17 16:35:26 2018] Launched impl_1...
Run output will be captured here: H:/MZ7X/MZ702A/CODE/03_example_DMA_VDMA/CH06_AXI_VDMA_OV5640/Miz_sys/Miz_sys.runs/impl_1/runme.log
file copy -force H:/MZ7X/MZ702A/CODE/03_example_DMA_VDMA/CH06_AXI_VDMA_OV5640/Miz_sys/Miz_sys.runs/impl_1/system_wrapper.sysdef H:/MZ7X/MZ702A/CODE/03_example_DMA_VDMA/CH06_AXI_VDMA_OV5640/Miz_sys/Miz_sys.sdk/system_wrapper.hdf

launch_sdk -workspace H:/MZ7X/MZ702A/CODE/03_example_DMA_VDMA/CH06_AXI_VDMA_OV5640/Miz_sys/Miz_sys.sdk -hwspec H:/MZ7X/MZ702A/CODE/03_example_DMA_VDMA/CH06_AXI_VDMA_OV5640/Miz_sys/Miz_sys.sdk/system_wrapper.hdf
INFO: [Vivado 12-393] Launching SDK...
INFO: [Vivado 12-417] Running xsdk -workspace H:/MZ7X/MZ702A/CODE/03_example_DMA_VDMA/CH06_AXI_VDMA_OV5640/Miz_sys/Miz_sys.sdk -hwspec H:/MZ7X/MZ702A/CODE/03_example_DMA_VDMA/CH06_AXI_VDMA_OV5640/Miz_sys/Miz_sys.sdk/system_wrapper.hdf
INFO: [Vivado 12-3157] SDK launch initiated. Please check console for any further messages.
file copy -force H:/MZ7X/MZ702A/CODE/03_example_DMA_VDMA/CH06_AXI_VDMA_OV5640/Miz_sys/Miz_sys.runs/impl_1/system_wrapper.sysdef H:/MZ7X/MZ702A/CODE/03_example_DMA_VDMA/CH06_AXI_VDMA_OV5640/Miz_sys/Miz_sys.sdk/system_wrapper.hdf

launch_sdk -workspace H:/MZ7X/MZ702A/CODE/03_example_DMA_VDMA/CH06_AXI_VDMA_OV5640/Miz_sys/Miz_sys.sdk -hwspec H:/MZ7X/MZ702A/CODE/03_example_DMA_VDMA/CH06_AXI_VDMA_OV5640/Miz_sys/Miz_sys.sdk/system_wrapper.hdf
INFO: [Vivado 12-393] Launching SDK...
INFO: [Vivado 12-417] Running xsdk -workspace H:/MZ7X/MZ702A/CODE/03_example_DMA_VDMA/CH06_AXI_VDMA_OV5640/Miz_sys/Miz_sys.sdk -hwspec H:/MZ7X/MZ702A/CODE/03_example_DMA_VDMA/CH06_AXI_VDMA_OV5640/Miz_sys/Miz_sys.sdk/system_wrapper.hdf
INFO: [Vivado 12-3157] SDK launch initiated. Please check console for any further messages.
exit
INFO: [Common 17-206] Exiting Vivado at Mon Sep 17 16:55:34 2018...
