#-----------------------------------------------------------
# Vivado v2020.1 (64-bit)
# SW Build 2902540 on Wed May 27 19:54:49 MDT 2020
# IP Build 2902112 on Wed May 27 22:43:36 MDT 2020
# Start of session at: Sat Oct 15 22:49:25 2022
# Process ID: 7476
# Current directory: C:/Users/zbl/Desktop/ov5640/ov5640/mi/CH23_AXI_VDMA_OV5640/Miz_sys
# Command line: vivado.exe -gui_launcher_event rodinguilauncherevent17056 C:\Users\zbl\Desktop\ov5640\ov5640\mi\CH23_AXI_VDMA_OV5640\Miz_sys\Miz_sys.xpr
# Log file: C:/Users/zbl/Desktop/ov5640/ov5640/mi/CH23_AXI_VDMA_OV5640/Miz_sys/vivado.log
# Journal file: C:/Users/zbl/Desktop/ov5640/ov5640/mi/CH23_AXI_VDMA_OV5640/Miz_sys\vivado.jou
#-----------------------------------------------------------
start_gui
open_project C:/Users/zbl/Desktop/ov5640/ov5640/mi/CH23_AXI_VDMA_OV5640/Miz_sys/Miz_sys.xpr
INFO: [Project 1-313] Project file moved from 'C:/Users/quark/Desktop/ov5640/mi/CH23_AXI_VDMA_OV5640/Miz_sys' since last save.
Scanning sources...
Finished scanning sources
CRITICAL WARNING: [Board 49-67] The board_part definition was not found for tul.com.tw:pynq-z2:part0:1.0. This can happen sometimes when you use custom board part. You can resolve this issue by setting 'board.repoPaths' parameter, pointing to the location of custom board files. Valid board_part values can be retrieved with the 'get_board_parts' Tcl command.
INFO: [IP_Flow 19-234] Refreshing IP repositories
INFO: [IP_Flow 19-1700] Loaded user IP repository 'c:/Users/zbl/Desktop/ov5640/ov5640/mi/CH23_AXI_VDMA_OV5640/Miz_sys/user_src'.
INFO: [IP_Flow 19-2313] Loaded Vivado IP repository 'D:/software/vivado/main/Vivado/2020.1/data/ip'.
WARNING: [BD 41-1661] One or more IPs have been locked in the design 'system.bd'. Please run report_ip_status for more details and recommendations on how to fix this issue.
List of locked IPs:
system_clk_wiz_1_0
system_processing_system7_0_0
system_clk_wiz_0_0
system_rst_processing_system7_0_50M_0
system_clk_wiz_1_1

open_project: Time (s): cpu = 00:00:20 ; elapsed = 00:00:15 . Memory (MB): peak = 1061.859 ; gain = 0.000
update_compile_order -fileset sources_1
