
*** Running vivado
    with args -log system_wrapper.vdi -applog -m64 -product Vivado -messageDb vivado.pb -mode batch -source system_wrapper.tcl -notrace



****** Vivado v2020.1 (64-bit)
  **** SW Build 2902540 on Wed May 27 19:54:49 MDT 2020
  **** IP Build 2902112 on Wed May 27 22:43:36 MDT 2020
    ** Copyright 1986-2020 Xilinx, Inc. All Rights Reserved.

source system_wrapper.tcl -notrace
INFO: [IP_Flow 19-234] Refreshing IP repositories
INFO: [IP_Flow 19-1700] Loaded user IP repository 'c:/Users/zbl/Desktop/ov5640/ov5640/mi/CH23_AXI_VDMA_OV5640/Miz_sys/user_src'.
INFO: [IP_Flow 19-2313] Loaded Vivado IP repository 'D:/software/vivado/main/Vivado/2020.1/data/ip'.
add_files: Time (s): cpu = 00:00:03 ; elapsed = 00:00:05 . Memory (MB): peak = 1073.230 ; gain = 0.000
Command: link_design -top system_wrapper -part xc7z020clg400-1
Design is defaulting to srcset: sources_1
Design is defaulting to constrset: constrs_1
INFO: [Device 21-403] Loading part xc7z020clg400-1
Netlist sorting complete. Time (s): cpu = 00:00:00 ; elapsed = 00:00:00.454 . Memory (MB): peak = 1073.230 ; gain = 0.000
INFO: [Netlist 29-17] Analyzing 406 Unisim elements for replacement
INFO: [Netlist 29-28] Unisim Transformation completed in 0 CPU seconds
INFO: [Project 1-479] Netlist was created with Vivado 2020.1
INFO: [Project 1-570] Preparing netlist for logic optimization
Parsing XDC File [c:/Users/zbl/Desktop/ov5640/ov5640/mi/CH23_AXI_VDMA_OV5640/Miz_sys/Miz_sys.srcs/sources_1/bd/system/ip/system_processing_system7_0_0/system_processing_system7_0_0.xdc] for cell 'system_i/processing_system7_0/inst'
Finished Parsing XDC File [c:/Users/zbl/Desktop/ov5640/ov5640/mi/CH23_AXI_VDMA_OV5640/Miz_sys/Miz_sys.srcs/sources_1/bd/system/ip/system_processing_system7_0_0/system_processing_system7_0_0.xdc] for cell 'system_i/processing_system7_0/inst'
Parsing XDC File [c:/Users/zbl/Desktop/ov5640/ov5640/mi/CH23_AXI_VDMA_OV5640/Miz_sys/Miz_sys.srcs/sources_1/bd/system/ip/system_rst_processing_system7_0_50M_0/system_rst_processing_system7_0_50M_0_board.xdc] for cell 'system_i/rst_processing_system7_0_50M/U0'
Finished Parsing XDC File [c:/Users/zbl/Desktop/ov5640/ov5640/mi/CH23_AXI_VDMA_OV5640/Miz_sys/Miz_sys.srcs/sources_1/bd/system/ip/system_rst_processing_system7_0_50M_0/system_rst_processing_system7_0_50M_0_board.xdc] for cell 'system_i/rst_processing_system7_0_50M/U0'
Parsing XDC File [c:/Users/zbl/Desktop/ov5640/ov5640/mi/CH23_AXI_VDMA_OV5640/Miz_sys/Miz_sys.srcs/sources_1/bd/system/ip/system_rst_processing_system7_0_50M_0/system_rst_processing_system7_0_50M_0.xdc] for cell 'system_i/rst_processing_system7_0_50M/U0'
Finished Parsing XDC File [c:/Users/zbl/Desktop/ov5640/ov5640/mi/CH23_AXI_VDMA_OV5640/Miz_sys/Miz_sys.srcs/sources_1/bd/system/ip/system_rst_processing_system7_0_50M_0/system_rst_processing_system7_0_50M_0.xdc] for cell 'system_i/rst_processing_system7_0_50M/U0'
Parsing XDC File [c:/Users/zbl/Desktop/ov5640/ov5640/mi/CH23_AXI_VDMA_OV5640/Miz_sys/Miz_sys.srcs/sources_1/bd/system/ip/system_clk_wiz_0_0/system_clk_wiz_0_0_board.xdc] for cell 'system_i/clk_wiz_0/inst'
Finished Parsing XDC File [c:/Users/zbl/Desktop/ov5640/ov5640/mi/CH23_AXI_VDMA_OV5640/Miz_sys/Miz_sys.srcs/sources_1/bd/system/ip/system_clk_wiz_0_0/system_clk_wiz_0_0_board.xdc] for cell 'system_i/clk_wiz_0/inst'
Parsing XDC File [c:/Users/zbl/Desktop/ov5640/ov5640/mi/CH23_AXI_VDMA_OV5640/Miz_sys/Miz_sys.srcs/sources_1/bd/system/ip/system_clk_wiz_0_0/system_clk_wiz_0_0.xdc] for cell 'system_i/clk_wiz_0/inst'
INFO: [Timing 38-35] Done setting XDC timing constraints. [c:/Users/zbl/Desktop/ov5640/ov5640/mi/CH23_AXI_VDMA_OV5640/Miz_sys/Miz_sys.srcs/sources_1/bd/system/ip/system_clk_wiz_0_0/system_clk_wiz_0_0.xdc:57]
INFO: [Timing 38-2] Deriving generated clocks [c:/Users/zbl/Desktop/ov5640/ov5640/mi/CH23_AXI_VDMA_OV5640/Miz_sys/Miz_sys.srcs/sources_1/bd/system/ip/system_clk_wiz_0_0/system_clk_wiz_0_0.xdc:57]
get_clocks: Time (s): cpu = 00:00:09 ; elapsed = 00:00:09 . Memory (MB): peak = 1632.957 ; gain = 559.727
Finished Parsing XDC File [c:/Users/zbl/Desktop/ov5640/ov5640/mi/CH23_AXI_VDMA_OV5640/Miz_sys/Miz_sys.srcs/sources_1/bd/system/ip/system_clk_wiz_0_0/system_clk_wiz_0_0.xdc] for cell 'system_i/clk_wiz_0/inst'
Parsing XDC File [c:/Users/zbl/Desktop/ov5640/ov5640/mi/CH23_AXI_VDMA_OV5640/Miz_sys/Miz_sys.srcs/sources_1/bd/system/ip/system_axi_vdma_0_1/system_axi_vdma_0_1.xdc] for cell 'system_i/axi_vdma_0/U0'
WARNING: [Vivado_Tcl 4-921] Waiver ID 'CDC-4' -to list should not be empty. [c:/Users/zbl/Desktop/ov5640/ov5640/mi/CH23_AXI_VDMA_OV5640/Miz_sys/Miz_sys.srcs/sources_1/bd/system/ip/system_axi_vdma_0_1/system_axi_vdma_0_1.xdc:68]
WARNING: [Vivado_Tcl 4-921] Waiver ID 'CDC-4' -to list should not be empty. [c:/Users/zbl/Desktop/ov5640/ov5640/mi/CH23_AXI_VDMA_OV5640/Miz_sys/Miz_sys.srcs/sources_1/bd/system/ip/system_axi_vdma_0_1/system_axi_vdma_0_1.xdc:72]
WARNING: [Vivado_Tcl 4-921] Waiver ID 'CDC-4' -to list should not be empty. [c:/Users/zbl/Desktop/ov5640/ov5640/mi/CH23_AXI_VDMA_OV5640/Miz_sys/Miz_sys.srcs/sources_1/bd/system/ip/system_axi_vdma_0_1/system_axi_vdma_0_1.xdc:76]
WARNING: [Vivado_Tcl 4-921] Waiver ID 'CDC-4' -to list should not be empty. [c:/Users/zbl/Desktop/ov5640/ov5640/mi/CH23_AXI_VDMA_OV5640/Miz_sys/Miz_sys.srcs/sources_1/bd/system/ip/system_axi_vdma_0_1/system_axi_vdma_0_1.xdc:80]
WARNING: [Vivado_Tcl 4-921] Waiver ID 'CDC-1' -to list should not be empty. [c:/Users/zbl/Desktop/ov5640/ov5640/mi/CH23_AXI_VDMA_OV5640/Miz_sys/Miz_sys.srcs/sources_1/bd/system/ip/system_axi_vdma_0_1/system_axi_vdma_0_1.xdc:84]
WARNING: [Vivado_Tcl 4-921] Waiver ID 'CDC-4' -to list should not be empty. [c:/Users/zbl/Desktop/ov5640/ov5640/mi/CH23_AXI_VDMA_OV5640/Miz_sys/Miz_sys.srcs/sources_1/bd/system/ip/system_axi_vdma_0_1/system_axi_vdma_0_1.xdc:88]
WARNING: [Vivado_Tcl 4-921] Waiver ID 'CDC-4' -to list should not be empty. [c:/Users/zbl/Desktop/ov5640/ov5640/mi/CH23_AXI_VDMA_OV5640/Miz_sys/Miz_sys.srcs/sources_1/bd/system/ip/system_axi_vdma_0_1/system_axi_vdma_0_1.xdc:92]
WARNING: [Vivado_Tcl 4-921] Waiver ID 'CDC-4' -to list should not be empty. [c:/Users/zbl/Desktop/ov5640/ov5640/mi/CH23_AXI_VDMA_OV5640/Miz_sys/Miz_sys.srcs/sources_1/bd/system/ip/system_axi_vdma_0_1/system_axi_vdma_0_1.xdc:96]
WARNING: [Vivado_Tcl 4-921] Waiver ID 'CDC-4' -to list should not be empty. [c:/Users/zbl/Desktop/ov5640/ov5640/mi/CH23_AXI_VDMA_OV5640/Miz_sys/Miz_sys.srcs/sources_1/bd/system/ip/system_axi_vdma_0_1/system_axi_vdma_0_1.xdc:100]
WARNING: [Vivado_Tcl 4-921] Waiver ID 'CDC-4' -to list should not be empty. [c:/Users/zbl/Desktop/ov5640/ov5640/mi/CH23_AXI_VDMA_OV5640/Miz_sys/Miz_sys.srcs/sources_1/bd/system/ip/system_axi_vdma_0_1/system_axi_vdma_0_1.xdc:104]
WARNING: [Vivado_Tcl 4-921] Waiver ID 'CDC-1' -to list should not be empty. [c:/Users/zbl/Desktop/ov5640/ov5640/mi/CH23_AXI_VDMA_OV5640/Miz_sys/Miz_sys.srcs/sources_1/bd/system/ip/system_axi_vdma_0_1/system_axi_vdma_0_1.xdc:108]
WARNING: [Vivado_Tcl 4-921] Waiver ID 'CDC-6' -to list should not be empty. [c:/Users/zbl/Desktop/ov5640/ov5640/mi/CH23_AXI_VDMA_OV5640/Miz_sys/Miz_sys.srcs/sources_1/bd/system/ip/system_axi_vdma_0_1/system_axi_vdma_0_1.xdc:192]
WARNING: [Vivado_Tcl 4-921] Waiver ID 'CDC-6' -to list should not be empty. [c:/Users/zbl/Desktop/ov5640/ov5640/mi/CH23_AXI_VDMA_OV5640/Miz_sys/Miz_sys.srcs/sources_1/bd/system/ip/system_axi_vdma_0_1/system_axi_vdma_0_1.xdc:196]
WARNING: [Vivado_Tcl 4-921] Waiver ID 'CDC-6' -to list should not be empty. [c:/Users/zbl/Desktop/ov5640/ov5640/mi/CH23_AXI_VDMA_OV5640/Miz_sys/Miz_sys.srcs/sources_1/bd/system/ip/system_axi_vdma_0_1/system_axi_vdma_0_1.xdc:200]
WARNING: [Vivado_Tcl 4-921] Waiver ID 'CDC-6' -to list should not be empty. [c:/Users/zbl/Desktop/ov5640/ov5640/mi/CH23_AXI_VDMA_OV5640/Miz_sys/Miz_sys.srcs/sources_1/bd/system/ip/system_axi_vdma_0_1/system_axi_vdma_0_1.xdc:204]
WARNING: [Vivado_Tcl 4-921] Waiver ID 'CDC-6' -to list should not be empty. [c:/Users/zbl/Desktop/ov5640/ov5640/mi/CH23_AXI_VDMA_OV5640/Miz_sys/Miz_sys.srcs/sources_1/bd/system/ip/system_axi_vdma_0_1/system_axi_vdma_0_1.xdc:208]
WARNING: [Vivado_Tcl 4-921] Waiver ID 'CDC-6' -to list should not be empty. [c:/Users/zbl/Desktop/ov5640/ov5640/mi/CH23_AXI_VDMA_OV5640/Miz_sys/Miz_sys.srcs/sources_1/bd/system/ip/system_axi_vdma_0_1/system_axi_vdma_0_1.xdc:212]
WARNING: [Vivado_Tcl 4-921] Waiver ID 'CDC-6' -to list should not be empty. [c:/Users/zbl/Desktop/ov5640/ov5640/mi/CH23_AXI_VDMA_OV5640/Miz_sys/Miz_sys.srcs/sources_1/bd/system/ip/system_axi_vdma_0_1/system_axi_vdma_0_1.xdc:216]
WARNING: [Vivado_Tcl 4-921] Waiver ID 'CDC-6' -to list should not be empty. [c:/Users/zbl/Desktop/ov5640/ov5640/mi/CH23_AXI_VDMA_OV5640/Miz_sys/Miz_sys.srcs/sources_1/bd/system/ip/system_axi_vdma_0_1/system_axi_vdma_0_1.xdc:220]
Finished Parsing XDC File [c:/Users/zbl/Desktop/ov5640/ov5640/mi/CH23_AXI_VDMA_OV5640/Miz_sys/Miz_sys.srcs/sources_1/bd/system/ip/system_axi_vdma_0_1/system_axi_vdma_0_1.xdc] for cell 'system_i/axi_vdma_0/U0'
Parsing XDC File [c:/Users/zbl/Desktop/ov5640/ov5640/mi/CH23_AXI_VDMA_OV5640/Miz_sys/Miz_sys.srcs/sources_1/bd/system/ip/system_clk_wiz_1_1/system_clk_wiz_1_1_board.xdc] for cell 'system_i/clk_wiz_1/inst'
Finished Parsing XDC File [c:/Users/zbl/Desktop/ov5640/ov5640/mi/CH23_AXI_VDMA_OV5640/Miz_sys/Miz_sys.srcs/sources_1/bd/system/ip/system_clk_wiz_1_1/system_clk_wiz_1_1_board.xdc] for cell 'system_i/clk_wiz_1/inst'
Parsing XDC File [c:/Users/zbl/Desktop/ov5640/ov5640/mi/CH23_AXI_VDMA_OV5640/Miz_sys/Miz_sys.srcs/sources_1/bd/system/ip/system_clk_wiz_1_1/system_clk_wiz_1_1.xdc] for cell 'system_i/clk_wiz_1/inst'
INFO: [Timing 38-2] Deriving generated clocks [c:/Users/zbl/Desktop/ov5640/ov5640/mi/CH23_AXI_VDMA_OV5640/Miz_sys/Miz_sys.srcs/sources_1/bd/system/ip/system_clk_wiz_1_1/system_clk_wiz_1_1.xdc:57]
Finished Parsing XDC File [c:/Users/zbl/Desktop/ov5640/ov5640/mi/CH23_AXI_VDMA_OV5640/Miz_sys/Miz_sys.srcs/sources_1/bd/system/ip/system_clk_wiz_1_1/system_clk_wiz_1_1.xdc] for cell 'system_i/clk_wiz_1/inst'
Parsing XDC File [c:/Users/zbl/Desktop/ov5640/ov5640/mi/CH23_AXI_VDMA_OV5640/Miz_sys/Miz_sys.srcs/sources_1/bd/system/ip/system_ila_0_0/ila_v6_2/constraints/ila_impl.xdc] for cell 'system_i/ila_0/inst'
Finished Parsing XDC File [c:/Users/zbl/Desktop/ov5640/ov5640/mi/CH23_AXI_VDMA_OV5640/Miz_sys/Miz_sys.srcs/sources_1/bd/system/ip/system_ila_0_0/ila_v6_2/constraints/ila_impl.xdc] for cell 'system_i/ila_0/inst'
Parsing XDC File [c:/Users/zbl/Desktop/ov5640/ov5640/mi/CH23_AXI_VDMA_OV5640/Miz_sys/Miz_sys.srcs/sources_1/bd/system/ip/system_ila_0_0/ila_v6_2/constraints/ila.xdc] for cell 'system_i/ila_0/inst'
Finished Parsing XDC File [c:/Users/zbl/Desktop/ov5640/ov5640/mi/CH23_AXI_VDMA_OV5640/Miz_sys/Miz_sys.srcs/sources_1/bd/system/ip/system_ila_0_0/ila_v6_2/constraints/ila.xdc] for cell 'system_i/ila_0/inst'
Parsing XDC File [c:/Users/zbl/Desktop/ov5640/ov5640/mi/CH23_AXI_VDMA_OV5640/Miz_sys/Miz_sys.srcs/sources_1/bd/system/ip/system_clk_wiz_2_0/system_clk_wiz_2_0_board.xdc] for cell 'system_i/clk_wiz_2/inst'
Finished Parsing XDC File [c:/Users/zbl/Desktop/ov5640/ov5640/mi/CH23_AXI_VDMA_OV5640/Miz_sys/Miz_sys.srcs/sources_1/bd/system/ip/system_clk_wiz_2_0/system_clk_wiz_2_0_board.xdc] for cell 'system_i/clk_wiz_2/inst'
Parsing XDC File [c:/Users/zbl/Desktop/ov5640/ov5640/mi/CH23_AXI_VDMA_OV5640/Miz_sys/Miz_sys.srcs/sources_1/bd/system/ip/system_clk_wiz_2_0/system_clk_wiz_2_0.xdc] for cell 'system_i/clk_wiz_2/inst'
WARNING: [Constraints 18-619] A clock with name 'clk_125m' already exists, overwriting the previous clock with the same name. [c:/Users/zbl/Desktop/ov5640/ov5640/mi/CH23_AXI_VDMA_OV5640/Miz_sys/Miz_sys.srcs/sources_1/bd/system/ip/system_clk_wiz_2_0/system_clk_wiz_2_0.xdc:56]
Finished Parsing XDC File [c:/Users/zbl/Desktop/ov5640/ov5640/mi/CH23_AXI_VDMA_OV5640/Miz_sys/Miz_sys.srcs/sources_1/bd/system/ip/system_clk_wiz_2_0/system_clk_wiz_2_0.xdc] for cell 'system_i/clk_wiz_2/inst'
Parsing XDC File [C:/Users/zbl/Desktop/ov5640/ov5640/mi/CH23_AXI_VDMA_OV5640/Miz_sys/Miz_sys.srcs/constrs_1/new/Miz_sys_pin.xdc]
Finished Parsing XDC File [C:/Users/zbl/Desktop/ov5640/ov5640/mi/CH23_AXI_VDMA_OV5640/Miz_sys/Miz_sys.srcs/constrs_1/new/Miz_sys_pin.xdc]
Parsing XDC File [c:/Users/zbl/Desktop/ov5640/ov5640/mi/CH23_AXI_VDMA_OV5640/Miz_sys/Miz_sys.srcs/sources_1/bd/system/ip/system_v_tc_0_0/system_v_tc_0_0_clocks.xdc] for cell 'system_i/v_tc_0/U0'
Finished Parsing XDC File [c:/Users/zbl/Desktop/ov5640/ov5640/mi/CH23_AXI_VDMA_OV5640/Miz_sys/Miz_sys.srcs/sources_1/bd/system/ip/system_v_tc_0_0/system_v_tc_0_0_clocks.xdc] for cell 'system_i/v_tc_0/U0'
Parsing XDC File [c:/Users/zbl/Desktop/ov5640/ov5640/mi/CH23_AXI_VDMA_OV5640/Miz_sys/Miz_sys.srcs/sources_1/bd/system/ip/system_axi_vdma_0_1/system_axi_vdma_0_1_clocks.xdc] for cell 'system_i/axi_vdma_0/U0'
Finished Parsing XDC File [c:/Users/zbl/Desktop/ov5640/ov5640/mi/CH23_AXI_VDMA_OV5640/Miz_sys/Miz_sys.srcs/sources_1/bd/system/ip/system_axi_vdma_0_1/system_axi_vdma_0_1_clocks.xdc] for cell 'system_i/axi_vdma_0/U0'
Parsing XDC File [c:/Users/zbl/Desktop/ov5640/ov5640/mi/CH23_AXI_VDMA_OV5640/Miz_sys/Miz_sys.srcs/sources_1/bd/system/ip/system_v_vid_in_axi4s_0_0/system_v_vid_in_axi4s_0_0_clocks.xdc] for cell 'system_i/v_vid_in_axi4s_0/inst'
Finished Parsing XDC File [c:/Users/zbl/Desktop/ov5640/ov5640/mi/CH23_AXI_VDMA_OV5640/Miz_sys/Miz_sys.srcs/sources_1/bd/system/ip/system_v_vid_in_axi4s_0_0/system_v_vid_in_axi4s_0_0_clocks.xdc] for cell 'system_i/v_vid_in_axi4s_0/inst'
Parsing XDC File [c:/Users/zbl/Desktop/ov5640/ov5640/mi/CH23_AXI_VDMA_OV5640/Miz_sys/Miz_sys.srcs/sources_1/bd/system/ip/system_v_axi4s_vid_out_0_0/system_v_axi4s_vid_out_0_0_clocks.xdc] for cell 'system_i/v_axi4s_vid_out_0/inst'
Finished Parsing XDC File [c:/Users/zbl/Desktop/ov5640/ov5640/mi/CH23_AXI_VDMA_OV5640/Miz_sys/Miz_sys.srcs/sources_1/bd/system/ip/system_v_axi4s_vid_out_0_0/system_v_axi4s_vid_out_0_0_clocks.xdc] for cell 'system_i/v_axi4s_vid_out_0/inst'
Sourcing Tcl File [D:/software/vivado/main/Vivado/2020.1/data/ip/xpm/xpm_cdc/tcl/xpm_cdc_async_rst.tcl] for cell 'system_i/axi_mem_intercon/m00_couplers/auto_pc/inst/gen_axi4_axi3.axi3_conv_inst/USE_READ.USE_SPLIT_R.read_addr_inst/USE_R_CHANNEL.cmd_queue/inst/fifo_gen_inst/inst_fifo_gen/gconvfifo.rf/grf.rf/rstblk/ngwrdrst.grst.g7serrst.gnsckt_wrst.rst_wr_reg2_inst'
Finished Sourcing Tcl File [D:/software/vivado/main/Vivado/2020.1/data/ip/xpm/xpm_cdc/tcl/xpm_cdc_async_rst.tcl] for cell 'system_i/axi_mem_intercon/m00_couplers/auto_pc/inst/gen_axi4_axi3.axi3_conv_inst/USE_READ.USE_SPLIT_R.read_addr_inst/USE_R_CHANNEL.cmd_queue/inst/fifo_gen_inst/inst_fifo_gen/gconvfifo.rf/grf.rf/rstblk/ngwrdrst.grst.g7serrst.gnsckt_wrst.rst_wr_reg2_inst'
Sourcing Tcl File [D:/software/vivado/main/Vivado/2020.1/data/ip/xpm/xpm_cdc/tcl/xpm_cdc_async_rst.tcl] for cell 'system_i/axi_mem_intercon/m00_couplers/auto_pc/inst/gen_axi4_axi3.axi3_conv_inst/USE_WRITE.write_addr_inst/USE_BURSTS.cmd_queue/inst/fifo_gen_inst/inst_fifo_gen/gconvfifo.rf/grf.rf/rstblk/ngwrdrst.grst.g7serrst.gnsckt_wrst.rst_wr_reg2_inst'
Finished Sourcing Tcl File [D:/software/vivado/main/Vivado/2020.1/data/ip/xpm/xpm_cdc/tcl/xpm_cdc_async_rst.tcl] for cell 'system_i/axi_mem_intercon/m00_couplers/auto_pc/inst/gen_axi4_axi3.axi3_conv_inst/USE_WRITE.write_addr_inst/USE_BURSTS.cmd_queue/inst/fifo_gen_inst/inst_fifo_gen/gconvfifo.rf/grf.rf/rstblk/ngwrdrst.grst.g7serrst.gnsckt_wrst.rst_wr_reg2_inst'
Sourcing Tcl File [D:/software/vivado/main/Vivado/2020.1/data/ip/xpm/xpm_cdc/tcl/xpm_cdc_async_rst.tcl] for cell 'system_i/axi_mem_intercon/m00_couplers/auto_pc/inst/gen_axi4_axi3.axi3_conv_inst/USE_WRITE.write_addr_inst/USE_B_CHANNEL.cmd_b_queue/inst/fifo_gen_inst/inst_fifo_gen/gconvfifo.rf/grf.rf/rstblk/ngwrdrst.grst.g7serrst.gnsckt_wrst.rst_wr_reg2_inst'
Finished Sourcing Tcl File [D:/software/vivado/main/Vivado/2020.1/data/ip/xpm/xpm_cdc/tcl/xpm_cdc_async_rst.tcl] for cell 'system_i/axi_mem_intercon/m00_couplers/auto_pc/inst/gen_axi4_axi3.axi3_conv_inst/USE_WRITE.write_addr_inst/USE_B_CHANNEL.cmd_b_queue/inst/fifo_gen_inst/inst_fifo_gen/gconvfifo.rf/grf.rf/rstblk/ngwrdrst.grst.g7serrst.gnsckt_wrst.rst_wr_reg2_inst'
Sourcing Tcl File [D:/software/vivado/main/Vivado/2020.1/data/ip/xpm/xpm_cdc/tcl/xpm_cdc_gray.tcl] for cell 'system_i/v_vid_in_axi4s_0/inst/COUPLER_INST/generate_async_fifo.FIFO_INST/XPM_FIFO_ASYNC_INST/gnuram_async_fifo.xpm_fifo_base_inst/gen_cdc_pntr.rd_pntr_cdc_inst'
Finished Sourcing Tcl File [D:/software/vivado/main/Vivado/2020.1/data/ip/xpm/xpm_cdc/tcl/xpm_cdc_gray.tcl] for cell 'system_i/v_vid_in_axi4s_0/inst/COUPLER_INST/generate_async_fifo.FIFO_INST/XPM_FIFO_ASYNC_INST/gnuram_async_fifo.xpm_fifo_base_inst/gen_cdc_pntr.rd_pntr_cdc_inst'
Sourcing Tcl File [D:/software/vivado/main/Vivado/2020.1/data/ip/xpm/xpm_cdc/tcl/xpm_cdc_gray.tcl] for cell 'system_i/v_axi4s_vid_out_0/inst/COUPLER_INST/generate_async_fifo.FIFO_INST/XPM_FIFO_ASYNC_INST/gnuram_async_fifo.xpm_fifo_base_inst/gen_cdc_pntr.wr_pntr_cdc_inst'
Finished Sourcing Tcl File [D:/software/vivado/main/Vivado/2020.1/data/ip/xpm/xpm_cdc/tcl/xpm_cdc_gray.tcl] for cell 'system_i/v_axi4s_vid_out_0/inst/COUPLER_INST/generate_async_fifo.FIFO_INST/XPM_FIFO_ASYNC_INST/gnuram_async_fifo.xpm_fifo_base_inst/gen_cdc_pntr.wr_pntr_cdc_inst'
Sourcing Tcl File [D:/software/vivado/main/Vivado/2020.1/data/ip/xpm/xpm_cdc/tcl/xpm_cdc_gray.tcl] for cell 'system_i/v_axi4s_vid_out_0/inst/COUPLER_INST/generate_async_fifo.FIFO_INST/XPM_FIFO_ASYNC_INST/gnuram_async_fifo.xpm_fifo_base_inst/gen_cdc_pntr.rd_pntr_cdc_inst'
Finished Sourcing Tcl File [D:/software/vivado/main/Vivado/2020.1/data/ip/xpm/xpm_cdc/tcl/xpm_cdc_gray.tcl] for cell 'system_i/v_axi4s_vid_out_0/inst/COUPLER_INST/generate_async_fifo.FIFO_INST/XPM_FIFO_ASYNC_INST/gnuram_async_fifo.xpm_fifo_base_inst/gen_cdc_pntr.rd_pntr_cdc_inst'
Sourcing Tcl File [D:/software/vivado/main/Vivado/2020.1/data/ip/xpm/xpm_cdc/tcl/xpm_cdc_gray.tcl] for cell 'system_i/v_vid_in_axi4s_0/inst/COUPLER_INST/generate_async_fifo.FIFO_INST/XPM_FIFO_ASYNC_INST/gnuram_async_fifo.xpm_fifo_base_inst/gen_cdc_pntr.wr_pntr_cdc_inst'
Finished Sourcing Tcl File [D:/software/vivado/main/Vivado/2020.1/data/ip/xpm/xpm_cdc/tcl/xpm_cdc_gray.tcl] for cell 'system_i/v_vid_in_axi4s_0/inst/COUPLER_INST/generate_async_fifo.FIFO_INST/XPM_FIFO_ASYNC_INST/gnuram_async_fifo.xpm_fifo_base_inst/gen_cdc_pntr.wr_pntr_cdc_inst'
Sourcing Tcl File [D:/software/vivado/main/Vivado/2020.1/data/ip/xpm/xpm_cdc/tcl/xpm_cdc_gray.tcl] for cell 'system_i/v_vid_in_axi4s_0/inst/COUPLER_INST/generate_async_fifo.FIFO_INST/XPM_FIFO_ASYNC_INST/gnuram_async_fifo.xpm_fifo_base_inst/gen_cdc_pntr.wr_pntr_cdc_dc_inst'
Finished Sourcing Tcl File [D:/software/vivado/main/Vivado/2020.1/data/ip/xpm/xpm_cdc/tcl/xpm_cdc_gray.tcl] for cell 'system_i/v_vid_in_axi4s_0/inst/COUPLER_INST/generate_async_fifo.FIFO_INST/XPM_FIFO_ASYNC_INST/gnuram_async_fifo.xpm_fifo_base_inst/gen_cdc_pntr.wr_pntr_cdc_dc_inst'
Sourcing Tcl File [D:/software/vivado/main/Vivado/2020.1/data/ip/xpm/xpm_cdc/tcl/xpm_cdc_gray.tcl] for cell 'system_i/v_axi4s_vid_out_0/inst/COUPLER_INST/generate_async_fifo.FIFO_INST/XPM_FIFO_ASYNC_INST/gnuram_async_fifo.xpm_fifo_base_inst/gen_cdc_pntr.wr_pntr_cdc_dc_inst'
Finished Sourcing Tcl File [D:/software/vivado/main/Vivado/2020.1/data/ip/xpm/xpm_cdc/tcl/xpm_cdc_gray.tcl] for cell 'system_i/v_axi4s_vid_out_0/inst/COUPLER_INST/generate_async_fifo.FIFO_INST/XPM_FIFO_ASYNC_INST/gnuram_async_fifo.xpm_fifo_base_inst/gen_cdc_pntr.wr_pntr_cdc_dc_inst'
Sourcing Tcl File [D:/software/vivado/main/Vivado/2020.1/data/ip/xpm/xpm_cdc/tcl/xpm_cdc_gray.tcl] for cell 'system_i/v_vid_in_axi4s_0/inst/COUPLER_INST/generate_async_fifo.FIFO_INST/XPM_FIFO_ASYNC_INST/gnuram_async_fifo.xpm_fifo_base_inst/gen_cdc_pntr.rd_pntr_cdc_dc_inst'
Finished Sourcing Tcl File [D:/software/vivado/main/Vivado/2020.1/data/ip/xpm/xpm_cdc/tcl/xpm_cdc_gray.tcl] for cell 'system_i/v_vid_in_axi4s_0/inst/COUPLER_INST/generate_async_fifo.FIFO_INST/XPM_FIFO_ASYNC_INST/gnuram_async_fifo.xpm_fifo_base_inst/gen_cdc_pntr.rd_pntr_cdc_dc_inst'
Sourcing Tcl File [D:/software/vivado/main/Vivado/2020.1/data/ip/xpm/xpm_cdc/tcl/xpm_cdc_gray.tcl] for cell 'system_i/v_axi4s_vid_out_0/inst/COUPLER_INST/generate_async_fifo.FIFO_INST/XPM_FIFO_ASYNC_INST/gnuram_async_fifo.xpm_fifo_base_inst/gen_cdc_pntr.rd_pntr_cdc_dc_inst'
Finished Sourcing Tcl File [D:/software/vivado/main/Vivado/2020.1/data/ip/xpm/xpm_cdc/tcl/xpm_cdc_gray.tcl] for cell 'system_i/v_axi4s_vid_out_0/inst/COUPLER_INST/generate_async_fifo.FIFO_INST/XPM_FIFO_ASYNC_INST/gnuram_async_fifo.xpm_fifo_base_inst/gen_cdc_pntr.rd_pntr_cdc_dc_inst'
Sourcing Tcl File [D:/software/vivado/main/Vivado/2020.1/data/ip/xpm/xpm_cdc/tcl/xpm_cdc_single.tcl] for cell 'system_i/v_vid_in_axi4s_0/inst/CDC_SINGLE_REMAP_OVERFLOW_INST/xpm_cdc_single_inst'
Finished Sourcing Tcl File [D:/software/vivado/main/Vivado/2020.1/data/ip/xpm/xpm_cdc/tcl/xpm_cdc_single.tcl] for cell 'system_i/v_vid_in_axi4s_0/inst/CDC_SINGLE_REMAP_OVERFLOW_INST/xpm_cdc_single_inst'
Sourcing Tcl File [D:/software/vivado/main/Vivado/2020.1/data/ip/xpm/xpm_cdc/tcl/xpm_cdc_single.tcl] for cell 'system_i/v_axi4s_vid_out_0/inst/CDC_SINGLE_REMAP_UNDERFLOW_INST/xpm_cdc_single_inst'
Finished Sourcing Tcl File [D:/software/vivado/main/Vivado/2020.1/data/ip/xpm/xpm_cdc/tcl/xpm_cdc_single.tcl] for cell 'system_i/v_axi4s_vid_out_0/inst/CDC_SINGLE_REMAP_UNDERFLOW_INST/xpm_cdc_single_inst'
Sourcing Tcl File [D:/software/vivado/main/Vivado/2020.1/data/ip/xpm/xpm_cdc/tcl/xpm_cdc_single.tcl] for cell 'system_i/v_axi4s_vid_out_0/inst/CDC_SINGLE_LOCKED_INST/xpm_cdc_single_inst'
Finished Sourcing Tcl File [D:/software/vivado/main/Vivado/2020.1/data/ip/xpm/xpm_cdc/tcl/xpm_cdc_single.tcl] for cell 'system_i/v_axi4s_vid_out_0/inst/CDC_SINGLE_LOCKED_INST/xpm_cdc_single_inst'
Sourcing Tcl File [D:/software/vivado/main/Vivado/2020.1/data/ip/xpm/xpm_cdc/tcl/xpm_cdc_single.tcl] for cell 'system_i/v_vid_in_axi4s_0/inst/CDC_SINGLE_RESET_PULSE_INST/xpm_cdc_single_inst'
Finished Sourcing Tcl File [D:/software/vivado/main/Vivado/2020.1/data/ip/xpm/xpm_cdc/tcl/xpm_cdc_single.tcl] for cell 'system_i/v_vid_in_axi4s_0/inst/CDC_SINGLE_RESET_PULSE_INST/xpm_cdc_single_inst'
Sourcing Tcl File [D:/software/vivado/main/Vivado/2020.1/data/ip/xpm/xpm_cdc/tcl/xpm_cdc_sync_rst.tcl] for cell 'system_i/v_vid_in_axi4s_0/inst/COUPLER_INST/generate_async_fifo.FIFO_INST/XPM_FIFO_ASYNC_INST/gnuram_async_fifo.xpm_fifo_base_inst/xpm_fifo_rst_inst/gen_rst_ic.rrst_wr_inst'
Finished Sourcing Tcl File [D:/software/vivado/main/Vivado/2020.1/data/ip/xpm/xpm_cdc/tcl/xpm_cdc_sync_rst.tcl] for cell 'system_i/v_vid_in_axi4s_0/inst/COUPLER_INST/generate_async_fifo.FIFO_INST/XPM_FIFO_ASYNC_INST/gnuram_async_fifo.xpm_fifo_base_inst/xpm_fifo_rst_inst/gen_rst_ic.rrst_wr_inst'
Sourcing Tcl File [D:/software/vivado/main/Vivado/2020.1/data/ip/xpm/xpm_cdc/tcl/xpm_cdc_sync_rst.tcl] for cell 'system_i/v_axi4s_vid_out_0/inst/COUPLER_INST/generate_async_fifo.FIFO_INST/XPM_FIFO_ASYNC_INST/gnuram_async_fifo.xpm_fifo_base_inst/xpm_fifo_rst_inst/gen_rst_ic.wrst_rd_inst'
Finished Sourcing Tcl File [D:/software/vivado/main/Vivado/2020.1/data/ip/xpm/xpm_cdc/tcl/xpm_cdc_sync_rst.tcl] for cell 'system_i/v_axi4s_vid_out_0/inst/COUPLER_INST/generate_async_fifo.FIFO_INST/XPM_FIFO_ASYNC_INST/gnuram_async_fifo.xpm_fifo_base_inst/xpm_fifo_rst_inst/gen_rst_ic.wrst_rd_inst'
Sourcing Tcl File [D:/software/vivado/main/Vivado/2020.1/data/ip/xpm/xpm_cdc/tcl/xpm_cdc_sync_rst.tcl] for cell 'system_i/v_axi4s_vid_out_0/inst/COUPLER_INST/generate_async_fifo.FIFO_INST/XPM_FIFO_ASYNC_INST/gnuram_async_fifo.xpm_fifo_base_inst/xpm_fifo_rst_inst/gen_rst_ic.rrst_wr_inst'
Finished Sourcing Tcl File [D:/software/vivado/main/Vivado/2020.1/data/ip/xpm/xpm_cdc/tcl/xpm_cdc_sync_rst.tcl] for cell 'system_i/v_axi4s_vid_out_0/inst/COUPLER_INST/generate_async_fifo.FIFO_INST/XPM_FIFO_ASYNC_INST/gnuram_async_fifo.xpm_fifo_base_inst/xpm_fifo_rst_inst/gen_rst_ic.rrst_wr_inst'
Sourcing Tcl File [D:/software/vivado/main/Vivado/2020.1/data/ip/xpm/xpm_cdc/tcl/xpm_cdc_sync_rst.tcl] for cell 'system_i/v_vid_in_axi4s_0/inst/COUPLER_INST/generate_async_fifo.FIFO_INST/XPM_FIFO_ASYNC_INST/gnuram_async_fifo.xpm_fifo_base_inst/xpm_fifo_rst_inst/gen_rst_ic.wrst_rd_inst'
Finished Sourcing Tcl File [D:/software/vivado/main/Vivado/2020.1/data/ip/xpm/xpm_cdc/tcl/xpm_cdc_sync_rst.tcl] for cell 'system_i/v_vid_in_axi4s_0/inst/COUPLER_INST/generate_async_fifo.FIFO_INST/XPM_FIFO_ASYNC_INST/gnuram_async_fifo.xpm_fifo_base_inst/xpm_fifo_rst_inst/gen_rst_ic.wrst_rd_inst'
Sourcing Tcl File [D:/software/vivado/main/Vivado/2020.1/data/ip/xpm/xpm_fifo/tcl/xpm_fifo_rst.tcl] for cell 'system_i/v_vid_in_axi4s_0/inst/COUPLER_INST/generate_async_fifo.FIFO_INST/XPM_FIFO_ASYNC_INST'
Finished Sourcing Tcl File [D:/software/vivado/main/Vivado/2020.1/data/ip/xpm/xpm_fifo/tcl/xpm_fifo_rst.tcl] for cell 'system_i/v_vid_in_axi4s_0/inst/COUPLER_INST/generate_async_fifo.FIFO_INST/XPM_FIFO_ASYNC_INST'
Sourcing Tcl File [D:/software/vivado/main/Vivado/2020.1/data/ip/xpm/xpm_fifo/tcl/xpm_fifo_rst.tcl] for cell 'system_i/v_axi4s_vid_out_0/inst/COUPLER_INST/generate_async_fifo.FIFO_INST/XPM_FIFO_ASYNC_INST'
Finished Sourcing Tcl File [D:/software/vivado/main/Vivado/2020.1/data/ip/xpm/xpm_fifo/tcl/xpm_fifo_rst.tcl] for cell 'system_i/v_axi4s_vid_out_0/inst/COUPLER_INST/generate_async_fifo.FIFO_INST/XPM_FIFO_ASYNC_INST'
Sourcing Tcl File [D:/software/vivado/main/Vivado/2020.1/data/ip/xpm/xpm_fifo/tcl/xpm_fifo_rst.tcl] for cell 'system_i/axi_vdma_0/U0/GEN_SPRT_FOR_MM2S.MM2S_LINEBUFFER_I/GEN_LINEBUF_NO_SOF.GEN_LINEBUFFER.GEN_SYNC_FIFO.I_LINEBUFFER_FIFO/xpm_fifo_sync_inst'
Finished Sourcing Tcl File [D:/software/vivado/main/Vivado/2020.1/data/ip/xpm/xpm_fifo/tcl/xpm_fifo_rst.tcl] for cell 'system_i/axi_vdma_0/U0/GEN_SPRT_FOR_MM2S.MM2S_LINEBUFFER_I/GEN_LINEBUF_NO_SOF.GEN_LINEBUFFER.GEN_SYNC_FIFO.I_LINEBUFFER_FIFO/xpm_fifo_sync_inst'
Sourcing Tcl File [D:/software/vivado/main/Vivado/2020.1/data/ip/xpm/xpm_fifo/tcl/xpm_fifo_rst.tcl] for cell 'system_i/axi_vdma_0/U0/GEN_SPRT_FOR_S2MM.S2MM_LINEBUFFER_I/GEN_S2MM_FLUSH_SOF_LOGIC.GEN_LINEBUFFER_FLUSH_SOF.GEN_SYNC_FIFO_FLUSH_SOF.I_LINEBUFFER_FIFO/xpm_fifo_sync_inst'
Finished Sourcing Tcl File [D:/software/vivado/main/Vivado/2020.1/data/ip/xpm/xpm_fifo/tcl/xpm_fifo_rst.tcl] for cell 'system_i/axi_vdma_0/U0/GEN_SPRT_FOR_S2MM.S2MM_LINEBUFFER_I/GEN_S2MM_FLUSH_SOF_LOGIC.GEN_LINEBUFFER_FLUSH_SOF.GEN_SYNC_FIFO_FLUSH_SOF.I_LINEBUFFER_FIFO/xpm_fifo_sync_inst'
Sourcing Tcl File [D:/software/vivado/main/Vivado/2020.1/data/ip/xpm/xpm_fifo/tcl/xpm_fifo_rst.tcl] for cell 'system_i/axi_vdma_0/U0/I_PRMRY_DATAMOVER/GEN_MM2S_FULL.I_MM2S_FULL_WRAPPER/GEN_INCLUDE_MM2S_SF.I_RD_SF/I_DATA_FIFO/BLK_MEM.I_SYNC_FIFOGEN_FIFO/xpm_fifo_instance.xpm_fifo_sync_inst'
Finished Sourcing Tcl File [D:/software/vivado/main/Vivado/2020.1/data/ip/xpm/xpm_fifo/tcl/xpm_fifo_rst.tcl] for cell 'system_i/axi_vdma_0/U0/I_PRMRY_DATAMOVER/GEN_MM2S_FULL.I_MM2S_FULL_WRAPPER/GEN_INCLUDE_MM2S_SF.I_RD_SF/I_DATA_FIFO/BLK_MEM.I_SYNC_FIFOGEN_FIFO/xpm_fifo_instance.xpm_fifo_sync_inst'
Sourcing Tcl File [D:/software/vivado/main/Vivado/2020.1/data/ip/xpm/xpm_fifo/tcl/xpm_fifo_rst.tcl] for cell 'system_i/axi_vdma_0/U0/I_PRMRY_DATAMOVER/GEN_S2MM_FULL.I_S2MM_FULL_WRAPPER/GEN_ENABLE_INDET_BTT_SF.I_INDET_BTT/I_XD_FIFO/NON_BLK_MEM.I_SYNC_FIFOGEN_FIFO/xpm_fifo_instance.xpm_fifo_sync_inst'
Finished Sourcing Tcl File [D:/software/vivado/main/Vivado/2020.1/data/ip/xpm/xpm_fifo/tcl/xpm_fifo_rst.tcl] for cell 'system_i/axi_vdma_0/U0/I_PRMRY_DATAMOVER/GEN_S2MM_FULL.I_S2MM_FULL_WRAPPER/GEN_ENABLE_INDET_BTT_SF.I_INDET_BTT/I_XD_FIFO/NON_BLK_MEM.I_SYNC_FIFOGEN_FIFO/xpm_fifo_instance.xpm_fifo_sync_inst'
Sourcing Tcl File [D:/software/vivado/main/Vivado/2020.1/data/ip/xpm/xpm_fifo/tcl/xpm_fifo_rst.tcl] for cell 'system_i/axi_vdma_0/U0/I_PRMRY_DATAMOVER/GEN_S2MM_FULL.I_S2MM_FULL_WRAPPER/GEN_ENABLE_INDET_BTT_SF.I_INDET_BTT/I_DATA_FIFO/BLK_MEM.I_SYNC_FIFOGEN_FIFO/xpm_fifo_instance.xpm_fifo_sync_inst'
Finished Sourcing Tcl File [D:/software/vivado/main/Vivado/2020.1/data/ip/xpm/xpm_fifo/tcl/xpm_fifo_rst.tcl] for cell 'system_i/axi_vdma_0/U0/I_PRMRY_DATAMOVER/GEN_S2MM_FULL.I_S2MM_FULL_WRAPPER/GEN_ENABLE_INDET_BTT_SF.I_INDET_BTT/I_DATA_FIFO/BLK_MEM.I_SYNC_FIFOGEN_FIFO/xpm_fifo_instance.xpm_fifo_sync_inst'
INFO: [Opt 31-138] Pushed 0 inverter(s) to 0 load pin(s).
Netlist sorting complete. Time (s): cpu = 00:00:00 ; elapsed = 00:00:00.008 . Memory (MB): peak = 1654.008 ; gain = 0.000
INFO: [Project 1-111] Unisim Transformation Summary:
  A total of 48 instances were transformed.
  CFGLUT5 => CFGLUT5 (SRL16E, SRLC32E): 36 instances
  IOBUF => IOBUF (IBUF, OBUFT): 3 instances
  OBUFDS => OBUFDS: 4 instances
  RAM32M => RAM32M (RAMD32(x6), RAMS32(x2)): 4 instances
  RAM32X1D => RAM32X1D (RAMD32(x2)): 1 instance 

13 Infos, 20 Warnings, 0 Critical Warnings and 0 Errors encountered.
link_design completed successfully
link_design: Time (s): cpu = 00:00:23 ; elapsed = 00:00:28 . Memory (MB): peak = 1654.008 ; gain = 580.777
INFO: [Common 17-600] The following parameters have non-default value.
tcl.collectionResultDisplayLimit
Command: opt_design
Attempting to get a license for feature 'Implementation' and/or device 'xc7z020'
INFO: [Common 17-349] Got license for feature 'Implementation' and/or device 'xc7z020'
Running DRC as a precondition to command opt_design

Starting DRC Task
INFO: [DRC 23-27] Running DRC with 2 threads
WARNING: [DRC RPBF-3] IO port buffering is incomplete: Device port cam_sda expects both input and output buffering but the buffers are incomplete.
INFO: [Project 1-461] DRC finished with 0 Errors, 1 Warnings
INFO: [Project 1-462] Please refer to the DRC report (report_drc) for more information.

Time (s): cpu = 00:00:02 ; elapsed = 00:00:01 . Memory (MB): peak = 1654.008 ; gain = 0.000

Starting Cache Timing Information Task
INFO: [Timing 38-35] Done setting XDC timing constraints.
Ending Cache Timing Information Task | Checksum: 12de671d4

Time (s): cpu = 00:00:01 ; elapsed = 00:00:00.659 . Memory (MB): peak = 1654.008 ; gain = 0.000

Starting Logic Optimization Task

Phase 1 Generate And Synthesize Debug Cores
INFO: [Chipscope 16-329] Generating Script for core instance : dbg_hub 
INFO: [IP_Flow 19-3806] Processing IP xilinx.com:ip:xsdbm:3.0 for cell dbg_hub_CV.
Netlist sorting complete. Time (s): cpu = 00:00:00 ; elapsed = 00:00:00.041 . Memory (MB): peak = 1847.062 ; gain = 0.000
Phase 1 Generate And Synthesize Debug Cores | Checksum: a19522a5

Time (s): cpu = 00:00:02 ; elapsed = 00:01:13 . Memory (MB): peak = 1847.062 ; gain = 43.387

Phase 2 Retarget
INFO: [Opt 31-138] Pushed 6 inverter(s) to 46 load pin(s).
INFO: [Opt 31-49] Retargeted 0 cell(s).
Phase 2 Retarget | Checksum: 1d1771098

Time (s): cpu = 00:00:04 ; elapsed = 00:01:14 . Memory (MB): peak = 1847.062 ; gain = 43.387
INFO: [Opt 31-389] Phase Retarget created 58 cells and removed 333 cells
INFO: [Opt 31-1021] In phase Retarget, 96 netlist objects are constrained preventing optimization. Please run opt_design with -debug_log to get more detail. 

Phase 3 Constant propagation
INFO: [Opt 31-138] Pushed 0 inverter(s) to 0 load pin(s).
Phase 3 Constant propagation | Checksum: 1dff2d96a

Time (s): cpu = 00:00:04 ; elapsed = 00:01:15 . Memory (MB): peak = 1847.062 ; gain = 43.387
INFO: [Opt 31-389] Phase Constant propagation created 104 cells and removed 491 cells
INFO: [Opt 31-1021] In phase Constant propagation, 71 netlist objects are constrained preventing optimization. Please run opt_design with -debug_log to get more detail. 

Phase 4 Sweep
Phase 4 Sweep | Checksum: 19862e189

Time (s): cpu = 00:00:05 ; elapsed = 00:01:16 . Memory (MB): peak = 1847.062 ; gain = 43.387
INFO: [Opt 31-389] Phase Sweep created 0 cells and removed 1817 cells
INFO: [Opt 31-1021] In phase Sweep, 1029 netlist objects are constrained preventing optimization. Please run opt_design with -debug_log to get more detail. 

Phase 5 BUFG optimization
Phase 5 BUFG optimization | Checksum: 19862e189

Time (s): cpu = 00:00:06 ; elapsed = 00:01:16 . Memory (MB): peak = 1847.062 ; gain = 43.387
INFO: [Opt 31-662] Phase BUFG optimization created 0 cells of which 0 are BUFGs and removed 0 cells.

Phase 6 Shift Register Optimization
INFO: [Opt 31-1064] SRL Remap converted 0 SRLs to 0 registers and converted 0 registers of register chains to 0 SRLs
Phase 6 Shift Register Optimization | Checksum: 19862e189

Time (s): cpu = 00:00:06 ; elapsed = 00:01:17 . Memory (MB): peak = 1847.062 ; gain = 43.387
INFO: [Opt 31-389] Phase Shift Register Optimization created 0 cells and removed 0 cells

Phase 7 Post Processing Netlist
Phase 7 Post Processing Netlist | Checksum: 19862e189

Time (s): cpu = 00:00:06 ; elapsed = 00:01:17 . Memory (MB): peak = 1847.062 ; gain = 43.387
INFO: [Opt 31-389] Phase Post Processing Netlist created 0 cells and removed 0 cells
INFO: [Opt 31-1021] In phase Post Processing Netlist, 90 netlist objects are constrained preventing optimization. Please run opt_design with -debug_log to get more detail. 
Opt_design Change Summary
=========================


-------------------------------------------------------------------------------------------------------------------------
|  Phase                        |  #Cells created  |  #Cells Removed  |  #Constrained objects preventing optimizations  |
-------------------------------------------------------------------------------------------------------------------------
|  Retarget                     |              58  |             333  |                                             96  |
|  Constant propagation         |             104  |             491  |                                             71  |
|  Sweep                        |               0  |            1817  |                                           1029  |
|  BUFG optimization            |               0  |               0  |                                              0  |
|  Shift Register Optimization  |               0  |               0  |                                              0  |
|  Post Processing Netlist      |               0  |               0  |                                             90  |
-------------------------------------------------------------------------------------------------------------------------



Starting Connectivity Check Task

Time (s): cpu = 00:00:01 ; elapsed = 00:00:00.039 . Memory (MB): peak = 1847.062 ; gain = 0.000
Ending Logic Optimization Task | Checksum: 4ae0313e

Time (s): cpu = 00:00:07 ; elapsed = 00:01:17 . Memory (MB): peak = 1847.062 ; gain = 43.387

Starting Power Optimization Task
INFO: [Pwropt 34-132] Skipping clock gating for clocks with a period < 2.00 ns.
INFO: [Pwropt 34-9] Applying IDT optimizations ...
INFO: [Pwropt 34-10] Applying ODC optimizations ...
INFO: [Timing 38-35] Done setting XDC timing constraints.
Running Vector-less Activity Propagation...

Finished Running Vector-less Activity Propagation


Starting PowerOpt Patch Enables Task
INFO: [Pwropt 34-162] WRITE_MODE attribute of 0 BRAM(s) out of a total of 9 has been updated to save power. Run report_power_opt to get a complete listing of the BRAMs updated.
INFO: [Pwropt 34-201] Structural ODC has moved 2 WE to EN ports
Number of BRAM Ports augmented: 12 newly gated: 2 Total Ports: 18
Ending PowerOpt Patch Enables Task | Checksum: ac0a0a43

Time (s): cpu = 00:00:00 ; elapsed = 00:00:00.116 . Memory (MB): peak = 2048.098 ; gain = 0.000
Ending Power Optimization Task | Checksum: ac0a0a43

Time (s): cpu = 00:00:06 ; elapsed = 00:00:04 . Memory (MB): peak = 2048.098 ; gain = 201.035

Starting Final Cleanup Task
Ending Final Cleanup Task | Checksum: ac0a0a43

Time (s): cpu = 00:00:00 ; elapsed = 00:00:00 . Memory (MB): peak = 2048.098 ; gain = 0.000

Starting Netlist Obfuscation Task
Netlist sorting complete. Time (s): cpu = 00:00:00 ; elapsed = 00:00:00.061 . Memory (MB): peak = 2048.098 ; gain = 0.000
Ending Netlist Obfuscation Task | Checksum: 149adfe05

Time (s): cpu = 00:00:00 ; elapsed = 00:00:00.061 . Memory (MB): peak = 2048.098 ; gain = 0.000
INFO: [Common 17-83] Releasing license: Implementation
45 Infos, 21 Warnings, 0 Critical Warnings and 0 Errors encountered.
opt_design completed successfully
opt_design: Time (s): cpu = 00:00:18 ; elapsed = 00:01:26 . Memory (MB): peak = 2048.098 ; gain = 394.090
INFO: [Common 17-600] The following parameters have non-default value.
tcl.collectionResultDisplayLimit
INFO: [Timing 38-35] Done setting XDC timing constraints.
INFO: [Timing 38-480] Writing timing data to binary archive.
Writing placer database...
Writing XDEF routing.
Writing XDEF routing logical nets.
Writing XDEF routing special nets.
Write XDEF Complete: Time (s): cpu = 00:00:00 ; elapsed = 00:00:00.066 . Memory (MB): peak = 2048.098 ; gain = 0.000
INFO: [Common 17-1381] The checkpoint 'C:/Users/zbl/Desktop/ov5640/ov5640/mi/CH23_AXI_VDMA_OV5640/Miz_sys/Miz_sys.runs/impl_1/system_wrapper_opt.dcp' has been generated.
INFO: [runtcl-4] Executing : report_drc -file system_wrapper_drc_opted.rpt -pb system_wrapper_drc_opted.pb -rpx system_wrapper_drc_opted.rpx
Command: report_drc -file system_wrapper_drc_opted.rpt -pb system_wrapper_drc_opted.pb -rpx system_wrapper_drc_opted.rpx
INFO: [IP_Flow 19-234] Refreshing IP repositories
INFO: [IP_Flow 19-1700] Loaded user IP repository 'c:/Users/zbl/Desktop/ov5640/ov5640/mi/CH23_AXI_VDMA_OV5640/Miz_sys/user_src'.
INFO: [DRC 23-27] Running DRC with 2 threads
INFO: [Coretcl 2-168] The results of DRC are in file C:/Users/zbl/Desktop/ov5640/ov5640/mi/CH23_AXI_VDMA_OV5640/Miz_sys/Miz_sys.runs/impl_1/system_wrapper_drc_opted.rpt.
report_drc completed successfully
INFO: [Chipscope 16-240] Debug cores have already been implemented
Command: place_design
Attempting to get a license for feature 'Implementation' and/or device 'xc7z020'
INFO: [Common 17-349] Got license for feature 'Implementation' and/or device 'xc7z020'
INFO: [DRC 23-27] Running DRC with 2 threads
INFO: [Vivado_Tcl 4-198] DRC finished with 0 Errors
INFO: [Vivado_Tcl 4-199] Please refer to the DRC report (report_drc) for more information.
Running DRC as a precondition to command place_design
INFO: [DRC 23-27] Running DRC with 2 threads
WARNING: [DRC RPBF-3] IO port buffering is incomplete: Device port cam_sda expects both input and output buffering but the buffers are incomplete.
INFO: [Vivado_Tcl 4-198] DRC finished with 0 Errors, 1 Warnings
INFO: [Vivado_Tcl 4-199] Please refer to the DRC report (report_drc) for more information.

Starting Placer Task
INFO: [Place 30-611] Multithreading enabled for place_design using a maximum of 2 CPUs

Phase 1 Placer Initialization

Phase 1.1 Placer Initialization Netlist Sorting
Netlist sorting complete. Time (s): cpu = 00:00:00 ; elapsed = 00:00:00.009 . Memory (MB): peak = 2048.098 ; gain = 0.000
Phase 1.1 Placer Initialization Netlist Sorting | Checksum: 65892790

Time (s): cpu = 00:00:00 ; elapsed = 00:00:00.077 . Memory (MB): peak = 2048.098 ; gain = 0.000
Netlist sorting complete. Time (s): cpu = 00:00:00 ; elapsed = 00:00:00.008 . Memory (MB): peak = 2048.098 ; gain = 0.000

Phase 1.2 IO Placement/ Clock Placement/ Build Placer Device
WARNING: [Place 30-574] Poor placement for routing between an IO pin and BUFG. This is normally an ERROR but the CLOCK_DEDICATED_ROUTE constraint is set to FALSE allowing your design to continue. The use of this override is highly discouraged as it may lead to very poor timing results. It is recommended that this error condition be corrected in the design.

	cmos_pclk_i_IBUF_inst (IBUF.O) is locked to IOB_X1Y83
	cmos_pclk_i_IBUF_BUFG_inst (BUFG.I) is provisionally placed by clockplacer on BUFGCTRL_X0Y3
Resolution: Poor placement of an IO pin and a BUFG has resulted in the router using a non-dedicated path between the two.  There are several things that could trigger this DRC, each of which can cause unpredictable clock insertion delays that result in poor timing.  This DRC could be caused by any of the following: (a) a clock port was placed on a pin that is not a CCIO-pin (b)the BUFG has not been placed in the same half of the device or SLR as the CCIO-pin (c) a single ended clock has been placed on the N-Side of a differential pair CCIO-pin.
Phase 1.2 IO Placement/ Clock Placement/ Build Placer Device | Checksum: 108902bd3

Time (s): cpu = 00:00:03 ; elapsed = 00:00:02 . Memory (MB): peak = 2048.098 ; gain = 0.000

Phase 1.3 Build Placer Netlist Model
Phase 1.3 Build Placer Netlist Model | Checksum: 1718332d2

Time (s): cpu = 00:00:07 ; elapsed = 00:00:05 . Memory (MB): peak = 2048.098 ; gain = 0.000

Phase 1.4 Constrain Clocks/Macros
Phase 1.4 Constrain Clocks/Macros | Checksum: 1718332d2

Time (s): cpu = 00:00:07 ; elapsed = 00:00:05 . Memory (MB): peak = 2048.098 ; gain = 0.000
Phase 1 Placer Initialization | Checksum: 1718332d2

Time (s): cpu = 00:00:07 ; elapsed = 00:00:05 . Memory (MB): peak = 2048.098 ; gain = 0.000

Phase 2 Global Placement

Phase 2.1 Floorplanning
Phase 2.1 Floorplanning | Checksum: 1e92d5eaf

Time (s): cpu = 00:00:08 ; elapsed = 00:00:06 . Memory (MB): peak = 2048.098 ; gain = 0.000

Phase 2.2 Global Placement Core

Phase 2.2.1 Physical Synthesis In Placer
INFO: [Physopt 32-1035] Found 0 LUTNM shape to break, 506 LUT instances to create LUTNM shape
INFO: [Physopt 32-1044] Break lutnm for timing: one critical 0, two critical 0, total 0, new lutff created 0
INFO: [Physopt 32-775] End 1 Pass. Optimized 215 nets or cells. Created 0 new cell, deleted 215 existing cells and moved 0 existing cell
INFO: [Physopt 32-65] No nets found for high-fanout optimization.
INFO: [Physopt 32-232] Optimized 0 net. Created 0 new instance.
INFO: [Physopt 32-775] End 1 Pass. Optimized 0 net or cell. Created 0 new cell, deleted 0 existing cell and moved 0 existing cell
INFO: [Physopt 32-670] No setup violation found.  DSP Register Optimization was not performed.
INFO: [Physopt 32-670] No setup violation found.  Shift Register to Pipeline Optimization was not performed.
INFO: [Physopt 32-670] No setup violation found.  Shift Register Optimization was not performed.
INFO: [Physopt 32-670] No setup violation found.  BRAM Register Optimization was not performed.
INFO: [Physopt 32-670] No setup violation found.  URAM Register Optimization was not performed.
INFO: [Physopt 32-949] No candidate nets found for HD net replication
INFO: [Physopt 32-775] End 1 Pass. Optimized 0 net or cell. Created 0 new cell, deleted 0 existing cell and moved 0 existing cell
Netlist sorting complete. Time (s): cpu = 00:00:00 ; elapsed = 00:00:00.008 . Memory (MB): peak = 2048.098 ; gain = 0.000

Summary of Physical Synthesis Optimizations
============================================


-----------------------------------------------------------------------------------------------------------------------------------------------------------
|  Optimization                                     |  Added Cells  |  Removed Cells  |  Optimized Cells/Nets  |  Dont Touch  |  Iterations  |  Elapsed   |
-----------------------------------------------------------------------------------------------------------------------------------------------------------
|  LUT Combining                                    |            0  |            215  |                   215  |           0  |           1  |  00:00:00  |
|  Very High Fanout                                 |            0  |              0  |                     0  |           0  |           1  |  00:00:00  |
|  DSP Register                                     |            0  |              0  |                     0  |           0  |           0  |  00:00:00  |
|  Shift Register to Pipeline                       |            0  |              0  |                     0  |           0  |           0  |  00:00:00  |
|  Shift Register                                   |            0  |              0  |                     0  |           0  |           0  |  00:00:00  |
|  BRAM Register                                    |            0  |              0  |                     0  |           0  |           0  |  00:00:00  |
|  URAM Register                                    |            0  |              0  |                     0  |           0  |           0  |  00:00:00  |
|  Dynamic/Static Region Interface Net Replication  |            0  |              0  |                     0  |           0  |           1  |  00:00:00  |
|  Total                                            |            0  |            215  |                   215  |           0  |           3  |  00:00:00  |
-----------------------------------------------------------------------------------------------------------------------------------------------------------


Phase 2.2.1 Physical Synthesis In Placer | Checksum: 1add97020

Time (s): cpu = 00:00:22 ; elapsed = 00:00:14 . Memory (MB): peak = 2048.098 ; gain = 0.000
Phase 2.2 Global Placement Core | Checksum: 1f50760fe

Time (s): cpu = 00:00:23 ; elapsed = 00:00:14 . Memory (MB): peak = 2048.098 ; gain = 0.000
Phase 2 Global Placement | Checksum: 1f50760fe

Time (s): cpu = 00:00:23 ; elapsed = 00:00:14 . Memory (MB): peak = 2048.098 ; gain = 0.000

Phase 3 Detail Placement

Phase 3.1 Commit Multi Column Macros
Phase 3.1 Commit Multi Column Macros | Checksum: 1cfd34008

Time (s): cpu = 00:00:24 ; elapsed = 00:00:15 . Memory (MB): peak = 2048.098 ; gain = 0.000

Phase 3.2 Commit Most Macros & LUTRAMs
Phase 3.2 Commit Most Macros & LUTRAMs | Checksum: 1dedb4794

Time (s): cpu = 00:00:25 ; elapsed = 00:00:16 . Memory (MB): peak = 2048.098 ; gain = 0.000

Phase 3.3 Area Swap Optimization
Phase 3.3 Area Swap Optimization | Checksum: 19f8c78a3

Time (s): cpu = 00:00:26 ; elapsed = 00:00:16 . Memory (MB): peak = 2048.098 ; gain = 0.000

Phase 3.4 Pipeline Register Optimization
Phase 3.4 Pipeline Register Optimization | Checksum: 1e62b8111

Time (s): cpu = 00:00:26 ; elapsed = 00:00:16 . Memory (MB): peak = 2048.098 ; gain = 0.000

Phase 3.5 Fast Optimization
Phase 3.5 Fast Optimization | Checksum: 1a22191cd

Time (s): cpu = 00:00:27 ; elapsed = 00:00:17 . Memory (MB): peak = 2048.098 ; gain = 0.000

Phase 3.6 Small Shape Detail Placement
Phase 3.6 Small Shape Detail Placement | Checksum: 1981a1d9b

Time (s): cpu = 00:00:31 ; elapsed = 00:00:21 . Memory (MB): peak = 2048.098 ; gain = 0.000

Phase 3.7 Re-assign LUT pins
Phase 3.7 Re-assign LUT pins | Checksum: 20f10474f

Time (s): cpu = 00:00:32 ; elapsed = 00:00:22 . Memory (MB): peak = 2048.098 ; gain = 0.000

Phase 3.8 Pipeline Register Optimization
Phase 3.8 Pipeline Register Optimization | Checksum: 275647ea1

Time (s): cpu = 00:00:32 ; elapsed = 00:00:22 . Memory (MB): peak = 2048.098 ; gain = 0.000
Phase 3 Detail Placement | Checksum: 275647ea1

Time (s): cpu = 00:00:32 ; elapsed = 00:00:22 . Memory (MB): peak = 2048.098 ; gain = 0.000

Phase 4 Post Placement Optimization and Clean-Up

Phase 4.1 Post Commit Optimization
INFO: [Timing 38-35] Done setting XDC timing constraints.

Phase 4.1.1 Post Placement Optimization
Post Placement Optimization Initialization | Checksum: 11348c3f3

Phase 4.1.1.1 BUFG Insertion

Starting Physical Synthesis Task

Phase 1 Physical Synthesis Initialization
INFO: [Physopt 32-721] Multithreading enabled for phys_opt_design using a maximum of 2 CPUs
INFO: [Physopt 32-619] Estimated Timing Summary | WNS=-0.200 | TNS=-0.200 |
Phase 1 Physical Synthesis Initialization | Checksum: 10bc4c97f

Time (s): cpu = 00:00:01 ; elapsed = 00:00:00.587 . Memory (MB): peak = 2048.098 ; gain = 0.000
INFO: [Place 46-56] BUFG insertion identified 0 candidate nets. Inserted BUFG: 0, Replicated BUFG Driver: 0, Skipped due to Placement/Routing Conflicts: 0, Skipped due to Timing Degradation: 0, Skipped due to Illegal Netlist: 0.
Ending Physical Synthesis Task | Checksum: 1d6dc65fc

Time (s): cpu = 00:00:01 ; elapsed = 00:00:00.628 . Memory (MB): peak = 2048.098 ; gain = 0.000
Phase 4.1.1.1 BUFG Insertion | Checksum: 11348c3f3

Time (s): cpu = 00:00:37 ; elapsed = 00:00:25 . Memory (MB): peak = 2048.098 ; gain = 0.000
INFO: [Place 30-746] Post Placement Timing Summary WNS=0.536. For the most accurate timing information please run report_timing.
Phase 4.1.1 Post Placement Optimization | Checksum: 14cea1617

Time (s): cpu = 00:00:38 ; elapsed = 00:00:26 . Memory (MB): peak = 2048.098 ; gain = 0.000
Phase 4.1 Post Commit Optimization | Checksum: 14cea1617

Time (s): cpu = 00:00:38 ; elapsed = 00:00:26 . Memory (MB): peak = 2048.098 ; gain = 0.000

Phase 4.2 Post Placement Cleanup
Phase 4.2 Post Placement Cleanup | Checksum: 14cea1617

Time (s): cpu = 00:00:39 ; elapsed = 00:00:26 . Memory (MB): peak = 2048.098 ; gain = 0.000

Phase 4.3 Placer Reporting
Phase 4.3 Placer Reporting | Checksum: 14cea1617

Time (s): cpu = 00:00:39 ; elapsed = 00:00:27 . Memory (MB): peak = 2048.098 ; gain = 0.000

Phase 4.4 Final Placement Cleanup
Netlist sorting complete. Time (s): cpu = 00:00:00 ; elapsed = 00:00:00.007 . Memory (MB): peak = 2048.098 ; gain = 0.000
Phase 4.4 Final Placement Cleanup | Checksum: 18cc104b0

Time (s): cpu = 00:00:39 ; elapsed = 00:00:27 . Memory (MB): peak = 2048.098 ; gain = 0.000
Phase 4 Post Placement Optimization and Clean-Up | Checksum: 18cc104b0

Time (s): cpu = 00:00:39 ; elapsed = 00:00:27 . Memory (MB): peak = 2048.098 ; gain = 0.000
Ending Placer Task | Checksum: a7d35c61

Time (s): cpu = 00:00:39 ; elapsed = 00:00:27 . Memory (MB): peak = 2048.098 ; gain = 0.000
INFO: [Common 17-83] Releasing license: Implementation
82 Infos, 23 Warnings, 0 Critical Warnings and 0 Errors encountered.
place_design completed successfully
place_design: Time (s): cpu = 00:00:42 ; elapsed = 00:00:28 . Memory (MB): peak = 2048.098 ; gain = 0.000
INFO: [Timing 38-480] Writing timing data to binary archive.
Writing placer database...
Writing XDEF routing.
Writing XDEF routing logical nets.
Writing XDEF routing special nets.
Write XDEF Complete: Time (s): cpu = 00:00:04 ; elapsed = 00:00:01 . Memory (MB): peak = 2048.098 ; gain = 0.000
INFO: [Common 17-1381] The checkpoint 'C:/Users/zbl/Desktop/ov5640/ov5640/mi/CH23_AXI_VDMA_OV5640/Miz_sys/Miz_sys.runs/impl_1/system_wrapper_placed.dcp' has been generated.
INFO: [runtcl-4] Executing : report_io -file system_wrapper_io_placed.rpt
report_io: Time (s): cpu = 00:00:00 ; elapsed = 00:00:00.077 . Memory (MB): peak = 2048.098 ; gain = 0.000
INFO: [runtcl-4] Executing : report_utilization -file system_wrapper_utilization_placed.rpt -pb system_wrapper_utilization_placed.pb
INFO: [runtcl-4] Executing : report_control_sets -verbose -file system_wrapper_control_sets_placed.rpt
report_control_sets: Time (s): cpu = 00:00:00 ; elapsed = 00:00:00.053 . Memory (MB): peak = 2048.098 ; gain = 0.000
Command: route_design
Attempting to get a license for feature 'Implementation' and/or device 'xc7z020'
INFO: [Common 17-349] Got license for feature 'Implementation' and/or device 'xc7z020'
Running DRC as a precondition to command route_design
INFO: [DRC 23-27] Running DRC with 2 threads
WARNING: [DRC PLCK-12] Clock Placer Checks: Poor placement for routing between an IO pin and BUFG. 
Resolution: Poor placement of an IO pin and a BUFG has resulted in the router using a non-dedicated path between the two.  There are several things that could trigger this DRC, each of which can cause unpredictable clock insertion delays that result in poor timing.  This DRC could be caused by any of the following: (a) a clock port was placed on a pin that is not a CCIO-pin (b)the BUFG has not been placed in the same half of the device or SLR as the CCIO-pin (c) a single ended clock has been placed on the N-Side of a differential pair CCIO-pin.
 This is normally an ERROR but the CLOCK_DEDICATED_ROUTE constraint is set to FALSE allowing your design to continue. The use of this override is highly discouraged as it may lead to very poor timing results. It is recommended that this error condition be corrected in the design.

	cmos_pclk_i_IBUF_inst (IBUF.O) is locked to IOB_X1Y83
	cmos_pclk_i_IBUF_BUFG_inst (BUFG.I) is provisionally placed by clockplacer on BUFGCTRL_X0Y3
INFO: [Vivado_Tcl 4-198] DRC finished with 0 Errors, 1 Warnings
INFO: [Vivado_Tcl 4-199] Please refer to the DRC report (report_drc) for more information.


Starting Routing Task
INFO: [Route 35-254] Multithreading enabled for route_design using a maximum of 2 CPUs
Checksum: PlaceDB: 60edaf2a ConstDB: 0 ShapeSum: 46e5ad37 RouteDB: 0

Phase 1 Build RT Design
Phase 1 Build RT Design | Checksum: 8ce1f839

Time (s): cpu = 00:00:40 ; elapsed = 00:00:24 . Memory (MB): peak = 2088.516 ; gain = 40.418
Post Restoration Checksum: NetGraph: 2c4603b7 NumContArr: 609bf482 Constraints: 0 Timing: 0

Phase 2 Router Initialization

Phase 2.1 Create Timer
Phase 2.1 Create Timer | Checksum: 8ce1f839

Time (s): cpu = 00:00:40 ; elapsed = 00:00:24 . Memory (MB): peak = 2120.828 ; gain = 72.730

Phase 2.2 Fix Topology Constraints
Phase 2.2 Fix Topology Constraints | Checksum: 8ce1f839

Time (s): cpu = 00:00:40 ; elapsed = 00:00:24 . Memory (MB): peak = 2128.750 ; gain = 80.652

Phase 2.3 Pre Route Cleanup
Phase 2.3 Pre Route Cleanup | Checksum: 8ce1f839

Time (s): cpu = 00:00:40 ; elapsed = 00:00:25 . Memory (MB): peak = 2128.750 ; gain = 80.652
 Number of Nodes with overlaps = 0

Phase 2.4 Update Timing
Phase 2.4 Update Timing | Checksum: 19c4ac427

Time (s): cpu = 00:00:47 ; elapsed = 00:00:29 . Memory (MB): peak = 2152.191 ; gain = 104.094
INFO: [Route 35-416] Intermediate Timing Summary | WNS=0.582  | TNS=0.000  | WHS=-0.463 | THS=-235.589|


Phase 2.5 Update Timing for Bus Skew

Phase 2.5.1 Update Timing
Phase 2.5.1 Update Timing | Checksum: 178374757

Time (s): cpu = 00:00:51 ; elapsed = 00:00:32 . Memory (MB): peak = 2160.938 ; gain = 112.840
INFO: [Route 35-416] Intermediate Timing Summary | WNS=0.582  | TNS=0.000  | WHS=N/A    | THS=N/A    |

Phase 2.5 Update Timing for Bus Skew | Checksum: 2218fa82a

Time (s): cpu = 00:00:51 ; elapsed = 00:00:32 . Memory (MB): peak = 2174.113 ; gain = 126.016
Phase 2 Router Initialization | Checksum: 1eec2cbd2

Time (s): cpu = 00:00:51 ; elapsed = 00:00:32 . Memory (MB): peak = 2174.113 ; gain = 126.016

Router Utilization Summary
  Global Vertical Routing Utilization    = 0.00284768 %
  Global Horizontal Routing Utilization  = 0.00498648 %
  Routable Net Status*
  *Does not include unroutable nets such as driverless and loadless.
  Run report_route_status for detailed report.
  Number of Failed Nets               = 11426
    (Failed Nets is the sum of unrouted and partially routed nets)
  Number of Unrouted Nets             = 11426
  Number of Partially Routed Nets     = 0
  Number of Node Overlaps             = 0


Phase 3 Initial Routing
Phase 3 Initial Routing | Checksum: 15cc9d6ad

Time (s): cpu = 00:00:53 ; elapsed = 00:00:33 . Memory (MB): peak = 2174.113 ; gain = 126.016

Phase 4 Rip-up And Reroute

Phase 4.1 Global Iteration 0
 Number of Nodes with overlaps = 1122
 Number of Nodes with overlaps = 181
 Number of Nodes with overlaps = 44
 Number of Nodes with overlaps = 15
 Number of Nodes with overlaps = 3
 Number of Nodes with overlaps = 3
 Number of Nodes with overlaps = 0
INFO: [Route 35-416] Intermediate Timing Summary | WNS=0.401  | TNS=0.000  | WHS=N/A    | THS=N/A    |

Phase 4.1 Global Iteration 0 | Checksum: 27e4d4f2f

Time (s): cpu = 00:01:02 ; elapsed = 00:00:39 . Memory (MB): peak = 2174.113 ; gain = 126.016

Phase 4.2 Global Iteration 1
 Number of Nodes with overlaps = 4
 Number of Nodes with overlaps = 29
 Number of Nodes with overlaps = 8
 Number of Nodes with overlaps = 4
 Number of Nodes with overlaps = 4
 Number of Nodes with overlaps = 0
INFO: [Route 35-416] Intermediate Timing Summary | WNS=0.410  | TNS=0.000  | WHS=N/A    | THS=N/A    |

Phase 4.2 Global Iteration 1 | Checksum: 1ac2b2d81

Time (s): cpu = 00:01:05 ; elapsed = 00:00:42 . Memory (MB): peak = 2174.113 ; gain = 126.016
Phase 4 Rip-up And Reroute | Checksum: 1ac2b2d81

Time (s): cpu = 00:01:05 ; elapsed = 00:00:42 . Memory (MB): peak = 2174.113 ; gain = 126.016

Phase 5 Delay and Skew Optimization

Phase 5.1 Delay CleanUp

Phase 5.1.1 Update Timing
Phase 5.1.1 Update Timing | Checksum: 150d77ecb

Time (s): cpu = 00:01:06 ; elapsed = 00:00:42 . Memory (MB): peak = 2174.113 ; gain = 126.016
INFO: [Route 35-416] Intermediate Timing Summary | WNS=0.525  | TNS=0.000  | WHS=N/A    | THS=N/A    |

Phase 5.1 Delay CleanUp | Checksum: 103aa18d0

Time (s): cpu = 00:01:06 ; elapsed = 00:00:42 . Memory (MB): peak = 2174.113 ; gain = 126.016

Phase 5.2 Clock Skew Optimization
Phase 5.2 Clock Skew Optimization | Checksum: 103aa18d0

Time (s): cpu = 00:01:06 ; elapsed = 00:00:42 . Memory (MB): peak = 2174.113 ; gain = 126.016
Phase 5 Delay and Skew Optimization | Checksum: 103aa18d0

Time (s): cpu = 00:01:06 ; elapsed = 00:00:42 . Memory (MB): peak = 2174.113 ; gain = 126.016

Phase 6 Post Hold Fix

Phase 6.1 Hold Fix Iter

Phase 6.1.1 Update Timing
Phase 6.1.1 Update Timing | Checksum: 1f5115fe3

Time (s): cpu = 00:01:07 ; elapsed = 00:00:43 . Memory (MB): peak = 2174.113 ; gain = 126.016
INFO: [Route 35-416] Intermediate Timing Summary | WNS=0.525  | TNS=0.000  | WHS=0.027  | THS=0.000  |

Phase 6.1 Hold Fix Iter | Checksum: 11dfdb9e1

Time (s): cpu = 00:01:07 ; elapsed = 00:00:43 . Memory (MB): peak = 2174.113 ; gain = 126.016
Phase 6 Post Hold Fix | Checksum: 11dfdb9e1

Time (s): cpu = 00:01:07 ; elapsed = 00:00:43 . Memory (MB): peak = 2174.113 ; gain = 126.016

Phase 7 Route finalize

Router Utilization Summary
  Global Vertical Routing Utilization    = 1.76608 %
  Global Horizontal Routing Utilization  = 2.19768 %
  Routable Net Status*
  *Does not include unroutable nets such as driverless and loadless.
  Run report_route_status for detailed report.
  Number of Failed Nets               = 0
    (Failed Nets is the sum of unrouted and partially routed nets)
  Number of Unrouted Nets             = 0
  Number of Partially Routed Nets     = 0
  Number of Node Overlaps             = 0

Phase 7 Route finalize | Checksum: 181c18b4e

Time (s): cpu = 00:01:07 ; elapsed = 00:00:43 . Memory (MB): peak = 2174.113 ; gain = 126.016

Phase 8 Verifying routed nets

 Verification completed successfully
Phase 8 Verifying routed nets | Checksum: 181c18b4e

Time (s): cpu = 00:01:07 ; elapsed = 00:00:43 . Memory (MB): peak = 2174.113 ; gain = 126.016

Phase 9 Depositing Routes
Phase 9 Depositing Routes | Checksum: 20b327d9a

Time (s): cpu = 00:01:08 ; elapsed = 00:00:44 . Memory (MB): peak = 2174.113 ; gain = 126.016

Phase 10 Post Router Timing
INFO: [Route 35-57] Estimated Timing Summary | WNS=0.525  | TNS=0.000  | WHS=0.027  | THS=0.000  |

INFO: [Route 35-327] The final timing numbers are based on the router estimated timing analysis. For a complete and accurate timing signoff, please run report_timing_summary.
Phase 10 Post Router Timing | Checksum: 20b327d9a

Time (s): cpu = 00:01:08 ; elapsed = 00:00:45 . Memory (MB): peak = 2174.113 ; gain = 126.016
INFO: [Route 35-16] Router Completed Successfully

Time (s): cpu = 00:01:08 ; elapsed = 00:00:45 . Memory (MB): peak = 2174.113 ; gain = 126.016

Routing Is Done.
INFO: [Common 17-83] Releasing license: Implementation
102 Infos, 24 Warnings, 0 Critical Warnings and 0 Errors encountered.
route_design completed successfully
route_design: Time (s): cpu = 00:01:12 ; elapsed = 00:00:47 . Memory (MB): peak = 2174.113 ; gain = 126.016
INFO: [Timing 38-480] Writing timing data to binary archive.
Writing placer database...
Writing XDEF routing.
Writing XDEF routing logical nets.
Writing XDEF routing special nets.
Write XDEF Complete: Time (s): cpu = 00:00:05 ; elapsed = 00:00:02 . Memory (MB): peak = 2181.000 ; gain = 6.887
INFO: [Common 17-1381] The checkpoint 'C:/Users/zbl/Desktop/ov5640/ov5640/mi/CH23_AXI_VDMA_OV5640/Miz_sys/Miz_sys.runs/impl_1/system_wrapper_routed.dcp' has been generated.
INFO: [runtcl-4] Executing : report_drc -file system_wrapper_drc_routed.rpt -pb system_wrapper_drc_routed.pb -rpx system_wrapper_drc_routed.rpx
Command: report_drc -file system_wrapper_drc_routed.rpt -pb system_wrapper_drc_routed.pb -rpx system_wrapper_drc_routed.rpx
INFO: [IP_Flow 19-1839] IP Catalog is up to date.
INFO: [DRC 23-27] Running DRC with 2 threads
INFO: [Coretcl 2-168] The results of DRC are in file C:/Users/zbl/Desktop/ov5640/ov5640/mi/CH23_AXI_VDMA_OV5640/Miz_sys/Miz_sys.runs/impl_1/system_wrapper_drc_routed.rpt.
report_drc completed successfully
INFO: [runtcl-4] Executing : report_methodology -file system_wrapper_methodology_drc_routed.rpt -pb system_wrapper_methodology_drc_routed.pb -rpx system_wrapper_methodology_drc_routed.rpx
Command: report_methodology -file system_wrapper_methodology_drc_routed.rpt -pb system_wrapper_methodology_drc_routed.pb -rpx system_wrapper_methodology_drc_routed.rpx
INFO: [Timing 38-35] Done setting XDC timing constraints.
INFO: [DRC 23-133] Running Methodology with 2 threads
INFO: [Coretcl 2-1520] The results of Report Methodology are in file C:/Users/zbl/Desktop/ov5640/ov5640/mi/CH23_AXI_VDMA_OV5640/Miz_sys/Miz_sys.runs/impl_1/system_wrapper_methodology_drc_routed.rpt.
report_methodology completed successfully
report_methodology: Time (s): cpu = 00:00:10 ; elapsed = 00:00:06 . Memory (MB): peak = 2229.852 ; gain = 45.156
INFO: [runtcl-4] Executing : report_power -file system_wrapper_power_routed.rpt -pb system_wrapper_power_summary_routed.pb -rpx system_wrapper_power_routed.rpx
Command: report_power -file system_wrapper_power_routed.rpt -pb system_wrapper_power_summary_routed.pb -rpx system_wrapper_power_routed.rpx
INFO: [Timing 38-35] Done setting XDC timing constraints.
Running Vector-less Activity Propagation...

Finished Running Vector-less Activity Propagation
WARNING: [Power 33-332] Found switching activity that implies high-fanout reset nets being asserted for excessive periods of time which may result in inaccurate power analysis.
Resolution: To review and fix problems, please run Power Constraints Advisor in the GUI from Tools > Power Constraints Advisor or run report_power with the -advisory option to generate a text report.
114 Infos, 25 Warnings, 0 Critical Warnings and 0 Errors encountered.
report_power completed successfully
report_power: Time (s): cpu = 00:00:08 ; elapsed = 00:00:05 . Memory (MB): peak = 2231.043 ; gain = 1.191
INFO: [runtcl-4] Executing : report_route_status -file system_wrapper_route_status.rpt -pb system_wrapper_route_status.pb
INFO: [runtcl-4] Executing : report_timing_summary -max_paths 10 -file system_wrapper_timing_summary_routed.rpt -pb system_wrapper_timing_summary_routed.pb -rpx system_wrapper_timing_summary_routed.rpx -warn_on_violation 
INFO: [Timing 38-91] UpdateTimingParams: Speed grade: -1, Delay Type: min_max.
INFO: [Timing 38-191] Multithreading enabled for timing update using a maximum of 2 CPUs
WARNING: [Timing 38-436] There are set_bus_skew constraint(s) in this design. Please run report_bus_skew to ensure that bus skew requirements are met.
INFO: [runtcl-4] Executing : report_incremental_reuse -file system_wrapper_incremental_reuse_routed.rpt
INFO: [Vivado_Tcl 4-1062] Incremental flow is disabled. No incremental reuse Info to report.
INFO: [runtcl-4] Executing : report_clock_utilization -file system_wrapper_clock_utilization_routed.rpt
INFO: [runtcl-4] Executing : report_bus_skew -warn_on_violation -file system_wrapper_bus_skew_routed.rpt -pb system_wrapper_bus_skew_routed.pb -rpx system_wrapper_bus_skew_routed.rpx
INFO: [Timing 38-91] UpdateTimingParams: Speed grade: -1, Delay Type: min_max.
INFO: [Timing 38-191] Multithreading enabled for timing update using a maximum of 2 CPUs
INFO: [Memdata 28-208] The XPM instance: <system_i/v_vid_in_axi4s_0/inst/COUPLER_INST/generate_async_fifo.FIFO_INST/XPM_FIFO_ASYNC_INST/gnuram_async_fifo.xpm_fifo_base_inst/gen_sdpram.xpm_memory_base_inst> is part of IP: <system_i/v_vid_in_axi4s_0>. This XPM instance will be excluded from the .mmi because updatemem is prohibited from making changes to an XPM that is part of an IP.
INFO: [Memdata 28-208] The XPM instance: <system_i/v_axi4s_vid_out_0/inst/COUPLER_INST/generate_async_fifo.FIFO_INST/XPM_FIFO_ASYNC_INST/gnuram_async_fifo.xpm_fifo_base_inst/gen_sdpram.xpm_memory_base_inst> is part of IP: <system_i/v_axi4s_vid_out_0>. This XPM instance will be excluded from the .mmi because updatemem is prohibited from making changes to an XPM that is part of an IP.
INFO: [Memdata 28-167] Found XPM memory block system_i/axi_vdma_0/U0/I_PRMRY_DATAMOVER/GEN_S2MM_FULL.I_S2MM_FULL_WRAPPER/GEN_ENABLE_INDET_BTT_SF.I_INDET_BTT/I_XD_FIFO/NON_BLK_MEM.I_SYNC_FIFOGEN_FIFO/xpm_fifo_instance.xpm_fifo_sync_inst/xpm_fifo_base_inst/gen_sdpram.xpm_memory_base_inst with a P_MEMORY_PRIMITIVE property set to auto. A value of block is required. You will not be able to use the updatemem program to update the bitstream with new data for the system_i/axi_vdma_0/U0/I_PRMRY_DATAMOVER/GEN_S2MM_FULL.I_S2MM_FULL_WRAPPER/GEN_ENABLE_INDET_BTT_SF.I_INDET_BTT/I_XD_FIFO/NON_BLK_MEM.I_SYNC_FIFOGEN_FIFO/xpm_fifo_instance.xpm_fifo_sync_inst/xpm_fifo_base_inst/gen_sdpram.xpm_memory_base_inst block.
INFO: [Memdata 28-208] The XPM instance: <system_i/axi_vdma_0/U0/I_PRMRY_DATAMOVER/GEN_S2MM_FULL.I_S2MM_FULL_WRAPPER/GEN_ENABLE_INDET_BTT_SF.I_INDET_BTT/I_DATA_FIFO/BLK_MEM.I_SYNC_FIFOGEN_FIFO/xpm_fifo_instance.xpm_fifo_sync_inst/xpm_fifo_base_inst/gen_sdpram.xpm_memory_base_inst> is part of IP: <system_i/axi_vdma_0>. This XPM instance will be excluded from the .mmi because updatemem is prohibited from making changes to an XPM that is part of an IP.
INFO: [Memdata 28-208] The XPM instance: <system_i/axi_vdma_0/U0/I_PRMRY_DATAMOVER/GEN_MM2S_FULL.I_MM2S_FULL_WRAPPER/GEN_INCLUDE_MM2S_SF.I_RD_SF/I_DATA_FIFO/BLK_MEM.I_SYNC_FIFOGEN_FIFO/xpm_fifo_instance.xpm_fifo_sync_inst/xpm_fifo_base_inst/gen_sdpram.xpm_memory_base_inst> is part of IP: <system_i/axi_vdma_0>. This XPM instance will be excluded from the .mmi because updatemem is prohibited from making changes to an XPM that is part of an IP.
INFO: [Memdata 28-208] The XPM instance: <system_i/axi_vdma_0/U0/GEN_SPRT_FOR_S2MM.S2MM_LINEBUFFER_I/GEN_S2MM_FLUSH_SOF_LOGIC.GEN_LINEBUFFER_FLUSH_SOF.GEN_SYNC_FIFO_FLUSH_SOF.I_LINEBUFFER_FIFO/xpm_fifo_sync_inst/xpm_fifo_base_inst/gen_sdpram.xpm_memory_base_inst> is part of IP: <system_i/axi_vdma_0>. This XPM instance will be excluded from the .mmi because updatemem is prohibited from making changes to an XPM that is part of an IP.
INFO: [Memdata 28-208] The XPM instance: <system_i/axi_vdma_0/U0/GEN_SPRT_FOR_MM2S.MM2S_LINEBUFFER_I/GEN_LINEBUF_NO_SOF.GEN_LINEBUFFER.GEN_SYNC_FIFO.I_LINEBUFFER_FIFO/xpm_fifo_sync_inst/xpm_fifo_base_inst/gen_sdpram.xpm_memory_base_inst> is part of IP: <system_i/axi_vdma_0>. This XPM instance will be excluded from the .mmi because updatemem is prohibited from making changes to an XPM that is part of an IP.
Command: write_bitstream -force system_wrapper.bit
Attempting to get a license for feature 'Implementation' and/or device 'xc7z020'
INFO: [Common 17-349] Got license for feature 'Implementation' and/or device 'xc7z020'
Running DRC as a precondition to command write_bitstream
INFO: [IP_Flow 19-1839] IP Catalog is up to date.
INFO: [DRC 23-27] Running DRC with 2 threads
WARNING: [DRC RTSTAT-10] No routable loads: 58 net(s) have no routable loads. The problem bus(es) and/or net(s) are system_i/axi_mem_intercon/m00_couplers/auto_pc/inst/gen_axi4_axi3.axi3_conv_inst/USE_WRITE.write_addr_inst/USE_BURSTS.cmd_queue/inst/fifo_gen_inst/inst_fifo_gen/gconvfifo.rf/grf.rf/gntv_or_sync_fifo.gl0.rd/gr1.gr1_int.rfwft/aempty_fwft_i, dbg_hub/inst/BSCANID.u_xsdbm_id/CORE_XSDB.UUT_MASTER/U_ICON_INTERFACE/U_CMD6_RD/U_RD_FIFO/SUBCORE_FIFO.xsdbm_v3_0_0_rdfifo_inst/inst_fifo_gen/gconvfifo.rf/grf.rf/gntv_or_sync_fifo.gl0.rd/gr1.gr1_int.rfwft/aempty_fwft_i, system_i/axi_mem_intercon/m00_couplers/auto_pc/inst/gen_axi4_axi3.axi3_conv_inst/USE_READ.USE_SPLIT_R.read_addr_inst/USE_R_CHANNEL.cmd_queue/inst/fifo_gen_inst/inst_fifo_gen/gconvfifo.rf/grf.rf/gntv_or_sync_fifo.gl0.rd/gr1.gr1_int.rfwft/aempty_fwft_i, system_i/axi_mem_intercon/m00_couplers/auto_pc/inst/gen_axi4_axi3.axi3_conv_inst/USE_WRITE.write_addr_inst/USE_B_CHANNEL.cmd_b_queue/inst/fifo_gen_inst/inst_fifo_gen/gconvfifo.rf/grf.rf/gntv_or_sync_fifo.gl0.rd/gr1.gr1_int.rfwft/aempty_fwft_i, dbg_hub/inst/BSCANID.u_xsdbm_id/CORE_XSDB.UUT_MASTER/U_ICON_INTERFACE/U_CMD7_CTL/ctl_reg[2:0], dbg_hub/inst/BSCANID.u_xsdbm_id/CORE_XSDB.UUT_MASTER/U_ICON_INTERFACE/U_CMD1/ctl_reg_en_2[1], dbg_hub/inst/BSCANID.u_xsdbm_id/CORE_XSDB.UUT_MASTER/U_ICON_INTERFACE/U_CMD7_CTL/ctl_reg_en_2[1], dbg_hub/inst/BSCANID.u_xsdbm_id/SWITCH_N_EXT_BSCAN.bscan_switch/m_bscan_capture[0], dbg_hub/inst/BSCANID.u_xsdbm_id/SWITCH_N_EXT_BSCAN.bscan_switch/m_bscan_drck[0], dbg_hub/inst/BSCANID.u_xsdbm_id/SWITCH_N_EXT_BSCAN.bscan_switch/m_bscan_runtest[0], dbg_hub/inst/BSCANID.u_xsdbm_id/CORE_XSDB.UUT_MASTER/U_ICON_INTERFACE/U_CMD6_RD/U_RD_FIFO/SUBCORE_FIFO.xsdbm_v3_0_0_rdfifo_inst/inst_fifo_gen/gconvfifo.rf/grf.rf/gntv_or_sync_fifo.gl0.wr/gwhf.whf/overflow, dbg_hub/inst/BSCANID.u_xsdbm_id/CORE_XSDB.UUT_MASTER/U_ICON_INTERFACE/U_CMD6_WR/U_WR_FIFO/SUBCORE_FIFO.xsdbm_v3_0_0_wrfifo_inst/inst_fifo_gen/gconvfifo.rf/grf.rf/gntv_or_sync_fifo.gl0.wr/gwhf.whf/overflow, system_i/axi_mem_intercon/m00_couplers/auto_pc/inst/gen_axi4_axi3.axi3_conv_inst/USE_WRITE.write_addr_inst/USE_B_CHANNEL.cmd_b_queue/inst/fifo_gen_inst/inst_fifo_gen/gconvfifo.rf/grf.rf/gntv_or_sync_fifo.gl0.wr/gwss.wsts/ram_afull_fb, system_i/axi_mem_intercon/m00_couplers/auto_pc/inst/gen_axi4_axi3.axi3_conv_inst/USE_WRITE.write_addr_inst/USE_BURSTS.cmd_queue/inst/fifo_gen_inst/inst_fifo_gen/gconvfifo.rf/grf.rf/gntv_or_sync_fifo.gl0.wr/gwss.wsts/ram_afull_fb, system_i/axi_mem_intercon/m00_couplers/auto_pc/inst/gen_axi4_axi3.axi3_conv_inst/USE_READ.USE_SPLIT_R.read_addr_inst/USE_R_CHANNEL.cmd_queue/inst/fifo_gen_inst/inst_fifo_gen/gconvfifo.rf/grf.rf/gntv_or_sync_fifo.gl0.wr/gwss.wsts/ram_afull_fb... and (the first 15 of 44 listed).
INFO: [DRC REQP-165] writefirst: Synchronous clocking is detected for BRAM (system_i/axi_vdma_0/U0/I_PRMRY_DATAMOVER/GEN_MM2S_FULL.I_MM2S_FULL_WRAPPER/GEN_INCLUDE_MM2S_SF.I_RD_SF/I_DATA_FIFO/BLK_MEM.I_SYNC_FIFOGEN_FIFO/xpm_fifo_instance.xpm_fifo_sync_inst/xpm_fifo_base_inst/gen_sdpram.xpm_memory_base_inst/gen_wr_a.gen_word_narrow.mem_reg_1) in SDP mode with WRITE_FIRST write-mode. This is the preferred mode for best power characteristics, however it may exhibit address collisions if the same address appears on both read and write ports resulting in unknown or corrupted read data. It is suggested to confirm via simulation that an address collision never occurs and if so it is suggested to try and avoid this situation. If address collisions cannot be avoided, the write-mode may be set to READ_FIRST which guarantees that the read data is the prior contents of the memory at the cost of additional power in the design. See the FPGA Memory Resources User Guide for additional information.
INFO: [DRC REQP-165] writefirst: Synchronous clocking is detected for BRAM (system_i/axi_vdma_0/U0/I_PRMRY_DATAMOVER/GEN_S2MM_FULL.I_S2MM_FULL_WRAPPER/GEN_ENABLE_INDET_BTT_SF.I_INDET_BTT/I_DATA_FIFO/BLK_MEM.I_SYNC_FIFOGEN_FIFO/xpm_fifo_instance.xpm_fifo_sync_inst/xpm_fifo_base_inst/gen_sdpram.xpm_memory_base_inst/gen_wr_a.gen_word_narrow.mem_reg_1) in SDP mode with WRITE_FIRST write-mode. This is the preferred mode for best power characteristics, however it may exhibit address collisions if the same address appears on both read and write ports resulting in unknown or corrupted read data. It is suggested to confirm via simulation that an address collision never occurs and if so it is suggested to try and avoid this situation. If address collisions cannot be avoided, the write-mode may be set to READ_FIRST which guarantees that the read data is the prior contents of the memory at the cost of additional power in the design. See the FPGA Memory Resources User Guide for additional information.
INFO: [DRC REQP-181] writefirst: Synchronous clocking is detected for BRAM (system_i/axi_vdma_0/U0/I_PRMRY_DATAMOVER/GEN_MM2S_FULL.I_MM2S_FULL_WRAPPER/GEN_INCLUDE_MM2S_SF.I_RD_SF/I_DATA_FIFO/BLK_MEM.I_SYNC_FIFOGEN_FIFO/xpm_fifo_instance.xpm_fifo_sync_inst/xpm_fifo_base_inst/gen_sdpram.xpm_memory_base_inst/gen_wr_a.gen_word_narrow.mem_reg_0) in SDP mode with WRITE_FIRST write-mode. This is the preferred mode for best power characteristics, however it may exhibit address collisions if the same address appears on both read and write ports resulting in unknown or corrupted read data. It is suggested to confirm via simulation that an address collision never occurs and if so it is suggested to try and avoid this situation. If address collisions cannot be avoided, the write-mode may be set to READ_FIRST which guarantees that the read data is the prior contents of the memory at the cost of additional power in the design. See the FPGA Memory Resources User Guide for additional information.
INFO: [DRC REQP-181] writefirst: Synchronous clocking is detected for BRAM (system_i/axi_vdma_0/U0/I_PRMRY_DATAMOVER/GEN_S2MM_FULL.I_S2MM_FULL_WRAPPER/GEN_ENABLE_INDET_BTT_SF.I_INDET_BTT/I_DATA_FIFO/BLK_MEM.I_SYNC_FIFOGEN_FIFO/xpm_fifo_instance.xpm_fifo_sync_inst/xpm_fifo_base_inst/gen_sdpram.xpm_memory_base_inst/gen_wr_a.gen_word_narrow.mem_reg_0) in SDP mode with WRITE_FIRST write-mode. This is the preferred mode for best power characteristics, however it may exhibit address collisions if the same address appears on both read and write ports resulting in unknown or corrupted read data. It is suggested to confirm via simulation that an address collision never occurs and if so it is suggested to try and avoid this situation. If address collisions cannot be avoided, the write-mode may be set to READ_FIRST which guarantees that the read data is the prior contents of the memory at the cost of additional power in the design. See the FPGA Memory Resources User Guide for additional information.
INFO: [Vivado 12-3199] DRC finished with 0 Errors, 1 Warnings, 4 Advisories
INFO: [Vivado 12-3200] Please refer to the DRC report (report_drc) for more information.
INFO: [Designutils 20-2272] Running write_bitstream with 2 threads.
Loading data files...
Loading site data...
Loading route data...
Processing options...
Creating bitmap...
Creating bitstream...
Writing bitstream ./system_wrapper.bit...
INFO: [Vivado 12-1842] Bitgen Completed Successfully.
INFO: [Project 1-120] WebTalk data collection is mandatory when using a WebPACK part without a full Vivado license. To see the specific WebTalk data collected for your design, open the usage_statistics_webtalk.html or usage_statistics_webtalk.xml file in the implementation directory.
INFO: [Common 17-186] 'C:/Users/zbl/Desktop/ov5640/ov5640/mi/CH23_AXI_VDMA_OV5640/Miz_sys/Miz_sys.runs/impl_1/usage_statistics_webtalk.xml' has been successfully sent to Xilinx on Tue Oct 25 18:36:55 2022. For additional details about this file, please refer to the WebTalk help file at D:/software/vivado/main/Vivado/2020.1/doc/webtalk_introduction.html.
INFO: [Common 17-83] Releasing license: Implementation
145 Infos, 27 Warnings, 0 Critical Warnings and 0 Errors encountered.
write_bitstream completed successfully
write_bitstream: Time (s): cpu = 00:00:29 ; elapsed = 00:00:26 . Memory (MB): peak = 2677.133 ; gain = 446.070
INFO: [Common 17-206] Exiting Vivado at Tue Oct 25 18:36:55 2022...
